ARM GAS  C:\Users\Jarik\AppData\Local\Temp\cc6jVHtS.s 			page 1


   1              		.cpu cortex-m0
   2              		.fpu softvfp
   3              		.eabi_attribute 20, 1
   4              		.eabi_attribute 21, 1
   5              		.eabi_attribute 23, 3
   6              		.eabi_attribute 24, 1
   7              		.eabi_attribute 25, 1
   8              		.eabi_attribute 26, 1
   9              		.eabi_attribute 30, 1
  10              		.eabi_attribute 34, 0
  11              		.eabi_attribute 18, 4
  12              		.code	16
  13              		.file	"AL_reg.c"
  14              		.text
  15              	.Ltext0:
  16              		.cfi_sections	.debug_frame
  17              		.section	.text.AL_reg_Read,"ax",%progbits
  18              		.align	2
  19              		.global	AL_reg_Read
  20              		.code	16
  21              		.thumb_func
  22              		.type	AL_reg_Read, %function
  23              	AL_reg_Read:
  24              	.LFB0:
  25              		.file 1 ".\\Generated_Source\\PSoC4\\AL_reg.c"
   1:.\Generated_Source\PSoC4/AL_reg.c **** /*******************************************************************************
   2:.\Generated_Source\PSoC4/AL_reg.c **** * File Name: AL_reg.c  
   3:.\Generated_Source\PSoC4/AL_reg.c **** * Version 1.80
   4:.\Generated_Source\PSoC4/AL_reg.c **** *
   5:.\Generated_Source\PSoC4/AL_reg.c **** * Description:
   6:.\Generated_Source\PSoC4/AL_reg.c **** *  This file contains API to enable firmware to read the value of a Status 
   7:.\Generated_Source\PSoC4/AL_reg.c **** *  Register.
   8:.\Generated_Source\PSoC4/AL_reg.c **** *
   9:.\Generated_Source\PSoC4/AL_reg.c **** * Note:
  10:.\Generated_Source\PSoC4/AL_reg.c **** *
  11:.\Generated_Source\PSoC4/AL_reg.c **** ********************************************************************************
  12:.\Generated_Source\PSoC4/AL_reg.c **** * Copyright 2008-2012, Cypress Semiconductor Corporation.  All rights reserved.
  13:.\Generated_Source\PSoC4/AL_reg.c **** * You may use this file only in accordance with the license, terms, conditions, 
  14:.\Generated_Source\PSoC4/AL_reg.c **** * disclaimers, and limitations in the end user license agreement accompanying 
  15:.\Generated_Source\PSoC4/AL_reg.c **** * the software package with which this file was provided.
  16:.\Generated_Source\PSoC4/AL_reg.c **** *******************************************************************************/
  17:.\Generated_Source\PSoC4/AL_reg.c **** 
  18:.\Generated_Source\PSoC4/AL_reg.c **** #include "AL_reg.h"
  19:.\Generated_Source\PSoC4/AL_reg.c **** 
  20:.\Generated_Source\PSoC4/AL_reg.c **** #if !defined(AL_reg_sts_sts_reg__REMOVED) /* Check for removal by optimization */
  21:.\Generated_Source\PSoC4/AL_reg.c **** 
  22:.\Generated_Source\PSoC4/AL_reg.c **** 
  23:.\Generated_Source\PSoC4/AL_reg.c **** /*******************************************************************************
  24:.\Generated_Source\PSoC4/AL_reg.c **** * Function Name: AL_reg_Read
  25:.\Generated_Source\PSoC4/AL_reg.c **** ********************************************************************************
  26:.\Generated_Source\PSoC4/AL_reg.c **** *
  27:.\Generated_Source\PSoC4/AL_reg.c **** * Summary:
  28:.\Generated_Source\PSoC4/AL_reg.c **** *  Reads the current value assigned to the Status Register.
  29:.\Generated_Source\PSoC4/AL_reg.c **** *
  30:.\Generated_Source\PSoC4/AL_reg.c **** * Parameters:
  31:.\Generated_Source\PSoC4/AL_reg.c **** *  None.
  32:.\Generated_Source\PSoC4/AL_reg.c **** *
ARM GAS  C:\Users\Jarik\AppData\Local\Temp\cc6jVHtS.s 			page 2


  33:.\Generated_Source\PSoC4/AL_reg.c **** * Return:
  34:.\Generated_Source\PSoC4/AL_reg.c **** *  The current value in the Status Register.
  35:.\Generated_Source\PSoC4/AL_reg.c **** *
  36:.\Generated_Source\PSoC4/AL_reg.c **** *******************************************************************************/
  37:.\Generated_Source\PSoC4/AL_reg.c **** uint8 AL_reg_Read(void) 
  38:.\Generated_Source\PSoC4/AL_reg.c **** { 
  26              		.loc 1 38 0
  27              		.cfi_startproc
  39:.\Generated_Source\PSoC4/AL_reg.c ****     return AL_reg_Status;
  28              		.loc 1 39 0
  29 0000 014B     		ldr	r3, .L2
  30 0002 1878     		ldrb	r0, [r3]
  31 0004 C0B2     		uxtb	r0, r0
  40:.\Generated_Source\PSoC4/AL_reg.c **** }
  32              		.loc 1 40 0
  33              		@ sp needed
  34 0006 7047     		bx	lr
  35              	.L3:
  36              		.align	2
  37              	.L2:
  38 0008 62000F40 		.word	1074724962
  39              		.cfi_endproc
  40              	.LFE0:
  41              		.size	AL_reg_Read, .-AL_reg_Read
  42              		.section	.text.AL_reg_InterruptEnable,"ax",%progbits
  43              		.align	2
  44              		.global	AL_reg_InterruptEnable
  45              		.code	16
  46              		.thumb_func
  47              		.type	AL_reg_InterruptEnable, %function
  48              	AL_reg_InterruptEnable:
  49              	.LFB1:
  41:.\Generated_Source\PSoC4/AL_reg.c **** 
  42:.\Generated_Source\PSoC4/AL_reg.c **** 
  43:.\Generated_Source\PSoC4/AL_reg.c **** /*******************************************************************************
  44:.\Generated_Source\PSoC4/AL_reg.c **** * Function Name: AL_reg_InterruptEnable
  45:.\Generated_Source\PSoC4/AL_reg.c **** ********************************************************************************
  46:.\Generated_Source\PSoC4/AL_reg.c **** *
  47:.\Generated_Source\PSoC4/AL_reg.c **** * Summary:
  48:.\Generated_Source\PSoC4/AL_reg.c **** *  Enables the Status Register interrupt.
  49:.\Generated_Source\PSoC4/AL_reg.c **** *
  50:.\Generated_Source\PSoC4/AL_reg.c **** * Parameters:
  51:.\Generated_Source\PSoC4/AL_reg.c **** *  None.
  52:.\Generated_Source\PSoC4/AL_reg.c **** *
  53:.\Generated_Source\PSoC4/AL_reg.c **** * Return:
  54:.\Generated_Source\PSoC4/AL_reg.c **** *  None.
  55:.\Generated_Source\PSoC4/AL_reg.c **** *
  56:.\Generated_Source\PSoC4/AL_reg.c **** *******************************************************************************/
  57:.\Generated_Source\PSoC4/AL_reg.c **** void AL_reg_InterruptEnable(void) 
  58:.\Generated_Source\PSoC4/AL_reg.c **** {
  50              		.loc 1 58 0
  51              		.cfi_startproc
  52 0000 08B5     		push	{r3, lr}
  53              		.cfi_def_cfa_offset 8
  54              		.cfi_offset 3, -8
  55              		.cfi_offset 14, -4
  59:.\Generated_Source\PSoC4/AL_reg.c ****     uint8 interruptState;
ARM GAS  C:\Users\Jarik\AppData\Local\Temp\cc6jVHtS.s 			page 3


  60:.\Generated_Source\PSoC4/AL_reg.c ****     interruptState = CyEnterCriticalSection();
  56              		.loc 1 60 0
  57 0002 FFF7FEFF 		bl	CyEnterCriticalSection
  58              	.LVL0:
  61:.\Generated_Source\PSoC4/AL_reg.c ****     AL_reg_Status_Aux_Ctrl |= AL_reg_STATUS_INTR_ENBL;
  59              		.loc 1 61 0
  60 0006 044A     		ldr	r2, .L5
  61 0008 1178     		ldrb	r1, [r2]
  62 000a 1023     		mov	r3, #16
  63 000c 0B43     		orr	r3, r1
  64 000e 1370     		strb	r3, [r2]
  62:.\Generated_Source\PSoC4/AL_reg.c ****     CyExitCriticalSection(interruptState);
  65              		.loc 1 62 0
  66 0010 FFF7FEFF 		bl	CyExitCriticalSection
  67              	.LVL1:
  63:.\Generated_Source\PSoC4/AL_reg.c **** }
  68              		.loc 1 63 0
  69              		@ sp needed
  70 0014 08BD     		pop	{r3, pc}
  71              	.L6:
  72 0016 C046     		.align	2
  73              	.L5:
  74 0018 92000F40 		.word	1074725010
  75              		.cfi_endproc
  76              	.LFE1:
  77              		.size	AL_reg_InterruptEnable, .-AL_reg_InterruptEnable
  78              		.section	.text.AL_reg_InterruptDisable,"ax",%progbits
  79              		.align	2
  80              		.global	AL_reg_InterruptDisable
  81              		.code	16
  82              		.thumb_func
  83              		.type	AL_reg_InterruptDisable, %function
  84              	AL_reg_InterruptDisable:
  85              	.LFB2:
  64:.\Generated_Source\PSoC4/AL_reg.c **** 
  65:.\Generated_Source\PSoC4/AL_reg.c **** 
  66:.\Generated_Source\PSoC4/AL_reg.c **** /*******************************************************************************
  67:.\Generated_Source\PSoC4/AL_reg.c **** * Function Name: AL_reg_InterruptDisable
  68:.\Generated_Source\PSoC4/AL_reg.c **** ********************************************************************************
  69:.\Generated_Source\PSoC4/AL_reg.c **** *
  70:.\Generated_Source\PSoC4/AL_reg.c **** * Summary:
  71:.\Generated_Source\PSoC4/AL_reg.c **** *  Disables the Status Register interrupt.
  72:.\Generated_Source\PSoC4/AL_reg.c **** *
  73:.\Generated_Source\PSoC4/AL_reg.c **** * Parameters:
  74:.\Generated_Source\PSoC4/AL_reg.c **** *  None.
  75:.\Generated_Source\PSoC4/AL_reg.c **** *
  76:.\Generated_Source\PSoC4/AL_reg.c **** * Return:
  77:.\Generated_Source\PSoC4/AL_reg.c **** *  None.
  78:.\Generated_Source\PSoC4/AL_reg.c **** *
  79:.\Generated_Source\PSoC4/AL_reg.c **** *******************************************************************************/
  80:.\Generated_Source\PSoC4/AL_reg.c **** void AL_reg_InterruptDisable(void) 
  81:.\Generated_Source\PSoC4/AL_reg.c **** {
  86              		.loc 1 81 0
  87              		.cfi_startproc
  88 0000 08B5     		push	{r3, lr}
  89              		.cfi_def_cfa_offset 8
  90              		.cfi_offset 3, -8
ARM GAS  C:\Users\Jarik\AppData\Local\Temp\cc6jVHtS.s 			page 4


  91              		.cfi_offset 14, -4
  82:.\Generated_Source\PSoC4/AL_reg.c ****     uint8 interruptState;
  83:.\Generated_Source\PSoC4/AL_reg.c ****     interruptState = CyEnterCriticalSection();
  92              		.loc 1 83 0
  93 0002 FFF7FEFF 		bl	CyEnterCriticalSection
  94              	.LVL2:
  84:.\Generated_Source\PSoC4/AL_reg.c ****     AL_reg_Status_Aux_Ctrl &= (uint8)(~AL_reg_STATUS_INTR_ENBL);
  95              		.loc 1 84 0
  96 0006 044A     		ldr	r2, .L8
  97 0008 1378     		ldrb	r3, [r2]
  98 000a 1021     		mov	r1, #16
  99 000c 8B43     		bic	r3, r1
 100 000e 1370     		strb	r3, [r2]
  85:.\Generated_Source\PSoC4/AL_reg.c ****     CyExitCriticalSection(interruptState);
 101              		.loc 1 85 0
 102 0010 FFF7FEFF 		bl	CyExitCriticalSection
 103              	.LVL3:
  86:.\Generated_Source\PSoC4/AL_reg.c **** }
 104              		.loc 1 86 0
 105              		@ sp needed
 106 0014 08BD     		pop	{r3, pc}
 107              	.L9:
 108 0016 C046     		.align	2
 109              	.L8:
 110 0018 92000F40 		.word	1074725010
 111              		.cfi_endproc
 112              	.LFE2:
 113              		.size	AL_reg_InterruptDisable, .-AL_reg_InterruptDisable
 114              		.section	.text.AL_reg_WriteMask,"ax",%progbits
 115              		.align	2
 116              		.global	AL_reg_WriteMask
 117              		.code	16
 118              		.thumb_func
 119              		.type	AL_reg_WriteMask, %function
 120              	AL_reg_WriteMask:
 121              	.LFB3:
  87:.\Generated_Source\PSoC4/AL_reg.c **** 
  88:.\Generated_Source\PSoC4/AL_reg.c **** 
  89:.\Generated_Source\PSoC4/AL_reg.c **** /*******************************************************************************
  90:.\Generated_Source\PSoC4/AL_reg.c **** * Function Name: AL_reg_WriteMask
  91:.\Generated_Source\PSoC4/AL_reg.c **** ********************************************************************************
  92:.\Generated_Source\PSoC4/AL_reg.c **** *
  93:.\Generated_Source\PSoC4/AL_reg.c **** * Summary:
  94:.\Generated_Source\PSoC4/AL_reg.c **** *  Writes the current mask value assigned to the Status Register.
  95:.\Generated_Source\PSoC4/AL_reg.c **** *
  96:.\Generated_Source\PSoC4/AL_reg.c **** * Parameters:
  97:.\Generated_Source\PSoC4/AL_reg.c **** *  mask:  Value to write into the mask register.
  98:.\Generated_Source\PSoC4/AL_reg.c **** *
  99:.\Generated_Source\PSoC4/AL_reg.c **** * Return:
 100:.\Generated_Source\PSoC4/AL_reg.c **** *  None.
 101:.\Generated_Source\PSoC4/AL_reg.c **** *
 102:.\Generated_Source\PSoC4/AL_reg.c **** *******************************************************************************/
 103:.\Generated_Source\PSoC4/AL_reg.c **** void AL_reg_WriteMask(uint8 mask) 
 104:.\Generated_Source\PSoC4/AL_reg.c **** {
 122              		.loc 1 104 0
 123              		.cfi_startproc
 124              	.LVL4:
ARM GAS  C:\Users\Jarik\AppData\Local\Temp\cc6jVHtS.s 			page 5


 105:.\Generated_Source\PSoC4/AL_reg.c ****     #if(AL_reg_INPUTS < 8u)
 106:.\Generated_Source\PSoC4/AL_reg.c ****     	mask &= (uint8)((((uint8)1u) << AL_reg_INPUTS) - 1u);
 107:.\Generated_Source\PSoC4/AL_reg.c **** 	#endif /* End AL_reg_INPUTS < 8u */
 108:.\Generated_Source\PSoC4/AL_reg.c ****     AL_reg_Status_Mask = mask;
 125              		.loc 1 108 0
 126 0000 014B     		ldr	r3, .L11
 127 0002 1870     		strb	r0, [r3]
 109:.\Generated_Source\PSoC4/AL_reg.c **** }
 128              		.loc 1 109 0
 129              		@ sp needed
 130 0004 7047     		bx	lr
 131              	.L12:
 132 0006 C046     		.align	2
 133              	.L11:
 134 0008 82000F40 		.word	1074724994
 135              		.cfi_endproc
 136              	.LFE3:
 137              		.size	AL_reg_WriteMask, .-AL_reg_WriteMask
 138              		.section	.text.AL_reg_ReadMask,"ax",%progbits
 139              		.align	2
 140              		.global	AL_reg_ReadMask
 141              		.code	16
 142              		.thumb_func
 143              		.type	AL_reg_ReadMask, %function
 144              	AL_reg_ReadMask:
 145              	.LFB4:
 110:.\Generated_Source\PSoC4/AL_reg.c **** 
 111:.\Generated_Source\PSoC4/AL_reg.c **** 
 112:.\Generated_Source\PSoC4/AL_reg.c **** /*******************************************************************************
 113:.\Generated_Source\PSoC4/AL_reg.c **** * Function Name: AL_reg_ReadMask
 114:.\Generated_Source\PSoC4/AL_reg.c **** ********************************************************************************
 115:.\Generated_Source\PSoC4/AL_reg.c **** *
 116:.\Generated_Source\PSoC4/AL_reg.c **** * Summary:
 117:.\Generated_Source\PSoC4/AL_reg.c **** *  Reads the current interrupt mask assigned to the Status Register.
 118:.\Generated_Source\PSoC4/AL_reg.c **** *
 119:.\Generated_Source\PSoC4/AL_reg.c **** * Parameters:
 120:.\Generated_Source\PSoC4/AL_reg.c **** *  None.
 121:.\Generated_Source\PSoC4/AL_reg.c **** *
 122:.\Generated_Source\PSoC4/AL_reg.c **** * Return:
 123:.\Generated_Source\PSoC4/AL_reg.c **** *  The value of the interrupt mask of the Status Register.
 124:.\Generated_Source\PSoC4/AL_reg.c **** *
 125:.\Generated_Source\PSoC4/AL_reg.c **** *******************************************************************************/
 126:.\Generated_Source\PSoC4/AL_reg.c **** uint8 AL_reg_ReadMask(void) 
 127:.\Generated_Source\PSoC4/AL_reg.c **** {
 146              		.loc 1 127 0
 147              		.cfi_startproc
 128:.\Generated_Source\PSoC4/AL_reg.c ****     return AL_reg_Status_Mask;
 148              		.loc 1 128 0
 149 0000 014B     		ldr	r3, .L14
 150 0002 1878     		ldrb	r0, [r3]
 151 0004 C0B2     		uxtb	r0, r0
 129:.\Generated_Source\PSoC4/AL_reg.c **** }
 152              		.loc 1 129 0
 153              		@ sp needed
 154 0006 7047     		bx	lr
 155              	.L15:
 156              		.align	2
ARM GAS  C:\Users\Jarik\AppData\Local\Temp\cc6jVHtS.s 			page 6


 157              	.L14:
 158 0008 82000F40 		.word	1074724994
 159              		.cfi_endproc
 160              	.LFE4:
 161              		.size	AL_reg_ReadMask, .-AL_reg_ReadMask
 162              		.text
 163              	.Letext0:
 164              		.file 2 ".\\Generated_Source\\PSoC4\\cytypes.h"
 165              		.file 3 ".\\Generated_Source\\PSoC4\\CyLib.h"
 166              		.section	.debug_info,"",%progbits
 167              	.Ldebug_info0:
 168 0000 73010000 		.4byte	0x173
 169 0004 0400     		.2byte	0x4
 170 0006 00000000 		.4byte	.Ldebug_abbrev0
 171 000a 04       		.byte	0x4
 172 000b 01       		.uleb128 0x1
 173 000c 5F010000 		.4byte	.LASF21
 174 0010 01       		.byte	0x1
 175 0011 84000000 		.4byte	.LASF22
 176 0015 AC000000 		.4byte	.LASF23
 177 0019 00000000 		.4byte	.Ldebug_ranges0+0
 178 001d 00000000 		.4byte	0
 179 0021 00000000 		.4byte	.Ldebug_line0
 180 0025 02       		.uleb128 0x2
 181 0026 01       		.byte	0x1
 182 0027 06       		.byte	0x6
 183 0028 3D010000 		.4byte	.LASF0
 184 002c 02       		.uleb128 0x2
 185 002d 01       		.byte	0x1
 186 002e 08       		.byte	0x8
 187 002f E6000000 		.4byte	.LASF1
 188 0033 02       		.uleb128 0x2
 189 0034 02       		.byte	0x2
 190 0035 05       		.byte	0x5
 191 0036 ED010000 		.4byte	.LASF2
 192 003a 02       		.uleb128 0x2
 193 003b 02       		.byte	0x2
 194 003c 07       		.byte	0x7
 195 003d 2A010000 		.4byte	.LASF3
 196 0041 02       		.uleb128 0x2
 197 0042 04       		.byte	0x4
 198 0043 05       		.byte	0x5
 199 0044 F9000000 		.4byte	.LASF4
 200 0048 02       		.uleb128 0x2
 201 0049 04       		.byte	0x4
 202 004a 07       		.byte	0x7
 203 004b 5B000000 		.4byte	.LASF5
 204 004f 02       		.uleb128 0x2
 205 0050 08       		.byte	0x8
 206 0051 05       		.byte	0x5
 207 0052 00000000 		.4byte	.LASF6
 208 0056 02       		.uleb128 0x2
 209 0057 08       		.byte	0x8
 210 0058 07       		.byte	0x7
 211 0059 6D000000 		.4byte	.LASF7
 212 005d 03       		.uleb128 0x3
 213 005e 04       		.byte	0x4
ARM GAS  C:\Users\Jarik\AppData\Local\Temp\cc6jVHtS.s 			page 7


 214 005f 05       		.byte	0x5
 215 0060 696E7400 		.ascii	"int\000"
 216 0064 02       		.uleb128 0x2
 217 0065 04       		.byte	0x4
 218 0066 07       		.byte	0x7
 219 0067 0E000000 		.4byte	.LASF8
 220 006b 04       		.uleb128 0x4
 221 006c 55000000 		.4byte	.LASF12
 222 0070 02       		.byte	0x2
 223 0071 A1       		.byte	0xa1
 224 0072 2C000000 		.4byte	0x2c
 225 0076 02       		.uleb128 0x2
 226 0077 04       		.byte	0x4
 227 0078 04       		.byte	0x4
 228 0079 A6000000 		.4byte	.LASF9
 229 007d 02       		.uleb128 0x2
 230 007e 08       		.byte	0x8
 231 007f 04       		.byte	0x4
 232 0080 12010000 		.4byte	.LASF10
 233 0084 02       		.uleb128 0x2
 234 0085 01       		.byte	0x1
 235 0086 08       		.byte	0x8
 236 0087 F4000000 		.4byte	.LASF11
 237 008b 05       		.uleb128 0x5
 238 008c F7010000 		.4byte	.LASF13
 239 0090 02       		.byte	0x2
 240 0091 4B01     		.2byte	0x14b
 241 0093 97000000 		.4byte	0x97
 242 0097 06       		.uleb128 0x6
 243 0098 6B000000 		.4byte	0x6b
 244 009c 02       		.uleb128 0x2
 245 009d 04       		.byte	0x4
 246 009e 07       		.byte	0x7
 247 009f FC010000 		.4byte	.LASF14
 248 00a3 07       		.uleb128 0x7
 249 00a4 1B000000 		.4byte	.LASF19
 250 00a8 01       		.byte	0x1
 251 00a9 25       		.byte	0x25
 252 00aa 6B000000 		.4byte	0x6b
 253 00ae 00000000 		.4byte	.LFB0
 254 00b2 0C000000 		.4byte	.LFE0-.LFB0
 255 00b6 01       		.uleb128 0x1
 256 00b7 9C       		.byte	0x9c
 257 00b8 08       		.uleb128 0x8
 258 00b9 3E000000 		.4byte	.LASF15
 259 00bd 01       		.byte	0x1
 260 00be 39       		.byte	0x39
 261 00bf 00000000 		.4byte	.LFB1
 262 00c3 1C000000 		.4byte	.LFE1-.LFB1
 263 00c7 01       		.uleb128 0x1
 264 00c8 9C       		.byte	0x9c
 265 00c9 EF000000 		.4byte	0xef
 266 00cd 09       		.uleb128 0x9
 267 00ce 05020000 		.4byte	.LASF17
 268 00d2 01       		.byte	0x1
 269 00d3 3B       		.byte	0x3b
 270 00d4 6B000000 		.4byte	0x6b
ARM GAS  C:\Users\Jarik\AppData\Local\Temp\cc6jVHtS.s 			page 8


 271 00d8 00000000 		.4byte	.LLST0
 272 00dc 0A       		.uleb128 0xa
 273 00dd 06000000 		.4byte	.LVL0
 274 00e1 5E010000 		.4byte	0x15e
 275 00e5 0A       		.uleb128 0xa
 276 00e6 14000000 		.4byte	.LVL1
 277 00ea 69010000 		.4byte	0x169
 278 00ee 00       		.byte	0
 279 00ef 08       		.uleb128 0x8
 280 00f0 14020000 		.4byte	.LASF16
 281 00f4 01       		.byte	0x1
 282 00f5 50       		.byte	0x50
 283 00f6 00000000 		.4byte	.LFB2
 284 00fa 1C000000 		.4byte	.LFE2-.LFB2
 285 00fe 01       		.uleb128 0x1
 286 00ff 9C       		.byte	0x9c
 287 0100 26010000 		.4byte	0x126
 288 0104 09       		.uleb128 0x9
 289 0105 05020000 		.4byte	.LASF17
 290 0109 01       		.byte	0x1
 291 010a 52       		.byte	0x52
 292 010b 6B000000 		.4byte	0x6b
 293 010f 13000000 		.4byte	.LLST1
 294 0113 0A       		.uleb128 0xa
 295 0114 06000000 		.4byte	.LVL2
 296 0118 5E010000 		.4byte	0x15e
 297 011c 0A       		.uleb128 0xa
 298 011d 14000000 		.4byte	.LVL3
 299 0121 69010000 		.4byte	0x169
 300 0125 00       		.byte	0
 301 0126 08       		.uleb128 0x8
 302 0127 19010000 		.4byte	.LASF18
 303 012b 01       		.byte	0x1
 304 012c 67       		.byte	0x67
 305 012d 00000000 		.4byte	.LFB3
 306 0131 0C000000 		.4byte	.LFE3-.LFB3
 307 0135 01       		.uleb128 0x1
 308 0136 9C       		.byte	0x9c
 309 0137 49010000 		.4byte	0x149
 310 013b 0B       		.uleb128 0xb
 311 013c E1000000 		.4byte	.LASF24
 312 0140 01       		.byte	0x1
 313 0141 67       		.byte	0x67
 314 0142 6B000000 		.4byte	0x6b
 315 0146 01       		.uleb128 0x1
 316 0147 50       		.byte	0x50
 317 0148 00       		.byte	0
 318 0149 07       		.uleb128 0x7
 319 014a 02010000 		.4byte	.LASF20
 320 014e 01       		.byte	0x1
 321 014f 7E       		.byte	0x7e
 322 0150 6B000000 		.4byte	0x6b
 323 0154 00000000 		.4byte	.LFB4
 324 0158 0C000000 		.4byte	.LFE4-.LFB4
 325 015c 01       		.uleb128 0x1
 326 015d 9C       		.byte	0x9c
 327 015e 0C       		.uleb128 0xc
ARM GAS  C:\Users\Jarik\AppData\Local\Temp\cc6jVHtS.s 			page 9


 328 015f 27000000 		.4byte	.LASF25
 329 0163 03       		.byte	0x3
 330 0164 82       		.byte	0x82
 331 0165 6B000000 		.4byte	0x6b
 332 0169 0D       		.uleb128 0xd
 333 016a 49010000 		.4byte	.LASF26
 334 016e 03       		.byte	0x3
 335 016f 83       		.byte	0x83
 336 0170 0E       		.uleb128 0xe
 337 0171 6B000000 		.4byte	0x6b
 338 0175 00       		.byte	0
 339 0176 00       		.byte	0
 340              		.section	.debug_abbrev,"",%progbits
 341              	.Ldebug_abbrev0:
 342 0000 01       		.uleb128 0x1
 343 0001 11       		.uleb128 0x11
 344 0002 01       		.byte	0x1
 345 0003 25       		.uleb128 0x25
 346 0004 0E       		.uleb128 0xe
 347 0005 13       		.uleb128 0x13
 348 0006 0B       		.uleb128 0xb
 349 0007 03       		.uleb128 0x3
 350 0008 0E       		.uleb128 0xe
 351 0009 1B       		.uleb128 0x1b
 352 000a 0E       		.uleb128 0xe
 353 000b 55       		.uleb128 0x55
 354 000c 17       		.uleb128 0x17
 355 000d 11       		.uleb128 0x11
 356 000e 01       		.uleb128 0x1
 357 000f 10       		.uleb128 0x10
 358 0010 17       		.uleb128 0x17
 359 0011 00       		.byte	0
 360 0012 00       		.byte	0
 361 0013 02       		.uleb128 0x2
 362 0014 24       		.uleb128 0x24
 363 0015 00       		.byte	0
 364 0016 0B       		.uleb128 0xb
 365 0017 0B       		.uleb128 0xb
 366 0018 3E       		.uleb128 0x3e
 367 0019 0B       		.uleb128 0xb
 368 001a 03       		.uleb128 0x3
 369 001b 0E       		.uleb128 0xe
 370 001c 00       		.byte	0
 371 001d 00       		.byte	0
 372 001e 03       		.uleb128 0x3
 373 001f 24       		.uleb128 0x24
 374 0020 00       		.byte	0
 375 0021 0B       		.uleb128 0xb
 376 0022 0B       		.uleb128 0xb
 377 0023 3E       		.uleb128 0x3e
 378 0024 0B       		.uleb128 0xb
 379 0025 03       		.uleb128 0x3
 380 0026 08       		.uleb128 0x8
 381 0027 00       		.byte	0
 382 0028 00       		.byte	0
 383 0029 04       		.uleb128 0x4
 384 002a 16       		.uleb128 0x16
ARM GAS  C:\Users\Jarik\AppData\Local\Temp\cc6jVHtS.s 			page 10


 385 002b 00       		.byte	0
 386 002c 03       		.uleb128 0x3
 387 002d 0E       		.uleb128 0xe
 388 002e 3A       		.uleb128 0x3a
 389 002f 0B       		.uleb128 0xb
 390 0030 3B       		.uleb128 0x3b
 391 0031 0B       		.uleb128 0xb
 392 0032 49       		.uleb128 0x49
 393 0033 13       		.uleb128 0x13
 394 0034 00       		.byte	0
 395 0035 00       		.byte	0
 396 0036 05       		.uleb128 0x5
 397 0037 16       		.uleb128 0x16
 398 0038 00       		.byte	0
 399 0039 03       		.uleb128 0x3
 400 003a 0E       		.uleb128 0xe
 401 003b 3A       		.uleb128 0x3a
 402 003c 0B       		.uleb128 0xb
 403 003d 3B       		.uleb128 0x3b
 404 003e 05       		.uleb128 0x5
 405 003f 49       		.uleb128 0x49
 406 0040 13       		.uleb128 0x13
 407 0041 00       		.byte	0
 408 0042 00       		.byte	0
 409 0043 06       		.uleb128 0x6
 410 0044 35       		.uleb128 0x35
 411 0045 00       		.byte	0
 412 0046 49       		.uleb128 0x49
 413 0047 13       		.uleb128 0x13
 414 0048 00       		.byte	0
 415 0049 00       		.byte	0
 416 004a 07       		.uleb128 0x7
 417 004b 2E       		.uleb128 0x2e
 418 004c 00       		.byte	0
 419 004d 3F       		.uleb128 0x3f
 420 004e 19       		.uleb128 0x19
 421 004f 03       		.uleb128 0x3
 422 0050 0E       		.uleb128 0xe
 423 0051 3A       		.uleb128 0x3a
 424 0052 0B       		.uleb128 0xb
 425 0053 3B       		.uleb128 0x3b
 426 0054 0B       		.uleb128 0xb
 427 0055 27       		.uleb128 0x27
 428 0056 19       		.uleb128 0x19
 429 0057 49       		.uleb128 0x49
 430 0058 13       		.uleb128 0x13
 431 0059 11       		.uleb128 0x11
 432 005a 01       		.uleb128 0x1
 433 005b 12       		.uleb128 0x12
 434 005c 06       		.uleb128 0x6
 435 005d 40       		.uleb128 0x40
 436 005e 18       		.uleb128 0x18
 437 005f 9742     		.uleb128 0x2117
 438 0061 19       		.uleb128 0x19
 439 0062 00       		.byte	0
 440 0063 00       		.byte	0
 441 0064 08       		.uleb128 0x8
ARM GAS  C:\Users\Jarik\AppData\Local\Temp\cc6jVHtS.s 			page 11


 442 0065 2E       		.uleb128 0x2e
 443 0066 01       		.byte	0x1
 444 0067 3F       		.uleb128 0x3f
 445 0068 19       		.uleb128 0x19
 446 0069 03       		.uleb128 0x3
 447 006a 0E       		.uleb128 0xe
 448 006b 3A       		.uleb128 0x3a
 449 006c 0B       		.uleb128 0xb
 450 006d 3B       		.uleb128 0x3b
 451 006e 0B       		.uleb128 0xb
 452 006f 27       		.uleb128 0x27
 453 0070 19       		.uleb128 0x19
 454 0071 11       		.uleb128 0x11
 455 0072 01       		.uleb128 0x1
 456 0073 12       		.uleb128 0x12
 457 0074 06       		.uleb128 0x6
 458 0075 40       		.uleb128 0x40
 459 0076 18       		.uleb128 0x18
 460 0077 9742     		.uleb128 0x2117
 461 0079 19       		.uleb128 0x19
 462 007a 01       		.uleb128 0x1
 463 007b 13       		.uleb128 0x13
 464 007c 00       		.byte	0
 465 007d 00       		.byte	0
 466 007e 09       		.uleb128 0x9
 467 007f 34       		.uleb128 0x34
 468 0080 00       		.byte	0
 469 0081 03       		.uleb128 0x3
 470 0082 0E       		.uleb128 0xe
 471 0083 3A       		.uleb128 0x3a
 472 0084 0B       		.uleb128 0xb
 473 0085 3B       		.uleb128 0x3b
 474 0086 0B       		.uleb128 0xb
 475 0087 49       		.uleb128 0x49
 476 0088 13       		.uleb128 0x13
 477 0089 02       		.uleb128 0x2
 478 008a 17       		.uleb128 0x17
 479 008b 00       		.byte	0
 480 008c 00       		.byte	0
 481 008d 0A       		.uleb128 0xa
 482 008e 898201   		.uleb128 0x4109
 483 0091 00       		.byte	0
 484 0092 11       		.uleb128 0x11
 485 0093 01       		.uleb128 0x1
 486 0094 31       		.uleb128 0x31
 487 0095 13       		.uleb128 0x13
 488 0096 00       		.byte	0
 489 0097 00       		.byte	0
 490 0098 0B       		.uleb128 0xb
 491 0099 05       		.uleb128 0x5
 492 009a 00       		.byte	0
 493 009b 03       		.uleb128 0x3
 494 009c 0E       		.uleb128 0xe
 495 009d 3A       		.uleb128 0x3a
 496 009e 0B       		.uleb128 0xb
 497 009f 3B       		.uleb128 0x3b
 498 00a0 0B       		.uleb128 0xb
ARM GAS  C:\Users\Jarik\AppData\Local\Temp\cc6jVHtS.s 			page 12


 499 00a1 49       		.uleb128 0x49
 500 00a2 13       		.uleb128 0x13
 501 00a3 02       		.uleb128 0x2
 502 00a4 18       		.uleb128 0x18
 503 00a5 00       		.byte	0
 504 00a6 00       		.byte	0
 505 00a7 0C       		.uleb128 0xc
 506 00a8 2E       		.uleb128 0x2e
 507 00a9 00       		.byte	0
 508 00aa 3F       		.uleb128 0x3f
 509 00ab 19       		.uleb128 0x19
 510 00ac 03       		.uleb128 0x3
 511 00ad 0E       		.uleb128 0xe
 512 00ae 3A       		.uleb128 0x3a
 513 00af 0B       		.uleb128 0xb
 514 00b0 3B       		.uleb128 0x3b
 515 00b1 0B       		.uleb128 0xb
 516 00b2 27       		.uleb128 0x27
 517 00b3 19       		.uleb128 0x19
 518 00b4 49       		.uleb128 0x49
 519 00b5 13       		.uleb128 0x13
 520 00b6 3C       		.uleb128 0x3c
 521 00b7 19       		.uleb128 0x19
 522 00b8 00       		.byte	0
 523 00b9 00       		.byte	0
 524 00ba 0D       		.uleb128 0xd
 525 00bb 2E       		.uleb128 0x2e
 526 00bc 01       		.byte	0x1
 527 00bd 3F       		.uleb128 0x3f
 528 00be 19       		.uleb128 0x19
 529 00bf 03       		.uleb128 0x3
 530 00c0 0E       		.uleb128 0xe
 531 00c1 3A       		.uleb128 0x3a
 532 00c2 0B       		.uleb128 0xb
 533 00c3 3B       		.uleb128 0x3b
 534 00c4 0B       		.uleb128 0xb
 535 00c5 27       		.uleb128 0x27
 536 00c6 19       		.uleb128 0x19
 537 00c7 3C       		.uleb128 0x3c
 538 00c8 19       		.uleb128 0x19
 539 00c9 00       		.byte	0
 540 00ca 00       		.byte	0
 541 00cb 0E       		.uleb128 0xe
 542 00cc 05       		.uleb128 0x5
 543 00cd 00       		.byte	0
 544 00ce 49       		.uleb128 0x49
 545 00cf 13       		.uleb128 0x13
 546 00d0 00       		.byte	0
 547 00d1 00       		.byte	0
 548 00d2 00       		.byte	0
 549              		.section	.debug_loc,"",%progbits
 550              	.Ldebug_loc0:
 551              	.LLST0:
 552 0000 06000000 		.4byte	.LVL0
 553 0004 13000000 		.4byte	.LVL1-1
 554 0008 0100     		.2byte	0x1
 555 000a 50       		.byte	0x50
ARM GAS  C:\Users\Jarik\AppData\Local\Temp\cc6jVHtS.s 			page 13


 556 000b 00000000 		.4byte	0
 557 000f 00000000 		.4byte	0
 558              	.LLST1:
 559 0013 06000000 		.4byte	.LVL2
 560 0017 13000000 		.4byte	.LVL3-1
 561 001b 0100     		.2byte	0x1
 562 001d 50       		.byte	0x50
 563 001e 00000000 		.4byte	0
 564 0022 00000000 		.4byte	0
 565              		.section	.debug_aranges,"",%progbits
 566 0000 3C000000 		.4byte	0x3c
 567 0004 0200     		.2byte	0x2
 568 0006 00000000 		.4byte	.Ldebug_info0
 569 000a 04       		.byte	0x4
 570 000b 00       		.byte	0
 571 000c 0000     		.2byte	0
 572 000e 0000     		.2byte	0
 573 0010 00000000 		.4byte	.LFB0
 574 0014 0C000000 		.4byte	.LFE0-.LFB0
 575 0018 00000000 		.4byte	.LFB1
 576 001c 1C000000 		.4byte	.LFE1-.LFB1
 577 0020 00000000 		.4byte	.LFB2
 578 0024 1C000000 		.4byte	.LFE2-.LFB2
 579 0028 00000000 		.4byte	.LFB3
 580 002c 0C000000 		.4byte	.LFE3-.LFB3
 581 0030 00000000 		.4byte	.LFB4
 582 0034 0C000000 		.4byte	.LFE4-.LFB4
 583 0038 00000000 		.4byte	0
 584 003c 00000000 		.4byte	0
 585              		.section	.debug_ranges,"",%progbits
 586              	.Ldebug_ranges0:
 587 0000 00000000 		.4byte	.LFB0
 588 0004 0C000000 		.4byte	.LFE0
 589 0008 00000000 		.4byte	.LFB1
 590 000c 1C000000 		.4byte	.LFE1
 591 0010 00000000 		.4byte	.LFB2
 592 0014 1C000000 		.4byte	.LFE2
 593 0018 00000000 		.4byte	.LFB3
 594 001c 0C000000 		.4byte	.LFE3
 595 0020 00000000 		.4byte	.LFB4
 596 0024 0C000000 		.4byte	.LFE4
 597 0028 00000000 		.4byte	0
 598 002c 00000000 		.4byte	0
 599              		.section	.debug_line,"",%progbits
 600              	.Ldebug_line0:
 601 0000 B2000000 		.section	.debug_str,"MS",%progbits,1
 601      02005000 
 601      00000201 
 601      FB0E0D00 
 601      01010101 
 602              	.LASF6:
 603 0000 6C6F6E67 		.ascii	"long long int\000"
 603      206C6F6E 
 603      6720696E 
 603      7400
 604              	.LASF8:
 605 000e 756E7369 		.ascii	"unsigned int\000"
ARM GAS  C:\Users\Jarik\AppData\Local\Temp\cc6jVHtS.s 			page 14


 605      676E6564 
 605      20696E74 
 605      00
 606              	.LASF19:
 607 001b 414C5F72 		.ascii	"AL_reg_Read\000"
 607      65675F52 
 607      65616400 
 608              	.LASF25:
 609 0027 4379456E 		.ascii	"CyEnterCriticalSection\000"
 609      74657243 
 609      72697469 
 609      63616C53 
 609      65637469 
 610              	.LASF15:
 611 003e 414C5F72 		.ascii	"AL_reg_InterruptEnable\000"
 611      65675F49 
 611      6E746572 
 611      72757074 
 611      456E6162 
 612              	.LASF12:
 613 0055 75696E74 		.ascii	"uint8\000"
 613      3800
 614              	.LASF5:
 615 005b 6C6F6E67 		.ascii	"long unsigned int\000"
 615      20756E73 
 615      69676E65 
 615      6420696E 
 615      7400
 616              	.LASF7:
 617 006d 6C6F6E67 		.ascii	"long long unsigned int\000"
 617      206C6F6E 
 617      6720756E 
 617      7369676E 
 617      65642069 
 618              	.LASF22:
 619 0084 2E5C4765 		.ascii	".\\Generated_Source\\PSoC4\\AL_reg.c\000"
 619      6E657261 
 619      7465645F 
 619      536F7572 
 619      63655C50 
 620              	.LASF9:
 621 00a6 666C6F61 		.ascii	"float\000"
 621      7400
 622              	.LASF23:
 623 00ac 453A5C68 		.ascii	"E:\\home\\jarik\\src\\psoc\\mpi_rom_emu\\mpi_rom_em"
 623      6F6D655C 
 623      6A617269 
 623      6B5C7372 
 623      635C7073 
 624 00d9 752E6379 		.ascii	"u.cydsn\000"
 624      64736E00 
 625              	.LASF24:
 626 00e1 6D61736B 		.ascii	"mask\000"
 626      00
 627              	.LASF1:
 628 00e6 756E7369 		.ascii	"unsigned char\000"
 628      676E6564 
ARM GAS  C:\Users\Jarik\AppData\Local\Temp\cc6jVHtS.s 			page 15


 628      20636861 
 628      7200
 629              	.LASF11:
 630 00f4 63686172 		.ascii	"char\000"
 630      00
 631              	.LASF4:
 632 00f9 6C6F6E67 		.ascii	"long int\000"
 632      20696E74 
 632      00
 633              	.LASF20:
 634 0102 414C5F72 		.ascii	"AL_reg_ReadMask\000"
 634      65675F52 
 634      6561644D 
 634      61736B00 
 635              	.LASF10:
 636 0112 646F7562 		.ascii	"double\000"
 636      6C6500
 637              	.LASF18:
 638 0119 414C5F72 		.ascii	"AL_reg_WriteMask\000"
 638      65675F57 
 638      72697465 
 638      4D61736B 
 638      00
 639              	.LASF3:
 640 012a 73686F72 		.ascii	"short unsigned int\000"
 640      7420756E 
 640      7369676E 
 640      65642069 
 640      6E7400
 641              	.LASF0:
 642 013d 7369676E 		.ascii	"signed char\000"
 642      65642063 
 642      68617200 
 643              	.LASF26:
 644 0149 43794578 		.ascii	"CyExitCriticalSection\000"
 644      69744372 
 644      69746963 
 644      616C5365 
 644      6374696F 
 645              	.LASF21:
 646 015f 474E5520 		.ascii	"GNU C 4.9.3 20150303 (release) [ARM/embedded-4_9-br"
 646      4320342E 
 646      392E3320 
 646      32303135 
 646      30333033 
 647 0192 616E6368 		.ascii	"anch revision 221220] -mcpu=cortex-m0 -mthumb -g -O"
 647      20726576 
 647      6973696F 
 647      6E203232 
 647      31323230 
 648 01c5 67202D66 		.ascii	"g -ffunction-sections -ffat-lto-objects\000"
 648      66756E63 
 648      74696F6E 
 648      2D736563 
 648      74696F6E 
 649              	.LASF2:
 650 01ed 73686F72 		.ascii	"short int\000"
ARM GAS  C:\Users\Jarik\AppData\Local\Temp\cc6jVHtS.s 			page 16


 650      7420696E 
 650      7400
 651              	.LASF13:
 652 01f7 72656738 		.ascii	"reg8\000"
 652      00
 653              	.LASF14:
 654 01fc 73697A65 		.ascii	"sizetype\000"
 654      74797065 
 654      00
 655              	.LASF17:
 656 0205 696E7465 		.ascii	"interruptState\000"
 656      72727570 
 656      74537461 
 656      746500
 657              	.LASF16:
 658 0214 414C5F72 		.ascii	"AL_reg_InterruptDisable\000"
 658      65675F49 
 658      6E746572 
 658      72757074 
 658      44697361 
 659              		.ident	"GCC: (GNU Tools for ARM Embedded Processors) 4.9.3 20150303 (release) [ARM/embedded-4_9-br
