ARM GAS  C:\Users\Jarik\AppData\Local\Temp\ccQkjO9t.s 			page 1


   1              		.cpu cortex-m0
   2              		.fpu softvfp
   3              		.eabi_attribute 20, 1
   4              		.eabi_attribute 21, 1
   5              		.eabi_attribute 23, 3
   6              		.eabi_attribute 24, 1
   7              		.eabi_attribute 25, 1
   8              		.eabi_attribute 26, 1
   9              		.eabi_attribute 30, 1
  10              		.eabi_attribute 34, 0
  11              		.eabi_attribute 18, 4
  12              		.code	16
  13              		.file	"SE1.c"
  14              		.text
  15              	.Ltext0:
  16              		.cfi_sections	.debug_frame
  17              		.section	.text.SE1_Write,"ax",%progbits
  18              		.align	2
  19              		.global	SE1_Write
  20              		.code	16
  21              		.thumb_func
  22              		.type	SE1_Write, %function
  23              	SE1_Write:
  24              	.LFB0:
  25              		.file 1 ".\\Generated_Source\\PSoC4\\SE1.c"
   1:.\Generated_Source\PSoC4/SE1.c **** /*******************************************************************************
   2:.\Generated_Source\PSoC4/SE1.c **** * File Name: SE1.c  
   3:.\Generated_Source\PSoC4/SE1.c **** * Version 2.10
   4:.\Generated_Source\PSoC4/SE1.c **** *
   5:.\Generated_Source\PSoC4/SE1.c **** * Description:
   6:.\Generated_Source\PSoC4/SE1.c **** *  This file contains API to enable firmware control of a Pins component.
   7:.\Generated_Source\PSoC4/SE1.c **** *
   8:.\Generated_Source\PSoC4/SE1.c **** * Note:
   9:.\Generated_Source\PSoC4/SE1.c **** *
  10:.\Generated_Source\PSoC4/SE1.c **** ********************************************************************************
  11:.\Generated_Source\PSoC4/SE1.c **** * Copyright 2008-2014, Cypress Semiconductor Corporation.  All rights reserved.
  12:.\Generated_Source\PSoC4/SE1.c **** * You may use this file only in accordance with the license, terms, conditions, 
  13:.\Generated_Source\PSoC4/SE1.c **** * disclaimers, and limitations in the end user license agreement accompanying 
  14:.\Generated_Source\PSoC4/SE1.c **** * the software package with which this file was provided.
  15:.\Generated_Source\PSoC4/SE1.c **** *******************************************************************************/
  16:.\Generated_Source\PSoC4/SE1.c **** 
  17:.\Generated_Source\PSoC4/SE1.c **** #include "cytypes.h"
  18:.\Generated_Source\PSoC4/SE1.c **** #include "SE1.h"
  19:.\Generated_Source\PSoC4/SE1.c **** 
  20:.\Generated_Source\PSoC4/SE1.c **** #define SetP4PinDriveMode(shift, mode)  \
  21:.\Generated_Source\PSoC4/SE1.c ****     do { \
  22:.\Generated_Source\PSoC4/SE1.c ****         SE1_PC =   (SE1_PC & \
  23:.\Generated_Source\PSoC4/SE1.c ****                                 (uint32)(~(uint32)(SE1_DRIVE_MODE_IND_MASK << (SE1_DRIVE_MODE_BITS 
  24:.\Generated_Source\PSoC4/SE1.c ****                                 (uint32)((uint32)(mode) << (SE1_DRIVE_MODE_BITS * (shift))); \
  25:.\Generated_Source\PSoC4/SE1.c ****     } while (0)
  26:.\Generated_Source\PSoC4/SE1.c **** 
  27:.\Generated_Source\PSoC4/SE1.c **** 
  28:.\Generated_Source\PSoC4/SE1.c **** /*******************************************************************************
  29:.\Generated_Source\PSoC4/SE1.c **** * Function Name: SE1_Write
  30:.\Generated_Source\PSoC4/SE1.c **** ********************************************************************************
  31:.\Generated_Source\PSoC4/SE1.c **** *
  32:.\Generated_Source\PSoC4/SE1.c **** * Summary:
ARM GAS  C:\Users\Jarik\AppData\Local\Temp\ccQkjO9t.s 			page 2


  33:.\Generated_Source\PSoC4/SE1.c **** *  Assign a new value to the digital port's data output register.  
  34:.\Generated_Source\PSoC4/SE1.c **** *
  35:.\Generated_Source\PSoC4/SE1.c **** * Parameters:  
  36:.\Generated_Source\PSoC4/SE1.c **** *  prtValue:  The value to be assigned to the Digital Port. 
  37:.\Generated_Source\PSoC4/SE1.c **** *
  38:.\Generated_Source\PSoC4/SE1.c **** * Return: 
  39:.\Generated_Source\PSoC4/SE1.c **** *  None 
  40:.\Generated_Source\PSoC4/SE1.c **** *  
  41:.\Generated_Source\PSoC4/SE1.c **** *******************************************************************************/
  42:.\Generated_Source\PSoC4/SE1.c **** void SE1_Write(uint8 value) 
  43:.\Generated_Source\PSoC4/SE1.c **** {
  26              		.loc 1 43 0
  27              		.cfi_startproc
  28              	.LVL0:
  29 0000 031C     		mov	r3, r0
  44:.\Generated_Source\PSoC4/SE1.c ****     uint8 drVal = (uint8)(SE1_DR & (uint8)(~SE1_MASK));
  30              		.loc 1 44 0
  31 0002 0449     		ldr	r1, .L2
  32 0004 0868     		ldr	r0, [r1]
  33              	.LVL1:
  34 0006 FE22     		mov	r2, #254
  35 0008 0240     		and	r2, r0
  36              	.LVL2:
  45:.\Generated_Source\PSoC4/SE1.c ****     drVal = (drVal | ((uint8)(value << SE1_SHIFT) & SE1_MASK));
  37              		.loc 1 45 0
  38 000a 0120     		mov	r0, #1
  39 000c 1840     		and	r0, r3
  40 000e 1043     		orr	r0, r2
  41              	.LVL3:
  46:.\Generated_Source\PSoC4/SE1.c ****     SE1_DR = (uint32)drVal;
  42              		.loc 1 46 0
  43 0010 0860     		str	r0, [r1]
  47:.\Generated_Source\PSoC4/SE1.c **** }
  44              		.loc 1 47 0
  45              		@ sp needed
  46 0012 7047     		bx	lr
  47              	.L3:
  48              		.align	2
  49              	.L2:
  50 0014 00030440 		.word	1074004736
  51              		.cfi_endproc
  52              	.LFE0:
  53              		.size	SE1_Write, .-SE1_Write
  54              		.section	.text.SE1_SetDriveMode,"ax",%progbits
  55              		.align	2
  56              		.global	SE1_SetDriveMode
  57              		.code	16
  58              		.thumb_func
  59              		.type	SE1_SetDriveMode, %function
  60              	SE1_SetDriveMode:
  61              	.LFB1:
  48:.\Generated_Source\PSoC4/SE1.c **** 
  49:.\Generated_Source\PSoC4/SE1.c **** 
  50:.\Generated_Source\PSoC4/SE1.c **** /*******************************************************************************
  51:.\Generated_Source\PSoC4/SE1.c **** * Function Name: SE1_SetDriveMode
  52:.\Generated_Source\PSoC4/SE1.c **** ********************************************************************************
  53:.\Generated_Source\PSoC4/SE1.c **** *
ARM GAS  C:\Users\Jarik\AppData\Local\Temp\ccQkjO9t.s 			page 3


  54:.\Generated_Source\PSoC4/SE1.c **** * Summary:
  55:.\Generated_Source\PSoC4/SE1.c **** *  Change the drive mode on the pins of the port.
  56:.\Generated_Source\PSoC4/SE1.c **** * 
  57:.\Generated_Source\PSoC4/SE1.c **** * Parameters:  
  58:.\Generated_Source\PSoC4/SE1.c **** *  mode:  Change the pins to one of the following drive modes.
  59:.\Generated_Source\PSoC4/SE1.c **** *
  60:.\Generated_Source\PSoC4/SE1.c **** *  SE1_DM_STRONG     Strong Drive 
  61:.\Generated_Source\PSoC4/SE1.c **** *  SE1_DM_OD_HI      Open Drain, Drives High 
  62:.\Generated_Source\PSoC4/SE1.c **** *  SE1_DM_OD_LO      Open Drain, Drives Low 
  63:.\Generated_Source\PSoC4/SE1.c **** *  SE1_DM_RES_UP     Resistive Pull Up 
  64:.\Generated_Source\PSoC4/SE1.c **** *  SE1_DM_RES_DWN    Resistive Pull Down 
  65:.\Generated_Source\PSoC4/SE1.c **** *  SE1_DM_RES_UPDWN  Resistive Pull Up/Down 
  66:.\Generated_Source\PSoC4/SE1.c **** *  SE1_DM_DIG_HIZ    High Impedance Digital 
  67:.\Generated_Source\PSoC4/SE1.c **** *  SE1_DM_ALG_HIZ    High Impedance Analog 
  68:.\Generated_Source\PSoC4/SE1.c **** *
  69:.\Generated_Source\PSoC4/SE1.c **** * Return: 
  70:.\Generated_Source\PSoC4/SE1.c **** *  None
  71:.\Generated_Source\PSoC4/SE1.c **** *
  72:.\Generated_Source\PSoC4/SE1.c **** *******************************************************************************/
  73:.\Generated_Source\PSoC4/SE1.c **** void SE1_SetDriveMode(uint8 mode) 
  74:.\Generated_Source\PSoC4/SE1.c **** {
  62              		.loc 1 74 0
  63              		.cfi_startproc
  64              	.LVL4:
  75:.\Generated_Source\PSoC4/SE1.c **** 	SetP4PinDriveMode(SE1__0__SHIFT, mode);
  65              		.loc 1 75 0
  66 0000 034A     		ldr	r2, .L5
  67 0002 1368     		ldr	r3, [r2]
  68 0004 0721     		mov	r1, #7
  69 0006 8B43     		bic	r3, r1
  70 0008 1843     		orr	r0, r3
  71              	.LVL5:
  72 000a 1060     		str	r0, [r2]
  76:.\Generated_Source\PSoC4/SE1.c **** }
  73              		.loc 1 76 0
  74              		@ sp needed
  75 000c 7047     		bx	lr
  76              	.L6:
  77 000e C046     		.align	2
  78              	.L5:
  79 0010 08030440 		.word	1074004744
  80              		.cfi_endproc
  81              	.LFE1:
  82              		.size	SE1_SetDriveMode, .-SE1_SetDriveMode
  83              		.section	.text.SE1_Read,"ax",%progbits
  84              		.align	2
  85              		.global	SE1_Read
  86              		.code	16
  87              		.thumb_func
  88              		.type	SE1_Read, %function
  89              	SE1_Read:
  90              	.LFB2:
  77:.\Generated_Source\PSoC4/SE1.c **** 
  78:.\Generated_Source\PSoC4/SE1.c **** 
  79:.\Generated_Source\PSoC4/SE1.c **** /*******************************************************************************
  80:.\Generated_Source\PSoC4/SE1.c **** * Function Name: SE1_Read
  81:.\Generated_Source\PSoC4/SE1.c **** ********************************************************************************
ARM GAS  C:\Users\Jarik\AppData\Local\Temp\ccQkjO9t.s 			page 4


  82:.\Generated_Source\PSoC4/SE1.c **** *
  83:.\Generated_Source\PSoC4/SE1.c **** * Summary:
  84:.\Generated_Source\PSoC4/SE1.c **** *  Read the current value on the pins of the Digital Port in right justified 
  85:.\Generated_Source\PSoC4/SE1.c **** *  form.
  86:.\Generated_Source\PSoC4/SE1.c **** *
  87:.\Generated_Source\PSoC4/SE1.c **** * Parameters:  
  88:.\Generated_Source\PSoC4/SE1.c **** *  None 
  89:.\Generated_Source\PSoC4/SE1.c **** *
  90:.\Generated_Source\PSoC4/SE1.c **** * Return: 
  91:.\Generated_Source\PSoC4/SE1.c **** *  Returns the current value of the Digital Port as a right justified number
  92:.\Generated_Source\PSoC4/SE1.c **** *  
  93:.\Generated_Source\PSoC4/SE1.c **** * Note:
  94:.\Generated_Source\PSoC4/SE1.c **** *  Macro SE1_ReadPS calls this function. 
  95:.\Generated_Source\PSoC4/SE1.c **** *  
  96:.\Generated_Source\PSoC4/SE1.c **** *******************************************************************************/
  97:.\Generated_Source\PSoC4/SE1.c **** uint8 SE1_Read(void) 
  98:.\Generated_Source\PSoC4/SE1.c **** {
  91              		.loc 1 98 0
  92              		.cfi_startproc
  99:.\Generated_Source\PSoC4/SE1.c ****     return (uint8)((SE1_PS & SE1_MASK) >> SE1_SHIFT);
  93              		.loc 1 99 0
  94 0000 024B     		ldr	r3, .L8
  95 0002 1868     		ldr	r0, [r3]
  96 0004 0123     		mov	r3, #1
  97 0006 1840     		and	r0, r3
 100:.\Generated_Source\PSoC4/SE1.c **** }
  98              		.loc 1 100 0
  99              		@ sp needed
 100 0008 7047     		bx	lr
 101              	.L9:
 102 000a C046     		.align	2
 103              	.L8:
 104 000c 04030440 		.word	1074004740
 105              		.cfi_endproc
 106              	.LFE2:
 107              		.size	SE1_Read, .-SE1_Read
 108              		.section	.text.SE1_ReadDataReg,"ax",%progbits
 109              		.align	2
 110              		.global	SE1_ReadDataReg
 111              		.code	16
 112              		.thumb_func
 113              		.type	SE1_ReadDataReg, %function
 114              	SE1_ReadDataReg:
 115              	.LFB3:
 101:.\Generated_Source\PSoC4/SE1.c **** 
 102:.\Generated_Source\PSoC4/SE1.c **** 
 103:.\Generated_Source\PSoC4/SE1.c **** /*******************************************************************************
 104:.\Generated_Source\PSoC4/SE1.c **** * Function Name: SE1_ReadDataReg
 105:.\Generated_Source\PSoC4/SE1.c **** ********************************************************************************
 106:.\Generated_Source\PSoC4/SE1.c **** *
 107:.\Generated_Source\PSoC4/SE1.c **** * Summary:
 108:.\Generated_Source\PSoC4/SE1.c **** *  Read the current value assigned to a Digital Port's data output register
 109:.\Generated_Source\PSoC4/SE1.c **** *
 110:.\Generated_Source\PSoC4/SE1.c **** * Parameters:  
 111:.\Generated_Source\PSoC4/SE1.c **** *  None 
 112:.\Generated_Source\PSoC4/SE1.c **** *
 113:.\Generated_Source\PSoC4/SE1.c **** * Return: 
ARM GAS  C:\Users\Jarik\AppData\Local\Temp\ccQkjO9t.s 			page 5


 114:.\Generated_Source\PSoC4/SE1.c **** *  Returns the current value assigned to the Digital Port's data output register
 115:.\Generated_Source\PSoC4/SE1.c **** *  
 116:.\Generated_Source\PSoC4/SE1.c **** *******************************************************************************/
 117:.\Generated_Source\PSoC4/SE1.c **** uint8 SE1_ReadDataReg(void) 
 118:.\Generated_Source\PSoC4/SE1.c **** {
 116              		.loc 1 118 0
 117              		.cfi_startproc
 119:.\Generated_Source\PSoC4/SE1.c ****     return (uint8)((SE1_DR & SE1_MASK) >> SE1_SHIFT);
 118              		.loc 1 119 0
 119 0000 024B     		ldr	r3, .L11
 120 0002 1868     		ldr	r0, [r3]
 121 0004 0123     		mov	r3, #1
 122 0006 1840     		and	r0, r3
 120:.\Generated_Source\PSoC4/SE1.c **** }
 123              		.loc 1 120 0
 124              		@ sp needed
 125 0008 7047     		bx	lr
 126              	.L12:
 127 000a C046     		.align	2
 128              	.L11:
 129 000c 00030440 		.word	1074004736
 130              		.cfi_endproc
 131              	.LFE3:
 132              		.size	SE1_ReadDataReg, .-SE1_ReadDataReg
 133              		.section	.text.SE1_ClearInterrupt,"ax",%progbits
 134              		.align	2
 135              		.global	SE1_ClearInterrupt
 136              		.code	16
 137              		.thumb_func
 138              		.type	SE1_ClearInterrupt, %function
 139              	SE1_ClearInterrupt:
 140              	.LFB4:
 121:.\Generated_Source\PSoC4/SE1.c **** 
 122:.\Generated_Source\PSoC4/SE1.c **** 
 123:.\Generated_Source\PSoC4/SE1.c **** /* If Interrupts Are Enabled for this Pins component */ 
 124:.\Generated_Source\PSoC4/SE1.c **** #if defined(SE1_INTSTAT) 
 125:.\Generated_Source\PSoC4/SE1.c **** 
 126:.\Generated_Source\PSoC4/SE1.c ****     /*******************************************************************************
 127:.\Generated_Source\PSoC4/SE1.c ****     * Function Name: SE1_ClearInterrupt
 128:.\Generated_Source\PSoC4/SE1.c ****     ********************************************************************************
 129:.\Generated_Source\PSoC4/SE1.c ****     *
 130:.\Generated_Source\PSoC4/SE1.c ****     * Summary:
 131:.\Generated_Source\PSoC4/SE1.c ****     *  Clears any active interrupts attached to port and returns the value of the 
 132:.\Generated_Source\PSoC4/SE1.c ****     *  interrupt status register.
 133:.\Generated_Source\PSoC4/SE1.c ****     *
 134:.\Generated_Source\PSoC4/SE1.c ****     * Parameters:  
 135:.\Generated_Source\PSoC4/SE1.c ****     *  None 
 136:.\Generated_Source\PSoC4/SE1.c ****     *
 137:.\Generated_Source\PSoC4/SE1.c ****     * Return: 
 138:.\Generated_Source\PSoC4/SE1.c ****     *  Returns the value of the interrupt status register
 139:.\Generated_Source\PSoC4/SE1.c ****     *  
 140:.\Generated_Source\PSoC4/SE1.c ****     *******************************************************************************/
 141:.\Generated_Source\PSoC4/SE1.c ****     uint8 SE1_ClearInterrupt(void) 
 142:.\Generated_Source\PSoC4/SE1.c ****     {
 141              		.loc 1 142 0
 142              		.cfi_startproc
 143:.\Generated_Source\PSoC4/SE1.c **** 		uint8 maskedStatus = (uint8)(SE1_INTSTAT & SE1_MASK);
ARM GAS  C:\Users\Jarik\AppData\Local\Temp\ccQkjO9t.s 			page 6


 143              		.loc 1 143 0
 144 0000 024A     		ldr	r2, .L14
 145 0002 1068     		ldr	r0, [r2]
 146 0004 0123     		mov	r3, #1
 147 0006 1840     		and	r0, r3
 148              	.LVL6:
 144:.\Generated_Source\PSoC4/SE1.c **** 		SE1_INTSTAT = maskedStatus;
 149              		.loc 1 144 0
 150 0008 1060     		str	r0, [r2]
 145:.\Generated_Source\PSoC4/SE1.c ****         return maskedStatus >> SE1_SHIFT;
 146:.\Generated_Source\PSoC4/SE1.c ****     }
 151              		.loc 1 146 0
 152              		@ sp needed
 153 000a 7047     		bx	lr
 154              	.L15:
 155              		.align	2
 156              	.L14:
 157 000c 10030440 		.word	1074004752
 158              		.cfi_endproc
 159              	.LFE4:
 160              		.size	SE1_ClearInterrupt, .-SE1_ClearInterrupt
 161              		.text
 162              	.Letext0:
 163              		.file 2 ".\\Generated_Source\\PSoC4\\cytypes.h"
 164              		.section	.debug_info,"",%progbits
 165              	.Ldebug_info0:
 166 0000 4A010000 		.4byte	0x14a
 167 0004 0400     		.2byte	0x4
 168 0006 00000000 		.4byte	.Ldebug_abbrev0
 169 000a 04       		.byte	0x4
 170 000b 01       		.uleb128 0x1
 171 000c 08010000 		.4byte	.LASF24
 172 0010 01       		.byte	0x1
 173 0011 82000000 		.4byte	.LASF25
 174 0015 AF010000 		.4byte	.LASF26
 175 0019 00000000 		.4byte	.Ldebug_ranges0+0
 176 001d 00000000 		.4byte	0
 177 0021 00000000 		.4byte	.Ldebug_line0
 178 0025 02       		.uleb128 0x2
 179 0026 01       		.byte	0x1
 180 0027 06       		.byte	0x6
 181 0028 E4010000 		.4byte	.LASF0
 182 002c 02       		.uleb128 0x2
 183 002d 01       		.byte	0x1
 184 002e 08       		.byte	0x8
 185 002f 25000000 		.4byte	.LASF1
 186 0033 02       		.uleb128 0x2
 187 0034 02       		.byte	0x2
 188 0035 05       		.byte	0x5
 189 0036 96010000 		.4byte	.LASF2
 190 003a 02       		.uleb128 0x2
 191 003b 02       		.byte	0x2
 192 003c 07       		.byte	0x7
 193 003d 4B000000 		.4byte	.LASF3
 194 0041 02       		.uleb128 0x2
 195 0042 04       		.byte	0x4
 196 0043 05       		.byte	0x5
ARM GAS  C:\Users\Jarik\AppData\Local\Temp\ccQkjO9t.s 			page 7


 197 0044 A6010000 		.4byte	.LASF4
 198 0048 02       		.uleb128 0x2
 199 0049 04       		.byte	0x4
 200 004a 07       		.byte	0x7
 201 004b 39000000 		.4byte	.LASF5
 202 004f 02       		.uleb128 0x2
 203 0050 08       		.byte	0x8
 204 0051 05       		.byte	0x5
 205 0052 E8000000 		.4byte	.LASF6
 206 0056 02       		.uleb128 0x2
 207 0057 08       		.byte	0x8
 208 0058 07       		.byte	0x7
 209 0059 CC000000 		.4byte	.LASF7
 210 005d 03       		.uleb128 0x3
 211 005e 04       		.byte	0x4
 212 005f 05       		.byte	0x5
 213 0060 696E7400 		.ascii	"int\000"
 214 0064 02       		.uleb128 0x2
 215 0065 04       		.byte	0x4
 216 0066 07       		.byte	0x7
 217 0067 BF000000 		.4byte	.LASF8
 218 006b 04       		.uleb128 0x4
 219 006c A0010000 		.4byte	.LASF9
 220 0070 02       		.byte	0x2
 221 0071 A1       		.byte	0xa1
 222 0072 2C000000 		.4byte	0x2c
 223 0076 04       		.uleb128 0x4
 224 0077 A8000000 		.4byte	.LASF10
 225 007b 02       		.byte	0x2
 226 007c A3       		.byte	0xa3
 227 007d 48000000 		.4byte	0x48
 228 0081 02       		.uleb128 0x2
 229 0082 04       		.byte	0x4
 230 0083 04       		.byte	0x4
 231 0084 1F000000 		.4byte	.LASF11
 232 0088 02       		.uleb128 0x2
 233 0089 08       		.byte	0x8
 234 008a 04       		.byte	0x4
 235 008b A1000000 		.4byte	.LASF12
 236 008f 02       		.uleb128 0x2
 237 0090 01       		.byte	0x1
 238 0091 08       		.byte	0x8
 239 0092 03010000 		.4byte	.LASF13
 240 0096 05       		.uleb128 0x5
 241 0097 00000000 		.4byte	.LASF14
 242 009b 02       		.byte	0x2
 243 009c 4D01     		.2byte	0x14d
 244 009e A2000000 		.4byte	0xa2
 245 00a2 06       		.uleb128 0x6
 246 00a3 76000000 		.4byte	0x76
 247 00a7 07       		.uleb128 0x7
 248 00a8 0F000000 		.4byte	.LASF15
 249 00ac 01       		.byte	0x1
 250 00ad 2A       		.byte	0x2a
 251 00ae 00000000 		.4byte	.LFB0
 252 00b2 18000000 		.4byte	.LFE0-.LFB0
 253 00b6 01       		.uleb128 0x1
ARM GAS  C:\Users\Jarik\AppData\Local\Temp\ccQkjO9t.s 			page 8


 254 00b7 9C       		.byte	0x9c
 255 00b8 DB000000 		.4byte	0xdb
 256 00bc 08       		.uleb128 0x8
 257 00bd 19000000 		.4byte	.LASF17
 258 00c1 01       		.byte	0x1
 259 00c2 2A       		.byte	0x2a
 260 00c3 6B000000 		.4byte	0x6b
 261 00c7 00000000 		.4byte	.LLST0
 262 00cb 09       		.uleb128 0x9
 263 00cc 33000000 		.4byte	.LASF22
 264 00d0 01       		.byte	0x1
 265 00d1 2C       		.byte	0x2c
 266 00d2 6B000000 		.4byte	0x6b
 267 00d6 21000000 		.4byte	.LLST1
 268 00da 00       		.byte	0
 269 00db 07       		.uleb128 0x7
 270 00dc 71000000 		.4byte	.LASF16
 271 00e0 01       		.byte	0x1
 272 00e1 49       		.byte	0x49
 273 00e2 00000000 		.4byte	.LFB1
 274 00e6 14000000 		.4byte	.LFE1-.LFB1
 275 00ea 01       		.uleb128 0x1
 276 00eb 9C       		.byte	0x9c
 277 00ec 00010000 		.4byte	0x100
 278 00f0 08       		.uleb128 0x8
 279 00f1 E3000000 		.4byte	.LASF18
 280 00f5 01       		.byte	0x1
 281 00f6 49       		.byte	0x49
 282 00f7 6B000000 		.4byte	0x6b
 283 00fb 3F000000 		.4byte	.LLST2
 284 00ff 00       		.byte	0
 285 0100 0A       		.uleb128 0xa
 286 0101 06000000 		.4byte	.LASF19
 287 0105 01       		.byte	0x1
 288 0106 61       		.byte	0x61
 289 0107 6B000000 		.4byte	0x6b
 290 010b 00000000 		.4byte	.LFB2
 291 010f 10000000 		.4byte	.LFE2-.LFB2
 292 0113 01       		.uleb128 0x1
 293 0114 9C       		.byte	0x9c
 294 0115 0A       		.uleb128 0xa
 295 0116 AF000000 		.4byte	.LASF20
 296 011a 01       		.byte	0x1
 297 011b 75       		.byte	0x75
 298 011c 6B000000 		.4byte	0x6b
 299 0120 00000000 		.4byte	.LFB3
 300 0124 10000000 		.4byte	.LFE3-.LFB3
 301 0128 01       		.uleb128 0x1
 302 0129 9C       		.byte	0x9c
 303 012a 0B       		.uleb128 0xb
 304 012b 5E000000 		.4byte	.LASF21
 305 012f 01       		.byte	0x1
 306 0130 8D       		.byte	0x8d
 307 0131 6B000000 		.4byte	0x6b
 308 0135 00000000 		.4byte	.LFB4
 309 0139 10000000 		.4byte	.LFE4-.LFB4
 310 013d 01       		.uleb128 0x1
ARM GAS  C:\Users\Jarik\AppData\Local\Temp\ccQkjO9t.s 			page 9


 311 013e 9C       		.byte	0x9c
 312 013f 0C       		.uleb128 0xc
 313 0140 F6000000 		.4byte	.LASF23
 314 0144 01       		.byte	0x1
 315 0145 8F       		.byte	0x8f
 316 0146 6B000000 		.4byte	0x6b
 317 014a 01       		.uleb128 0x1
 318 014b 50       		.byte	0x50
 319 014c 00       		.byte	0
 320 014d 00       		.byte	0
 321              		.section	.debug_abbrev,"",%progbits
 322              	.Ldebug_abbrev0:
 323 0000 01       		.uleb128 0x1
 324 0001 11       		.uleb128 0x11
 325 0002 01       		.byte	0x1
 326 0003 25       		.uleb128 0x25
 327 0004 0E       		.uleb128 0xe
 328 0005 13       		.uleb128 0x13
 329 0006 0B       		.uleb128 0xb
 330 0007 03       		.uleb128 0x3
 331 0008 0E       		.uleb128 0xe
 332 0009 1B       		.uleb128 0x1b
 333 000a 0E       		.uleb128 0xe
 334 000b 55       		.uleb128 0x55
 335 000c 17       		.uleb128 0x17
 336 000d 11       		.uleb128 0x11
 337 000e 01       		.uleb128 0x1
 338 000f 10       		.uleb128 0x10
 339 0010 17       		.uleb128 0x17
 340 0011 00       		.byte	0
 341 0012 00       		.byte	0
 342 0013 02       		.uleb128 0x2
 343 0014 24       		.uleb128 0x24
 344 0015 00       		.byte	0
 345 0016 0B       		.uleb128 0xb
 346 0017 0B       		.uleb128 0xb
 347 0018 3E       		.uleb128 0x3e
 348 0019 0B       		.uleb128 0xb
 349 001a 03       		.uleb128 0x3
 350 001b 0E       		.uleb128 0xe
 351 001c 00       		.byte	0
 352 001d 00       		.byte	0
 353 001e 03       		.uleb128 0x3
 354 001f 24       		.uleb128 0x24
 355 0020 00       		.byte	0
 356 0021 0B       		.uleb128 0xb
 357 0022 0B       		.uleb128 0xb
 358 0023 3E       		.uleb128 0x3e
 359 0024 0B       		.uleb128 0xb
 360 0025 03       		.uleb128 0x3
 361 0026 08       		.uleb128 0x8
 362 0027 00       		.byte	0
 363 0028 00       		.byte	0
 364 0029 04       		.uleb128 0x4
 365 002a 16       		.uleb128 0x16
 366 002b 00       		.byte	0
 367 002c 03       		.uleb128 0x3
ARM GAS  C:\Users\Jarik\AppData\Local\Temp\ccQkjO9t.s 			page 10


 368 002d 0E       		.uleb128 0xe
 369 002e 3A       		.uleb128 0x3a
 370 002f 0B       		.uleb128 0xb
 371 0030 3B       		.uleb128 0x3b
 372 0031 0B       		.uleb128 0xb
 373 0032 49       		.uleb128 0x49
 374 0033 13       		.uleb128 0x13
 375 0034 00       		.byte	0
 376 0035 00       		.byte	0
 377 0036 05       		.uleb128 0x5
 378 0037 16       		.uleb128 0x16
 379 0038 00       		.byte	0
 380 0039 03       		.uleb128 0x3
 381 003a 0E       		.uleb128 0xe
 382 003b 3A       		.uleb128 0x3a
 383 003c 0B       		.uleb128 0xb
 384 003d 3B       		.uleb128 0x3b
 385 003e 05       		.uleb128 0x5
 386 003f 49       		.uleb128 0x49
 387 0040 13       		.uleb128 0x13
 388 0041 00       		.byte	0
 389 0042 00       		.byte	0
 390 0043 06       		.uleb128 0x6
 391 0044 35       		.uleb128 0x35
 392 0045 00       		.byte	0
 393 0046 49       		.uleb128 0x49
 394 0047 13       		.uleb128 0x13
 395 0048 00       		.byte	0
 396 0049 00       		.byte	0
 397 004a 07       		.uleb128 0x7
 398 004b 2E       		.uleb128 0x2e
 399 004c 01       		.byte	0x1
 400 004d 3F       		.uleb128 0x3f
 401 004e 19       		.uleb128 0x19
 402 004f 03       		.uleb128 0x3
 403 0050 0E       		.uleb128 0xe
 404 0051 3A       		.uleb128 0x3a
 405 0052 0B       		.uleb128 0xb
 406 0053 3B       		.uleb128 0x3b
 407 0054 0B       		.uleb128 0xb
 408 0055 27       		.uleb128 0x27
 409 0056 19       		.uleb128 0x19
 410 0057 11       		.uleb128 0x11
 411 0058 01       		.uleb128 0x1
 412 0059 12       		.uleb128 0x12
 413 005a 06       		.uleb128 0x6
 414 005b 40       		.uleb128 0x40
 415 005c 18       		.uleb128 0x18
 416 005d 9742     		.uleb128 0x2117
 417 005f 19       		.uleb128 0x19
 418 0060 01       		.uleb128 0x1
 419 0061 13       		.uleb128 0x13
 420 0062 00       		.byte	0
 421 0063 00       		.byte	0
 422 0064 08       		.uleb128 0x8
 423 0065 05       		.uleb128 0x5
 424 0066 00       		.byte	0
ARM GAS  C:\Users\Jarik\AppData\Local\Temp\ccQkjO9t.s 			page 11


 425 0067 03       		.uleb128 0x3
 426 0068 0E       		.uleb128 0xe
 427 0069 3A       		.uleb128 0x3a
 428 006a 0B       		.uleb128 0xb
 429 006b 3B       		.uleb128 0x3b
 430 006c 0B       		.uleb128 0xb
 431 006d 49       		.uleb128 0x49
 432 006e 13       		.uleb128 0x13
 433 006f 02       		.uleb128 0x2
 434 0070 17       		.uleb128 0x17
 435 0071 00       		.byte	0
 436 0072 00       		.byte	0
 437 0073 09       		.uleb128 0x9
 438 0074 34       		.uleb128 0x34
 439 0075 00       		.byte	0
 440 0076 03       		.uleb128 0x3
 441 0077 0E       		.uleb128 0xe
 442 0078 3A       		.uleb128 0x3a
 443 0079 0B       		.uleb128 0xb
 444 007a 3B       		.uleb128 0x3b
 445 007b 0B       		.uleb128 0xb
 446 007c 49       		.uleb128 0x49
 447 007d 13       		.uleb128 0x13
 448 007e 02       		.uleb128 0x2
 449 007f 17       		.uleb128 0x17
 450 0080 00       		.byte	0
 451 0081 00       		.byte	0
 452 0082 0A       		.uleb128 0xa
 453 0083 2E       		.uleb128 0x2e
 454 0084 00       		.byte	0
 455 0085 3F       		.uleb128 0x3f
 456 0086 19       		.uleb128 0x19
 457 0087 03       		.uleb128 0x3
 458 0088 0E       		.uleb128 0xe
 459 0089 3A       		.uleb128 0x3a
 460 008a 0B       		.uleb128 0xb
 461 008b 3B       		.uleb128 0x3b
 462 008c 0B       		.uleb128 0xb
 463 008d 27       		.uleb128 0x27
 464 008e 19       		.uleb128 0x19
 465 008f 49       		.uleb128 0x49
 466 0090 13       		.uleb128 0x13
 467 0091 11       		.uleb128 0x11
 468 0092 01       		.uleb128 0x1
 469 0093 12       		.uleb128 0x12
 470 0094 06       		.uleb128 0x6
 471 0095 40       		.uleb128 0x40
 472 0096 18       		.uleb128 0x18
 473 0097 9742     		.uleb128 0x2117
 474 0099 19       		.uleb128 0x19
 475 009a 00       		.byte	0
 476 009b 00       		.byte	0
 477 009c 0B       		.uleb128 0xb
 478 009d 2E       		.uleb128 0x2e
 479 009e 01       		.byte	0x1
 480 009f 3F       		.uleb128 0x3f
 481 00a0 19       		.uleb128 0x19
ARM GAS  C:\Users\Jarik\AppData\Local\Temp\ccQkjO9t.s 			page 12


 482 00a1 03       		.uleb128 0x3
 483 00a2 0E       		.uleb128 0xe
 484 00a3 3A       		.uleb128 0x3a
 485 00a4 0B       		.uleb128 0xb
 486 00a5 3B       		.uleb128 0x3b
 487 00a6 0B       		.uleb128 0xb
 488 00a7 27       		.uleb128 0x27
 489 00a8 19       		.uleb128 0x19
 490 00a9 49       		.uleb128 0x49
 491 00aa 13       		.uleb128 0x13
 492 00ab 11       		.uleb128 0x11
 493 00ac 01       		.uleb128 0x1
 494 00ad 12       		.uleb128 0x12
 495 00ae 06       		.uleb128 0x6
 496 00af 40       		.uleb128 0x40
 497 00b0 18       		.uleb128 0x18
 498 00b1 9742     		.uleb128 0x2117
 499 00b3 19       		.uleb128 0x19
 500 00b4 00       		.byte	0
 501 00b5 00       		.byte	0
 502 00b6 0C       		.uleb128 0xc
 503 00b7 34       		.uleb128 0x34
 504 00b8 00       		.byte	0
 505 00b9 03       		.uleb128 0x3
 506 00ba 0E       		.uleb128 0xe
 507 00bb 3A       		.uleb128 0x3a
 508 00bc 0B       		.uleb128 0xb
 509 00bd 3B       		.uleb128 0x3b
 510 00be 0B       		.uleb128 0xb
 511 00bf 49       		.uleb128 0x49
 512 00c0 13       		.uleb128 0x13
 513 00c1 02       		.uleb128 0x2
 514 00c2 18       		.uleb128 0x18
 515 00c3 00       		.byte	0
 516 00c4 00       		.byte	0
 517 00c5 00       		.byte	0
 518              		.section	.debug_loc,"",%progbits
 519              	.Ldebug_loc0:
 520              	.LLST0:
 521 0000 00000000 		.4byte	.LVL0
 522 0004 06000000 		.4byte	.LVL1
 523 0008 0100     		.2byte	0x1
 524 000a 50       		.byte	0x50
 525 000b 06000000 		.4byte	.LVL1
 526 000f 18000000 		.4byte	.LFE0
 527 0013 0400     		.2byte	0x4
 528 0015 F3       		.byte	0xf3
 529 0016 01       		.uleb128 0x1
 530 0017 50       		.byte	0x50
 531 0018 9F       		.byte	0x9f
 532 0019 00000000 		.4byte	0
 533 001d 00000000 		.4byte	0
 534              	.LLST1:
 535 0021 0A000000 		.4byte	.LVL2
 536 0025 10000000 		.4byte	.LVL3
 537 0029 0100     		.2byte	0x1
 538 002b 52       		.byte	0x52
ARM GAS  C:\Users\Jarik\AppData\Local\Temp\ccQkjO9t.s 			page 13


 539 002c 10000000 		.4byte	.LVL3
 540 0030 18000000 		.4byte	.LFE0
 541 0034 0100     		.2byte	0x1
 542 0036 50       		.byte	0x50
 543 0037 00000000 		.4byte	0
 544 003b 00000000 		.4byte	0
 545              	.LLST2:
 546 003f 00000000 		.4byte	.LVL4
 547 0043 0A000000 		.4byte	.LVL5
 548 0047 0100     		.2byte	0x1
 549 0049 50       		.byte	0x50
 550 004a 0A000000 		.4byte	.LVL5
 551 004e 14000000 		.4byte	.LFE1
 552 0052 0400     		.2byte	0x4
 553 0054 F3       		.byte	0xf3
 554 0055 01       		.uleb128 0x1
 555 0056 50       		.byte	0x50
 556 0057 9F       		.byte	0x9f
 557 0058 00000000 		.4byte	0
 558 005c 00000000 		.4byte	0
 559              		.section	.debug_aranges,"",%progbits
 560 0000 3C000000 		.4byte	0x3c
 561 0004 0200     		.2byte	0x2
 562 0006 00000000 		.4byte	.Ldebug_info0
 563 000a 04       		.byte	0x4
 564 000b 00       		.byte	0
 565 000c 0000     		.2byte	0
 566 000e 0000     		.2byte	0
 567 0010 00000000 		.4byte	.LFB0
 568 0014 18000000 		.4byte	.LFE0-.LFB0
 569 0018 00000000 		.4byte	.LFB1
 570 001c 14000000 		.4byte	.LFE1-.LFB1
 571 0020 00000000 		.4byte	.LFB2
 572 0024 10000000 		.4byte	.LFE2-.LFB2
 573 0028 00000000 		.4byte	.LFB3
 574 002c 10000000 		.4byte	.LFE3-.LFB3
 575 0030 00000000 		.4byte	.LFB4
 576 0034 10000000 		.4byte	.LFE4-.LFB4
 577 0038 00000000 		.4byte	0
 578 003c 00000000 		.4byte	0
 579              		.section	.debug_ranges,"",%progbits
 580              	.Ldebug_ranges0:
 581 0000 00000000 		.4byte	.LFB0
 582 0004 18000000 		.4byte	.LFE0
 583 0008 00000000 		.4byte	.LFB1
 584 000c 14000000 		.4byte	.LFE1
 585 0010 00000000 		.4byte	.LFB2
 586 0014 10000000 		.4byte	.LFE2
 587 0018 00000000 		.4byte	.LFB3
 588 001c 10000000 		.4byte	.LFE3
 589 0020 00000000 		.4byte	.LFB4
 590 0024 10000000 		.4byte	.LFE4
 591 0028 00000000 		.4byte	0
 592 002c 00000000 		.4byte	0
 593              		.section	.debug_line,"",%progbits
 594              	.Ldebug_line0:
 595 0000 A4000000 		.section	.debug_str,"MS",%progbits,1
ARM GAS  C:\Users\Jarik\AppData\Local\Temp\ccQkjO9t.s 			page 14


 595      02004200 
 595      00000201 
 595      FB0E0D00 
 595      01010101 
 596              	.LASF14:
 597 0000 72656733 		.ascii	"reg32\000"
 597      3200
 598              	.LASF19:
 599 0006 5345315F 		.ascii	"SE1_Read\000"
 599      52656164 
 599      00
 600              	.LASF15:
 601 000f 5345315F 		.ascii	"SE1_Write\000"
 601      57726974 
 601      6500
 602              	.LASF17:
 603 0019 76616C75 		.ascii	"value\000"
 603      6500
 604              	.LASF11:
 605 001f 666C6F61 		.ascii	"float\000"
 605      7400
 606              	.LASF1:
 607 0025 756E7369 		.ascii	"unsigned char\000"
 607      676E6564 
 607      20636861 
 607      7200
 608              	.LASF22:
 609 0033 64725661 		.ascii	"drVal\000"
 609      6C00
 610              	.LASF5:
 611 0039 6C6F6E67 		.ascii	"long unsigned int\000"
 611      20756E73 
 611      69676E65 
 611      6420696E 
 611      7400
 612              	.LASF3:
 613 004b 73686F72 		.ascii	"short unsigned int\000"
 613      7420756E 
 613      7369676E 
 613      65642069 
 613      6E7400
 614              	.LASF21:
 615 005e 5345315F 		.ascii	"SE1_ClearInterrupt\000"
 615      436C6561 
 615      72496E74 
 615      65727275 
 615      707400
 616              	.LASF16:
 617 0071 5345315F 		.ascii	"SE1_SetDriveMode\000"
 617      53657444 
 617      72697665 
 617      4D6F6465 
 617      00
 618              	.LASF25:
 619 0082 2E5C4765 		.ascii	".\\Generated_Source\\PSoC4\\SE1.c\000"
 619      6E657261 
 619      7465645F 
ARM GAS  C:\Users\Jarik\AppData\Local\Temp\ccQkjO9t.s 			page 15


 619      536F7572 
 619      63655C50 
 620              	.LASF12:
 621 00a1 646F7562 		.ascii	"double\000"
 621      6C6500
 622              	.LASF10:
 623 00a8 75696E74 		.ascii	"uint32\000"
 623      333200
 624              	.LASF20:
 625 00af 5345315F 		.ascii	"SE1_ReadDataReg\000"
 625      52656164 
 625      44617461 
 625      52656700 
 626              	.LASF8:
 627 00bf 756E7369 		.ascii	"unsigned int\000"
 627      676E6564 
 627      20696E74 
 627      00
 628              	.LASF7:
 629 00cc 6C6F6E67 		.ascii	"long long unsigned int\000"
 629      206C6F6E 
 629      6720756E 
 629      7369676E 
 629      65642069 
 630              	.LASF18:
 631 00e3 6D6F6465 		.ascii	"mode\000"
 631      00
 632              	.LASF6:
 633 00e8 6C6F6E67 		.ascii	"long long int\000"
 633      206C6F6E 
 633      6720696E 
 633      7400
 634              	.LASF23:
 635 00f6 6D61736B 		.ascii	"maskedStatus\000"
 635      65645374 
 635      61747573 
 635      00
 636              	.LASF13:
 637 0103 63686172 		.ascii	"char\000"
 637      00
 638              	.LASF24:
 639 0108 474E5520 		.ascii	"GNU C 4.9.3 20150303 (release) [ARM/embedded-4_9-br"
 639      4320342E 
 639      392E3320 
 639      32303135 
 639      30333033 
 640 013b 616E6368 		.ascii	"anch revision 221220] -mcpu=cortex-m0 -mthumb -g -O"
 640      20726576 
 640      6973696F 
 640      6E203232 
 640      31323230 
 641 016e 67202D66 		.ascii	"g -ffunction-sections -ffat-lto-objects\000"
 641      66756E63 
 641      74696F6E 
 641      2D736563 
 641      74696F6E 
 642              	.LASF2:
ARM GAS  C:\Users\Jarik\AppData\Local\Temp\ccQkjO9t.s 			page 16


 643 0196 73686F72 		.ascii	"short int\000"
 643      7420696E 
 643      7400
 644              	.LASF9:
 645 01a0 75696E74 		.ascii	"uint8\000"
 645      3800
 646              	.LASF4:
 647 01a6 6C6F6E67 		.ascii	"long int\000"
 647      20696E74 
 647      00
 648              	.LASF26:
 649 01af 453A5C68 		.ascii	"E:\\home\\jarik\\src\\psoc\\mpi_rom_emu\\mpi_rom_em"
 649      6F6D655C 
 649      6A617269 
 649      6B5C7372 
 649      635C7073 
 650 01dc 752E6379 		.ascii	"u.cydsn\000"
 650      64736E00 
 651              	.LASF0:
 652 01e4 7369676E 		.ascii	"signed char\000"
 652      65642063 
 652      68617200 
 653              		.ident	"GCC: (GNU Tools for ARM Embedded Processors) 4.9.3 20150303 (release) [ARM/embedded-4_9-br
