ARM GAS  C:\Users\Jarik\AppData\Local\Temp\cc9r3bjc.s 			page 1


   1              		.cpu cortex-m0
   2              		.fpu softvfp
   3              		.eabi_attribute 20, 1
   4              		.eabi_attribute 21, 1
   5              		.eabi_attribute 23, 3
   6              		.eabi_attribute 24, 1
   7              		.eabi_attribute 25, 1
   8              		.eabi_attribute 26, 1
   9              		.eabi_attribute 30, 1
  10              		.eabi_attribute 34, 0
  11              		.eabi_attribute 18, 4
  12              		.code	16
  13              		.file	"SPI_1_SPI_UART.c"
  14              		.text
  15              	.Ltext0:
  16              		.cfi_sections	.debug_frame
  17              		.section	.text.SPI_1_SpiUartReadRxData,"ax",%progbits
  18              		.align	2
  19              		.global	SPI_1_SpiUartReadRxData
  20              		.code	16
  21              		.thumb_func
  22              		.type	SPI_1_SpiUartReadRxData, %function
  23              	SPI_1_SpiUartReadRxData:
  24              	.LFB0:
  25              		.file 1 ".\\Generated_Source\\PSoC4\\SPI_1_SPI_UART.c"
   1:.\Generated_Source\PSoC4/SPI_1_SPI_UART.c **** /*******************************************************************************
   2:.\Generated_Source\PSoC4/SPI_1_SPI_UART.c **** * File Name: SPI_1_SPI_UART.c
   3:.\Generated_Source\PSoC4/SPI_1_SPI_UART.c **** * Version 2.0
   4:.\Generated_Source\PSoC4/SPI_1_SPI_UART.c **** *
   5:.\Generated_Source\PSoC4/SPI_1_SPI_UART.c **** * Description:
   6:.\Generated_Source\PSoC4/SPI_1_SPI_UART.c **** *  This file provides the source code to the API for the SCB Component in
   7:.\Generated_Source\PSoC4/SPI_1_SPI_UART.c **** *  SPI and UART modes.
   8:.\Generated_Source\PSoC4/SPI_1_SPI_UART.c **** *
   9:.\Generated_Source\PSoC4/SPI_1_SPI_UART.c **** * Note:
  10:.\Generated_Source\PSoC4/SPI_1_SPI_UART.c **** *
  11:.\Generated_Source\PSoC4/SPI_1_SPI_UART.c **** *******************************************************************************
  12:.\Generated_Source\PSoC4/SPI_1_SPI_UART.c **** * Copyright 2013-2014, Cypress Semiconductor Corporation.  All rights reserved.
  13:.\Generated_Source\PSoC4/SPI_1_SPI_UART.c **** * You may use this file only in accordance with the license, terms, conditions,
  14:.\Generated_Source\PSoC4/SPI_1_SPI_UART.c **** * disclaimers, and limitations in the end user license agreement accompanying
  15:.\Generated_Source\PSoC4/SPI_1_SPI_UART.c **** * the software package with which this file was provided.
  16:.\Generated_Source\PSoC4/SPI_1_SPI_UART.c **** *******************************************************************************/
  17:.\Generated_Source\PSoC4/SPI_1_SPI_UART.c **** 
  18:.\Generated_Source\PSoC4/SPI_1_SPI_UART.c **** #include "SPI_1_PVT.h"
  19:.\Generated_Source\PSoC4/SPI_1_SPI_UART.c **** #include "SPI_1_SPI_UART_PVT.h"
  20:.\Generated_Source\PSoC4/SPI_1_SPI_UART.c **** 
  21:.\Generated_Source\PSoC4/SPI_1_SPI_UART.c **** /***************************************
  22:.\Generated_Source\PSoC4/SPI_1_SPI_UART.c **** *        SPI/UART Private Vars
  23:.\Generated_Source\PSoC4/SPI_1_SPI_UART.c **** ***************************************/
  24:.\Generated_Source\PSoC4/SPI_1_SPI_UART.c **** 
  25:.\Generated_Source\PSoC4/SPI_1_SPI_UART.c **** #if(SPI_1_INTERNAL_RX_SW_BUFFER_CONST)
  26:.\Generated_Source\PSoC4/SPI_1_SPI_UART.c ****     volatile uint32 SPI_1_rxBufferHead;
  27:.\Generated_Source\PSoC4/SPI_1_SPI_UART.c ****     volatile uint32 SPI_1_rxBufferTail;
  28:.\Generated_Source\PSoC4/SPI_1_SPI_UART.c ****     volatile uint8  SPI_1_rxBufferOverflow;
  29:.\Generated_Source\PSoC4/SPI_1_SPI_UART.c **** #endif /* (SPI_1_INTERNAL_RX_SW_BUFFER_CONST) */
  30:.\Generated_Source\PSoC4/SPI_1_SPI_UART.c **** 
  31:.\Generated_Source\PSoC4/SPI_1_SPI_UART.c **** #if(SPI_1_INTERNAL_TX_SW_BUFFER_CONST)
  32:.\Generated_Source\PSoC4/SPI_1_SPI_UART.c ****     volatile uint32 SPI_1_txBufferHead;
ARM GAS  C:\Users\Jarik\AppData\Local\Temp\cc9r3bjc.s 			page 2


  33:.\Generated_Source\PSoC4/SPI_1_SPI_UART.c ****     volatile uint32 SPI_1_txBufferTail;
  34:.\Generated_Source\PSoC4/SPI_1_SPI_UART.c **** #endif /* (SPI_1_INTERNAL_TX_SW_BUFFER_CONST) */
  35:.\Generated_Source\PSoC4/SPI_1_SPI_UART.c **** 
  36:.\Generated_Source\PSoC4/SPI_1_SPI_UART.c **** #if(SPI_1_INTERNAL_RX_SW_BUFFER)
  37:.\Generated_Source\PSoC4/SPI_1_SPI_UART.c ****     /* Add one element to the buffer to receive full packet. One byte in receive buffer is always e
  38:.\Generated_Source\PSoC4/SPI_1_SPI_UART.c ****     volatile uint8 SPI_1_rxBufferInternal[SPI_1_RX_BUFFER_SIZE];
  39:.\Generated_Source\PSoC4/SPI_1_SPI_UART.c **** #endif /* (SPI_1_INTERNAL_RX_SW_BUFFER) */
  40:.\Generated_Source\PSoC4/SPI_1_SPI_UART.c **** 
  41:.\Generated_Source\PSoC4/SPI_1_SPI_UART.c **** #if(SPI_1_INTERNAL_TX_SW_BUFFER)
  42:.\Generated_Source\PSoC4/SPI_1_SPI_UART.c ****     volatile uint8 SPI_1_txBufferInternal[SPI_1_TX_BUFFER_SIZE];
  43:.\Generated_Source\PSoC4/SPI_1_SPI_UART.c **** #endif /* (SPI_1_INTERNAL_TX_SW_BUFFER) */
  44:.\Generated_Source\PSoC4/SPI_1_SPI_UART.c **** 
  45:.\Generated_Source\PSoC4/SPI_1_SPI_UART.c **** 
  46:.\Generated_Source\PSoC4/SPI_1_SPI_UART.c **** #if(SPI_1_RX_DIRECTION)
  47:.\Generated_Source\PSoC4/SPI_1_SPI_UART.c **** 
  48:.\Generated_Source\PSoC4/SPI_1_SPI_UART.c ****     /*******************************************************************************
  49:.\Generated_Source\PSoC4/SPI_1_SPI_UART.c ****     * Function Name: SPI_1_SpiUartReadRxData
  50:.\Generated_Source\PSoC4/SPI_1_SPI_UART.c ****     ********************************************************************************
  51:.\Generated_Source\PSoC4/SPI_1_SPI_UART.c ****     *
  52:.\Generated_Source\PSoC4/SPI_1_SPI_UART.c ****     * Summary:
  53:.\Generated_Source\PSoC4/SPI_1_SPI_UART.c ****     *  Retrieves the next data element from the receive buffer.
  54:.\Generated_Source\PSoC4/SPI_1_SPI_UART.c ****     *   - RX software buffer is disabled: Returns data element retrieved from
  55:.\Generated_Source\PSoC4/SPI_1_SPI_UART.c ****     *     RX FIFO. Undefined data will be returned if the RX FIFO is empty.
  56:.\Generated_Source\PSoC4/SPI_1_SPI_UART.c ****     *   - RX software buffer is enabled: Returns data element from the software
  57:.\Generated_Source\PSoC4/SPI_1_SPI_UART.c ****     *     receive buffer. Zero value is returned if the software receive buffer
  58:.\Generated_Source\PSoC4/SPI_1_SPI_UART.c ****     *     is empty.
  59:.\Generated_Source\PSoC4/SPI_1_SPI_UART.c ****     *
  60:.\Generated_Source\PSoC4/SPI_1_SPI_UART.c ****     * Parameters:
  61:.\Generated_Source\PSoC4/SPI_1_SPI_UART.c ****     *  None
  62:.\Generated_Source\PSoC4/SPI_1_SPI_UART.c ****     *
  63:.\Generated_Source\PSoC4/SPI_1_SPI_UART.c ****     * Return:
  64:.\Generated_Source\PSoC4/SPI_1_SPI_UART.c ****     *  Next data element from the receive buffer.
  65:.\Generated_Source\PSoC4/SPI_1_SPI_UART.c ****     *
  66:.\Generated_Source\PSoC4/SPI_1_SPI_UART.c ****     * Global Variables:
  67:.\Generated_Source\PSoC4/SPI_1_SPI_UART.c ****     *  Look into SPI_1_SpiInit for description.
  68:.\Generated_Source\PSoC4/SPI_1_SPI_UART.c ****     *
  69:.\Generated_Source\PSoC4/SPI_1_SPI_UART.c ****     *******************************************************************************/
  70:.\Generated_Source\PSoC4/SPI_1_SPI_UART.c ****     uint32 SPI_1_SpiUartReadRxData(void)
  71:.\Generated_Source\PSoC4/SPI_1_SPI_UART.c ****     {
  26              		.loc 1 71 0
  27              		.cfi_startproc
  28              	.LVL0:
  72:.\Generated_Source\PSoC4/SPI_1_SPI_UART.c ****         uint32 rxData = 0u;
  73:.\Generated_Source\PSoC4/SPI_1_SPI_UART.c **** 
  74:.\Generated_Source\PSoC4/SPI_1_SPI_UART.c ****         #if(SPI_1_INTERNAL_RX_SW_BUFFER_CONST)
  75:.\Generated_Source\PSoC4/SPI_1_SPI_UART.c ****             uint32 locTail;
  76:.\Generated_Source\PSoC4/SPI_1_SPI_UART.c ****         #endif /* (SPI_1_INTERNAL_RX_SW_BUFFER_CONST) */
  77:.\Generated_Source\PSoC4/SPI_1_SPI_UART.c **** 
  78:.\Generated_Source\PSoC4/SPI_1_SPI_UART.c ****         #if(SPI_1_CHECK_RX_SW_BUFFER)
  79:.\Generated_Source\PSoC4/SPI_1_SPI_UART.c ****         {
  80:.\Generated_Source\PSoC4/SPI_1_SPI_UART.c ****             if(SPI_1_rxBufferHead != SPI_1_rxBufferTail)
  81:.\Generated_Source\PSoC4/SPI_1_SPI_UART.c ****             {
  82:.\Generated_Source\PSoC4/SPI_1_SPI_UART.c ****                 /* There is data in RX software buffer */
  83:.\Generated_Source\PSoC4/SPI_1_SPI_UART.c **** 
  84:.\Generated_Source\PSoC4/SPI_1_SPI_UART.c ****                 /* Calculate index to read from */
  85:.\Generated_Source\PSoC4/SPI_1_SPI_UART.c ****                 locTail = (SPI_1_rxBufferTail + 1u);
  86:.\Generated_Source\PSoC4/SPI_1_SPI_UART.c **** 
ARM GAS  C:\Users\Jarik\AppData\Local\Temp\cc9r3bjc.s 			page 3


  87:.\Generated_Source\PSoC4/SPI_1_SPI_UART.c ****                 if(SPI_1_RX_BUFFER_SIZE == locTail)
  88:.\Generated_Source\PSoC4/SPI_1_SPI_UART.c ****                 {
  89:.\Generated_Source\PSoC4/SPI_1_SPI_UART.c ****                     locTail = 0u;
  90:.\Generated_Source\PSoC4/SPI_1_SPI_UART.c ****                 }
  91:.\Generated_Source\PSoC4/SPI_1_SPI_UART.c **** 
  92:.\Generated_Source\PSoC4/SPI_1_SPI_UART.c ****                 /* Get data from RX software buffer */
  93:.\Generated_Source\PSoC4/SPI_1_SPI_UART.c ****                 rxData = SPI_1_GetWordFromRxBuffer(locTail);
  94:.\Generated_Source\PSoC4/SPI_1_SPI_UART.c **** 
  95:.\Generated_Source\PSoC4/SPI_1_SPI_UART.c ****                 /* Change index in the buffer */
  96:.\Generated_Source\PSoC4/SPI_1_SPI_UART.c ****                 SPI_1_rxBufferTail = locTail;
  97:.\Generated_Source\PSoC4/SPI_1_SPI_UART.c ****             }
  98:.\Generated_Source\PSoC4/SPI_1_SPI_UART.c ****         }
  99:.\Generated_Source\PSoC4/SPI_1_SPI_UART.c ****         #else
 100:.\Generated_Source\PSoC4/SPI_1_SPI_UART.c ****         {
 101:.\Generated_Source\PSoC4/SPI_1_SPI_UART.c ****             rxData = SPI_1_RX_FIFO_RD_REG; /* Read data from RX FIFO */
  29              		.loc 1 101 0
  30 0000 014B     		ldr	r3, .L2
  31 0002 1868     		ldr	r0, [r3]
  32              	.LVL1:
 102:.\Generated_Source\PSoC4/SPI_1_SPI_UART.c ****         }
 103:.\Generated_Source\PSoC4/SPI_1_SPI_UART.c ****         #endif
 104:.\Generated_Source\PSoC4/SPI_1_SPI_UART.c **** 
 105:.\Generated_Source\PSoC4/SPI_1_SPI_UART.c ****         return(rxData);
 106:.\Generated_Source\PSoC4/SPI_1_SPI_UART.c ****     }
  33              		.loc 1 106 0
  34              		@ sp needed
  35 0004 7047     		bx	lr
  36              	.L3:
  37 0006 C046     		.align	2
  38              	.L2:
  39 0008 40030640 		.word	1074135872
  40              		.cfi_endproc
  41              	.LFE0:
  42              		.size	SPI_1_SpiUartReadRxData, .-SPI_1_SpiUartReadRxData
  43              		.section	.text.SPI_1_SpiUartGetRxBufferSize,"ax",%progbits
  44              		.align	2
  45              		.global	SPI_1_SpiUartGetRxBufferSize
  46              		.code	16
  47              		.thumb_func
  48              		.type	SPI_1_SpiUartGetRxBufferSize, %function
  49              	SPI_1_SpiUartGetRxBufferSize:
  50              	.LFB1:
 107:.\Generated_Source\PSoC4/SPI_1_SPI_UART.c **** 
 108:.\Generated_Source\PSoC4/SPI_1_SPI_UART.c **** 
 109:.\Generated_Source\PSoC4/SPI_1_SPI_UART.c ****     /*******************************************************************************
 110:.\Generated_Source\PSoC4/SPI_1_SPI_UART.c ****     * Function Name: SPI_1_SpiUartGetRxBufferSize
 111:.\Generated_Source\PSoC4/SPI_1_SPI_UART.c ****     ********************************************************************************
 112:.\Generated_Source\PSoC4/SPI_1_SPI_UART.c ****     *
 113:.\Generated_Source\PSoC4/SPI_1_SPI_UART.c ****     * Summary:
 114:.\Generated_Source\PSoC4/SPI_1_SPI_UART.c ****     *  Returns the number of received data elements in the receive buffer.
 115:.\Generated_Source\PSoC4/SPI_1_SPI_UART.c ****     *   - RX software buffer disabled: returns the number of used entries in
 116:.\Generated_Source\PSoC4/SPI_1_SPI_UART.c ****     *     RX FIFO.
 117:.\Generated_Source\PSoC4/SPI_1_SPI_UART.c ****     *   - RX software buffer enabled: returns the number of elements which were
 118:.\Generated_Source\PSoC4/SPI_1_SPI_UART.c ****     *     placed in the receive buffer. This does not include the hardware RX FIFO.
 119:.\Generated_Source\PSoC4/SPI_1_SPI_UART.c ****     *
 120:.\Generated_Source\PSoC4/SPI_1_SPI_UART.c ****     * Parameters:
 121:.\Generated_Source\PSoC4/SPI_1_SPI_UART.c ****     *  None
ARM GAS  C:\Users\Jarik\AppData\Local\Temp\cc9r3bjc.s 			page 4


 122:.\Generated_Source\PSoC4/SPI_1_SPI_UART.c ****     *
 123:.\Generated_Source\PSoC4/SPI_1_SPI_UART.c ****     * Return:
 124:.\Generated_Source\PSoC4/SPI_1_SPI_UART.c ****     *  Number of received data elements
 125:.\Generated_Source\PSoC4/SPI_1_SPI_UART.c ****     *
 126:.\Generated_Source\PSoC4/SPI_1_SPI_UART.c ****     *******************************************************************************/
 127:.\Generated_Source\PSoC4/SPI_1_SPI_UART.c ****     uint32 SPI_1_SpiUartGetRxBufferSize(void)
 128:.\Generated_Source\PSoC4/SPI_1_SPI_UART.c ****     {
  51              		.loc 1 128 0
  52              		.cfi_startproc
 129:.\Generated_Source\PSoC4/SPI_1_SPI_UART.c ****         uint32 size;
 130:.\Generated_Source\PSoC4/SPI_1_SPI_UART.c ****         #if(SPI_1_INTERNAL_RX_SW_BUFFER_CONST)
 131:.\Generated_Source\PSoC4/SPI_1_SPI_UART.c ****             uint32 locHead;
 132:.\Generated_Source\PSoC4/SPI_1_SPI_UART.c ****         #endif /* (SPI_1_INTERNAL_RX_SW_BUFFER_CONST) */
 133:.\Generated_Source\PSoC4/SPI_1_SPI_UART.c **** 
 134:.\Generated_Source\PSoC4/SPI_1_SPI_UART.c ****         #if(SPI_1_CHECK_RX_SW_BUFFER)
 135:.\Generated_Source\PSoC4/SPI_1_SPI_UART.c ****         {
 136:.\Generated_Source\PSoC4/SPI_1_SPI_UART.c ****             locHead = SPI_1_rxBufferHead;
 137:.\Generated_Source\PSoC4/SPI_1_SPI_UART.c **** 
 138:.\Generated_Source\PSoC4/SPI_1_SPI_UART.c ****             if(locHead >= SPI_1_rxBufferTail)
 139:.\Generated_Source\PSoC4/SPI_1_SPI_UART.c ****             {
 140:.\Generated_Source\PSoC4/SPI_1_SPI_UART.c ****                 size = (locHead - SPI_1_rxBufferTail);
 141:.\Generated_Source\PSoC4/SPI_1_SPI_UART.c ****             }
 142:.\Generated_Source\PSoC4/SPI_1_SPI_UART.c ****             else
 143:.\Generated_Source\PSoC4/SPI_1_SPI_UART.c ****             {
 144:.\Generated_Source\PSoC4/SPI_1_SPI_UART.c ****                 size = (locHead + (SPI_1_RX_BUFFER_SIZE - SPI_1_rxBufferTail));
 145:.\Generated_Source\PSoC4/SPI_1_SPI_UART.c ****             }
 146:.\Generated_Source\PSoC4/SPI_1_SPI_UART.c ****         }
 147:.\Generated_Source\PSoC4/SPI_1_SPI_UART.c ****         #else
 148:.\Generated_Source\PSoC4/SPI_1_SPI_UART.c ****         {
 149:.\Generated_Source\PSoC4/SPI_1_SPI_UART.c ****             size = SPI_1_GET_RX_FIFO_ENTRIES;
  53              		.loc 1 149 0
  54 0000 024B     		ldr	r3, .L5
  55 0002 1B68     		ldr	r3, [r3]
  56 0004 0F20     		mov	r0, #15
  57 0006 1840     		and	r0, r3
  58              	.LVL2:
 150:.\Generated_Source\PSoC4/SPI_1_SPI_UART.c ****         }
 151:.\Generated_Source\PSoC4/SPI_1_SPI_UART.c ****         #endif
 152:.\Generated_Source\PSoC4/SPI_1_SPI_UART.c **** 
 153:.\Generated_Source\PSoC4/SPI_1_SPI_UART.c ****         return(size);
 154:.\Generated_Source\PSoC4/SPI_1_SPI_UART.c ****     }
  59              		.loc 1 154 0
  60              		@ sp needed
  61 0008 7047     		bx	lr
  62              	.L6:
  63 000a C046     		.align	2
  64              	.L5:
  65 000c 08030640 		.word	1074135816
  66              		.cfi_endproc
  67              	.LFE1:
  68              		.size	SPI_1_SpiUartGetRxBufferSize, .-SPI_1_SpiUartGetRxBufferSize
  69              		.section	.text.SPI_1_SpiUartClearRxBuffer,"ax",%progbits
  70              		.align	2
  71              		.global	SPI_1_SpiUartClearRxBuffer
  72              		.code	16
  73              		.thumb_func
  74              		.type	SPI_1_SpiUartClearRxBuffer, %function
ARM GAS  C:\Users\Jarik\AppData\Local\Temp\cc9r3bjc.s 			page 5


  75              	SPI_1_SpiUartClearRxBuffer:
  76              	.LFB2:
 155:.\Generated_Source\PSoC4/SPI_1_SPI_UART.c **** 
 156:.\Generated_Source\PSoC4/SPI_1_SPI_UART.c **** 
 157:.\Generated_Source\PSoC4/SPI_1_SPI_UART.c ****     /*******************************************************************************
 158:.\Generated_Source\PSoC4/SPI_1_SPI_UART.c ****     * Function Name: SPI_1_SpiUartClearRxBuffer
 159:.\Generated_Source\PSoC4/SPI_1_SPI_UART.c ****     ********************************************************************************
 160:.\Generated_Source\PSoC4/SPI_1_SPI_UART.c ****     *
 161:.\Generated_Source\PSoC4/SPI_1_SPI_UART.c ****     * Summary:
 162:.\Generated_Source\PSoC4/SPI_1_SPI_UART.c ****     *  Clears the receive buffer and RX FIFO.
 163:.\Generated_Source\PSoC4/SPI_1_SPI_UART.c ****     *
 164:.\Generated_Source\PSoC4/SPI_1_SPI_UART.c ****     * Parameters:
 165:.\Generated_Source\PSoC4/SPI_1_SPI_UART.c ****     *  None
 166:.\Generated_Source\PSoC4/SPI_1_SPI_UART.c ****     *
 167:.\Generated_Source\PSoC4/SPI_1_SPI_UART.c ****     * Return:
 168:.\Generated_Source\PSoC4/SPI_1_SPI_UART.c ****     *  None
 169:.\Generated_Source\PSoC4/SPI_1_SPI_UART.c ****     *
 170:.\Generated_Source\PSoC4/SPI_1_SPI_UART.c ****     *******************************************************************************/
 171:.\Generated_Source\PSoC4/SPI_1_SPI_UART.c ****     void SPI_1_SpiUartClearRxBuffer(void)
 172:.\Generated_Source\PSoC4/SPI_1_SPI_UART.c ****     {
  77              		.loc 1 172 0
  78              		.cfi_startproc
 173:.\Generated_Source\PSoC4/SPI_1_SPI_UART.c ****         #if(SPI_1_INTERNAL_RX_SW_BUFFER_CONST)
 174:.\Generated_Source\PSoC4/SPI_1_SPI_UART.c ****             uint32 intSourceMask;
 175:.\Generated_Source\PSoC4/SPI_1_SPI_UART.c ****         #endif /* (SPI_1_INTERNAL_RX_SW_BUFFER_CONST) */
 176:.\Generated_Source\PSoC4/SPI_1_SPI_UART.c **** 
 177:.\Generated_Source\PSoC4/SPI_1_SPI_UART.c ****         #if(SPI_1_CHECK_RX_SW_BUFFER)
 178:.\Generated_Source\PSoC4/SPI_1_SPI_UART.c ****         {
 179:.\Generated_Source\PSoC4/SPI_1_SPI_UART.c ****             intSourceMask = SPI_1_SpiUartDisableIntRx();
 180:.\Generated_Source\PSoC4/SPI_1_SPI_UART.c **** 
 181:.\Generated_Source\PSoC4/SPI_1_SPI_UART.c ****             SPI_1_CLEAR_RX_FIFO;
 182:.\Generated_Source\PSoC4/SPI_1_SPI_UART.c **** 
 183:.\Generated_Source\PSoC4/SPI_1_SPI_UART.c ****             /* Flush RX software buffer */
 184:.\Generated_Source\PSoC4/SPI_1_SPI_UART.c ****             SPI_1_rxBufferHead     = SPI_1_rxBufferTail;
 185:.\Generated_Source\PSoC4/SPI_1_SPI_UART.c ****             SPI_1_rxBufferOverflow = 0u;
 186:.\Generated_Source\PSoC4/SPI_1_SPI_UART.c **** 
 187:.\Generated_Source\PSoC4/SPI_1_SPI_UART.c ****             /* End RX transfer */
 188:.\Generated_Source\PSoC4/SPI_1_SPI_UART.c ****             SPI_1_ClearRxInterruptSource(SPI_1_INTR_RX_ALL);
 189:.\Generated_Source\PSoC4/SPI_1_SPI_UART.c **** 
 190:.\Generated_Source\PSoC4/SPI_1_SPI_UART.c ****             SPI_1_SpiUartEnableIntRx(intSourceMask);
 191:.\Generated_Source\PSoC4/SPI_1_SPI_UART.c ****         }
 192:.\Generated_Source\PSoC4/SPI_1_SPI_UART.c ****         #else
 193:.\Generated_Source\PSoC4/SPI_1_SPI_UART.c ****         {
 194:.\Generated_Source\PSoC4/SPI_1_SPI_UART.c ****             SPI_1_CLEAR_RX_FIFO;
  79              		.loc 1 194 0
  80 0000 054B     		ldr	r3, .L8
  81 0002 1A68     		ldr	r2, [r3]
  82 0004 8021     		mov	r1, #128
  83 0006 4902     		lsl	r1, r1, #9
  84 0008 0A43     		orr	r2, r1
  85 000a 1A60     		str	r2, [r3]
  86 000c 1968     		ldr	r1, [r3]
  87 000e 034A     		ldr	r2, .L8+4
  88 0010 0A40     		and	r2, r1
  89 0012 1A60     		str	r2, [r3]
 195:.\Generated_Source\PSoC4/SPI_1_SPI_UART.c ****         }
 196:.\Generated_Source\PSoC4/SPI_1_SPI_UART.c ****         #endif
ARM GAS  C:\Users\Jarik\AppData\Local\Temp\cc9r3bjc.s 			page 6


 197:.\Generated_Source\PSoC4/SPI_1_SPI_UART.c ****     }
  90              		.loc 1 197 0
  91              		@ sp needed
  92 0014 7047     		bx	lr
  93              	.L9:
  94 0016 C046     		.align	2
  95              	.L8:
  96 0018 04030640 		.word	1074135812
  97 001c FFFFFEFF 		.word	-65537
  98              		.cfi_endproc
  99              	.LFE2:
 100              		.size	SPI_1_SpiUartClearRxBuffer, .-SPI_1_SpiUartClearRxBuffer
 101              		.section	.text.SPI_1_SpiUartWriteTxData,"ax",%progbits
 102              		.align	2
 103              		.global	SPI_1_SpiUartWriteTxData
 104              		.code	16
 105              		.thumb_func
 106              		.type	SPI_1_SpiUartWriteTxData, %function
 107              	SPI_1_SpiUartWriteTxData:
 108              	.LFB3:
 198:.\Generated_Source\PSoC4/SPI_1_SPI_UART.c **** 
 199:.\Generated_Source\PSoC4/SPI_1_SPI_UART.c **** #endif /* (SPI_1_RX_DIRECTION) */
 200:.\Generated_Source\PSoC4/SPI_1_SPI_UART.c **** 
 201:.\Generated_Source\PSoC4/SPI_1_SPI_UART.c **** 
 202:.\Generated_Source\PSoC4/SPI_1_SPI_UART.c **** #if(SPI_1_TX_DIRECTION)
 203:.\Generated_Source\PSoC4/SPI_1_SPI_UART.c **** 
 204:.\Generated_Source\PSoC4/SPI_1_SPI_UART.c ****     /*******************************************************************************
 205:.\Generated_Source\PSoC4/SPI_1_SPI_UART.c ****     * Function Name: SPI_1_SpiUartWriteTxData
 206:.\Generated_Source\PSoC4/SPI_1_SPI_UART.c ****     ********************************************************************************
 207:.\Generated_Source\PSoC4/SPI_1_SPI_UART.c ****     *
 208:.\Generated_Source\PSoC4/SPI_1_SPI_UART.c ****     * Summary:
 209:.\Generated_Source\PSoC4/SPI_1_SPI_UART.c ****     *  Places a data entry into the transmit buffer to be sent at the next available
 210:.\Generated_Source\PSoC4/SPI_1_SPI_UART.c ****     *  bus time.
 211:.\Generated_Source\PSoC4/SPI_1_SPI_UART.c ****     *  This function is blocking and waits until there is space available to put the
 212:.\Generated_Source\PSoC4/SPI_1_SPI_UART.c ****     *  requested data in the transmit buffer.
 213:.\Generated_Source\PSoC4/SPI_1_SPI_UART.c ****     *
 214:.\Generated_Source\PSoC4/SPI_1_SPI_UART.c ****     * Parameters:
 215:.\Generated_Source\PSoC4/SPI_1_SPI_UART.c ****     *  txDataByte: the data to be transmitted.
 216:.\Generated_Source\PSoC4/SPI_1_SPI_UART.c ****     *
 217:.\Generated_Source\PSoC4/SPI_1_SPI_UART.c ****     * Return:
 218:.\Generated_Source\PSoC4/SPI_1_SPI_UART.c ****     *  None
 219:.\Generated_Source\PSoC4/SPI_1_SPI_UART.c ****     *
 220:.\Generated_Source\PSoC4/SPI_1_SPI_UART.c ****     *******************************************************************************/
 221:.\Generated_Source\PSoC4/SPI_1_SPI_UART.c ****     void SPI_1_SpiUartWriteTxData(uint32 txData)
 222:.\Generated_Source\PSoC4/SPI_1_SPI_UART.c ****     {
 109              		.loc 1 222 0
 110              		.cfi_startproc
 111              	.LVL3:
 112              	.L11:
 223:.\Generated_Source\PSoC4/SPI_1_SPI_UART.c ****         #if(SPI_1_INTERNAL_TX_SW_BUFFER_CONST)
 224:.\Generated_Source\PSoC4/SPI_1_SPI_UART.c ****             uint32 locHead;
 225:.\Generated_Source\PSoC4/SPI_1_SPI_UART.c ****             uint32 intSourceMask;
 226:.\Generated_Source\PSoC4/SPI_1_SPI_UART.c ****         #endif /* (SPI_1_INTERNAL_TX_SW_BUFFER_CONST) */
 227:.\Generated_Source\PSoC4/SPI_1_SPI_UART.c **** 
 228:.\Generated_Source\PSoC4/SPI_1_SPI_UART.c ****         #if(SPI_1_CHECK_TX_SW_BUFFER)
 229:.\Generated_Source\PSoC4/SPI_1_SPI_UART.c ****         {
 230:.\Generated_Source\PSoC4/SPI_1_SPI_UART.c ****             /* Head index to put data */
ARM GAS  C:\Users\Jarik\AppData\Local\Temp\cc9r3bjc.s 			page 7


 231:.\Generated_Source\PSoC4/SPI_1_SPI_UART.c ****             locHead = (SPI_1_txBufferHead + 1u);
 232:.\Generated_Source\PSoC4/SPI_1_SPI_UART.c **** 
 233:.\Generated_Source\PSoC4/SPI_1_SPI_UART.c ****             /* Adjust TX software buffer index */
 234:.\Generated_Source\PSoC4/SPI_1_SPI_UART.c ****             if(SPI_1_TX_BUFFER_SIZE == locHead)
 235:.\Generated_Source\PSoC4/SPI_1_SPI_UART.c ****             {
 236:.\Generated_Source\PSoC4/SPI_1_SPI_UART.c ****                 locHead = 0u;
 237:.\Generated_Source\PSoC4/SPI_1_SPI_UART.c ****             }
 238:.\Generated_Source\PSoC4/SPI_1_SPI_UART.c **** 
 239:.\Generated_Source\PSoC4/SPI_1_SPI_UART.c ****             while(locHead == SPI_1_txBufferTail)
 240:.\Generated_Source\PSoC4/SPI_1_SPI_UART.c ****             {
 241:.\Generated_Source\PSoC4/SPI_1_SPI_UART.c ****                 /* Wait for space in TX software buffer */
 242:.\Generated_Source\PSoC4/SPI_1_SPI_UART.c ****             }
 243:.\Generated_Source\PSoC4/SPI_1_SPI_UART.c **** 
 244:.\Generated_Source\PSoC4/SPI_1_SPI_UART.c ****             /* TX software buffer has at least one room */
 245:.\Generated_Source\PSoC4/SPI_1_SPI_UART.c **** 
 246:.\Generated_Source\PSoC4/SPI_1_SPI_UART.c ****             if((SPI_1_txBufferHead == SPI_1_txBufferTail) &&
 247:.\Generated_Source\PSoC4/SPI_1_SPI_UART.c ****                (SPI_1_SPI_UART_FIFO_SIZE != SPI_1_GET_TX_FIFO_ENTRIES))
 248:.\Generated_Source\PSoC4/SPI_1_SPI_UART.c ****             {
 249:.\Generated_Source\PSoC4/SPI_1_SPI_UART.c ****                 /* TX software buffer is empty: put data directly in TX FIFO */
 250:.\Generated_Source\PSoC4/SPI_1_SPI_UART.c ****                 SPI_1_TX_FIFO_WR_REG = txData;
 251:.\Generated_Source\PSoC4/SPI_1_SPI_UART.c ****             }
 252:.\Generated_Source\PSoC4/SPI_1_SPI_UART.c ****             /* Put data in TX software buffer */
 253:.\Generated_Source\PSoC4/SPI_1_SPI_UART.c ****             else
 254:.\Generated_Source\PSoC4/SPI_1_SPI_UART.c ****             {
 255:.\Generated_Source\PSoC4/SPI_1_SPI_UART.c ****                 /* Clear old status of INTR_TX_NOT_FULL. It sets at the end of transfer when TX FIF
 256:.\Generated_Source\PSoC4/SPI_1_SPI_UART.c ****                 SPI_1_ClearTxInterruptSource(SPI_1_INTR_TX_NOT_FULL);
 257:.\Generated_Source\PSoC4/SPI_1_SPI_UART.c **** 
 258:.\Generated_Source\PSoC4/SPI_1_SPI_UART.c ****                 SPI_1_PutWordInTxBuffer(locHead, txData);
 259:.\Generated_Source\PSoC4/SPI_1_SPI_UART.c **** 
 260:.\Generated_Source\PSoC4/SPI_1_SPI_UART.c ****                 SPI_1_txBufferHead = locHead;
 261:.\Generated_Source\PSoC4/SPI_1_SPI_UART.c **** 
 262:.\Generated_Source\PSoC4/SPI_1_SPI_UART.c ****                 /* Enable interrupt to transmit */
 263:.\Generated_Source\PSoC4/SPI_1_SPI_UART.c ****                 intSourceMask  = SPI_1_INTR_TX_NOT_FULL;
 264:.\Generated_Source\PSoC4/SPI_1_SPI_UART.c ****                 intSourceMask |= SPI_1_GetTxInterruptMode();
 265:.\Generated_Source\PSoC4/SPI_1_SPI_UART.c ****                 SPI_1_SpiUartEnableIntTx(intSourceMask);
 266:.\Generated_Source\PSoC4/SPI_1_SPI_UART.c ****             }
 267:.\Generated_Source\PSoC4/SPI_1_SPI_UART.c ****         }
 268:.\Generated_Source\PSoC4/SPI_1_SPI_UART.c ****         #else
 269:.\Generated_Source\PSoC4/SPI_1_SPI_UART.c ****         {
 270:.\Generated_Source\PSoC4/SPI_1_SPI_UART.c ****             while(SPI_1_SPI_UART_FIFO_SIZE == SPI_1_GET_TX_FIFO_ENTRIES)
 113              		.loc 1 270 0 discriminator 1
 114 0000 044B     		ldr	r3, .L12
 115 0002 1B68     		ldr	r3, [r3]
 116 0004 0F22     		mov	r2, #15
 117 0006 1340     		and	r3, r2
 118 0008 082B     		cmp	r3, #8
 119 000a F9D0     		beq	.L11
 271:.\Generated_Source\PSoC4/SPI_1_SPI_UART.c ****             {
 272:.\Generated_Source\PSoC4/SPI_1_SPI_UART.c ****                 /* Block while TX FIFO is FULL */
 273:.\Generated_Source\PSoC4/SPI_1_SPI_UART.c ****             }
 274:.\Generated_Source\PSoC4/SPI_1_SPI_UART.c **** 
 275:.\Generated_Source\PSoC4/SPI_1_SPI_UART.c ****             SPI_1_TX_FIFO_WR_REG = txData;
 120              		.loc 1 275 0
 121 000c 024B     		ldr	r3, .L12+4
 122 000e 1860     		str	r0, [r3]
 276:.\Generated_Source\PSoC4/SPI_1_SPI_UART.c ****         }
 277:.\Generated_Source\PSoC4/SPI_1_SPI_UART.c ****         #endif
ARM GAS  C:\Users\Jarik\AppData\Local\Temp\cc9r3bjc.s 			page 8


 278:.\Generated_Source\PSoC4/SPI_1_SPI_UART.c ****     }
 123              		.loc 1 278 0
 124              		@ sp needed
 125 0010 7047     		bx	lr
 126              	.L13:
 127 0012 C046     		.align	2
 128              	.L12:
 129 0014 08020640 		.word	1074135560
 130 0018 40020640 		.word	1074135616
 131              		.cfi_endproc
 132              	.LFE3:
 133              		.size	SPI_1_SpiUartWriteTxData, .-SPI_1_SpiUartWriteTxData
 134              		.section	.text.SPI_1_SpiUartPutArray,"ax",%progbits
 135              		.align	2
 136              		.global	SPI_1_SpiUartPutArray
 137              		.code	16
 138              		.thumb_func
 139              		.type	SPI_1_SpiUartPutArray, %function
 140              	SPI_1_SpiUartPutArray:
 141              	.LFB4:
 279:.\Generated_Source\PSoC4/SPI_1_SPI_UART.c **** 
 280:.\Generated_Source\PSoC4/SPI_1_SPI_UART.c **** 
 281:.\Generated_Source\PSoC4/SPI_1_SPI_UART.c ****     /*******************************************************************************
 282:.\Generated_Source\PSoC4/SPI_1_SPI_UART.c ****     * Function Name: SPI_1_SpiUartPutArray
 283:.\Generated_Source\PSoC4/SPI_1_SPI_UART.c ****     ********************************************************************************
 284:.\Generated_Source\PSoC4/SPI_1_SPI_UART.c ****     *
 285:.\Generated_Source\PSoC4/SPI_1_SPI_UART.c ****     * Summary:
 286:.\Generated_Source\PSoC4/SPI_1_SPI_UART.c ****     *  Places an array of data into the transmit buffer to be sent.
 287:.\Generated_Source\PSoC4/SPI_1_SPI_UART.c ****     *  This function is blocking and waits until there is a space available to put
 288:.\Generated_Source\PSoC4/SPI_1_SPI_UART.c ****     *  all the requested data in the transmit buffer. The array size can be greater
 289:.\Generated_Source\PSoC4/SPI_1_SPI_UART.c ****     *  than transmit buffer size.
 290:.\Generated_Source\PSoC4/SPI_1_SPI_UART.c ****     *
 291:.\Generated_Source\PSoC4/SPI_1_SPI_UART.c ****     * Parameters:
 292:.\Generated_Source\PSoC4/SPI_1_SPI_UART.c ****     *  wrBuf:  pointer to an array with data to be placed in transmit buffer.
 293:.\Generated_Source\PSoC4/SPI_1_SPI_UART.c ****     *  count:  number of data elements to be placed in the transmit buffer.
 294:.\Generated_Source\PSoC4/SPI_1_SPI_UART.c ****     *
 295:.\Generated_Source\PSoC4/SPI_1_SPI_UART.c ****     * Return:
 296:.\Generated_Source\PSoC4/SPI_1_SPI_UART.c ****     *  None
 297:.\Generated_Source\PSoC4/SPI_1_SPI_UART.c ****     *
 298:.\Generated_Source\PSoC4/SPI_1_SPI_UART.c ****     *******************************************************************************/
 299:.\Generated_Source\PSoC4/SPI_1_SPI_UART.c ****     void SPI_1_SpiUartPutArray(const uint8 wrBuf[], uint32 count)
 300:.\Generated_Source\PSoC4/SPI_1_SPI_UART.c ****     {
 142              		.loc 1 300 0
 143              		.cfi_startproc
 144              	.LVL4:
 145 0000 70B5     		push	{r4, r5, r6, lr}
 146              		.cfi_def_cfa_offset 16
 147              		.cfi_offset 4, -16
 148              		.cfi_offset 5, -12
 149              		.cfi_offset 6, -8
 150              		.cfi_offset 14, -4
 151 0002 061C     		mov	r6, r0
 152 0004 0D1C     		mov	r5, r1
 153              	.LVL5:
 301:.\Generated_Source\PSoC4/SPI_1_SPI_UART.c ****         uint32 i;
 302:.\Generated_Source\PSoC4/SPI_1_SPI_UART.c **** 
 303:.\Generated_Source\PSoC4/SPI_1_SPI_UART.c ****         for(i=0u; i < count; i++)
ARM GAS  C:\Users\Jarik\AppData\Local\Temp\cc9r3bjc.s 			page 9


 154              		.loc 1 303 0
 155 0006 0024     		mov	r4, #0
 156 0008 03E0     		b	.L15
 157              	.LVL6:
 158              	.L16:
 304:.\Generated_Source\PSoC4/SPI_1_SPI_UART.c ****         {
 305:.\Generated_Source\PSoC4/SPI_1_SPI_UART.c ****             SPI_1_SpiUartWriteTxData((uint32) wrBuf[i]);
 159              		.loc 1 305 0 discriminator 3
 160 000a 305D     		ldrb	r0, [r6, r4]
 161 000c FFF7FEFF 		bl	SPI_1_SpiUartWriteTxData
 162              	.LVL7:
 303:.\Generated_Source\PSoC4/SPI_1_SPI_UART.c ****         {
 163              		.loc 1 303 0 discriminator 3
 164 0010 0134     		add	r4, r4, #1
 165              	.LVL8:
 166              	.L15:
 303:.\Generated_Source\PSoC4/SPI_1_SPI_UART.c ****         {
 167              		.loc 1 303 0 is_stmt 0 discriminator 1
 168 0012 AC42     		cmp	r4, r5
 169 0014 F9D3     		bcc	.L16
 306:.\Generated_Source\PSoC4/SPI_1_SPI_UART.c ****         }
 307:.\Generated_Source\PSoC4/SPI_1_SPI_UART.c ****     }
 170              		.loc 1 307 0 is_stmt 1
 171              		@ sp needed
 172              	.LVL9:
 173              	.LVL10:
 174              	.LVL11:
 175 0016 70BD     		pop	{r4, r5, r6, pc}
 176              		.cfi_endproc
 177              	.LFE4:
 178              		.size	SPI_1_SpiUartPutArray, .-SPI_1_SpiUartPutArray
 179              		.section	.text.SPI_1_SpiUartGetTxBufferSize,"ax",%progbits
 180              		.align	2
 181              		.global	SPI_1_SpiUartGetTxBufferSize
 182              		.code	16
 183              		.thumb_func
 184              		.type	SPI_1_SpiUartGetTxBufferSize, %function
 185              	SPI_1_SpiUartGetTxBufferSize:
 186              	.LFB5:
 308:.\Generated_Source\PSoC4/SPI_1_SPI_UART.c **** 
 309:.\Generated_Source\PSoC4/SPI_1_SPI_UART.c **** 
 310:.\Generated_Source\PSoC4/SPI_1_SPI_UART.c ****     /*******************************************************************************
 311:.\Generated_Source\PSoC4/SPI_1_SPI_UART.c ****     * Function Name: SPI_1_SpiUartGetTxBufferSize
 312:.\Generated_Source\PSoC4/SPI_1_SPI_UART.c ****     ********************************************************************************
 313:.\Generated_Source\PSoC4/SPI_1_SPI_UART.c ****     *
 314:.\Generated_Source\PSoC4/SPI_1_SPI_UART.c ****     * Summary:
 315:.\Generated_Source\PSoC4/SPI_1_SPI_UART.c ****     * Returns the number of elements currently in the transmit buffer.
 316:.\Generated_Source\PSoC4/SPI_1_SPI_UART.c ****     *  - TX software buffer is disabled: returns the number of used entries in
 317:.\Generated_Source\PSoC4/SPI_1_SPI_UART.c ****     *    TX FIFO.
 318:.\Generated_Source\PSoC4/SPI_1_SPI_UART.c ****     *  - TX software buffer is enabled: returns the number of elements currently
 319:.\Generated_Source\PSoC4/SPI_1_SPI_UART.c ****     *    used in the transmit buffer. This number does not include used entries in
 320:.\Generated_Source\PSoC4/SPI_1_SPI_UART.c ****     *    the TX FIFO. The transmit buffer size is zero until the TX FIFO is
 321:.\Generated_Source\PSoC4/SPI_1_SPI_UART.c ****     *    not full.
 322:.\Generated_Source\PSoC4/SPI_1_SPI_UART.c ****     *
 323:.\Generated_Source\PSoC4/SPI_1_SPI_UART.c ****     * Parameters:
 324:.\Generated_Source\PSoC4/SPI_1_SPI_UART.c ****     *  None
 325:.\Generated_Source\PSoC4/SPI_1_SPI_UART.c ****     *
ARM GAS  C:\Users\Jarik\AppData\Local\Temp\cc9r3bjc.s 			page 10


 326:.\Generated_Source\PSoC4/SPI_1_SPI_UART.c ****     * Return:
 327:.\Generated_Source\PSoC4/SPI_1_SPI_UART.c ****     *  Number of data elements ready to transmit.
 328:.\Generated_Source\PSoC4/SPI_1_SPI_UART.c ****     *
 329:.\Generated_Source\PSoC4/SPI_1_SPI_UART.c ****     *******************************************************************************/
 330:.\Generated_Source\PSoC4/SPI_1_SPI_UART.c ****     uint32 SPI_1_SpiUartGetTxBufferSize(void)
 331:.\Generated_Source\PSoC4/SPI_1_SPI_UART.c ****     {
 187              		.loc 1 331 0
 188              		.cfi_startproc
 332:.\Generated_Source\PSoC4/SPI_1_SPI_UART.c ****         uint32 size;
 333:.\Generated_Source\PSoC4/SPI_1_SPI_UART.c ****         #if(SPI_1_INTERNAL_TX_SW_BUFFER_CONST)
 334:.\Generated_Source\PSoC4/SPI_1_SPI_UART.c ****             uint32 locTail;
 335:.\Generated_Source\PSoC4/SPI_1_SPI_UART.c ****         #endif /* (SPI_1_INTERNAL_TX_SW_BUFFER_CONST) */
 336:.\Generated_Source\PSoC4/SPI_1_SPI_UART.c **** 
 337:.\Generated_Source\PSoC4/SPI_1_SPI_UART.c ****         #if(SPI_1_CHECK_TX_SW_BUFFER)
 338:.\Generated_Source\PSoC4/SPI_1_SPI_UART.c ****         {
 339:.\Generated_Source\PSoC4/SPI_1_SPI_UART.c ****             /* Get current Tail index */
 340:.\Generated_Source\PSoC4/SPI_1_SPI_UART.c ****             locTail = SPI_1_txBufferTail;
 341:.\Generated_Source\PSoC4/SPI_1_SPI_UART.c **** 
 342:.\Generated_Source\PSoC4/SPI_1_SPI_UART.c ****             if(SPI_1_txBufferHead >= locTail)
 343:.\Generated_Source\PSoC4/SPI_1_SPI_UART.c ****             {
 344:.\Generated_Source\PSoC4/SPI_1_SPI_UART.c ****                 size = (SPI_1_txBufferHead - locTail);
 345:.\Generated_Source\PSoC4/SPI_1_SPI_UART.c ****             }
 346:.\Generated_Source\PSoC4/SPI_1_SPI_UART.c ****             else
 347:.\Generated_Source\PSoC4/SPI_1_SPI_UART.c ****             {
 348:.\Generated_Source\PSoC4/SPI_1_SPI_UART.c ****                 size = (SPI_1_txBufferHead + (SPI_1_TX_BUFFER_SIZE - locTail));
 349:.\Generated_Source\PSoC4/SPI_1_SPI_UART.c ****             }
 350:.\Generated_Source\PSoC4/SPI_1_SPI_UART.c ****         }
 351:.\Generated_Source\PSoC4/SPI_1_SPI_UART.c ****         #else
 352:.\Generated_Source\PSoC4/SPI_1_SPI_UART.c ****         {
 353:.\Generated_Source\PSoC4/SPI_1_SPI_UART.c ****             size = SPI_1_GET_TX_FIFO_ENTRIES;
 189              		.loc 1 353 0
 190 0000 024B     		ldr	r3, .L18
 191 0002 1B68     		ldr	r3, [r3]
 192 0004 0F20     		mov	r0, #15
 193 0006 1840     		and	r0, r3
 194              	.LVL12:
 354:.\Generated_Source\PSoC4/SPI_1_SPI_UART.c ****         }
 355:.\Generated_Source\PSoC4/SPI_1_SPI_UART.c ****         #endif
 356:.\Generated_Source\PSoC4/SPI_1_SPI_UART.c **** 
 357:.\Generated_Source\PSoC4/SPI_1_SPI_UART.c ****         return(size);
 358:.\Generated_Source\PSoC4/SPI_1_SPI_UART.c ****     }
 195              		.loc 1 358 0
 196              		@ sp needed
 197 0008 7047     		bx	lr
 198              	.L19:
 199 000a C046     		.align	2
 200              	.L18:
 201 000c 08020640 		.word	1074135560
 202              		.cfi_endproc
 203              	.LFE5:
 204              		.size	SPI_1_SpiUartGetTxBufferSize, .-SPI_1_SpiUartGetTxBufferSize
 205              		.section	.text.SPI_1_SpiUartClearTxBuffer,"ax",%progbits
 206              		.align	2
 207              		.global	SPI_1_SpiUartClearTxBuffer
 208              		.code	16
 209              		.thumb_func
 210              		.type	SPI_1_SpiUartClearTxBuffer, %function
ARM GAS  C:\Users\Jarik\AppData\Local\Temp\cc9r3bjc.s 			page 11


 211              	SPI_1_SpiUartClearTxBuffer:
 212              	.LFB6:
 359:.\Generated_Source\PSoC4/SPI_1_SPI_UART.c **** 
 360:.\Generated_Source\PSoC4/SPI_1_SPI_UART.c **** 
 361:.\Generated_Source\PSoC4/SPI_1_SPI_UART.c ****     /*******************************************************************************
 362:.\Generated_Source\PSoC4/SPI_1_SPI_UART.c ****     * Function Name: SPI_1_SpiUartClearTxBuffer
 363:.\Generated_Source\PSoC4/SPI_1_SPI_UART.c ****     ********************************************************************************
 364:.\Generated_Source\PSoC4/SPI_1_SPI_UART.c ****     *
 365:.\Generated_Source\PSoC4/SPI_1_SPI_UART.c ****     * Summary:
 366:.\Generated_Source\PSoC4/SPI_1_SPI_UART.c ****     *  Clears the transmit buffer and TX FIFO.
 367:.\Generated_Source\PSoC4/SPI_1_SPI_UART.c ****     *
 368:.\Generated_Source\PSoC4/SPI_1_SPI_UART.c ****     * Parameters:
 369:.\Generated_Source\PSoC4/SPI_1_SPI_UART.c ****     *  None
 370:.\Generated_Source\PSoC4/SPI_1_SPI_UART.c ****     *
 371:.\Generated_Source\PSoC4/SPI_1_SPI_UART.c ****     * Return:
 372:.\Generated_Source\PSoC4/SPI_1_SPI_UART.c ****     *  None
 373:.\Generated_Source\PSoC4/SPI_1_SPI_UART.c ****     *
 374:.\Generated_Source\PSoC4/SPI_1_SPI_UART.c ****     *******************************************************************************/
 375:.\Generated_Source\PSoC4/SPI_1_SPI_UART.c ****     void SPI_1_SpiUartClearTxBuffer(void)
 376:.\Generated_Source\PSoC4/SPI_1_SPI_UART.c ****     {
 213              		.loc 1 376 0
 214              		.cfi_startproc
 377:.\Generated_Source\PSoC4/SPI_1_SPI_UART.c ****         #if(SPI_1_INTERNAL_TX_SW_BUFFER_CONST)
 378:.\Generated_Source\PSoC4/SPI_1_SPI_UART.c ****             uint32 intSourceMask;
 379:.\Generated_Source\PSoC4/SPI_1_SPI_UART.c ****         #endif /* (SPI_1_INTERNAL_TX_SW_BUFFER_CONST) */
 380:.\Generated_Source\PSoC4/SPI_1_SPI_UART.c **** 
 381:.\Generated_Source\PSoC4/SPI_1_SPI_UART.c ****         #if(SPI_1_CHECK_TX_SW_BUFFER)
 382:.\Generated_Source\PSoC4/SPI_1_SPI_UART.c ****         {
 383:.\Generated_Source\PSoC4/SPI_1_SPI_UART.c ****             intSourceMask = SPI_1_SpiUartDisableIntTx();
 384:.\Generated_Source\PSoC4/SPI_1_SPI_UART.c **** 
 385:.\Generated_Source\PSoC4/SPI_1_SPI_UART.c ****             SPI_1_CLEAR_TX_FIFO;
 386:.\Generated_Source\PSoC4/SPI_1_SPI_UART.c **** 
 387:.\Generated_Source\PSoC4/SPI_1_SPI_UART.c ****             /* Flush TX software buffer */
 388:.\Generated_Source\PSoC4/SPI_1_SPI_UART.c ****             SPI_1_txBufferHead = SPI_1_txBufferTail;
 389:.\Generated_Source\PSoC4/SPI_1_SPI_UART.c **** 
 390:.\Generated_Source\PSoC4/SPI_1_SPI_UART.c ****             /* End TX transfer if it is in progress */
 391:.\Generated_Source\PSoC4/SPI_1_SPI_UART.c ****             intSourceMask &= (uint32) ~SPI_1_INTR_TX_NOT_FULL;
 392:.\Generated_Source\PSoC4/SPI_1_SPI_UART.c **** 
 393:.\Generated_Source\PSoC4/SPI_1_SPI_UART.c ****             SPI_1_SpiUartEnableIntTx(intSourceMask);
 394:.\Generated_Source\PSoC4/SPI_1_SPI_UART.c ****         }
 395:.\Generated_Source\PSoC4/SPI_1_SPI_UART.c ****         #else
 396:.\Generated_Source\PSoC4/SPI_1_SPI_UART.c ****         {
 397:.\Generated_Source\PSoC4/SPI_1_SPI_UART.c ****             SPI_1_CLEAR_TX_FIFO;
 215              		.loc 1 397 0
 216 0000 054B     		ldr	r3, .L21
 217 0002 1A68     		ldr	r2, [r3]
 218 0004 8021     		mov	r1, #128
 219 0006 4902     		lsl	r1, r1, #9
 220 0008 0A43     		orr	r2, r1
 221 000a 1A60     		str	r2, [r3]
 222 000c 1968     		ldr	r1, [r3]
 223 000e 034A     		ldr	r2, .L21+4
 224 0010 0A40     		and	r2, r1
 225 0012 1A60     		str	r2, [r3]
 398:.\Generated_Source\PSoC4/SPI_1_SPI_UART.c ****         }
 399:.\Generated_Source\PSoC4/SPI_1_SPI_UART.c ****         #endif
 400:.\Generated_Source\PSoC4/SPI_1_SPI_UART.c ****     }
ARM GAS  C:\Users\Jarik\AppData\Local\Temp\cc9r3bjc.s 			page 12


 226              		.loc 1 400 0
 227              		@ sp needed
 228 0014 7047     		bx	lr
 229              	.L22:
 230 0016 C046     		.align	2
 231              	.L21:
 232 0018 04020640 		.word	1074135556
 233 001c FFFFFEFF 		.word	-65537
 234              		.cfi_endproc
 235              	.LFE6:
 236              		.size	SPI_1_SpiUartClearTxBuffer, .-SPI_1_SpiUartClearTxBuffer
 237              		.section	.text.SPI_1_SpiUartDisableIntRx,"ax",%progbits
 238              		.align	2
 239              		.global	SPI_1_SpiUartDisableIntRx
 240              		.code	16
 241              		.thumb_func
 242              		.type	SPI_1_SpiUartDisableIntRx, %function
 243              	SPI_1_SpiUartDisableIntRx:
 244              	.LFB7:
 401:.\Generated_Source\PSoC4/SPI_1_SPI_UART.c **** 
 402:.\Generated_Source\PSoC4/SPI_1_SPI_UART.c **** #endif /* (SPI_1_TX_DIRECTION) */
 403:.\Generated_Source\PSoC4/SPI_1_SPI_UART.c **** 
 404:.\Generated_Source\PSoC4/SPI_1_SPI_UART.c **** 
 405:.\Generated_Source\PSoC4/SPI_1_SPI_UART.c **** /*******************************************************************************
 406:.\Generated_Source\PSoC4/SPI_1_SPI_UART.c **** * Function Name: SPI_1_SpiUartDisableIntRx
 407:.\Generated_Source\PSoC4/SPI_1_SPI_UART.c **** ********************************************************************************
 408:.\Generated_Source\PSoC4/SPI_1_SPI_UART.c **** *
 409:.\Generated_Source\PSoC4/SPI_1_SPI_UART.c **** * Summary:
 410:.\Generated_Source\PSoC4/SPI_1_SPI_UART.c **** *  Disables the RX interrupt sources.
 411:.\Generated_Source\PSoC4/SPI_1_SPI_UART.c **** *
 412:.\Generated_Source\PSoC4/SPI_1_SPI_UART.c **** * Parameters:
 413:.\Generated_Source\PSoC4/SPI_1_SPI_UART.c **** *  None
 414:.\Generated_Source\PSoC4/SPI_1_SPI_UART.c **** *
 415:.\Generated_Source\PSoC4/SPI_1_SPI_UART.c **** * Return:
 416:.\Generated_Source\PSoC4/SPI_1_SPI_UART.c **** *  Returns the RX interrupt sources enabled before the function call.
 417:.\Generated_Source\PSoC4/SPI_1_SPI_UART.c **** *
 418:.\Generated_Source\PSoC4/SPI_1_SPI_UART.c **** *******************************************************************************/
 419:.\Generated_Source\PSoC4/SPI_1_SPI_UART.c **** uint32 SPI_1_SpiUartDisableIntRx(void)
 420:.\Generated_Source\PSoC4/SPI_1_SPI_UART.c **** {
 245              		.loc 1 420 0
 246              		.cfi_startproc
 421:.\Generated_Source\PSoC4/SPI_1_SPI_UART.c ****     uint32 intSource;
 422:.\Generated_Source\PSoC4/SPI_1_SPI_UART.c **** 
 423:.\Generated_Source\PSoC4/SPI_1_SPI_UART.c ****     intSource = SPI_1_GetRxInterruptMode();
 247              		.loc 1 423 0
 248 0000 024B     		ldr	r3, .L24
 249 0002 1868     		ldr	r0, [r3]
 250              	.LVL13:
 424:.\Generated_Source\PSoC4/SPI_1_SPI_UART.c **** 
 425:.\Generated_Source\PSoC4/SPI_1_SPI_UART.c ****     SPI_1_SetRxInterruptMode(SPI_1_NO_INTR_SOURCES);
 251              		.loc 1 425 0
 252 0004 0022     		mov	r2, #0
 253 0006 1A60     		str	r2, [r3]
 426:.\Generated_Source\PSoC4/SPI_1_SPI_UART.c **** 
 427:.\Generated_Source\PSoC4/SPI_1_SPI_UART.c ****     return(intSource);
 428:.\Generated_Source\PSoC4/SPI_1_SPI_UART.c **** }
 254              		.loc 1 428 0
ARM GAS  C:\Users\Jarik\AppData\Local\Temp\cc9r3bjc.s 			page 13


 255              		@ sp needed
 256 0008 7047     		bx	lr
 257              	.L25:
 258 000a C046     		.align	2
 259              	.L24:
 260 000c C80F0640 		.word	1074139080
 261              		.cfi_endproc
 262              	.LFE7:
 263              		.size	SPI_1_SpiUartDisableIntRx, .-SPI_1_SpiUartDisableIntRx
 264              		.section	.text.SPI_1_SpiUartDisableIntTx,"ax",%progbits
 265              		.align	2
 266              		.global	SPI_1_SpiUartDisableIntTx
 267              		.code	16
 268              		.thumb_func
 269              		.type	SPI_1_SpiUartDisableIntTx, %function
 270              	SPI_1_SpiUartDisableIntTx:
 271              	.LFB8:
 429:.\Generated_Source\PSoC4/SPI_1_SPI_UART.c **** 
 430:.\Generated_Source\PSoC4/SPI_1_SPI_UART.c **** 
 431:.\Generated_Source\PSoC4/SPI_1_SPI_UART.c **** /*******************************************************************************
 432:.\Generated_Source\PSoC4/SPI_1_SPI_UART.c **** * Function Name: SPI_1_SpiUartDisableIntTx
 433:.\Generated_Source\PSoC4/SPI_1_SPI_UART.c **** ********************************************************************************
 434:.\Generated_Source\PSoC4/SPI_1_SPI_UART.c **** *
 435:.\Generated_Source\PSoC4/SPI_1_SPI_UART.c **** * Summary:
 436:.\Generated_Source\PSoC4/SPI_1_SPI_UART.c **** *  Disables TX interrupt sources.
 437:.\Generated_Source\PSoC4/SPI_1_SPI_UART.c **** *
 438:.\Generated_Source\PSoC4/SPI_1_SPI_UART.c **** * Parameters:
 439:.\Generated_Source\PSoC4/SPI_1_SPI_UART.c **** *  None
 440:.\Generated_Source\PSoC4/SPI_1_SPI_UART.c **** *
 441:.\Generated_Source\PSoC4/SPI_1_SPI_UART.c **** * Return:
 442:.\Generated_Source\PSoC4/SPI_1_SPI_UART.c **** *  Returns TX interrupt sources enabled before function call.
 443:.\Generated_Source\PSoC4/SPI_1_SPI_UART.c **** *
 444:.\Generated_Source\PSoC4/SPI_1_SPI_UART.c **** *******************************************************************************/
 445:.\Generated_Source\PSoC4/SPI_1_SPI_UART.c **** uint32 SPI_1_SpiUartDisableIntTx(void)
 446:.\Generated_Source\PSoC4/SPI_1_SPI_UART.c **** {
 272              		.loc 1 446 0
 273              		.cfi_startproc
 447:.\Generated_Source\PSoC4/SPI_1_SPI_UART.c ****     uint32 intSourceMask;
 448:.\Generated_Source\PSoC4/SPI_1_SPI_UART.c **** 
 449:.\Generated_Source\PSoC4/SPI_1_SPI_UART.c ****     intSourceMask = SPI_1_GetTxInterruptMode();
 274              		.loc 1 449 0
 275 0000 024B     		ldr	r3, .L27
 276 0002 1868     		ldr	r0, [r3]
 277              	.LVL14:
 450:.\Generated_Source\PSoC4/SPI_1_SPI_UART.c **** 
 451:.\Generated_Source\PSoC4/SPI_1_SPI_UART.c ****     SPI_1_SetTxInterruptMode(SPI_1_NO_INTR_SOURCES);
 278              		.loc 1 451 0
 279 0004 0022     		mov	r2, #0
 280 0006 1A60     		str	r2, [r3]
 452:.\Generated_Source\PSoC4/SPI_1_SPI_UART.c **** 
 453:.\Generated_Source\PSoC4/SPI_1_SPI_UART.c ****     return(intSourceMask);
 454:.\Generated_Source\PSoC4/SPI_1_SPI_UART.c **** }
 281              		.loc 1 454 0
 282              		@ sp needed
 283 0008 7047     		bx	lr
 284              	.L28:
 285 000a C046     		.align	2
ARM GAS  C:\Users\Jarik\AppData\Local\Temp\cc9r3bjc.s 			page 14


 286              	.L27:
 287 000c 880F0640 		.word	1074139016
 288              		.cfi_endproc
 289              	.LFE8:
 290              		.size	SPI_1_SpiUartDisableIntTx, .-SPI_1_SpiUartDisableIntTx
 291              		.text
 292              	.Letext0:
 293              		.file 2 "Generated_Source\\PSoC4/cytypes.h"
 294              		.section	.debug_info,"",%progbits
 295              	.Ldebug_info0:
 296 0000 11020000 		.4byte	0x211
 297 0004 0400     		.2byte	0x4
 298 0006 00000000 		.4byte	.Ldebug_abbrev0
 299 000a 04       		.byte	0x4
 300 000b 01       		.uleb128 0x1
 301 000c 7B010000 		.4byte	.LASF32
 302 0010 01       		.byte	0x1
 303 0011 68000000 		.4byte	.LASF33
 304 0015 35020000 		.4byte	.LASF34
 305 0019 00000000 		.4byte	.Ldebug_ranges0+0
 306 001d 00000000 		.4byte	0
 307 0021 00000000 		.4byte	.Ldebug_line0
 308 0025 02       		.uleb128 0x2
 309 0026 01       		.byte	0x1
 310 0027 06       		.byte	0x6
 311 0028 9F020000 		.4byte	.LASF0
 312 002c 02       		.uleb128 0x2
 313 002d 01       		.byte	0x1
 314 002e 08       		.byte	0x8
 315 002f F9000000 		.4byte	.LASF1
 316 0033 02       		.uleb128 0x2
 317 0034 02       		.byte	0x2
 318 0035 05       		.byte	0x5
 319 0036 09020000 		.4byte	.LASF2
 320 003a 02       		.uleb128 0x2
 321 003b 02       		.byte	0x2
 322 003c 07       		.byte	0x7
 323 003d 30000000 		.4byte	.LASF3
 324 0041 02       		.uleb128 0x2
 325 0042 04       		.byte	0x4
 326 0043 05       		.byte	0x5
 327 0044 2C020000 		.4byte	.LASF4
 328 0048 02       		.uleb128 0x2
 329 0049 04       		.byte	0x4
 330 004a 07       		.byte	0x7
 331 004b BA000000 		.4byte	.LASF5
 332 004f 02       		.uleb128 0x2
 333 0050 08       		.byte	0x8
 334 0051 05       		.byte	0x5
 335 0052 68010000 		.4byte	.LASF6
 336 0056 02       		.uleb128 0x2
 337 0057 08       		.byte	0x8
 338 0058 07       		.byte	0x7
 339 0059 48010000 		.4byte	.LASF7
 340 005d 03       		.uleb128 0x3
 341 005e 04       		.byte	0x4
 342 005f 05       		.byte	0x5
ARM GAS  C:\Users\Jarik\AppData\Local\Temp\cc9r3bjc.s 			page 15


 343 0060 696E7400 		.ascii	"int\000"
 344 0064 02       		.uleb128 0x2
 345 0065 04       		.byte	0x4
 346 0066 07       		.byte	0x7
 347 0067 43000000 		.4byte	.LASF8
 348 006b 04       		.uleb128 0x4
 349 006c CC000000 		.4byte	.LASF9
 350 0070 02       		.byte	0x2
 351 0071 A1       		.byte	0xa1
 352 0072 2C000000 		.4byte	0x2c
 353 0076 04       		.uleb128 0x4
 354 0077 0E010000 		.4byte	.LASF10
 355 007b 02       		.byte	0x2
 356 007c A3       		.byte	0xa3
 357 007d 48000000 		.4byte	0x48
 358 0081 02       		.uleb128 0x2
 359 0082 04       		.byte	0x4
 360 0083 04       		.byte	0x4
 361 0084 AF000000 		.4byte	.LASF11
 362 0088 02       		.uleb128 0x2
 363 0089 08       		.byte	0x8
 364 008a 04       		.byte	0x4
 365 008b 07010000 		.4byte	.LASF12
 366 008f 02       		.uleb128 0x2
 367 0090 01       		.byte	0x1
 368 0091 08       		.byte	0x8
 369 0092 76010000 		.4byte	.LASF13
 370 0096 05       		.uleb128 0x5
 371 0097 00000000 		.4byte	.LASF14
 372 009b 02       		.byte	0x2
 373 009c 4D01     		.2byte	0x14d
 374 009e A2000000 		.4byte	0xa2
 375 00a2 06       		.uleb128 0x6
 376 00a3 76000000 		.4byte	0x76
 377 00a7 02       		.uleb128 0x2
 378 00a8 04       		.byte	0x4
 379 00a9 07       		.byte	0x7
 380 00aa 5F010000 		.4byte	.LASF15
 381 00ae 07       		.uleb128 0x7
 382 00af 50000000 		.4byte	.LASF16
 383 00b3 01       		.byte	0x1
 384 00b4 46       		.byte	0x46
 385 00b5 76000000 		.4byte	0x76
 386 00b9 00000000 		.4byte	.LFB0
 387 00bd 0C000000 		.4byte	.LFE0-.LFB0
 388 00c1 01       		.uleb128 0x1
 389 00c2 9C       		.byte	0x9c
 390 00c3 D7000000 		.4byte	0xd7
 391 00c7 08       		.uleb128 0x8
 392 00c8 EC000000 		.4byte	.LASF18
 393 00cc 01       		.byte	0x1
 394 00cd 48       		.byte	0x48
 395 00ce 76000000 		.4byte	0x76
 396 00d2 00000000 		.4byte	.LLST0
 397 00d6 00       		.byte	0
 398 00d7 07       		.uleb128 0x7
 399 00d8 92000000 		.4byte	.LASF17
ARM GAS  C:\Users\Jarik\AppData\Local\Temp\cc9r3bjc.s 			page 16


 400 00dc 01       		.byte	0x1
 401 00dd 7F       		.byte	0x7f
 402 00de 76000000 		.4byte	0x76
 403 00e2 00000000 		.4byte	.LFB1
 404 00e6 10000000 		.4byte	.LFE1-.LFB1
 405 00ea 01       		.uleb128 0x1
 406 00eb 9C       		.byte	0x9c
 407 00ec FE000000 		.4byte	0xfe
 408 00f0 09       		.uleb128 0x9
 409 00f1 B5000000 		.4byte	.LASF19
 410 00f5 01       		.byte	0x1
 411 00f6 81       		.byte	0x81
 412 00f7 76000000 		.4byte	0x76
 413 00fb 01       		.uleb128 0x1
 414 00fc 50       		.byte	0x50
 415 00fd 00       		.byte	0
 416 00fe 0A       		.uleb128 0xa
 417 00ff 6A020000 		.4byte	.LASF26
 418 0103 01       		.byte	0x1
 419 0104 AB       		.byte	0xab
 420 0105 00000000 		.4byte	.LFB2
 421 0109 20000000 		.4byte	.LFE2-.LFB2
 422 010d 01       		.uleb128 0x1
 423 010e 9C       		.byte	0x9c
 424 010f 0B       		.uleb128 0xb
 425 0110 13020000 		.4byte	.LASF20
 426 0114 01       		.byte	0x1
 427 0115 DD       		.byte	0xdd
 428 0116 00000000 		.4byte	.LFB3
 429 011a 1C000000 		.4byte	.LFE3-.LFB3
 430 011e 01       		.uleb128 0x1
 431 011f 9C       		.byte	0x9c
 432 0120 32010000 		.4byte	0x132
 433 0124 0C       		.uleb128 0xc
 434 0125 29000000 		.4byte	.LASF22
 435 0129 01       		.byte	0x1
 436 012a DD       		.byte	0xdd
 437 012b 76000000 		.4byte	0x76
 438 012f 01       		.uleb128 0x1
 439 0130 50       		.byte	0x50
 440 0131 00       		.byte	0
 441 0132 0D       		.uleb128 0xd
 442 0133 AB020000 		.4byte	.LASF21
 443 0137 01       		.byte	0x1
 444 0138 2B01     		.2byte	0x12b
 445 013a 00000000 		.4byte	.LFB4
 446 013e 18000000 		.4byte	.LFE4-.LFB4
 447 0142 01       		.uleb128 0x1
 448 0143 9C       		.byte	0x9c
 449 0144 80010000 		.4byte	0x180
 450 0148 0E       		.uleb128 0xe
 451 0149 F3000000 		.4byte	.LASF23
 452 014d 01       		.byte	0x1
 453 014e 2B01     		.2byte	0x12b
 454 0150 80010000 		.4byte	0x180
 455 0154 1F000000 		.4byte	.LLST1
 456 0158 0E       		.uleb128 0xe
ARM GAS  C:\Users\Jarik\AppData\Local\Temp\cc9r3bjc.s 			page 17


 457 0159 23000000 		.4byte	.LASF24
 458 015d 01       		.byte	0x1
 459 015e 2B01     		.2byte	0x12b
 460 0160 76000000 		.4byte	0x76
 461 0164 4B000000 		.4byte	.LLST2
 462 0168 0F       		.uleb128 0xf
 463 0169 6900     		.ascii	"i\000"
 464 016b 01       		.byte	0x1
 465 016c 2D01     		.2byte	0x12d
 466 016e 76000000 		.4byte	0x76
 467 0172 77000000 		.4byte	.LLST3
 468 0176 10       		.uleb128 0x10
 469 0177 10000000 		.4byte	.LVL7
 470 017b 0F010000 		.4byte	0x10f
 471 017f 00       		.byte	0
 472 0180 11       		.uleb128 0x11
 473 0181 04       		.byte	0x4
 474 0182 86010000 		.4byte	0x186
 475 0186 12       		.uleb128 0x12
 476 0187 6B000000 		.4byte	0x6b
 477 018b 13       		.uleb128 0x13
 478 018c 06000000 		.4byte	.LASF25
 479 0190 01       		.byte	0x1
 480 0191 4A01     		.2byte	0x14a
 481 0193 76000000 		.4byte	0x76
 482 0197 00000000 		.4byte	.LFB5
 483 019b 10000000 		.4byte	.LFE5-.LFB5
 484 019f 01       		.uleb128 0x1
 485 01a0 9C       		.byte	0x9c
 486 01a1 B4010000 		.4byte	0x1b4
 487 01a5 14       		.uleb128 0x14
 488 01a6 B5000000 		.4byte	.LASF19
 489 01aa 01       		.byte	0x1
 490 01ab 4C01     		.2byte	0x14c
 491 01ad 76000000 		.4byte	0x76
 492 01b1 01       		.uleb128 0x1
 493 01b2 50       		.byte	0x50
 494 01b3 00       		.byte	0
 495 01b4 15       		.uleb128 0x15
 496 01b5 15010000 		.4byte	.LASF27
 497 01b9 01       		.byte	0x1
 498 01ba 7701     		.2byte	0x177
 499 01bc 00000000 		.4byte	.LFB6
 500 01c0 20000000 		.4byte	.LFE6-.LFB6
 501 01c4 01       		.uleb128 0x1
 502 01c5 9C       		.byte	0x9c
 503 01c6 13       		.uleb128 0x13
 504 01c7 D2000000 		.4byte	.LASF28
 505 01cb 01       		.byte	0x1
 506 01cc A301     		.2byte	0x1a3
 507 01ce 76000000 		.4byte	0x76
 508 01d2 00000000 		.4byte	.LFB7
 509 01d6 10000000 		.4byte	.LFE7-.LFB7
 510 01da 01       		.uleb128 0x1
 511 01db 9C       		.byte	0x9c
 512 01dc EF010000 		.4byte	0x1ef
 513 01e0 14       		.uleb128 0x14
ARM GAS  C:\Users\Jarik\AppData\Local\Temp\cc9r3bjc.s 			page 18


 514 01e1 3E010000 		.4byte	.LASF29
 515 01e5 01       		.byte	0x1
 516 01e6 A501     		.2byte	0x1a5
 517 01e8 76000000 		.4byte	0x76
 518 01ec 01       		.uleb128 0x1
 519 01ed 50       		.byte	0x50
 520 01ee 00       		.byte	0
 521 01ef 16       		.uleb128 0x16
 522 01f0 85020000 		.4byte	.LASF30
 523 01f4 01       		.byte	0x1
 524 01f5 BD01     		.2byte	0x1bd
 525 01f7 76000000 		.4byte	0x76
 526 01fb 00000000 		.4byte	.LFB8
 527 01ff 10000000 		.4byte	.LFE8-.LFB8
 528 0203 01       		.uleb128 0x1
 529 0204 9C       		.byte	0x9c
 530 0205 14       		.uleb128 0x14
 531 0206 30010000 		.4byte	.LASF31
 532 020a 01       		.byte	0x1
 533 020b BF01     		.2byte	0x1bf
 534 020d 76000000 		.4byte	0x76
 535 0211 01       		.uleb128 0x1
 536 0212 50       		.byte	0x50
 537 0213 00       		.byte	0
 538 0214 00       		.byte	0
 539              		.section	.debug_abbrev,"",%progbits
 540              	.Ldebug_abbrev0:
 541 0000 01       		.uleb128 0x1
 542 0001 11       		.uleb128 0x11
 543 0002 01       		.byte	0x1
 544 0003 25       		.uleb128 0x25
 545 0004 0E       		.uleb128 0xe
 546 0005 13       		.uleb128 0x13
 547 0006 0B       		.uleb128 0xb
 548 0007 03       		.uleb128 0x3
 549 0008 0E       		.uleb128 0xe
 550 0009 1B       		.uleb128 0x1b
 551 000a 0E       		.uleb128 0xe
 552 000b 55       		.uleb128 0x55
 553 000c 17       		.uleb128 0x17
 554 000d 11       		.uleb128 0x11
 555 000e 01       		.uleb128 0x1
 556 000f 10       		.uleb128 0x10
 557 0010 17       		.uleb128 0x17
 558 0011 00       		.byte	0
 559 0012 00       		.byte	0
 560 0013 02       		.uleb128 0x2
 561 0014 24       		.uleb128 0x24
 562 0015 00       		.byte	0
 563 0016 0B       		.uleb128 0xb
 564 0017 0B       		.uleb128 0xb
 565 0018 3E       		.uleb128 0x3e
 566 0019 0B       		.uleb128 0xb
 567 001a 03       		.uleb128 0x3
 568 001b 0E       		.uleb128 0xe
 569 001c 00       		.byte	0
 570 001d 00       		.byte	0
ARM GAS  C:\Users\Jarik\AppData\Local\Temp\cc9r3bjc.s 			page 19


 571 001e 03       		.uleb128 0x3
 572 001f 24       		.uleb128 0x24
 573 0020 00       		.byte	0
 574 0021 0B       		.uleb128 0xb
 575 0022 0B       		.uleb128 0xb
 576 0023 3E       		.uleb128 0x3e
 577 0024 0B       		.uleb128 0xb
 578 0025 03       		.uleb128 0x3
 579 0026 08       		.uleb128 0x8
 580 0027 00       		.byte	0
 581 0028 00       		.byte	0
 582 0029 04       		.uleb128 0x4
 583 002a 16       		.uleb128 0x16
 584 002b 00       		.byte	0
 585 002c 03       		.uleb128 0x3
 586 002d 0E       		.uleb128 0xe
 587 002e 3A       		.uleb128 0x3a
 588 002f 0B       		.uleb128 0xb
 589 0030 3B       		.uleb128 0x3b
 590 0031 0B       		.uleb128 0xb
 591 0032 49       		.uleb128 0x49
 592 0033 13       		.uleb128 0x13
 593 0034 00       		.byte	0
 594 0035 00       		.byte	0
 595 0036 05       		.uleb128 0x5
 596 0037 16       		.uleb128 0x16
 597 0038 00       		.byte	0
 598 0039 03       		.uleb128 0x3
 599 003a 0E       		.uleb128 0xe
 600 003b 3A       		.uleb128 0x3a
 601 003c 0B       		.uleb128 0xb
 602 003d 3B       		.uleb128 0x3b
 603 003e 05       		.uleb128 0x5
 604 003f 49       		.uleb128 0x49
 605 0040 13       		.uleb128 0x13
 606 0041 00       		.byte	0
 607 0042 00       		.byte	0
 608 0043 06       		.uleb128 0x6
 609 0044 35       		.uleb128 0x35
 610 0045 00       		.byte	0
 611 0046 49       		.uleb128 0x49
 612 0047 13       		.uleb128 0x13
 613 0048 00       		.byte	0
 614 0049 00       		.byte	0
 615 004a 07       		.uleb128 0x7
 616 004b 2E       		.uleb128 0x2e
 617 004c 01       		.byte	0x1
 618 004d 3F       		.uleb128 0x3f
 619 004e 19       		.uleb128 0x19
 620 004f 03       		.uleb128 0x3
 621 0050 0E       		.uleb128 0xe
 622 0051 3A       		.uleb128 0x3a
 623 0052 0B       		.uleb128 0xb
 624 0053 3B       		.uleb128 0x3b
 625 0054 0B       		.uleb128 0xb
 626 0055 27       		.uleb128 0x27
 627 0056 19       		.uleb128 0x19
ARM GAS  C:\Users\Jarik\AppData\Local\Temp\cc9r3bjc.s 			page 20


 628 0057 49       		.uleb128 0x49
 629 0058 13       		.uleb128 0x13
 630 0059 11       		.uleb128 0x11
 631 005a 01       		.uleb128 0x1
 632 005b 12       		.uleb128 0x12
 633 005c 06       		.uleb128 0x6
 634 005d 40       		.uleb128 0x40
 635 005e 18       		.uleb128 0x18
 636 005f 9742     		.uleb128 0x2117
 637 0061 19       		.uleb128 0x19
 638 0062 01       		.uleb128 0x1
 639 0063 13       		.uleb128 0x13
 640 0064 00       		.byte	0
 641 0065 00       		.byte	0
 642 0066 08       		.uleb128 0x8
 643 0067 34       		.uleb128 0x34
 644 0068 00       		.byte	0
 645 0069 03       		.uleb128 0x3
 646 006a 0E       		.uleb128 0xe
 647 006b 3A       		.uleb128 0x3a
 648 006c 0B       		.uleb128 0xb
 649 006d 3B       		.uleb128 0x3b
 650 006e 0B       		.uleb128 0xb
 651 006f 49       		.uleb128 0x49
 652 0070 13       		.uleb128 0x13
 653 0071 02       		.uleb128 0x2
 654 0072 17       		.uleb128 0x17
 655 0073 00       		.byte	0
 656 0074 00       		.byte	0
 657 0075 09       		.uleb128 0x9
 658 0076 34       		.uleb128 0x34
 659 0077 00       		.byte	0
 660 0078 03       		.uleb128 0x3
 661 0079 0E       		.uleb128 0xe
 662 007a 3A       		.uleb128 0x3a
 663 007b 0B       		.uleb128 0xb
 664 007c 3B       		.uleb128 0x3b
 665 007d 0B       		.uleb128 0xb
 666 007e 49       		.uleb128 0x49
 667 007f 13       		.uleb128 0x13
 668 0080 02       		.uleb128 0x2
 669 0081 18       		.uleb128 0x18
 670 0082 00       		.byte	0
 671 0083 00       		.byte	0
 672 0084 0A       		.uleb128 0xa
 673 0085 2E       		.uleb128 0x2e
 674 0086 00       		.byte	0
 675 0087 3F       		.uleb128 0x3f
 676 0088 19       		.uleb128 0x19
 677 0089 03       		.uleb128 0x3
 678 008a 0E       		.uleb128 0xe
 679 008b 3A       		.uleb128 0x3a
 680 008c 0B       		.uleb128 0xb
 681 008d 3B       		.uleb128 0x3b
 682 008e 0B       		.uleb128 0xb
 683 008f 27       		.uleb128 0x27
 684 0090 19       		.uleb128 0x19
ARM GAS  C:\Users\Jarik\AppData\Local\Temp\cc9r3bjc.s 			page 21


 685 0091 11       		.uleb128 0x11
 686 0092 01       		.uleb128 0x1
 687 0093 12       		.uleb128 0x12
 688 0094 06       		.uleb128 0x6
 689 0095 40       		.uleb128 0x40
 690 0096 18       		.uleb128 0x18
 691 0097 9742     		.uleb128 0x2117
 692 0099 19       		.uleb128 0x19
 693 009a 00       		.byte	0
 694 009b 00       		.byte	0
 695 009c 0B       		.uleb128 0xb
 696 009d 2E       		.uleb128 0x2e
 697 009e 01       		.byte	0x1
 698 009f 3F       		.uleb128 0x3f
 699 00a0 19       		.uleb128 0x19
 700 00a1 03       		.uleb128 0x3
 701 00a2 0E       		.uleb128 0xe
 702 00a3 3A       		.uleb128 0x3a
 703 00a4 0B       		.uleb128 0xb
 704 00a5 3B       		.uleb128 0x3b
 705 00a6 0B       		.uleb128 0xb
 706 00a7 27       		.uleb128 0x27
 707 00a8 19       		.uleb128 0x19
 708 00a9 11       		.uleb128 0x11
 709 00aa 01       		.uleb128 0x1
 710 00ab 12       		.uleb128 0x12
 711 00ac 06       		.uleb128 0x6
 712 00ad 40       		.uleb128 0x40
 713 00ae 18       		.uleb128 0x18
 714 00af 9742     		.uleb128 0x2117
 715 00b1 19       		.uleb128 0x19
 716 00b2 01       		.uleb128 0x1
 717 00b3 13       		.uleb128 0x13
 718 00b4 00       		.byte	0
 719 00b5 00       		.byte	0
 720 00b6 0C       		.uleb128 0xc
 721 00b7 05       		.uleb128 0x5
 722 00b8 00       		.byte	0
 723 00b9 03       		.uleb128 0x3
 724 00ba 0E       		.uleb128 0xe
 725 00bb 3A       		.uleb128 0x3a
 726 00bc 0B       		.uleb128 0xb
 727 00bd 3B       		.uleb128 0x3b
 728 00be 0B       		.uleb128 0xb
 729 00bf 49       		.uleb128 0x49
 730 00c0 13       		.uleb128 0x13
 731 00c1 02       		.uleb128 0x2
 732 00c2 18       		.uleb128 0x18
 733 00c3 00       		.byte	0
 734 00c4 00       		.byte	0
 735 00c5 0D       		.uleb128 0xd
 736 00c6 2E       		.uleb128 0x2e
 737 00c7 01       		.byte	0x1
 738 00c8 3F       		.uleb128 0x3f
 739 00c9 19       		.uleb128 0x19
 740 00ca 03       		.uleb128 0x3
 741 00cb 0E       		.uleb128 0xe
ARM GAS  C:\Users\Jarik\AppData\Local\Temp\cc9r3bjc.s 			page 22


 742 00cc 3A       		.uleb128 0x3a
 743 00cd 0B       		.uleb128 0xb
 744 00ce 3B       		.uleb128 0x3b
 745 00cf 05       		.uleb128 0x5
 746 00d0 27       		.uleb128 0x27
 747 00d1 19       		.uleb128 0x19
 748 00d2 11       		.uleb128 0x11
 749 00d3 01       		.uleb128 0x1
 750 00d4 12       		.uleb128 0x12
 751 00d5 06       		.uleb128 0x6
 752 00d6 40       		.uleb128 0x40
 753 00d7 18       		.uleb128 0x18
 754 00d8 9742     		.uleb128 0x2117
 755 00da 19       		.uleb128 0x19
 756 00db 01       		.uleb128 0x1
 757 00dc 13       		.uleb128 0x13
 758 00dd 00       		.byte	0
 759 00de 00       		.byte	0
 760 00df 0E       		.uleb128 0xe
 761 00e0 05       		.uleb128 0x5
 762 00e1 00       		.byte	0
 763 00e2 03       		.uleb128 0x3
 764 00e3 0E       		.uleb128 0xe
 765 00e4 3A       		.uleb128 0x3a
 766 00e5 0B       		.uleb128 0xb
 767 00e6 3B       		.uleb128 0x3b
 768 00e7 05       		.uleb128 0x5
 769 00e8 49       		.uleb128 0x49
 770 00e9 13       		.uleb128 0x13
 771 00ea 02       		.uleb128 0x2
 772 00eb 17       		.uleb128 0x17
 773 00ec 00       		.byte	0
 774 00ed 00       		.byte	0
 775 00ee 0F       		.uleb128 0xf
 776 00ef 34       		.uleb128 0x34
 777 00f0 00       		.byte	0
 778 00f1 03       		.uleb128 0x3
 779 00f2 08       		.uleb128 0x8
 780 00f3 3A       		.uleb128 0x3a
 781 00f4 0B       		.uleb128 0xb
 782 00f5 3B       		.uleb128 0x3b
 783 00f6 05       		.uleb128 0x5
 784 00f7 49       		.uleb128 0x49
 785 00f8 13       		.uleb128 0x13
 786 00f9 02       		.uleb128 0x2
 787 00fa 17       		.uleb128 0x17
 788 00fb 00       		.byte	0
 789 00fc 00       		.byte	0
 790 00fd 10       		.uleb128 0x10
 791 00fe 898201   		.uleb128 0x4109
 792 0101 00       		.byte	0
 793 0102 11       		.uleb128 0x11
 794 0103 01       		.uleb128 0x1
 795 0104 31       		.uleb128 0x31
 796 0105 13       		.uleb128 0x13
 797 0106 00       		.byte	0
 798 0107 00       		.byte	0
ARM GAS  C:\Users\Jarik\AppData\Local\Temp\cc9r3bjc.s 			page 23


 799 0108 11       		.uleb128 0x11
 800 0109 0F       		.uleb128 0xf
 801 010a 00       		.byte	0
 802 010b 0B       		.uleb128 0xb
 803 010c 0B       		.uleb128 0xb
 804 010d 49       		.uleb128 0x49
 805 010e 13       		.uleb128 0x13
 806 010f 00       		.byte	0
 807 0110 00       		.byte	0
 808 0111 12       		.uleb128 0x12
 809 0112 26       		.uleb128 0x26
 810 0113 00       		.byte	0
 811 0114 49       		.uleb128 0x49
 812 0115 13       		.uleb128 0x13
 813 0116 00       		.byte	0
 814 0117 00       		.byte	0
 815 0118 13       		.uleb128 0x13
 816 0119 2E       		.uleb128 0x2e
 817 011a 01       		.byte	0x1
 818 011b 3F       		.uleb128 0x3f
 819 011c 19       		.uleb128 0x19
 820 011d 03       		.uleb128 0x3
 821 011e 0E       		.uleb128 0xe
 822 011f 3A       		.uleb128 0x3a
 823 0120 0B       		.uleb128 0xb
 824 0121 3B       		.uleb128 0x3b
 825 0122 05       		.uleb128 0x5
 826 0123 27       		.uleb128 0x27
 827 0124 19       		.uleb128 0x19
 828 0125 49       		.uleb128 0x49
 829 0126 13       		.uleb128 0x13
 830 0127 11       		.uleb128 0x11
 831 0128 01       		.uleb128 0x1
 832 0129 12       		.uleb128 0x12
 833 012a 06       		.uleb128 0x6
 834 012b 40       		.uleb128 0x40
 835 012c 18       		.uleb128 0x18
 836 012d 9742     		.uleb128 0x2117
 837 012f 19       		.uleb128 0x19
 838 0130 01       		.uleb128 0x1
 839 0131 13       		.uleb128 0x13
 840 0132 00       		.byte	0
 841 0133 00       		.byte	0
 842 0134 14       		.uleb128 0x14
 843 0135 34       		.uleb128 0x34
 844 0136 00       		.byte	0
 845 0137 03       		.uleb128 0x3
 846 0138 0E       		.uleb128 0xe
 847 0139 3A       		.uleb128 0x3a
 848 013a 0B       		.uleb128 0xb
 849 013b 3B       		.uleb128 0x3b
 850 013c 05       		.uleb128 0x5
 851 013d 49       		.uleb128 0x49
 852 013e 13       		.uleb128 0x13
 853 013f 02       		.uleb128 0x2
 854 0140 18       		.uleb128 0x18
 855 0141 00       		.byte	0
ARM GAS  C:\Users\Jarik\AppData\Local\Temp\cc9r3bjc.s 			page 24


 856 0142 00       		.byte	0
 857 0143 15       		.uleb128 0x15
 858 0144 2E       		.uleb128 0x2e
 859 0145 00       		.byte	0
 860 0146 3F       		.uleb128 0x3f
 861 0147 19       		.uleb128 0x19
 862 0148 03       		.uleb128 0x3
 863 0149 0E       		.uleb128 0xe
 864 014a 3A       		.uleb128 0x3a
 865 014b 0B       		.uleb128 0xb
 866 014c 3B       		.uleb128 0x3b
 867 014d 05       		.uleb128 0x5
 868 014e 27       		.uleb128 0x27
 869 014f 19       		.uleb128 0x19
 870 0150 11       		.uleb128 0x11
 871 0151 01       		.uleb128 0x1
 872 0152 12       		.uleb128 0x12
 873 0153 06       		.uleb128 0x6
 874 0154 40       		.uleb128 0x40
 875 0155 18       		.uleb128 0x18
 876 0156 9742     		.uleb128 0x2117
 877 0158 19       		.uleb128 0x19
 878 0159 00       		.byte	0
 879 015a 00       		.byte	0
 880 015b 16       		.uleb128 0x16
 881 015c 2E       		.uleb128 0x2e
 882 015d 01       		.byte	0x1
 883 015e 3F       		.uleb128 0x3f
 884 015f 19       		.uleb128 0x19
 885 0160 03       		.uleb128 0x3
 886 0161 0E       		.uleb128 0xe
 887 0162 3A       		.uleb128 0x3a
 888 0163 0B       		.uleb128 0xb
 889 0164 3B       		.uleb128 0x3b
 890 0165 05       		.uleb128 0x5
 891 0166 27       		.uleb128 0x27
 892 0167 19       		.uleb128 0x19
 893 0168 49       		.uleb128 0x49
 894 0169 13       		.uleb128 0x13
 895 016a 11       		.uleb128 0x11
 896 016b 01       		.uleb128 0x1
 897 016c 12       		.uleb128 0x12
 898 016d 06       		.uleb128 0x6
 899 016e 40       		.uleb128 0x40
 900 016f 18       		.uleb128 0x18
 901 0170 9742     		.uleb128 0x2117
 902 0172 19       		.uleb128 0x19
 903 0173 00       		.byte	0
 904 0174 00       		.byte	0
 905 0175 00       		.byte	0
 906              		.section	.debug_loc,"",%progbits
 907              	.Ldebug_loc0:
 908              	.LLST0:
 909 0000 00000000 		.4byte	.LVL0
 910 0004 04000000 		.4byte	.LVL1
 911 0008 0200     		.2byte	0x2
 912 000a 30       		.byte	0x30
ARM GAS  C:\Users\Jarik\AppData\Local\Temp\cc9r3bjc.s 			page 25


 913 000b 9F       		.byte	0x9f
 914 000c 04000000 		.4byte	.LVL1
 915 0010 0C000000 		.4byte	.LFE0
 916 0014 0100     		.2byte	0x1
 917 0016 50       		.byte	0x50
 918 0017 00000000 		.4byte	0
 919 001b 00000000 		.4byte	0
 920              	.LLST1:
 921 001f 00000000 		.4byte	.LVL4
 922 0023 0A000000 		.4byte	.LVL6
 923 0027 0100     		.2byte	0x1
 924 0029 50       		.byte	0x50
 925 002a 0A000000 		.4byte	.LVL6
 926 002e 16000000 		.4byte	.LVL11
 927 0032 0100     		.2byte	0x1
 928 0034 56       		.byte	0x56
 929 0035 16000000 		.4byte	.LVL11
 930 0039 18000000 		.4byte	.LFE4
 931 003d 0400     		.2byte	0x4
 932 003f F3       		.byte	0xf3
 933 0040 01       		.uleb128 0x1
 934 0041 50       		.byte	0x50
 935 0042 9F       		.byte	0x9f
 936 0043 00000000 		.4byte	0
 937 0047 00000000 		.4byte	0
 938              	.LLST2:
 939 004b 00000000 		.4byte	.LVL4
 940 004f 0A000000 		.4byte	.LVL6
 941 0053 0100     		.2byte	0x1
 942 0055 51       		.byte	0x51
 943 0056 0A000000 		.4byte	.LVL6
 944 005a 16000000 		.4byte	.LVL10
 945 005e 0100     		.2byte	0x1
 946 0060 55       		.byte	0x55
 947 0061 16000000 		.4byte	.LVL10
 948 0065 18000000 		.4byte	.LFE4
 949 0069 0400     		.2byte	0x4
 950 006b F3       		.byte	0xf3
 951 006c 01       		.uleb128 0x1
 952 006d 51       		.byte	0x51
 953 006e 9F       		.byte	0x9f
 954 006f 00000000 		.4byte	0
 955 0073 00000000 		.4byte	0
 956              	.LLST3:
 957 0077 06000000 		.4byte	.LVL5
 958 007b 0A000000 		.4byte	.LVL6
 959 007f 0200     		.2byte	0x2
 960 0081 30       		.byte	0x30
 961 0082 9F       		.byte	0x9f
 962 0083 0A000000 		.4byte	.LVL6
 963 0087 16000000 		.4byte	.LVL9
 964 008b 0100     		.2byte	0x1
 965 008d 54       		.byte	0x54
 966 008e 00000000 		.4byte	0
 967 0092 00000000 		.4byte	0
 968              		.section	.debug_aranges,"",%progbits
 969 0000 5C000000 		.4byte	0x5c
ARM GAS  C:\Users\Jarik\AppData\Local\Temp\cc9r3bjc.s 			page 26


 970 0004 0200     		.2byte	0x2
 971 0006 00000000 		.4byte	.Ldebug_info0
 972 000a 04       		.byte	0x4
 973 000b 00       		.byte	0
 974 000c 0000     		.2byte	0
 975 000e 0000     		.2byte	0
 976 0010 00000000 		.4byte	.LFB0
 977 0014 0C000000 		.4byte	.LFE0-.LFB0
 978 0018 00000000 		.4byte	.LFB1
 979 001c 10000000 		.4byte	.LFE1-.LFB1
 980 0020 00000000 		.4byte	.LFB2
 981 0024 20000000 		.4byte	.LFE2-.LFB2
 982 0028 00000000 		.4byte	.LFB3
 983 002c 1C000000 		.4byte	.LFE3-.LFB3
 984 0030 00000000 		.4byte	.LFB4
 985 0034 18000000 		.4byte	.LFE4-.LFB4
 986 0038 00000000 		.4byte	.LFB5
 987 003c 10000000 		.4byte	.LFE5-.LFB5
 988 0040 00000000 		.4byte	.LFB6
 989 0044 20000000 		.4byte	.LFE6-.LFB6
 990 0048 00000000 		.4byte	.LFB7
 991 004c 10000000 		.4byte	.LFE7-.LFB7
 992 0050 00000000 		.4byte	.LFB8
 993 0054 10000000 		.4byte	.LFE8-.LFB8
 994 0058 00000000 		.4byte	0
 995 005c 00000000 		.4byte	0
 996              		.section	.debug_ranges,"",%progbits
 997              	.Ldebug_ranges0:
 998 0000 00000000 		.4byte	.LFB0
 999 0004 0C000000 		.4byte	.LFE0
 1000 0008 00000000 		.4byte	.LFB1
 1001 000c 10000000 		.4byte	.LFE1
 1002 0010 00000000 		.4byte	.LFB2
 1003 0014 20000000 		.4byte	.LFE2
 1004 0018 00000000 		.4byte	.LFB3
 1005 001c 1C000000 		.4byte	.LFE3
 1006 0020 00000000 		.4byte	.LFB4
 1007 0024 18000000 		.4byte	.LFE4
 1008 0028 00000000 		.4byte	.LFB5
 1009 002c 10000000 		.4byte	.LFE5
 1010 0030 00000000 		.4byte	.LFB6
 1011 0034 20000000 		.4byte	.LFE6
 1012 0038 00000000 		.4byte	.LFB7
 1013 003c 10000000 		.4byte	.LFE7
 1014 0040 00000000 		.4byte	.LFB8
 1015 0044 10000000 		.4byte	.LFE8
 1016 0048 00000000 		.4byte	0
 1017 004c 00000000 		.4byte	0
 1018              		.section	.debug_line,"",%progbits
 1019              	.Ldebug_line0:
 1020 0000 30010000 		.section	.debug_str,"MS",%progbits,1
 1020      02006400 
 1020      00000201 
 1020      FB0E0D00 
 1020      01010101 
 1021              	.LASF14:
 1022 0000 72656733 		.ascii	"reg32\000"
ARM GAS  C:\Users\Jarik\AppData\Local\Temp\cc9r3bjc.s 			page 27


 1022      3200
 1023              	.LASF25:
 1024 0006 5350495F 		.ascii	"SPI_1_SpiUartGetTxBufferSize\000"
 1024      315F5370 
 1024      69556172 
 1024      74476574 
 1024      54784275 
 1025              	.LASF24:
 1026 0023 636F756E 		.ascii	"count\000"
 1026      7400
 1027              	.LASF22:
 1028 0029 74784461 		.ascii	"txData\000"
 1028      746100
 1029              	.LASF3:
 1030 0030 73686F72 		.ascii	"short unsigned int\000"
 1030      7420756E 
 1030      7369676E 
 1030      65642069 
 1030      6E7400
 1031              	.LASF8:
 1032 0043 756E7369 		.ascii	"unsigned int\000"
 1032      676E6564 
 1032      20696E74 
 1032      00
 1033              	.LASF16:
 1034 0050 5350495F 		.ascii	"SPI_1_SpiUartReadRxData\000"
 1034      315F5370 
 1034      69556172 
 1034      74526561 
 1034      64527844 
 1035              	.LASF33:
 1036 0068 2E5C4765 		.ascii	".\\Generated_Source\\PSoC4\\SPI_1_SPI_UART.c\000"
 1036      6E657261 
 1036      7465645F 
 1036      536F7572 
 1036      63655C50 
 1037              	.LASF17:
 1038 0092 5350495F 		.ascii	"SPI_1_SpiUartGetRxBufferSize\000"
 1038      315F5370 
 1038      69556172 
 1038      74476574 
 1038      52784275 
 1039              	.LASF11:
 1040 00af 666C6F61 		.ascii	"float\000"
 1040      7400
 1041              	.LASF19:
 1042 00b5 73697A65 		.ascii	"size\000"
 1042      00
 1043              	.LASF5:
 1044 00ba 6C6F6E67 		.ascii	"long unsigned int\000"
 1044      20756E73 
 1044      69676E65 
 1044      6420696E 
 1044      7400
 1045              	.LASF9:
 1046 00cc 75696E74 		.ascii	"uint8\000"
 1046      3800
ARM GAS  C:\Users\Jarik\AppData\Local\Temp\cc9r3bjc.s 			page 28


 1047              	.LASF28:
 1048 00d2 5350495F 		.ascii	"SPI_1_SpiUartDisableIntRx\000"
 1048      315F5370 
 1048      69556172 
 1048      74446973 
 1048      61626C65 
 1049              	.LASF18:
 1050 00ec 72784461 		.ascii	"rxData\000"
 1050      746100
 1051              	.LASF23:
 1052 00f3 77724275 		.ascii	"wrBuf\000"
 1052      6600
 1053              	.LASF1:
 1054 00f9 756E7369 		.ascii	"unsigned char\000"
 1054      676E6564 
 1054      20636861 
 1054      7200
 1055              	.LASF12:
 1056 0107 646F7562 		.ascii	"double\000"
 1056      6C6500
 1057              	.LASF10:
 1058 010e 75696E74 		.ascii	"uint32\000"
 1058      333200
 1059              	.LASF27:
 1060 0115 5350495F 		.ascii	"SPI_1_SpiUartClearTxBuffer\000"
 1060      315F5370 
 1060      69556172 
 1060      74436C65 
 1060      61725478 
 1061              	.LASF31:
 1062 0130 696E7453 		.ascii	"intSourceMask\000"
 1062      6F757263 
 1062      654D6173 
 1062      6B00
 1063              	.LASF29:
 1064 013e 696E7453 		.ascii	"intSource\000"
 1064      6F757263 
 1064      6500
 1065              	.LASF7:
 1066 0148 6C6F6E67 		.ascii	"long long unsigned int\000"
 1066      206C6F6E 
 1066      6720756E 
 1066      7369676E 
 1066      65642069 
 1067              	.LASF15:
 1068 015f 73697A65 		.ascii	"sizetype\000"
 1068      74797065 
 1068      00
 1069              	.LASF6:
 1070 0168 6C6F6E67 		.ascii	"long long int\000"
 1070      206C6F6E 
 1070      6720696E 
 1070      7400
 1071              	.LASF13:
 1072 0176 63686172 		.ascii	"char\000"
 1072      00
 1073              	.LASF32:
ARM GAS  C:\Users\Jarik\AppData\Local\Temp\cc9r3bjc.s 			page 29


 1074 017b 474E5520 		.ascii	"GNU C 4.9.3 20150303 (release) [ARM/embedded-4_9-br"
 1074      4320342E 
 1074      392E3320 
 1074      32303135 
 1074      30333033 
 1075 01ae 616E6368 		.ascii	"anch revision 221220] -mcpu=cortex-m0 -mthumb -g -O"
 1075      20726576 
 1075      6973696F 
 1075      6E203232 
 1075      31323230 
 1076 01e1 67202D66 		.ascii	"g -ffunction-sections -ffat-lto-objects\000"
 1076      66756E63 
 1076      74696F6E 
 1076      2D736563 
 1076      74696F6E 
 1077              	.LASF2:
 1078 0209 73686F72 		.ascii	"short int\000"
 1078      7420696E 
 1078      7400
 1079              	.LASF20:
 1080 0213 5350495F 		.ascii	"SPI_1_SpiUartWriteTxData\000"
 1080      315F5370 
 1080      69556172 
 1080      74577269 
 1080      74655478 
 1081              	.LASF4:
 1082 022c 6C6F6E67 		.ascii	"long int\000"
 1082      20696E74 
 1082      00
 1083              	.LASF34:
 1084 0235 453A5C68 		.ascii	"E:\\home\\jarik\\src\\psoc\\mpi_rom_emu\\mpi_rom_em"
 1084      6F6D655C 
 1084      6A617269 
 1084      6B5C7372 
 1084      635C7073 
 1085 0262 752E6379 		.ascii	"u.cydsn\000"
 1085      64736E00 
 1086              	.LASF26:
 1087 026a 5350495F 		.ascii	"SPI_1_SpiUartClearRxBuffer\000"
 1087      315F5370 
 1087      69556172 
 1087      74436C65 
 1087      61725278 
 1088              	.LASF30:
 1089 0285 5350495F 		.ascii	"SPI_1_SpiUartDisableIntTx\000"
 1089      315F5370 
 1089      69556172 
 1089      74446973 
 1089      61626C65 
 1090              	.LASF0:
 1091 029f 7369676E 		.ascii	"signed char\000"
 1091      65642063 
 1091      68617200 
 1092              	.LASF21:
 1093 02ab 5350495F 		.ascii	"SPI_1_SpiUartPutArray\000"
 1093      315F5370 
 1093      69556172 
ARM GAS  C:\Users\Jarik\AppData\Local\Temp\cc9r3bjc.s 			page 30


 1093      74507574 
 1093      41727261 
 1094              		.ident	"GCC: (GNU Tools for ARM Embedded Processors) 4.9.3 20150303 (release) [ARM/embedded-4_9-br
