ARM GAS  C:\Users\Jarik\AppData\Local\Temp\ccxmEgUB.s 			page 1


   1              		.cpu cortex-m0
   2              		.fpu softvfp
   3              		.eabi_attribute 20, 1
   4              		.eabi_attribute 21, 1
   5              		.eabi_attribute 23, 3
   6              		.eabi_attribute 24, 1
   7              		.eabi_attribute 25, 1
   8              		.eabi_attribute 26, 1
   9              		.eabi_attribute 30, 1
  10              		.eabi_attribute 34, 0
  11              		.eabi_attribute 18, 4
  12              		.code	16
  13              		.file	"AD_H.c"
  14              		.text
  15              	.Ltext0:
  16              		.cfi_sections	.debug_frame
  17              		.section	.text.AD_H_Write,"ax",%progbits
  18              		.align	2
  19              		.global	AD_H_Write
  20              		.code	16
  21              		.thumb_func
  22              		.type	AD_H_Write, %function
  23              	AD_H_Write:
  24              	.LFB0:
  25              		.file 1 ".\\Generated_Source\\PSoC4\\AD_H.c"
   1:.\Generated_Source\PSoC4/AD_H.c **** /*******************************************************************************
   2:.\Generated_Source\PSoC4/AD_H.c **** * File Name: AD_H.c  
   3:.\Generated_Source\PSoC4/AD_H.c **** * Version 2.10
   4:.\Generated_Source\PSoC4/AD_H.c **** *
   5:.\Generated_Source\PSoC4/AD_H.c **** * Description:
   6:.\Generated_Source\PSoC4/AD_H.c **** *  This file contains API to enable firmware control of a Pins component.
   7:.\Generated_Source\PSoC4/AD_H.c **** *
   8:.\Generated_Source\PSoC4/AD_H.c **** * Note:
   9:.\Generated_Source\PSoC4/AD_H.c **** *
  10:.\Generated_Source\PSoC4/AD_H.c **** ********************************************************************************
  11:.\Generated_Source\PSoC4/AD_H.c **** * Copyright 2008-2014, Cypress Semiconductor Corporation.  All rights reserved.
  12:.\Generated_Source\PSoC4/AD_H.c **** * You may use this file only in accordance with the license, terms, conditions, 
  13:.\Generated_Source\PSoC4/AD_H.c **** * disclaimers, and limitations in the end user license agreement accompanying 
  14:.\Generated_Source\PSoC4/AD_H.c **** * the software package with which this file was provided.
  15:.\Generated_Source\PSoC4/AD_H.c **** *******************************************************************************/
  16:.\Generated_Source\PSoC4/AD_H.c **** 
  17:.\Generated_Source\PSoC4/AD_H.c **** #include "cytypes.h"
  18:.\Generated_Source\PSoC4/AD_H.c **** #include "AD_H.h"
  19:.\Generated_Source\PSoC4/AD_H.c **** 
  20:.\Generated_Source\PSoC4/AD_H.c **** #define SetP4PinDriveMode(shift, mode)  \
  21:.\Generated_Source\PSoC4/AD_H.c ****     do { \
  22:.\Generated_Source\PSoC4/AD_H.c ****         AD_H_PC =   (AD_H_PC & \
  23:.\Generated_Source\PSoC4/AD_H.c ****                                 (uint32)(~(uint32)(AD_H_DRIVE_MODE_IND_MASK << (AD_H_DRIVE_MODE_BIT
  24:.\Generated_Source\PSoC4/AD_H.c ****                                 (uint32)((uint32)(mode) << (AD_H_DRIVE_MODE_BITS * (shift))); \
  25:.\Generated_Source\PSoC4/AD_H.c ****     } while (0)
  26:.\Generated_Source\PSoC4/AD_H.c **** 
  27:.\Generated_Source\PSoC4/AD_H.c **** 
  28:.\Generated_Source\PSoC4/AD_H.c **** /*******************************************************************************
  29:.\Generated_Source\PSoC4/AD_H.c **** * Function Name: AD_H_Write
  30:.\Generated_Source\PSoC4/AD_H.c **** ********************************************************************************
  31:.\Generated_Source\PSoC4/AD_H.c **** *
  32:.\Generated_Source\PSoC4/AD_H.c **** * Summary:
ARM GAS  C:\Users\Jarik\AppData\Local\Temp\ccxmEgUB.s 			page 2


  33:.\Generated_Source\PSoC4/AD_H.c **** *  Assign a new value to the digital port's data output register.  
  34:.\Generated_Source\PSoC4/AD_H.c **** *
  35:.\Generated_Source\PSoC4/AD_H.c **** * Parameters:  
  36:.\Generated_Source\PSoC4/AD_H.c **** *  prtValue:  The value to be assigned to the Digital Port. 
  37:.\Generated_Source\PSoC4/AD_H.c **** *
  38:.\Generated_Source\PSoC4/AD_H.c **** * Return: 
  39:.\Generated_Source\PSoC4/AD_H.c **** *  None 
  40:.\Generated_Source\PSoC4/AD_H.c **** *  
  41:.\Generated_Source\PSoC4/AD_H.c **** *******************************************************************************/
  42:.\Generated_Source\PSoC4/AD_H.c **** void AD_H_Write(uint8 value) 
  43:.\Generated_Source\PSoC4/AD_H.c **** {
  26              		.loc 1 43 0
  27              		.cfi_startproc
  28              	.LVL0:
  44:.\Generated_Source\PSoC4/AD_H.c ****     uint8 drVal = (uint8)(AD_H_DR & (uint8)(~AD_H_MASK));
  29              		.loc 1 44 0
  30 0000 014B     		ldr	r3, .L2
  31 0002 1A68     		ldr	r2, [r3]
  32              	.LVL1:
  45:.\Generated_Source\PSoC4/AD_H.c ****     drVal = (drVal | ((uint8)(value << AD_H_SHIFT) & AD_H_MASK));
  46:.\Generated_Source\PSoC4/AD_H.c ****     AD_H_DR = (uint32)drVal;
  33              		.loc 1 46 0
  34 0004 1860     		str	r0, [r3]
  47:.\Generated_Source\PSoC4/AD_H.c **** }
  35              		.loc 1 47 0
  36              		@ sp needed
  37 0006 7047     		bx	lr
  38              	.L3:
  39              		.align	2
  40              	.L2:
  41 0008 00000440 		.word	1074003968
  42              		.cfi_endproc
  43              	.LFE0:
  44              		.size	AD_H_Write, .-AD_H_Write
  45              		.section	.text.AD_H_SetDriveMode,"ax",%progbits
  46              		.align	2
  47              		.global	AD_H_SetDriveMode
  48              		.code	16
  49              		.thumb_func
  50              		.type	AD_H_SetDriveMode, %function
  51              	AD_H_SetDriveMode:
  52              	.LFB1:
  48:.\Generated_Source\PSoC4/AD_H.c **** 
  49:.\Generated_Source\PSoC4/AD_H.c **** 
  50:.\Generated_Source\PSoC4/AD_H.c **** /*******************************************************************************
  51:.\Generated_Source\PSoC4/AD_H.c **** * Function Name: AD_H_SetDriveMode
  52:.\Generated_Source\PSoC4/AD_H.c **** ********************************************************************************
  53:.\Generated_Source\PSoC4/AD_H.c **** *
  54:.\Generated_Source\PSoC4/AD_H.c **** * Summary:
  55:.\Generated_Source\PSoC4/AD_H.c **** *  Change the drive mode on the pins of the port.
  56:.\Generated_Source\PSoC4/AD_H.c **** * 
  57:.\Generated_Source\PSoC4/AD_H.c **** * Parameters:  
  58:.\Generated_Source\PSoC4/AD_H.c **** *  mode:  Change the pins to one of the following drive modes.
  59:.\Generated_Source\PSoC4/AD_H.c **** *
  60:.\Generated_Source\PSoC4/AD_H.c **** *  AD_H_DM_STRONG     Strong Drive 
  61:.\Generated_Source\PSoC4/AD_H.c **** *  AD_H_DM_OD_HI      Open Drain, Drives High 
  62:.\Generated_Source\PSoC4/AD_H.c **** *  AD_H_DM_OD_LO      Open Drain, Drives Low 
ARM GAS  C:\Users\Jarik\AppData\Local\Temp\ccxmEgUB.s 			page 3


  63:.\Generated_Source\PSoC4/AD_H.c **** *  AD_H_DM_RES_UP     Resistive Pull Up 
  64:.\Generated_Source\PSoC4/AD_H.c **** *  AD_H_DM_RES_DWN    Resistive Pull Down 
  65:.\Generated_Source\PSoC4/AD_H.c **** *  AD_H_DM_RES_UPDWN  Resistive Pull Up/Down 
  66:.\Generated_Source\PSoC4/AD_H.c **** *  AD_H_DM_DIG_HIZ    High Impedance Digital 
  67:.\Generated_Source\PSoC4/AD_H.c **** *  AD_H_DM_ALG_HIZ    High Impedance Analog 
  68:.\Generated_Source\PSoC4/AD_H.c **** *
  69:.\Generated_Source\PSoC4/AD_H.c **** * Return: 
  70:.\Generated_Source\PSoC4/AD_H.c **** *  None
  71:.\Generated_Source\PSoC4/AD_H.c **** *
  72:.\Generated_Source\PSoC4/AD_H.c **** *******************************************************************************/
  73:.\Generated_Source\PSoC4/AD_H.c **** void AD_H_SetDriveMode(uint8 mode) 
  74:.\Generated_Source\PSoC4/AD_H.c **** {
  53              		.loc 1 74 0
  54              		.cfi_startproc
  55              	.LVL2:
  75:.\Generated_Source\PSoC4/AD_H.c **** 	SetP4PinDriveMode(AD_H__0__SHIFT, mode);
  56              		.loc 1 75 0
  57 0000 184B     		ldr	r3, .L5
  58 0002 1A68     		ldr	r2, [r3]
  59 0004 0721     		mov	r1, #7
  60 0006 8A43     		bic	r2, r1
  61 0008 0243     		orr	r2, r0
  62 000a 1A60     		str	r2, [r3]
  76:.\Generated_Source\PSoC4/AD_H.c **** 	SetP4PinDriveMode(AD_H__1__SHIFT, mode);
  63              		.loc 1 76 0
  64 000c 1A68     		ldr	r2, [r3]
  65 000e 3821     		mov	r1, #56
  66 0010 8A43     		bic	r2, r1
  67 0012 C100     		lsl	r1, r0, #3
  68 0014 0A43     		orr	r2, r1
  69 0016 1A60     		str	r2, [r3]
  77:.\Generated_Source\PSoC4/AD_H.c **** 	SetP4PinDriveMode(AD_H__2__SHIFT, mode);
  70              		.loc 1 77 0
  71 0018 1968     		ldr	r1, [r3]
  72 001a 134A     		ldr	r2, .L5+4
  73 001c 0A40     		and	r2, r1
  74 001e 8101     		lsl	r1, r0, #6
  75 0020 0A43     		orr	r2, r1
  76 0022 1A60     		str	r2, [r3]
  78:.\Generated_Source\PSoC4/AD_H.c **** 	SetP4PinDriveMode(AD_H__3__SHIFT, mode);
  77              		.loc 1 78 0
  78 0024 1968     		ldr	r1, [r3]
  79 0026 114A     		ldr	r2, .L5+8
  80 0028 0A40     		and	r2, r1
  81 002a 4102     		lsl	r1, r0, #9
  82 002c 0A43     		orr	r2, r1
  83 002e 1A60     		str	r2, [r3]
  79:.\Generated_Source\PSoC4/AD_H.c **** 	SetP4PinDriveMode(AD_H__4__SHIFT, mode);
  84              		.loc 1 79 0
  85 0030 1968     		ldr	r1, [r3]
  86 0032 0F4A     		ldr	r2, .L5+12
  87 0034 0A40     		and	r2, r1
  88 0036 0103     		lsl	r1, r0, #12
  89 0038 0A43     		orr	r2, r1
  90 003a 1A60     		str	r2, [r3]
  80:.\Generated_Source\PSoC4/AD_H.c **** 	SetP4PinDriveMode(AD_H__5__SHIFT, mode);
  91              		.loc 1 80 0
ARM GAS  C:\Users\Jarik\AppData\Local\Temp\ccxmEgUB.s 			page 4


  92 003c 1968     		ldr	r1, [r3]
  93 003e 0D4A     		ldr	r2, .L5+16
  94 0040 0A40     		and	r2, r1
  95 0042 C103     		lsl	r1, r0, #15
  96 0044 0A43     		orr	r2, r1
  97 0046 1A60     		str	r2, [r3]
  81:.\Generated_Source\PSoC4/AD_H.c **** 	SetP4PinDriveMode(AD_H__6__SHIFT, mode);
  98              		.loc 1 81 0
  99 0048 1968     		ldr	r1, [r3]
 100 004a 0B4A     		ldr	r2, .L5+20
 101 004c 0A40     		and	r2, r1
 102 004e 8104     		lsl	r1, r0, #18
 103 0050 0A43     		orr	r2, r1
 104 0052 1A60     		str	r2, [r3]
  82:.\Generated_Source\PSoC4/AD_H.c **** 	SetP4PinDriveMode(AD_H__7__SHIFT, mode);
 105              		.loc 1 82 0
 106 0054 1968     		ldr	r1, [r3]
 107 0056 094A     		ldr	r2, .L5+24
 108 0058 1140     		and	r1, r2
 109 005a 4205     		lsl	r2, r0, #21
 110 005c 081C     		mov	r0, r1
 111              	.LVL3:
 112 005e 1043     		orr	r0, r2
 113 0060 1860     		str	r0, [r3]
  83:.\Generated_Source\PSoC4/AD_H.c **** }
 114              		.loc 1 83 0
 115              		@ sp needed
 116 0062 7047     		bx	lr
 117              	.L6:
 118              		.align	2
 119              	.L5:
 120 0064 08000440 		.word	1074003976
 121 0068 3FFEFFFF 		.word	-449
 122 006c FFF1FFFF 		.word	-3585
 123 0070 FF8FFFFF 		.word	-28673
 124 0074 FF7FFCFF 		.word	-229377
 125 0078 FFFFE3FF 		.word	-1835009
 126 007c FFFF1FFF 		.word	-14680065
 127              		.cfi_endproc
 128              	.LFE1:
 129              		.size	AD_H_SetDriveMode, .-AD_H_SetDriveMode
 130              		.section	.text.AD_H_Read,"ax",%progbits
 131              		.align	2
 132              		.global	AD_H_Read
 133              		.code	16
 134              		.thumb_func
 135              		.type	AD_H_Read, %function
 136              	AD_H_Read:
 137              	.LFB2:
  84:.\Generated_Source\PSoC4/AD_H.c **** 
  85:.\Generated_Source\PSoC4/AD_H.c **** 
  86:.\Generated_Source\PSoC4/AD_H.c **** /*******************************************************************************
  87:.\Generated_Source\PSoC4/AD_H.c **** * Function Name: AD_H_Read
  88:.\Generated_Source\PSoC4/AD_H.c **** ********************************************************************************
  89:.\Generated_Source\PSoC4/AD_H.c **** *
  90:.\Generated_Source\PSoC4/AD_H.c **** * Summary:
  91:.\Generated_Source\PSoC4/AD_H.c **** *  Read the current value on the pins of the Digital Port in right justified 
ARM GAS  C:\Users\Jarik\AppData\Local\Temp\ccxmEgUB.s 			page 5


  92:.\Generated_Source\PSoC4/AD_H.c **** *  form.
  93:.\Generated_Source\PSoC4/AD_H.c **** *
  94:.\Generated_Source\PSoC4/AD_H.c **** * Parameters:  
  95:.\Generated_Source\PSoC4/AD_H.c **** *  None 
  96:.\Generated_Source\PSoC4/AD_H.c **** *
  97:.\Generated_Source\PSoC4/AD_H.c **** * Return: 
  98:.\Generated_Source\PSoC4/AD_H.c **** *  Returns the current value of the Digital Port as a right justified number
  99:.\Generated_Source\PSoC4/AD_H.c **** *  
 100:.\Generated_Source\PSoC4/AD_H.c **** * Note:
 101:.\Generated_Source\PSoC4/AD_H.c **** *  Macro AD_H_ReadPS calls this function. 
 102:.\Generated_Source\PSoC4/AD_H.c **** *  
 103:.\Generated_Source\PSoC4/AD_H.c **** *******************************************************************************/
 104:.\Generated_Source\PSoC4/AD_H.c **** uint8 AD_H_Read(void) 
 105:.\Generated_Source\PSoC4/AD_H.c **** {
 138              		.loc 1 105 0
 139              		.cfi_startproc
 106:.\Generated_Source\PSoC4/AD_H.c ****     return (uint8)((AD_H_PS & AD_H_MASK) >> AD_H_SHIFT);
 140              		.loc 1 106 0
 141 0000 014B     		ldr	r3, .L8
 142 0002 1868     		ldr	r0, [r3]
 143 0004 C0B2     		uxtb	r0, r0
 107:.\Generated_Source\PSoC4/AD_H.c **** }
 144              		.loc 1 107 0
 145              		@ sp needed
 146 0006 7047     		bx	lr
 147              	.L9:
 148              		.align	2
 149              	.L8:
 150 0008 04000440 		.word	1074003972
 151              		.cfi_endproc
 152              	.LFE2:
 153              		.size	AD_H_Read, .-AD_H_Read
 154              		.section	.text.AD_H_ReadDataReg,"ax",%progbits
 155              		.align	2
 156              		.global	AD_H_ReadDataReg
 157              		.code	16
 158              		.thumb_func
 159              		.type	AD_H_ReadDataReg, %function
 160              	AD_H_ReadDataReg:
 161              	.LFB3:
 108:.\Generated_Source\PSoC4/AD_H.c **** 
 109:.\Generated_Source\PSoC4/AD_H.c **** 
 110:.\Generated_Source\PSoC4/AD_H.c **** /*******************************************************************************
 111:.\Generated_Source\PSoC4/AD_H.c **** * Function Name: AD_H_ReadDataReg
 112:.\Generated_Source\PSoC4/AD_H.c **** ********************************************************************************
 113:.\Generated_Source\PSoC4/AD_H.c **** *
 114:.\Generated_Source\PSoC4/AD_H.c **** * Summary:
 115:.\Generated_Source\PSoC4/AD_H.c **** *  Read the current value assigned to a Digital Port's data output register
 116:.\Generated_Source\PSoC4/AD_H.c **** *
 117:.\Generated_Source\PSoC4/AD_H.c **** * Parameters:  
 118:.\Generated_Source\PSoC4/AD_H.c **** *  None 
 119:.\Generated_Source\PSoC4/AD_H.c **** *
 120:.\Generated_Source\PSoC4/AD_H.c **** * Return: 
 121:.\Generated_Source\PSoC4/AD_H.c **** *  Returns the current value assigned to the Digital Port's data output register
 122:.\Generated_Source\PSoC4/AD_H.c **** *  
 123:.\Generated_Source\PSoC4/AD_H.c **** *******************************************************************************/
 124:.\Generated_Source\PSoC4/AD_H.c **** uint8 AD_H_ReadDataReg(void) 
ARM GAS  C:\Users\Jarik\AppData\Local\Temp\ccxmEgUB.s 			page 6


 125:.\Generated_Source\PSoC4/AD_H.c **** {
 162              		.loc 1 125 0
 163              		.cfi_startproc
 126:.\Generated_Source\PSoC4/AD_H.c ****     return (uint8)((AD_H_DR & AD_H_MASK) >> AD_H_SHIFT);
 164              		.loc 1 126 0
 165 0000 014B     		ldr	r3, .L11
 166 0002 1868     		ldr	r0, [r3]
 167 0004 C0B2     		uxtb	r0, r0
 127:.\Generated_Source\PSoC4/AD_H.c **** }
 168              		.loc 1 127 0
 169              		@ sp needed
 170 0006 7047     		bx	lr
 171              	.L12:
 172              		.align	2
 173              	.L11:
 174 0008 00000440 		.word	1074003968
 175              		.cfi_endproc
 176              	.LFE3:
 177              		.size	AD_H_ReadDataReg, .-AD_H_ReadDataReg
 178              		.section	.text.AD_H_ClearInterrupt,"ax",%progbits
 179              		.align	2
 180              		.global	AD_H_ClearInterrupt
 181              		.code	16
 182              		.thumb_func
 183              		.type	AD_H_ClearInterrupt, %function
 184              	AD_H_ClearInterrupt:
 185              	.LFB4:
 128:.\Generated_Source\PSoC4/AD_H.c **** 
 129:.\Generated_Source\PSoC4/AD_H.c **** 
 130:.\Generated_Source\PSoC4/AD_H.c **** /* If Interrupts Are Enabled for this Pins component */ 
 131:.\Generated_Source\PSoC4/AD_H.c **** #if defined(AD_H_INTSTAT) 
 132:.\Generated_Source\PSoC4/AD_H.c **** 
 133:.\Generated_Source\PSoC4/AD_H.c ****     /*******************************************************************************
 134:.\Generated_Source\PSoC4/AD_H.c ****     * Function Name: AD_H_ClearInterrupt
 135:.\Generated_Source\PSoC4/AD_H.c ****     ********************************************************************************
 136:.\Generated_Source\PSoC4/AD_H.c ****     *
 137:.\Generated_Source\PSoC4/AD_H.c ****     * Summary:
 138:.\Generated_Source\PSoC4/AD_H.c ****     *  Clears any active interrupts attached to port and returns the value of the 
 139:.\Generated_Source\PSoC4/AD_H.c ****     *  interrupt status register.
 140:.\Generated_Source\PSoC4/AD_H.c ****     *
 141:.\Generated_Source\PSoC4/AD_H.c ****     * Parameters:  
 142:.\Generated_Source\PSoC4/AD_H.c ****     *  None 
 143:.\Generated_Source\PSoC4/AD_H.c ****     *
 144:.\Generated_Source\PSoC4/AD_H.c ****     * Return: 
 145:.\Generated_Source\PSoC4/AD_H.c ****     *  Returns the value of the interrupt status register
 146:.\Generated_Source\PSoC4/AD_H.c ****     *  
 147:.\Generated_Source\PSoC4/AD_H.c ****     *******************************************************************************/
 148:.\Generated_Source\PSoC4/AD_H.c ****     uint8 AD_H_ClearInterrupt(void) 
 149:.\Generated_Source\PSoC4/AD_H.c ****     {
 186              		.loc 1 149 0
 187              		.cfi_startproc
 150:.\Generated_Source\PSoC4/AD_H.c **** 		uint8 maskedStatus = (uint8)(AD_H_INTSTAT & AD_H_MASK);
 188              		.loc 1 150 0
 189 0000 034B     		ldr	r3, .L14
 190 0002 1A68     		ldr	r2, [r3]
 191 0004 D0B2     		uxtb	r0, r2
 192              	.LVL4:
ARM GAS  C:\Users\Jarik\AppData\Local\Temp\ccxmEgUB.s 			page 7


 151:.\Generated_Source\PSoC4/AD_H.c **** 		AD_H_INTSTAT = maskedStatus;
 193              		.loc 1 151 0
 194 0006 FF21     		mov	r1, #255
 195 0008 0A40     		and	r2, r1
 196              	.LVL5:
 197 000a 1A60     		str	r2, [r3]
 152:.\Generated_Source\PSoC4/AD_H.c ****         return maskedStatus >> AD_H_SHIFT;
 153:.\Generated_Source\PSoC4/AD_H.c ****     }
 198              		.loc 1 153 0
 199              		@ sp needed
 200 000c 7047     		bx	lr
 201              	.L15:
 202 000e C046     		.align	2
 203              	.L14:
 204 0010 10000440 		.word	1074003984
 205              		.cfi_endproc
 206              	.LFE4:
 207              		.size	AD_H_ClearInterrupt, .-AD_H_ClearInterrupt
 208              		.text
 209              	.Letext0:
 210              		.file 2 ".\\Generated_Source\\PSoC4\\cytypes.h"
 211              		.section	.debug_info,"",%progbits
 212              	.Ldebug_info0:
 213 0000 48010000 		.4byte	0x148
 214 0004 0400     		.2byte	0x4
 215 0006 00000000 		.4byte	.Ldebug_abbrev0
 216 000a 04       		.byte	0x4
 217 000b 01       		.uleb128 0x1
 218 000c D8000000 		.4byte	.LASF24
 219 0010 01       		.byte	0x1
 220 0011 94000000 		.4byte	.LASF25
 221 0015 A3010000 		.4byte	.LASF26
 222 0019 00000000 		.4byte	.Ldebug_ranges0+0
 223 001d 00000000 		.4byte	0
 224 0021 00000000 		.4byte	.Ldebug_line0
 225 0025 02       		.uleb128 0x2
 226 0026 01       		.byte	0x1
 227 0027 06       		.byte	0x6
 228 0028 D8010000 		.4byte	.LASF0
 229 002c 02       		.uleb128 0x2
 230 002d 01       		.byte	0x1
 231 002e 08       		.byte	0x8
 232 002f 27000000 		.4byte	.LASF1
 233 0033 02       		.uleb128 0x2
 234 0034 02       		.byte	0x2
 235 0035 05       		.byte	0x5
 236 0036 79010000 		.4byte	.LASF2
 237 003a 02       		.uleb128 0x2
 238 003b 02       		.byte	0x2
 239 003c 07       		.byte	0x7
 240 003d 4D000000 		.4byte	.LASF3
 241 0041 02       		.uleb128 0x2
 242 0042 04       		.byte	0x4
 243 0043 05       		.byte	0x5
 244 0044 9A010000 		.4byte	.LASF4
 245 0048 02       		.uleb128 0x2
 246 0049 04       		.byte	0x4
ARM GAS  C:\Users\Jarik\AppData\Local\Temp\ccxmEgUB.s 			page 8


 247 004a 07       		.byte	0x7
 248 004b 3B000000 		.4byte	.LASF5
 249 004f 02       		.uleb128 0x2
 250 0050 08       		.byte	0x8
 251 0051 05       		.byte	0x5
 252 0052 59010000 		.4byte	.LASF6
 253 0056 02       		.uleb128 0x2
 254 0057 08       		.byte	0x8
 255 0058 07       		.byte	0x7
 256 0059 C1000000 		.4byte	.LASF7
 257 005d 03       		.uleb128 0x3
 258 005e 04       		.byte	0x4
 259 005f 05       		.byte	0x5
 260 0060 696E7400 		.ascii	"int\000"
 261 0064 02       		.uleb128 0x2
 262 0065 04       		.byte	0x4
 263 0066 07       		.byte	0x7
 264 0067 B4000000 		.4byte	.LASF8
 265 006b 04       		.uleb128 0x4
 266 006c 83010000 		.4byte	.LASF9
 267 0070 02       		.byte	0x2
 268 0071 A1       		.byte	0xa1
 269 0072 2C000000 		.4byte	0x2c
 270 0076 04       		.uleb128 0x4
 271 0077 8D000000 		.4byte	.LASF10
 272 007b 02       		.byte	0x2
 273 007c A3       		.byte	0xa3
 274 007d 48000000 		.4byte	0x48
 275 0081 02       		.uleb128 0x2
 276 0082 04       		.byte	0x4
 277 0083 04       		.byte	0x4
 278 0084 21000000 		.4byte	.LASF11
 279 0088 02       		.uleb128 0x2
 280 0089 08       		.byte	0x8
 281 008a 04       		.byte	0x4
 282 008b 74000000 		.4byte	.LASF12
 283 008f 02       		.uleb128 0x2
 284 0090 01       		.byte	0x1
 285 0091 08       		.byte	0x8
 286 0092 74010000 		.4byte	.LASF13
 287 0096 05       		.uleb128 0x5
 288 0097 00000000 		.4byte	.LASF14
 289 009b 02       		.byte	0x2
 290 009c 4D01     		.2byte	0x14d
 291 009e A2000000 		.4byte	0xa2
 292 00a2 06       		.uleb128 0x6
 293 00a3 76000000 		.4byte	0x76
 294 00a7 07       		.uleb128 0x7
 295 00a8 0C000000 		.4byte	.LASF15
 296 00ac 01       		.byte	0x1
 297 00ad 2A       		.byte	0x2a
 298 00ae 00000000 		.4byte	.LFB0
 299 00b2 0C000000 		.4byte	.LFE0-.LFB0
 300 00b6 01       		.uleb128 0x1
 301 00b7 9C       		.byte	0x9c
 302 00b8 D7000000 		.4byte	0xd7
 303 00bc 08       		.uleb128 0x8
ARM GAS  C:\Users\Jarik\AppData\Local\Temp\ccxmEgUB.s 			page 9


 304 00bd 06000000 		.4byte	.LASF17
 305 00c1 01       		.byte	0x1
 306 00c2 2A       		.byte	0x2a
 307 00c3 6B000000 		.4byte	0x6b
 308 00c7 01       		.uleb128 0x1
 309 00c8 50       		.byte	0x50
 310 00c9 09       		.uleb128 0x9
 311 00ca 35000000 		.4byte	.LASF22
 312 00ce 01       		.byte	0x1
 313 00cf 2C       		.byte	0x2c
 314 00d0 6B000000 		.4byte	0x6b
 315 00d4 01       		.uleb128 0x1
 316 00d5 50       		.byte	0x50
 317 00d6 00       		.byte	0
 318 00d7 07       		.uleb128 0x7
 319 00d8 7B000000 		.4byte	.LASF16
 320 00dc 01       		.byte	0x1
 321 00dd 49       		.byte	0x49
 322 00de 00000000 		.4byte	.LFB1
 323 00e2 80000000 		.4byte	.LFE1-.LFB1
 324 00e6 01       		.uleb128 0x1
 325 00e7 9C       		.byte	0x9c
 326 00e8 FC000000 		.4byte	0xfc
 327 00ec 0A       		.uleb128 0xa
 328 00ed 54010000 		.4byte	.LASF18
 329 00f1 01       		.byte	0x1
 330 00f2 49       		.byte	0x49
 331 00f3 6B000000 		.4byte	0x6b
 332 00f7 00000000 		.4byte	.LLST0
 333 00fb 00       		.byte	0
 334 00fc 0B       		.uleb128 0xb
 335 00fd 17000000 		.4byte	.LASF19
 336 0101 01       		.byte	0x1
 337 0102 68       		.byte	0x68
 338 0103 6B000000 		.4byte	0x6b
 339 0107 00000000 		.4byte	.LFB2
 340 010b 0C000000 		.4byte	.LFE2-.LFB2
 341 010f 01       		.uleb128 0x1
 342 0110 9C       		.byte	0x9c
 343 0111 0B       		.uleb128 0xb
 344 0112 89010000 		.4byte	.LASF20
 345 0116 01       		.byte	0x1
 346 0117 7C       		.byte	0x7c
 347 0118 6B000000 		.4byte	0x6b
 348 011c 00000000 		.4byte	.LFB3
 349 0120 0C000000 		.4byte	.LFE3-.LFB3
 350 0124 01       		.uleb128 0x1
 351 0125 9C       		.byte	0x9c
 352 0126 0C       		.uleb128 0xc
 353 0127 60000000 		.4byte	.LASF21
 354 012b 01       		.byte	0x1
 355 012c 94       		.byte	0x94
 356 012d 6B000000 		.4byte	0x6b
 357 0131 00000000 		.4byte	.LFB4
 358 0135 14000000 		.4byte	.LFE4-.LFB4
 359 0139 01       		.uleb128 0x1
 360 013a 9C       		.byte	0x9c
ARM GAS  C:\Users\Jarik\AppData\Local\Temp\ccxmEgUB.s 			page 10


 361 013b 0D       		.uleb128 0xd
 362 013c 67010000 		.4byte	.LASF23
 363 0140 01       		.byte	0x1
 364 0141 96       		.byte	0x96
 365 0142 6B000000 		.4byte	0x6b
 366 0146 21000000 		.4byte	.LLST1
 367 014a 00       		.byte	0
 368 014b 00       		.byte	0
 369              		.section	.debug_abbrev,"",%progbits
 370              	.Ldebug_abbrev0:
 371 0000 01       		.uleb128 0x1
 372 0001 11       		.uleb128 0x11
 373 0002 01       		.byte	0x1
 374 0003 25       		.uleb128 0x25
 375 0004 0E       		.uleb128 0xe
 376 0005 13       		.uleb128 0x13
 377 0006 0B       		.uleb128 0xb
 378 0007 03       		.uleb128 0x3
 379 0008 0E       		.uleb128 0xe
 380 0009 1B       		.uleb128 0x1b
 381 000a 0E       		.uleb128 0xe
 382 000b 55       		.uleb128 0x55
 383 000c 17       		.uleb128 0x17
 384 000d 11       		.uleb128 0x11
 385 000e 01       		.uleb128 0x1
 386 000f 10       		.uleb128 0x10
 387 0010 17       		.uleb128 0x17
 388 0011 00       		.byte	0
 389 0012 00       		.byte	0
 390 0013 02       		.uleb128 0x2
 391 0014 24       		.uleb128 0x24
 392 0015 00       		.byte	0
 393 0016 0B       		.uleb128 0xb
 394 0017 0B       		.uleb128 0xb
 395 0018 3E       		.uleb128 0x3e
 396 0019 0B       		.uleb128 0xb
 397 001a 03       		.uleb128 0x3
 398 001b 0E       		.uleb128 0xe
 399 001c 00       		.byte	0
 400 001d 00       		.byte	0
 401 001e 03       		.uleb128 0x3
 402 001f 24       		.uleb128 0x24
 403 0020 00       		.byte	0
 404 0021 0B       		.uleb128 0xb
 405 0022 0B       		.uleb128 0xb
 406 0023 3E       		.uleb128 0x3e
 407 0024 0B       		.uleb128 0xb
 408 0025 03       		.uleb128 0x3
 409 0026 08       		.uleb128 0x8
 410 0027 00       		.byte	0
 411 0028 00       		.byte	0
 412 0029 04       		.uleb128 0x4
 413 002a 16       		.uleb128 0x16
 414 002b 00       		.byte	0
 415 002c 03       		.uleb128 0x3
 416 002d 0E       		.uleb128 0xe
 417 002e 3A       		.uleb128 0x3a
ARM GAS  C:\Users\Jarik\AppData\Local\Temp\ccxmEgUB.s 			page 11


 418 002f 0B       		.uleb128 0xb
 419 0030 3B       		.uleb128 0x3b
 420 0031 0B       		.uleb128 0xb
 421 0032 49       		.uleb128 0x49
 422 0033 13       		.uleb128 0x13
 423 0034 00       		.byte	0
 424 0035 00       		.byte	0
 425 0036 05       		.uleb128 0x5
 426 0037 16       		.uleb128 0x16
 427 0038 00       		.byte	0
 428 0039 03       		.uleb128 0x3
 429 003a 0E       		.uleb128 0xe
 430 003b 3A       		.uleb128 0x3a
 431 003c 0B       		.uleb128 0xb
 432 003d 3B       		.uleb128 0x3b
 433 003e 05       		.uleb128 0x5
 434 003f 49       		.uleb128 0x49
 435 0040 13       		.uleb128 0x13
 436 0041 00       		.byte	0
 437 0042 00       		.byte	0
 438 0043 06       		.uleb128 0x6
 439 0044 35       		.uleb128 0x35
 440 0045 00       		.byte	0
 441 0046 49       		.uleb128 0x49
 442 0047 13       		.uleb128 0x13
 443 0048 00       		.byte	0
 444 0049 00       		.byte	0
 445 004a 07       		.uleb128 0x7
 446 004b 2E       		.uleb128 0x2e
 447 004c 01       		.byte	0x1
 448 004d 3F       		.uleb128 0x3f
 449 004e 19       		.uleb128 0x19
 450 004f 03       		.uleb128 0x3
 451 0050 0E       		.uleb128 0xe
 452 0051 3A       		.uleb128 0x3a
 453 0052 0B       		.uleb128 0xb
 454 0053 3B       		.uleb128 0x3b
 455 0054 0B       		.uleb128 0xb
 456 0055 27       		.uleb128 0x27
 457 0056 19       		.uleb128 0x19
 458 0057 11       		.uleb128 0x11
 459 0058 01       		.uleb128 0x1
 460 0059 12       		.uleb128 0x12
 461 005a 06       		.uleb128 0x6
 462 005b 40       		.uleb128 0x40
 463 005c 18       		.uleb128 0x18
 464 005d 9742     		.uleb128 0x2117
 465 005f 19       		.uleb128 0x19
 466 0060 01       		.uleb128 0x1
 467 0061 13       		.uleb128 0x13
 468 0062 00       		.byte	0
 469 0063 00       		.byte	0
 470 0064 08       		.uleb128 0x8
 471 0065 05       		.uleb128 0x5
 472 0066 00       		.byte	0
 473 0067 03       		.uleb128 0x3
 474 0068 0E       		.uleb128 0xe
ARM GAS  C:\Users\Jarik\AppData\Local\Temp\ccxmEgUB.s 			page 12


 475 0069 3A       		.uleb128 0x3a
 476 006a 0B       		.uleb128 0xb
 477 006b 3B       		.uleb128 0x3b
 478 006c 0B       		.uleb128 0xb
 479 006d 49       		.uleb128 0x49
 480 006e 13       		.uleb128 0x13
 481 006f 02       		.uleb128 0x2
 482 0070 18       		.uleb128 0x18
 483 0071 00       		.byte	0
 484 0072 00       		.byte	0
 485 0073 09       		.uleb128 0x9
 486 0074 34       		.uleb128 0x34
 487 0075 00       		.byte	0
 488 0076 03       		.uleb128 0x3
 489 0077 0E       		.uleb128 0xe
 490 0078 3A       		.uleb128 0x3a
 491 0079 0B       		.uleb128 0xb
 492 007a 3B       		.uleb128 0x3b
 493 007b 0B       		.uleb128 0xb
 494 007c 49       		.uleb128 0x49
 495 007d 13       		.uleb128 0x13
 496 007e 02       		.uleb128 0x2
 497 007f 18       		.uleb128 0x18
 498 0080 00       		.byte	0
 499 0081 00       		.byte	0
 500 0082 0A       		.uleb128 0xa
 501 0083 05       		.uleb128 0x5
 502 0084 00       		.byte	0
 503 0085 03       		.uleb128 0x3
 504 0086 0E       		.uleb128 0xe
 505 0087 3A       		.uleb128 0x3a
 506 0088 0B       		.uleb128 0xb
 507 0089 3B       		.uleb128 0x3b
 508 008a 0B       		.uleb128 0xb
 509 008b 49       		.uleb128 0x49
 510 008c 13       		.uleb128 0x13
 511 008d 02       		.uleb128 0x2
 512 008e 17       		.uleb128 0x17
 513 008f 00       		.byte	0
 514 0090 00       		.byte	0
 515 0091 0B       		.uleb128 0xb
 516 0092 2E       		.uleb128 0x2e
 517 0093 00       		.byte	0
 518 0094 3F       		.uleb128 0x3f
 519 0095 19       		.uleb128 0x19
 520 0096 03       		.uleb128 0x3
 521 0097 0E       		.uleb128 0xe
 522 0098 3A       		.uleb128 0x3a
 523 0099 0B       		.uleb128 0xb
 524 009a 3B       		.uleb128 0x3b
 525 009b 0B       		.uleb128 0xb
 526 009c 27       		.uleb128 0x27
 527 009d 19       		.uleb128 0x19
 528 009e 49       		.uleb128 0x49
 529 009f 13       		.uleb128 0x13
 530 00a0 11       		.uleb128 0x11
 531 00a1 01       		.uleb128 0x1
ARM GAS  C:\Users\Jarik\AppData\Local\Temp\ccxmEgUB.s 			page 13


 532 00a2 12       		.uleb128 0x12
 533 00a3 06       		.uleb128 0x6
 534 00a4 40       		.uleb128 0x40
 535 00a5 18       		.uleb128 0x18
 536 00a6 9742     		.uleb128 0x2117
 537 00a8 19       		.uleb128 0x19
 538 00a9 00       		.byte	0
 539 00aa 00       		.byte	0
 540 00ab 0C       		.uleb128 0xc
 541 00ac 2E       		.uleb128 0x2e
 542 00ad 01       		.byte	0x1
 543 00ae 3F       		.uleb128 0x3f
 544 00af 19       		.uleb128 0x19
 545 00b0 03       		.uleb128 0x3
 546 00b1 0E       		.uleb128 0xe
 547 00b2 3A       		.uleb128 0x3a
 548 00b3 0B       		.uleb128 0xb
 549 00b4 3B       		.uleb128 0x3b
 550 00b5 0B       		.uleb128 0xb
 551 00b6 27       		.uleb128 0x27
 552 00b7 19       		.uleb128 0x19
 553 00b8 49       		.uleb128 0x49
 554 00b9 13       		.uleb128 0x13
 555 00ba 11       		.uleb128 0x11
 556 00bb 01       		.uleb128 0x1
 557 00bc 12       		.uleb128 0x12
 558 00bd 06       		.uleb128 0x6
 559 00be 40       		.uleb128 0x40
 560 00bf 18       		.uleb128 0x18
 561 00c0 9742     		.uleb128 0x2117
 562 00c2 19       		.uleb128 0x19
 563 00c3 00       		.byte	0
 564 00c4 00       		.byte	0
 565 00c5 0D       		.uleb128 0xd
 566 00c6 34       		.uleb128 0x34
 567 00c7 00       		.byte	0
 568 00c8 03       		.uleb128 0x3
 569 00c9 0E       		.uleb128 0xe
 570 00ca 3A       		.uleb128 0x3a
 571 00cb 0B       		.uleb128 0xb
 572 00cc 3B       		.uleb128 0x3b
 573 00cd 0B       		.uleb128 0xb
 574 00ce 49       		.uleb128 0x49
 575 00cf 13       		.uleb128 0x13
 576 00d0 02       		.uleb128 0x2
 577 00d1 17       		.uleb128 0x17
 578 00d2 00       		.byte	0
 579 00d3 00       		.byte	0
 580 00d4 00       		.byte	0
 581              		.section	.debug_loc,"",%progbits
 582              	.Ldebug_loc0:
 583              	.LLST0:
 584 0000 00000000 		.4byte	.LVL2
 585 0004 5E000000 		.4byte	.LVL3
 586 0008 0100     		.2byte	0x1
 587 000a 50       		.byte	0x50
 588 000b 5E000000 		.4byte	.LVL3
ARM GAS  C:\Users\Jarik\AppData\Local\Temp\ccxmEgUB.s 			page 14


 589 000f 80000000 		.4byte	.LFE1
 590 0013 0400     		.2byte	0x4
 591 0015 F3       		.byte	0xf3
 592 0016 01       		.uleb128 0x1
 593 0017 50       		.byte	0x50
 594 0018 9F       		.byte	0x9f
 595 0019 00000000 		.4byte	0
 596 001d 00000000 		.4byte	0
 597              	.LLST1:
 598 0021 06000000 		.4byte	.LVL4
 599 0025 0A000000 		.4byte	.LVL5
 600 0029 0100     		.2byte	0x1
 601 002b 52       		.byte	0x52
 602 002c 0A000000 		.4byte	.LVL5
 603 0030 14000000 		.4byte	.LFE4
 604 0034 0100     		.2byte	0x1
 605 0036 50       		.byte	0x50
 606 0037 00000000 		.4byte	0
 607 003b 00000000 		.4byte	0
 608              		.section	.debug_aranges,"",%progbits
 609 0000 3C000000 		.4byte	0x3c
 610 0004 0200     		.2byte	0x2
 611 0006 00000000 		.4byte	.Ldebug_info0
 612 000a 04       		.byte	0x4
 613 000b 00       		.byte	0
 614 000c 0000     		.2byte	0
 615 000e 0000     		.2byte	0
 616 0010 00000000 		.4byte	.LFB0
 617 0014 0C000000 		.4byte	.LFE0-.LFB0
 618 0018 00000000 		.4byte	.LFB1
 619 001c 80000000 		.4byte	.LFE1-.LFB1
 620 0020 00000000 		.4byte	.LFB2
 621 0024 0C000000 		.4byte	.LFE2-.LFB2
 622 0028 00000000 		.4byte	.LFB3
 623 002c 0C000000 		.4byte	.LFE3-.LFB3
 624 0030 00000000 		.4byte	.LFB4
 625 0034 14000000 		.4byte	.LFE4-.LFB4
 626 0038 00000000 		.4byte	0
 627 003c 00000000 		.4byte	0
 628              		.section	.debug_ranges,"",%progbits
 629              	.Ldebug_ranges0:
 630 0000 00000000 		.4byte	.LFB0
 631 0004 0C000000 		.4byte	.LFE0
 632 0008 00000000 		.4byte	.LFB1
 633 000c 80000000 		.4byte	.LFE1
 634 0010 00000000 		.4byte	.LFB2
 635 0014 0C000000 		.4byte	.LFE2
 636 0018 00000000 		.4byte	.LFB3
 637 001c 0C000000 		.4byte	.LFE3
 638 0020 00000000 		.4byte	.LFB4
 639 0024 14000000 		.4byte	.LFE4
 640 0028 00000000 		.4byte	0
 641 002c 00000000 		.4byte	0
 642              		.section	.debug_line,"",%progbits
 643              	.Ldebug_line0:
 644 0000 AB000000 		.section	.debug_str,"MS",%progbits,1
 644      02004300 
ARM GAS  C:\Users\Jarik\AppData\Local\Temp\ccxmEgUB.s 			page 15


 644      00000201 
 644      FB0E0D00 
 644      01010101 
 645              	.LASF14:
 646 0000 72656733 		.ascii	"reg32\000"
 646      3200
 647              	.LASF17:
 648 0006 76616C75 		.ascii	"value\000"
 648      6500
 649              	.LASF15:
 650 000c 41445F48 		.ascii	"AD_H_Write\000"
 650      5F577269 
 650      746500
 651              	.LASF19:
 652 0017 41445F48 		.ascii	"AD_H_Read\000"
 652      5F526561 
 652      6400
 653              	.LASF11:
 654 0021 666C6F61 		.ascii	"float\000"
 654      7400
 655              	.LASF1:
 656 0027 756E7369 		.ascii	"unsigned char\000"
 656      676E6564 
 656      20636861 
 656      7200
 657              	.LASF22:
 658 0035 64725661 		.ascii	"drVal\000"
 658      6C00
 659              	.LASF5:
 660 003b 6C6F6E67 		.ascii	"long unsigned int\000"
 660      20756E73 
 660      69676E65 
 660      6420696E 
 660      7400
 661              	.LASF3:
 662 004d 73686F72 		.ascii	"short unsigned int\000"
 662      7420756E 
 662      7369676E 
 662      65642069 
 662      6E7400
 663              	.LASF21:
 664 0060 41445F48 		.ascii	"AD_H_ClearInterrupt\000"
 664      5F436C65 
 664      6172496E 
 664      74657272 
 664      75707400 
 665              	.LASF12:
 666 0074 646F7562 		.ascii	"double\000"
 666      6C6500
 667              	.LASF16:
 668 007b 41445F48 		.ascii	"AD_H_SetDriveMode\000"
 668      5F536574 
 668      44726976 
 668      654D6F64 
 668      6500
 669              	.LASF10:
 670 008d 75696E74 		.ascii	"uint32\000"
ARM GAS  C:\Users\Jarik\AppData\Local\Temp\ccxmEgUB.s 			page 16


 670      333200
 671              	.LASF25:
 672 0094 2E5C4765 		.ascii	".\\Generated_Source\\PSoC4\\AD_H.c\000"
 672      6E657261 
 672      7465645F 
 672      536F7572 
 672      63655C50 
 673              	.LASF8:
 674 00b4 756E7369 		.ascii	"unsigned int\000"
 674      676E6564 
 674      20696E74 
 674      00
 675              	.LASF7:
 676 00c1 6C6F6E67 		.ascii	"long long unsigned int\000"
 676      206C6F6E 
 676      6720756E 
 676      7369676E 
 676      65642069 
 677              	.LASF24:
 678 00d8 474E5520 		.ascii	"GNU C 4.8.4 20140526 (release) [ARM/embedded-4_8-br"
 678      4320342E 
 678      382E3420 
 678      32303134 
 678      30353236 
 679 010b 616E6368 		.ascii	"anch revision 211358] -mcpu=cortex-m0 -mthumb -g -O"
 679      20726576 
 679      6973696F 
 679      6E203231 
 679      31333538 
 680 013e 67202D66 		.ascii	"g -ffunction-sections\000"
 680      66756E63 
 680      74696F6E 
 680      2D736563 
 680      74696F6E 
 681              	.LASF18:
 682 0154 6D6F6465 		.ascii	"mode\000"
 682      00
 683              	.LASF6:
 684 0159 6C6F6E67 		.ascii	"long long int\000"
 684      206C6F6E 
 684      6720696E 
 684      7400
 685              	.LASF23:
 686 0167 6D61736B 		.ascii	"maskedStatus\000"
 686      65645374 
 686      61747573 
 686      00
 687              	.LASF13:
 688 0174 63686172 		.ascii	"char\000"
 688      00
 689              	.LASF2:
 690 0179 73686F72 		.ascii	"short int\000"
 690      7420696E 
 690      7400
 691              	.LASF9:
 692 0183 75696E74 		.ascii	"uint8\000"
 692      3800
ARM GAS  C:\Users\Jarik\AppData\Local\Temp\ccxmEgUB.s 			page 17


 693              	.LASF20:
 694 0189 41445F48 		.ascii	"AD_H_ReadDataReg\000"
 694      5F526561 
 694      64446174 
 694      61526567 
 694      00
 695              	.LASF4:
 696 019a 6C6F6E67 		.ascii	"long int\000"
 696      20696E74 
 696      00
 697              	.LASF26:
 698 01a3 453A5C68 		.ascii	"E:\\home\\jarik\\src\\psoc\\mpi_rom_emu\\mpi_rom_em"
 698      6F6D655C 
 698      6A617269 
 698      6B5C7372 
 698      635C7073 
 699 01d0 752E6379 		.ascii	"u.cydsn\000"
 699      64736E00 
 700              	.LASF0:
 701 01d8 7369676E 		.ascii	"signed char\000"
 701      65642063 
 701      68617200 
 702              		.ident	"GCC: (GNU Tools for ARM Embedded Processors) 4.8.4 20140526 (release) [ARM/embedded-4_8-br
