ARM GAS  C:\Users\Jarik\AppData\Local\Temp\cc1sI7lU.s 			page 1


   1              		.cpu cortex-m0
   2              		.fpu softvfp
   3              		.eabi_attribute 20, 1
   4              		.eabi_attribute 21, 1
   5              		.eabi_attribute 23, 3
   6              		.eabi_attribute 24, 1
   7              		.eabi_attribute 25, 1
   8              		.eabi_attribute 26, 1
   9              		.eabi_attribute 30, 1
  10              		.eabi_attribute 34, 0
  11              		.eabi_attribute 18, 4
  12              		.code	16
  13              		.file	"SPI_routines.c"
  14              		.text
  15              	.Ltext0:
  16              		.cfi_sections	.debug_frame
  17              		.section	.text.spi_init,"ax",%progbits
  18              		.align	2
  19              		.global	spi_init
  20              		.code	16
  21              		.thumb_func
  22              		.type	spi_init, %function
  23              	spi_init:
  24              	.LFB33:
  25              		.file 1 ".\\sd\\SPI_routines.c"
   1:.\sd/SPI_routines.c **** //**************************************************************
   2:.\sd/SPI_routines.c **** // ****** FUNCTIONS FOR SPI COMMUNICATION *******
   3:.\sd/SPI_routines.c **** //**************************************************************
   4:.\sd/SPI_routines.c **** //**************************************************
   5:.\sd/SPI_routines.c **** // ***** SOURCE FILE : SPI_routines.c ******
   6:.\sd/SPI_routines.c **** //**************************************************
   7:.\sd/SPI_routines.c **** #include <project.h>
   8:.\sd/SPI_routines.c **** #include "sd/SPI_routines.h"
   9:.\sd/SPI_routines.c **** 
  10:.\sd/SPI_routines.c **** //SPI initialize for SD card
  11:.\sd/SPI_routines.c **** 
  12:.\sd/SPI_routines.c **** void spi_init(void)
  13:.\sd/SPI_routines.c **** {
  26              		.loc 1 13 0
  27              		.cfi_startproc
  28 0000 08B5     		push	{r3, lr}
  29              		.cfi_def_cfa_offset 8
  30              		.cfi_offset 3, -8
  31              		.cfi_offset 14, -4
  14:.\sd/SPI_routines.c **** 	SPI_1_Start();
  32              		.loc 1 14 0
  33 0002 FFF7FEFF 		bl	SPI_1_Start
  34              	.LVL0:
  15:.\sd/SPI_routines.c ****     
  16:.\sd/SPI_routines.c **** }
  35              		.loc 1 16 0
  36              		@ sp needed
  37 0006 08BD     		pop	{r3, pc}
  38              		.cfi_endproc
  39              	.LFE33:
  40              		.size	spi_init, .-spi_init
  41              		.section	.text.SPI_transmit,"ax",%progbits
ARM GAS  C:\Users\Jarik\AppData\Local\Temp\cc1sI7lU.s 			page 2


  42              		.align	2
  43              		.global	SPI_transmit
  44              		.code	16
  45              		.thumb_func
  46              		.type	SPI_transmit, %function
  47              	SPI_transmit:
  48              	.LFB34:
  17:.\sd/SPI_routines.c **** 
  18:.\sd/SPI_routines.c **** unsigned char SPI_transmit(unsigned char data)
  19:.\sd/SPI_routines.c **** {
  49              		.loc 1 19 0
  50              		.cfi_startproc
  51              	.LVL1:
  52 0000 08B5     		push	{r3, lr}
  53              		.cfi_def_cfa_offset 8
  54              		.cfi_offset 3, -8
  55              		.cfi_offset 14, -4
  20:.\sd/SPI_routines.c ****     SPI_1_SpiUartWriteTxData(data);
  56              		.loc 1 20 0
  57 0002 FFF7FEFF 		bl	SPI_1_SpiUartWriteTxData
  58              	.LVL2:
  59              	.L3:
  21:.\sd/SPI_routines.c ****     while(SPI_1_SpiUartGetTxBufferSize()!=0);
  60              		.loc 1 21 0 discriminator 1
  61 0006 FFF7FEFF 		bl	SPI_1_SpiUartGetTxBufferSize
  62              	.LVL3:
  63 000a 0028     		cmp	r0, #0
  64 000c FBD1     		bne	.L3
  65              	.L5:
  22:.\sd/SPI_routines.c ****     while(SPI_1_SpiUartGetRxBufferSize()==0);
  66              		.loc 1 22 0 discriminator 1
  67 000e FFF7FEFF 		bl	SPI_1_SpiUartGetRxBufferSize
  68              	.LVL4:
  69 0012 0028     		cmp	r0, #0
  70 0014 FBD0     		beq	.L5
  23:.\sd/SPI_routines.c ****     return SPI_1_SpiUartReadRxData();
  71              		.loc 1 23 0
  72 0016 FFF7FEFF 		bl	SPI_1_SpiUartReadRxData
  73              	.LVL5:
  74 001a C0B2     		uxtb	r0, r0
  24:.\sd/SPI_routines.c **** }
  75              		.loc 1 24 0
  76              		@ sp needed
  77 001c 08BD     		pop	{r3, pc}
  78              		.cfi_endproc
  79              	.LFE34:
  80              		.size	SPI_transmit, .-SPI_transmit
  81 001e C046     		.section	.text.SPI_receive,"ax",%progbits
  82              		.align	2
  83              		.global	SPI_receive
  84              		.code	16
  85              		.thumb_func
  86              		.type	SPI_receive, %function
  87              	SPI_receive:
  88              	.LFB35:
  25:.\sd/SPI_routines.c **** 
  26:.\sd/SPI_routines.c **** unsigned char SPI_receive(void)
ARM GAS  C:\Users\Jarik\AppData\Local\Temp\cc1sI7lU.s 			page 3


  27:.\sd/SPI_routines.c **** {
  89              		.loc 1 27 0
  90              		.cfi_startproc
  91 0000 08B5     		push	{r3, lr}
  92              		.cfi_def_cfa_offset 8
  93              		.cfi_offset 3, -8
  94              		.cfi_offset 14, -4
  28:.\sd/SPI_routines.c ****    return  SPI_transmit(0xff);
  95              		.loc 1 28 0
  96 0002 FF20     		mov	r0, #255
  97 0004 FFF7FEFF 		bl	SPI_transmit
  98              	.LVL6:
  29:.\sd/SPI_routines.c **** }
  99              		.loc 1 29 0
 100              		@ sp needed
 101 0008 08BD     		pop	{r3, pc}
 102              		.cfi_endproc
 103              	.LFE35:
 104              		.size	SPI_receive, .-SPI_receive
 105 000a C046     		.text
 106              	.Letext0:
 107              		.file 2 "Generated_Source\\PSoC4/SPI_1_SPI_UART.h"
 108              		.file 3 "Generated_Source\\PSoC4/cytypes.h"
 109              		.file 4 "Generated_Source\\PSoC4/SPI_1.h"
 110              		.section	.debug_info,"",%progbits
 111              	.Ldebug_info0:
 112 0000 62010000 		.4byte	0x162
 113 0004 0400     		.2byte	0x4
 114 0006 00000000 		.4byte	.Ldebug_abbrev0
 115 000a 04       		.byte	0x4
 116 000b 01       		.uleb128 0x1
 117 000c 5B010000 		.4byte	.LASF18
 118 0010 01       		.byte	0x1
 119 0011 74000000 		.4byte	.LASF19
 120 0015 B9000000 		.4byte	.LASF20
 121 0019 00000000 		.4byte	.Ldebug_ranges0+0
 122 001d 00000000 		.4byte	0
 123 0021 00000000 		.4byte	.Ldebug_line0
 124 0025 02       		.uleb128 0x2
 125 0026 01       		.byte	0x1
 126 0027 06       		.byte	0x6
 127 0028 36010000 		.4byte	.LASF0
 128 002c 02       		.uleb128 0x2
 129 002d 01       		.byte	0x1
 130 002e 08       		.byte	0x8
 131 002f F3000000 		.4byte	.LASF1
 132 0033 02       		.uleb128 0x2
 133 0034 02       		.byte	0x2
 134 0035 05       		.byte	0x5
 135 0036 51010000 		.4byte	.LASF2
 136 003a 02       		.uleb128 0x2
 137 003b 02       		.byte	0x2
 138 003c 07       		.byte	0x7
 139 003d 23010000 		.4byte	.LASF3
 140 0041 02       		.uleb128 0x2
 141 0042 04       		.byte	0x4
 142 0043 05       		.byte	0x5
ARM GAS  C:\Users\Jarik\AppData\Local\Temp\cc1sI7lU.s 			page 4


 143 0044 06010000 		.4byte	.LASF4
 144 0048 02       		.uleb128 0x2
 145 0049 04       		.byte	0x4
 146 004a 07       		.byte	0x7
 147 004b 4B000000 		.4byte	.LASF5
 148 004f 02       		.uleb128 0x2
 149 0050 08       		.byte	0x8
 150 0051 05       		.byte	0x5
 151 0052 00000000 		.4byte	.LASF6
 152 0056 02       		.uleb128 0x2
 153 0057 08       		.byte	0x8
 154 0058 07       		.byte	0x7
 155 0059 5D000000 		.4byte	.LASF7
 156 005d 03       		.uleb128 0x3
 157 005e 04       		.byte	0x4
 158 005f 05       		.byte	0x5
 159 0060 696E7400 		.ascii	"int\000"
 160 0064 02       		.uleb128 0x2
 161 0065 04       		.byte	0x4
 162 0066 07       		.byte	0x7
 163 0067 15000000 		.4byte	.LASF8
 164 006b 04       		.uleb128 0x4
 165 006c 0E000000 		.4byte	.LASF21
 166 0070 03       		.byte	0x3
 167 0071 A3       		.byte	0xa3
 168 0072 48000000 		.4byte	0x48
 169 0076 02       		.uleb128 0x2
 170 0077 04       		.byte	0x4
 171 0078 04       		.byte	0x4
 172 0079 4B010000 		.4byte	.LASF9
 173 007d 02       		.uleb128 0x2
 174 007e 08       		.byte	0x8
 175 007f 04       		.byte	0x4
 176 0080 0F010000 		.4byte	.LASF10
 177 0084 02       		.uleb128 0x2
 178 0085 01       		.byte	0x1
 179 0086 08       		.byte	0x8
 180 0087 EE000000 		.4byte	.LASF11
 181 008b 02       		.uleb128 0x2
 182 008c 04       		.byte	0x4
 183 008d 07       		.byte	0x7
 184 008e D7010000 		.4byte	.LASF12
 185 0092 05       		.uleb128 0x5
 186 0093 42010000 		.4byte	.LASF22
 187 0097 01       		.byte	0x1
 188 0098 0C       		.byte	0xc
 189 0099 00000000 		.4byte	.LFB33
 190 009d 08000000 		.4byte	.LFE33-.LFB33
 191 00a1 01       		.uleb128 0x1
 192 00a2 9C       		.byte	0x9c
 193 00a3 B1000000 		.4byte	0xb1
 194 00a7 06       		.uleb128 0x6
 195 00a8 06000000 		.4byte	.LVL0
 196 00ac 28010000 		.4byte	0x128
 197 00b0 00       		.byte	0
 198 00b1 07       		.uleb128 0x7
 199 00b2 16010000 		.4byte	.LASF13
ARM GAS  C:\Users\Jarik\AppData\Local\Temp\cc1sI7lU.s 			page 5


 200 00b6 01       		.byte	0x1
 201 00b7 12       		.byte	0x12
 202 00b8 2C000000 		.4byte	0x2c
 203 00bc 00000000 		.4byte	.LFB34
 204 00c0 1E000000 		.4byte	.LFE34-.LFB34
 205 00c4 01       		.uleb128 0x1
 206 00c5 9C       		.byte	0x9c
 207 00c6 FE000000 		.4byte	0xfe
 208 00ca 08       		.uleb128 0x8
 209 00cb 01010000 		.4byte	.LASF23
 210 00cf 01       		.byte	0x1
 211 00d0 12       		.byte	0x12
 212 00d1 2C000000 		.4byte	0x2c
 213 00d5 00000000 		.4byte	.LLST0
 214 00d9 06       		.uleb128 0x6
 215 00da 06000000 		.4byte	.LVL2
 216 00de 2F010000 		.4byte	0x12f
 217 00e2 06       		.uleb128 0x6
 218 00e3 0A000000 		.4byte	.LVL3
 219 00e7 41010000 		.4byte	0x141
 220 00eb 06       		.uleb128 0x6
 221 00ec 12000000 		.4byte	.LVL4
 222 00f0 4D010000 		.4byte	0x14d
 223 00f4 06       		.uleb128 0x6
 224 00f5 1A000000 		.4byte	.LVL5
 225 00f9 59010000 		.4byte	0x159
 226 00fd 00       		.byte	0
 227 00fe 07       		.uleb128 0x7
 228 00ff FD010000 		.4byte	.LASF14
 229 0103 01       		.byte	0x1
 230 0104 1A       		.byte	0x1a
 231 0105 2C000000 		.4byte	0x2c
 232 0109 00000000 		.4byte	.LFB35
 233 010d 0A000000 		.4byte	.LFE35-.LFB35
 234 0111 01       		.uleb128 0x1
 235 0112 9C       		.byte	0x9c
 236 0113 28010000 		.4byte	0x128
 237 0117 09       		.uleb128 0x9
 238 0118 08000000 		.4byte	.LVL6
 239 011c B1000000 		.4byte	0xb1
 240 0120 0A       		.uleb128 0xa
 241 0121 01       		.uleb128 0x1
 242 0122 50       		.byte	0x50
 243 0123 02       		.uleb128 0x2
 244 0124 09       		.byte	0x9
 245 0125 FF       		.byte	0xff
 246 0126 00       		.byte	0
 247 0127 00       		.byte	0
 248 0128 0B       		.uleb128 0xb
 249 0129 3F000000 		.4byte	.LASF24
 250 012d 04       		.byte	0x4
 251 012e 65       		.byte	0x65
 252 012f 0C       		.uleb128 0xc
 253 0130 A0000000 		.4byte	.LASF25
 254 0134 02       		.byte	0x2
 255 0135 7D01     		.2byte	0x17d
 256 0137 41010000 		.4byte	0x141
ARM GAS  C:\Users\Jarik\AppData\Local\Temp\cc1sI7lU.s 			page 6


 257 013b 0D       		.uleb128 0xd
 258 013c 6B000000 		.4byte	0x6b
 259 0140 00       		.byte	0
 260 0141 0E       		.uleb128 0xe
 261 0142 22000000 		.4byte	.LASF15
 262 0146 02       		.byte	0x2
 263 0147 8001     		.2byte	0x180
 264 0149 6B000000 		.4byte	0x6b
 265 014d 0E       		.uleb128 0xe
 266 014e E0010000 		.4byte	.LASF16
 267 0152 02       		.byte	0x2
 268 0153 7701     		.2byte	0x177
 269 0155 6B000000 		.4byte	0x6b
 270 0159 0E       		.uleb128 0xe
 271 015a 88000000 		.4byte	.LASF17
 272 015e 02       		.byte	0x2
 273 015f 7601     		.2byte	0x176
 274 0161 6B000000 		.4byte	0x6b
 275 0165 00       		.byte	0
 276              		.section	.debug_abbrev,"",%progbits
 277              	.Ldebug_abbrev0:
 278 0000 01       		.uleb128 0x1
 279 0001 11       		.uleb128 0x11
 280 0002 01       		.byte	0x1
 281 0003 25       		.uleb128 0x25
 282 0004 0E       		.uleb128 0xe
 283 0005 13       		.uleb128 0x13
 284 0006 0B       		.uleb128 0xb
 285 0007 03       		.uleb128 0x3
 286 0008 0E       		.uleb128 0xe
 287 0009 1B       		.uleb128 0x1b
 288 000a 0E       		.uleb128 0xe
 289 000b 55       		.uleb128 0x55
 290 000c 17       		.uleb128 0x17
 291 000d 11       		.uleb128 0x11
 292 000e 01       		.uleb128 0x1
 293 000f 10       		.uleb128 0x10
 294 0010 17       		.uleb128 0x17
 295 0011 00       		.byte	0
 296 0012 00       		.byte	0
 297 0013 02       		.uleb128 0x2
 298 0014 24       		.uleb128 0x24
 299 0015 00       		.byte	0
 300 0016 0B       		.uleb128 0xb
 301 0017 0B       		.uleb128 0xb
 302 0018 3E       		.uleb128 0x3e
 303 0019 0B       		.uleb128 0xb
 304 001a 03       		.uleb128 0x3
 305 001b 0E       		.uleb128 0xe
 306 001c 00       		.byte	0
 307 001d 00       		.byte	0
 308 001e 03       		.uleb128 0x3
 309 001f 24       		.uleb128 0x24
 310 0020 00       		.byte	0
 311 0021 0B       		.uleb128 0xb
 312 0022 0B       		.uleb128 0xb
 313 0023 3E       		.uleb128 0x3e
ARM GAS  C:\Users\Jarik\AppData\Local\Temp\cc1sI7lU.s 			page 7


 314 0024 0B       		.uleb128 0xb
 315 0025 03       		.uleb128 0x3
 316 0026 08       		.uleb128 0x8
 317 0027 00       		.byte	0
 318 0028 00       		.byte	0
 319 0029 04       		.uleb128 0x4
 320 002a 16       		.uleb128 0x16
 321 002b 00       		.byte	0
 322 002c 03       		.uleb128 0x3
 323 002d 0E       		.uleb128 0xe
 324 002e 3A       		.uleb128 0x3a
 325 002f 0B       		.uleb128 0xb
 326 0030 3B       		.uleb128 0x3b
 327 0031 0B       		.uleb128 0xb
 328 0032 49       		.uleb128 0x49
 329 0033 13       		.uleb128 0x13
 330 0034 00       		.byte	0
 331 0035 00       		.byte	0
 332 0036 05       		.uleb128 0x5
 333 0037 2E       		.uleb128 0x2e
 334 0038 01       		.byte	0x1
 335 0039 3F       		.uleb128 0x3f
 336 003a 19       		.uleb128 0x19
 337 003b 03       		.uleb128 0x3
 338 003c 0E       		.uleb128 0xe
 339 003d 3A       		.uleb128 0x3a
 340 003e 0B       		.uleb128 0xb
 341 003f 3B       		.uleb128 0x3b
 342 0040 0B       		.uleb128 0xb
 343 0041 27       		.uleb128 0x27
 344 0042 19       		.uleb128 0x19
 345 0043 11       		.uleb128 0x11
 346 0044 01       		.uleb128 0x1
 347 0045 12       		.uleb128 0x12
 348 0046 06       		.uleb128 0x6
 349 0047 40       		.uleb128 0x40
 350 0048 18       		.uleb128 0x18
 351 0049 9742     		.uleb128 0x2117
 352 004b 19       		.uleb128 0x19
 353 004c 01       		.uleb128 0x1
 354 004d 13       		.uleb128 0x13
 355 004e 00       		.byte	0
 356 004f 00       		.byte	0
 357 0050 06       		.uleb128 0x6
 358 0051 898201   		.uleb128 0x4109
 359 0054 00       		.byte	0
 360 0055 11       		.uleb128 0x11
 361 0056 01       		.uleb128 0x1
 362 0057 31       		.uleb128 0x31
 363 0058 13       		.uleb128 0x13
 364 0059 00       		.byte	0
 365 005a 00       		.byte	0
 366 005b 07       		.uleb128 0x7
 367 005c 2E       		.uleb128 0x2e
 368 005d 01       		.byte	0x1
 369 005e 3F       		.uleb128 0x3f
 370 005f 19       		.uleb128 0x19
ARM GAS  C:\Users\Jarik\AppData\Local\Temp\cc1sI7lU.s 			page 8


 371 0060 03       		.uleb128 0x3
 372 0061 0E       		.uleb128 0xe
 373 0062 3A       		.uleb128 0x3a
 374 0063 0B       		.uleb128 0xb
 375 0064 3B       		.uleb128 0x3b
 376 0065 0B       		.uleb128 0xb
 377 0066 27       		.uleb128 0x27
 378 0067 19       		.uleb128 0x19
 379 0068 49       		.uleb128 0x49
 380 0069 13       		.uleb128 0x13
 381 006a 11       		.uleb128 0x11
 382 006b 01       		.uleb128 0x1
 383 006c 12       		.uleb128 0x12
 384 006d 06       		.uleb128 0x6
 385 006e 40       		.uleb128 0x40
 386 006f 18       		.uleb128 0x18
 387 0070 9742     		.uleb128 0x2117
 388 0072 19       		.uleb128 0x19
 389 0073 01       		.uleb128 0x1
 390 0074 13       		.uleb128 0x13
 391 0075 00       		.byte	0
 392 0076 00       		.byte	0
 393 0077 08       		.uleb128 0x8
 394 0078 05       		.uleb128 0x5
 395 0079 00       		.byte	0
 396 007a 03       		.uleb128 0x3
 397 007b 0E       		.uleb128 0xe
 398 007c 3A       		.uleb128 0x3a
 399 007d 0B       		.uleb128 0xb
 400 007e 3B       		.uleb128 0x3b
 401 007f 0B       		.uleb128 0xb
 402 0080 49       		.uleb128 0x49
 403 0081 13       		.uleb128 0x13
 404 0082 02       		.uleb128 0x2
 405 0083 17       		.uleb128 0x17
 406 0084 00       		.byte	0
 407 0085 00       		.byte	0
 408 0086 09       		.uleb128 0x9
 409 0087 898201   		.uleb128 0x4109
 410 008a 01       		.byte	0x1
 411 008b 11       		.uleb128 0x11
 412 008c 01       		.uleb128 0x1
 413 008d 31       		.uleb128 0x31
 414 008e 13       		.uleb128 0x13
 415 008f 00       		.byte	0
 416 0090 00       		.byte	0
 417 0091 0A       		.uleb128 0xa
 418 0092 8A8201   		.uleb128 0x410a
 419 0095 00       		.byte	0
 420 0096 02       		.uleb128 0x2
 421 0097 18       		.uleb128 0x18
 422 0098 9142     		.uleb128 0x2111
 423 009a 18       		.uleb128 0x18
 424 009b 00       		.byte	0
 425 009c 00       		.byte	0
 426 009d 0B       		.uleb128 0xb
 427 009e 2E       		.uleb128 0x2e
ARM GAS  C:\Users\Jarik\AppData\Local\Temp\cc1sI7lU.s 			page 9


 428 009f 00       		.byte	0
 429 00a0 3F       		.uleb128 0x3f
 430 00a1 19       		.uleb128 0x19
 431 00a2 03       		.uleb128 0x3
 432 00a3 0E       		.uleb128 0xe
 433 00a4 3A       		.uleb128 0x3a
 434 00a5 0B       		.uleb128 0xb
 435 00a6 3B       		.uleb128 0x3b
 436 00a7 0B       		.uleb128 0xb
 437 00a8 27       		.uleb128 0x27
 438 00a9 19       		.uleb128 0x19
 439 00aa 3C       		.uleb128 0x3c
 440 00ab 19       		.uleb128 0x19
 441 00ac 00       		.byte	0
 442 00ad 00       		.byte	0
 443 00ae 0C       		.uleb128 0xc
 444 00af 2E       		.uleb128 0x2e
 445 00b0 01       		.byte	0x1
 446 00b1 3F       		.uleb128 0x3f
 447 00b2 19       		.uleb128 0x19
 448 00b3 03       		.uleb128 0x3
 449 00b4 0E       		.uleb128 0xe
 450 00b5 3A       		.uleb128 0x3a
 451 00b6 0B       		.uleb128 0xb
 452 00b7 3B       		.uleb128 0x3b
 453 00b8 05       		.uleb128 0x5
 454 00b9 27       		.uleb128 0x27
 455 00ba 19       		.uleb128 0x19
 456 00bb 3C       		.uleb128 0x3c
 457 00bc 19       		.uleb128 0x19
 458 00bd 01       		.uleb128 0x1
 459 00be 13       		.uleb128 0x13
 460 00bf 00       		.byte	0
 461 00c0 00       		.byte	0
 462 00c1 0D       		.uleb128 0xd
 463 00c2 05       		.uleb128 0x5
 464 00c3 00       		.byte	0
 465 00c4 49       		.uleb128 0x49
 466 00c5 13       		.uleb128 0x13
 467 00c6 00       		.byte	0
 468 00c7 00       		.byte	0
 469 00c8 0E       		.uleb128 0xe
 470 00c9 2E       		.uleb128 0x2e
 471 00ca 00       		.byte	0
 472 00cb 3F       		.uleb128 0x3f
 473 00cc 19       		.uleb128 0x19
 474 00cd 03       		.uleb128 0x3
 475 00ce 0E       		.uleb128 0xe
 476 00cf 3A       		.uleb128 0x3a
 477 00d0 0B       		.uleb128 0xb
 478 00d1 3B       		.uleb128 0x3b
 479 00d2 05       		.uleb128 0x5
 480 00d3 27       		.uleb128 0x27
 481 00d4 19       		.uleb128 0x19
 482 00d5 49       		.uleb128 0x49
 483 00d6 13       		.uleb128 0x13
 484 00d7 3C       		.uleb128 0x3c
ARM GAS  C:\Users\Jarik\AppData\Local\Temp\cc1sI7lU.s 			page 10


 485 00d8 19       		.uleb128 0x19
 486 00d9 00       		.byte	0
 487 00da 00       		.byte	0
 488 00db 00       		.byte	0
 489              		.section	.debug_loc,"",%progbits
 490              	.Ldebug_loc0:
 491              	.LLST0:
 492 0000 00000000 		.4byte	.LVL1
 493 0004 05000000 		.4byte	.LVL2-1
 494 0008 0100     		.2byte	0x1
 495 000a 50       		.byte	0x50
 496 000b 05000000 		.4byte	.LVL2-1
 497 000f 1E000000 		.4byte	.LFE34
 498 0013 0400     		.2byte	0x4
 499 0015 F3       		.byte	0xf3
 500 0016 01       		.uleb128 0x1
 501 0017 50       		.byte	0x50
 502 0018 9F       		.byte	0x9f
 503 0019 00000000 		.4byte	0
 504 001d 00000000 		.4byte	0
 505              		.section	.debug_aranges,"",%progbits
 506 0000 2C000000 		.4byte	0x2c
 507 0004 0200     		.2byte	0x2
 508 0006 00000000 		.4byte	.Ldebug_info0
 509 000a 04       		.byte	0x4
 510 000b 00       		.byte	0
 511 000c 0000     		.2byte	0
 512 000e 0000     		.2byte	0
 513 0010 00000000 		.4byte	.LFB33
 514 0014 08000000 		.4byte	.LFE33-.LFB33
 515 0018 00000000 		.4byte	.LFB34
 516 001c 1E000000 		.4byte	.LFE34-.LFB34
 517 0020 00000000 		.4byte	.LFB35
 518 0024 0A000000 		.4byte	.LFE35-.LFB35
 519 0028 00000000 		.4byte	0
 520 002c 00000000 		.4byte	0
 521              		.section	.debug_ranges,"",%progbits
 522              	.Ldebug_ranges0:
 523 0000 00000000 		.4byte	.LFB33
 524 0004 08000000 		.4byte	.LFE33
 525 0008 00000000 		.4byte	.LFB34
 526 000c 1E000000 		.4byte	.LFE34
 527 0010 00000000 		.4byte	.LFB35
 528 0014 0A000000 		.4byte	.LFE35
 529 0018 00000000 		.4byte	0
 530 001c 00000000 		.4byte	0
 531              		.section	.debug_line,"",%progbits
 532              	.Ldebug_line0:
 533 0000 B1000000 		.section	.debug_str,"MS",%progbits,1
 533      02006D00 
 533      00000201 
 533      FB0E0D00 
 533      01010101 
 534              	.LASF6:
 535 0000 6C6F6E67 		.ascii	"long long int\000"
 535      206C6F6E 
 535      6720696E 
ARM GAS  C:\Users\Jarik\AppData\Local\Temp\cc1sI7lU.s 			page 11


 535      7400
 536              	.LASF21:
 537 000e 75696E74 		.ascii	"uint32\000"
 537      333200
 538              	.LASF8:
 539 0015 756E7369 		.ascii	"unsigned int\000"
 539      676E6564 
 539      20696E74 
 539      00
 540              	.LASF15:
 541 0022 5350495F 		.ascii	"SPI_1_SpiUartGetTxBufferSize\000"
 541      315F5370 
 541      69556172 
 541      74476574 
 541      54784275 
 542              	.LASF24:
 543 003f 5350495F 		.ascii	"SPI_1_Start\000"
 543      315F5374 
 543      61727400 
 544              	.LASF5:
 545 004b 6C6F6E67 		.ascii	"long unsigned int\000"
 545      20756E73 
 545      69676E65 
 545      6420696E 
 545      7400
 546              	.LASF7:
 547 005d 6C6F6E67 		.ascii	"long long unsigned int\000"
 547      206C6F6E 
 547      6720756E 
 547      7369676E 
 547      65642069 
 548              	.LASF19:
 549 0074 2E5C7364 		.ascii	".\\sd\\SPI_routines.c\000"
 549      5C535049 
 549      5F726F75 
 549      74696E65 
 549      732E6300 
 550              	.LASF17:
 551 0088 5350495F 		.ascii	"SPI_1_SpiUartReadRxData\000"
 551      315F5370 
 551      69556172 
 551      74526561 
 551      64527844 
 552              	.LASF25:
 553 00a0 5350495F 		.ascii	"SPI_1_SpiUartWriteTxData\000"
 553      315F5370 
 553      69556172 
 553      74577269 
 553      74655478 
 554              	.LASF20:
 555 00b9 453A5C68 		.ascii	"E:\\home\\jarik\\src\\psoc\\mpi_rom_emu\\mpi_rom_em"
 555      6F6D655C 
 555      6A617269 
 555      6B5C7372 
 555      635C7073 
 556 00e6 752E6379 		.ascii	"u.cydsn\000"
 556      64736E00 
ARM GAS  C:\Users\Jarik\AppData\Local\Temp\cc1sI7lU.s 			page 12


 557              	.LASF11:
 558 00ee 63686172 		.ascii	"char\000"
 558      00
 559              	.LASF1:
 560 00f3 756E7369 		.ascii	"unsigned char\000"
 560      676E6564 
 560      20636861 
 560      7200
 561              	.LASF23:
 562 0101 64617461 		.ascii	"data\000"
 562      00
 563              	.LASF4:
 564 0106 6C6F6E67 		.ascii	"long int\000"
 564      20696E74 
 564      00
 565              	.LASF10:
 566 010f 646F7562 		.ascii	"double\000"
 566      6C6500
 567              	.LASF13:
 568 0116 5350495F 		.ascii	"SPI_transmit\000"
 568      7472616E 
 568      736D6974 
 568      00
 569              	.LASF3:
 570 0123 73686F72 		.ascii	"short unsigned int\000"
 570      7420756E 
 570      7369676E 
 570      65642069 
 570      6E7400
 571              	.LASF0:
 572 0136 7369676E 		.ascii	"signed char\000"
 572      65642063 
 572      68617200 
 573              	.LASF22:
 574 0142 7370695F 		.ascii	"spi_init\000"
 574      696E6974 
 574      00
 575              	.LASF9:
 576 014b 666C6F61 		.ascii	"float\000"
 576      7400
 577              	.LASF2:
 578 0151 73686F72 		.ascii	"short int\000"
 578      7420696E 
 578      7400
 579              	.LASF18:
 580 015b 474E5520 		.ascii	"GNU C 4.8.4 20140526 (release) [ARM/embedded-4_8-br"
 580      4320342E 
 580      382E3420 
 580      32303134 
 580      30353236 
 581 018e 616E6368 		.ascii	"anch revision 211358] -mcpu=cortex-m0 -mthumb -g -O"
 581      20726576 
 581      6973696F 
 581      6E203231 
 581      31333538 
 582 01c1 67202D66 		.ascii	"g -ffunction-sections\000"
 582      66756E63 
ARM GAS  C:\Users\Jarik\AppData\Local\Temp\cc1sI7lU.s 			page 13


 582      74696F6E 
 582      2D736563 
 582      74696F6E 
 583              	.LASF12:
 584 01d7 73697A65 		.ascii	"sizetype\000"
 584      74797065 
 584      00
 585              	.LASF16:
 586 01e0 5350495F 		.ascii	"SPI_1_SpiUartGetRxBufferSize\000"
 586      315F5370 
 586      69556172 
 586      74476574 
 586      52784275 
 587              	.LASF14:
 588 01fd 5350495F 		.ascii	"SPI_receive\000"
 588      72656365 
 588      69766500 
 589              		.ident	"GCC: (GNU Tools for ARM Embedded Processors) 4.8.4 20140526 (release) [ARM/embedded-4_8-br
