ARM GAS  C:\Users\Jarik\AppData\Local\Temp\ccZZ3a7D.s 			page 1


   1              		.cpu cortex-m0
   2              		.fpu softvfp
   3              		.eabi_attribute 20, 1
   4              		.eabi_attribute 21, 1
   5              		.eabi_attribute 23, 3
   6              		.eabi_attribute 24, 1
   7              		.eabi_attribute 25, 1
   8              		.eabi_attribute 26, 1
   9              		.eabi_attribute 30, 1
  10              		.eabi_attribute 34, 0
  11              		.eabi_attribute 18, 4
  12              		.code	16
  13              		.file	"SPI_1_SPI_UART.c"
  14              		.text
  15              	.Ltext0:
  16              		.cfi_sections	.debug_frame
  17              		.section	.text.SPI_1_SpiUartReadRxData,"ax",%progbits
  18              		.align	2
  19              		.global	SPI_1_SpiUartReadRxData
  20              		.code	16
  21              		.thumb_func
  22              		.type	SPI_1_SpiUartReadRxData, %function
  23              	SPI_1_SpiUartReadRxData:
  24              	.LFB0:
  25              		.file 1 ".\\Generated_Source\\PSoC4\\SPI_1_SPI_UART.c"
   1:.\Generated_Source\PSoC4/SPI_1_SPI_UART.c **** /*******************************************************************************
   2:.\Generated_Source\PSoC4/SPI_1_SPI_UART.c **** * File Name: SPI_1_SPI_UART.c
   3:.\Generated_Source\PSoC4/SPI_1_SPI_UART.c **** * Version 2.0
   4:.\Generated_Source\PSoC4/SPI_1_SPI_UART.c **** *
   5:.\Generated_Source\PSoC4/SPI_1_SPI_UART.c **** * Description:
   6:.\Generated_Source\PSoC4/SPI_1_SPI_UART.c **** *  This file provides the source code to the API for the SCB Component in
   7:.\Generated_Source\PSoC4/SPI_1_SPI_UART.c **** *  SPI and UART modes.
   8:.\Generated_Source\PSoC4/SPI_1_SPI_UART.c **** *
   9:.\Generated_Source\PSoC4/SPI_1_SPI_UART.c **** * Note:
  10:.\Generated_Source\PSoC4/SPI_1_SPI_UART.c **** *
  11:.\Generated_Source\PSoC4/SPI_1_SPI_UART.c **** *******************************************************************************
  12:.\Generated_Source\PSoC4/SPI_1_SPI_UART.c **** * Copyright 2013-2014, Cypress Semiconductor Corporation.  All rights reserved.
  13:.\Generated_Source\PSoC4/SPI_1_SPI_UART.c **** * You may use this file only in accordance with the license, terms, conditions,
  14:.\Generated_Source\PSoC4/SPI_1_SPI_UART.c **** * disclaimers, and limitations in the end user license agreement accompanying
  15:.\Generated_Source\PSoC4/SPI_1_SPI_UART.c **** * the software package with which this file was provided.
  16:.\Generated_Source\PSoC4/SPI_1_SPI_UART.c **** *******************************************************************************/
  17:.\Generated_Source\PSoC4/SPI_1_SPI_UART.c **** 
  18:.\Generated_Source\PSoC4/SPI_1_SPI_UART.c **** #include "SPI_1_PVT.h"
  19:.\Generated_Source\PSoC4/SPI_1_SPI_UART.c **** #include "SPI_1_SPI_UART_PVT.h"
  20:.\Generated_Source\PSoC4/SPI_1_SPI_UART.c **** 
  21:.\Generated_Source\PSoC4/SPI_1_SPI_UART.c **** /***************************************
  22:.\Generated_Source\PSoC4/SPI_1_SPI_UART.c **** *        SPI/UART Private Vars
  23:.\Generated_Source\PSoC4/SPI_1_SPI_UART.c **** ***************************************/
  24:.\Generated_Source\PSoC4/SPI_1_SPI_UART.c **** 
  25:.\Generated_Source\PSoC4/SPI_1_SPI_UART.c **** #if(SPI_1_INTERNAL_RX_SW_BUFFER_CONST)
  26:.\Generated_Source\PSoC4/SPI_1_SPI_UART.c ****     volatile uint32 SPI_1_rxBufferHead;
  27:.\Generated_Source\PSoC4/SPI_1_SPI_UART.c ****     volatile uint32 SPI_1_rxBufferTail;
  28:.\Generated_Source\PSoC4/SPI_1_SPI_UART.c ****     volatile uint8  SPI_1_rxBufferOverflow;
  29:.\Generated_Source\PSoC4/SPI_1_SPI_UART.c **** #endif /* (SPI_1_INTERNAL_RX_SW_BUFFER_CONST) */
  30:.\Generated_Source\PSoC4/SPI_1_SPI_UART.c **** 
  31:.\Generated_Source\PSoC4/SPI_1_SPI_UART.c **** #if(SPI_1_INTERNAL_TX_SW_BUFFER_CONST)
  32:.\Generated_Source\PSoC4/SPI_1_SPI_UART.c ****     volatile uint32 SPI_1_txBufferHead;
ARM GAS  C:\Users\Jarik\AppData\Local\Temp\ccZZ3a7D.s 			page 2


  33:.\Generated_Source\PSoC4/SPI_1_SPI_UART.c ****     volatile uint32 SPI_1_txBufferTail;
  34:.\Generated_Source\PSoC4/SPI_1_SPI_UART.c **** #endif /* (SPI_1_INTERNAL_TX_SW_BUFFER_CONST) */
  35:.\Generated_Source\PSoC4/SPI_1_SPI_UART.c **** 
  36:.\Generated_Source\PSoC4/SPI_1_SPI_UART.c **** #if(SPI_1_INTERNAL_RX_SW_BUFFER)
  37:.\Generated_Source\PSoC4/SPI_1_SPI_UART.c ****     /* Add one element to the buffer to receive full packet. One byte in receive buffer is always e
  38:.\Generated_Source\PSoC4/SPI_1_SPI_UART.c ****     volatile uint8 SPI_1_rxBufferInternal[SPI_1_RX_BUFFER_SIZE];
  39:.\Generated_Source\PSoC4/SPI_1_SPI_UART.c **** #endif /* (SPI_1_INTERNAL_RX_SW_BUFFER) */
  40:.\Generated_Source\PSoC4/SPI_1_SPI_UART.c **** 
  41:.\Generated_Source\PSoC4/SPI_1_SPI_UART.c **** #if(SPI_1_INTERNAL_TX_SW_BUFFER)
  42:.\Generated_Source\PSoC4/SPI_1_SPI_UART.c ****     volatile uint8 SPI_1_txBufferInternal[SPI_1_TX_BUFFER_SIZE];
  43:.\Generated_Source\PSoC4/SPI_1_SPI_UART.c **** #endif /* (SPI_1_INTERNAL_TX_SW_BUFFER) */
  44:.\Generated_Source\PSoC4/SPI_1_SPI_UART.c **** 
  45:.\Generated_Source\PSoC4/SPI_1_SPI_UART.c **** 
  46:.\Generated_Source\PSoC4/SPI_1_SPI_UART.c **** #if(SPI_1_RX_DIRECTION)
  47:.\Generated_Source\PSoC4/SPI_1_SPI_UART.c **** 
  48:.\Generated_Source\PSoC4/SPI_1_SPI_UART.c ****     /*******************************************************************************
  49:.\Generated_Source\PSoC4/SPI_1_SPI_UART.c ****     * Function Name: SPI_1_SpiUartReadRxData
  50:.\Generated_Source\PSoC4/SPI_1_SPI_UART.c ****     ********************************************************************************
  51:.\Generated_Source\PSoC4/SPI_1_SPI_UART.c ****     *
  52:.\Generated_Source\PSoC4/SPI_1_SPI_UART.c ****     * Summary:
  53:.\Generated_Source\PSoC4/SPI_1_SPI_UART.c ****     *  Retrieves the next data element from the receive buffer.
  54:.\Generated_Source\PSoC4/SPI_1_SPI_UART.c ****     *   - RX software buffer is disabled: Returns data element retrieved from
  55:.\Generated_Source\PSoC4/SPI_1_SPI_UART.c ****     *     RX FIFO. Undefined data will be returned if the RX FIFO is empty.
  56:.\Generated_Source\PSoC4/SPI_1_SPI_UART.c ****     *   - RX software buffer is enabled: Returns data element from the software
  57:.\Generated_Source\PSoC4/SPI_1_SPI_UART.c ****     *     receive buffer. Zero value is returned if the software receive buffer
  58:.\Generated_Source\PSoC4/SPI_1_SPI_UART.c ****     *     is empty.
  59:.\Generated_Source\PSoC4/SPI_1_SPI_UART.c ****     *
  60:.\Generated_Source\PSoC4/SPI_1_SPI_UART.c ****     * Parameters:
  61:.\Generated_Source\PSoC4/SPI_1_SPI_UART.c ****     *  None
  62:.\Generated_Source\PSoC4/SPI_1_SPI_UART.c ****     *
  63:.\Generated_Source\PSoC4/SPI_1_SPI_UART.c ****     * Return:
  64:.\Generated_Source\PSoC4/SPI_1_SPI_UART.c ****     *  Next data element from the receive buffer.
  65:.\Generated_Source\PSoC4/SPI_1_SPI_UART.c ****     *
  66:.\Generated_Source\PSoC4/SPI_1_SPI_UART.c ****     * Global Variables:
  67:.\Generated_Source\PSoC4/SPI_1_SPI_UART.c ****     *  Look into SPI_1_SpiInit for description.
  68:.\Generated_Source\PSoC4/SPI_1_SPI_UART.c ****     *
  69:.\Generated_Source\PSoC4/SPI_1_SPI_UART.c ****     *******************************************************************************/
  70:.\Generated_Source\PSoC4/SPI_1_SPI_UART.c ****     uint32 SPI_1_SpiUartReadRxData(void)
  71:.\Generated_Source\PSoC4/SPI_1_SPI_UART.c ****     {
  26              		.loc 1 71 0
  27              		.cfi_startproc
  28              	.LVL0:
  72:.\Generated_Source\PSoC4/SPI_1_SPI_UART.c ****         uint32 rxData = 0u;
  73:.\Generated_Source\PSoC4/SPI_1_SPI_UART.c **** 
  74:.\Generated_Source\PSoC4/SPI_1_SPI_UART.c ****         #if(SPI_1_INTERNAL_RX_SW_BUFFER_CONST)
  75:.\Generated_Source\PSoC4/SPI_1_SPI_UART.c ****             uint32 locTail;
  76:.\Generated_Source\PSoC4/SPI_1_SPI_UART.c ****         #endif /* (SPI_1_INTERNAL_RX_SW_BUFFER_CONST) */
  77:.\Generated_Source\PSoC4/SPI_1_SPI_UART.c **** 
  78:.\Generated_Source\PSoC4/SPI_1_SPI_UART.c ****         #if(SPI_1_CHECK_RX_SW_BUFFER)
  79:.\Generated_Source\PSoC4/SPI_1_SPI_UART.c ****         {
  80:.\Generated_Source\PSoC4/SPI_1_SPI_UART.c ****             if(SPI_1_rxBufferHead != SPI_1_rxBufferTail)
  81:.\Generated_Source\PSoC4/SPI_1_SPI_UART.c ****             {
  82:.\Generated_Source\PSoC4/SPI_1_SPI_UART.c ****                 /* There is data in RX software buffer */
  83:.\Generated_Source\PSoC4/SPI_1_SPI_UART.c **** 
  84:.\Generated_Source\PSoC4/SPI_1_SPI_UART.c ****                 /* Calculate index to read from */
  85:.\Generated_Source\PSoC4/SPI_1_SPI_UART.c ****                 locTail = (SPI_1_rxBufferTail + 1u);
  86:.\Generated_Source\PSoC4/SPI_1_SPI_UART.c **** 
ARM GAS  C:\Users\Jarik\AppData\Local\Temp\ccZZ3a7D.s 			page 3


  87:.\Generated_Source\PSoC4/SPI_1_SPI_UART.c ****                 if(SPI_1_RX_BUFFER_SIZE == locTail)
  88:.\Generated_Source\PSoC4/SPI_1_SPI_UART.c ****                 {
  89:.\Generated_Source\PSoC4/SPI_1_SPI_UART.c ****                     locTail = 0u;
  90:.\Generated_Source\PSoC4/SPI_1_SPI_UART.c ****                 }
  91:.\Generated_Source\PSoC4/SPI_1_SPI_UART.c **** 
  92:.\Generated_Source\PSoC4/SPI_1_SPI_UART.c ****                 /* Get data from RX software buffer */
  93:.\Generated_Source\PSoC4/SPI_1_SPI_UART.c ****                 rxData = SPI_1_GetWordFromRxBuffer(locTail);
  94:.\Generated_Source\PSoC4/SPI_1_SPI_UART.c **** 
  95:.\Generated_Source\PSoC4/SPI_1_SPI_UART.c ****                 /* Change index in the buffer */
  96:.\Generated_Source\PSoC4/SPI_1_SPI_UART.c ****                 SPI_1_rxBufferTail = locTail;
  97:.\Generated_Source\PSoC4/SPI_1_SPI_UART.c ****             }
  98:.\Generated_Source\PSoC4/SPI_1_SPI_UART.c ****         }
  99:.\Generated_Source\PSoC4/SPI_1_SPI_UART.c ****         #else
 100:.\Generated_Source\PSoC4/SPI_1_SPI_UART.c ****         {
 101:.\Generated_Source\PSoC4/SPI_1_SPI_UART.c ****             rxData = SPI_1_RX_FIFO_RD_REG; /* Read data from RX FIFO */
  29              		.loc 1 101 0
  30 0000 014B     		ldr	r3, .L2
  31 0002 1868     		ldr	r0, [r3]
  32              	.LVL1:
 102:.\Generated_Source\PSoC4/SPI_1_SPI_UART.c ****         }
 103:.\Generated_Source\PSoC4/SPI_1_SPI_UART.c ****         #endif
 104:.\Generated_Source\PSoC4/SPI_1_SPI_UART.c **** 
 105:.\Generated_Source\PSoC4/SPI_1_SPI_UART.c ****         return(rxData);
 106:.\Generated_Source\PSoC4/SPI_1_SPI_UART.c ****     }
  33              		.loc 1 106 0
  34              		@ sp needed
  35 0004 7047     		bx	lr
  36              	.L3:
  37 0006 C046     		.align	2
  38              	.L2:
  39 0008 40030640 		.word	1074135872
  40              		.cfi_endproc
  41              	.LFE0:
  42              		.size	SPI_1_SpiUartReadRxData, .-SPI_1_SpiUartReadRxData
  43              		.section	.text.SPI_1_SpiUartGetRxBufferSize,"ax",%progbits
  44              		.align	2
  45              		.global	SPI_1_SpiUartGetRxBufferSize
  46              		.code	16
  47              		.thumb_func
  48              		.type	SPI_1_SpiUartGetRxBufferSize, %function
  49              	SPI_1_SpiUartGetRxBufferSize:
  50              	.LFB1:
 107:.\Generated_Source\PSoC4/SPI_1_SPI_UART.c **** 
 108:.\Generated_Source\PSoC4/SPI_1_SPI_UART.c **** 
 109:.\Generated_Source\PSoC4/SPI_1_SPI_UART.c ****     /*******************************************************************************
 110:.\Generated_Source\PSoC4/SPI_1_SPI_UART.c ****     * Function Name: SPI_1_SpiUartGetRxBufferSize
 111:.\Generated_Source\PSoC4/SPI_1_SPI_UART.c ****     ********************************************************************************
 112:.\Generated_Source\PSoC4/SPI_1_SPI_UART.c ****     *
 113:.\Generated_Source\PSoC4/SPI_1_SPI_UART.c ****     * Summary:
 114:.\Generated_Source\PSoC4/SPI_1_SPI_UART.c ****     *  Returns the number of received data elements in the receive buffer.
 115:.\Generated_Source\PSoC4/SPI_1_SPI_UART.c ****     *   - RX software buffer disabled: returns the number of used entries in
 116:.\Generated_Source\PSoC4/SPI_1_SPI_UART.c ****     *     RX FIFO.
 117:.\Generated_Source\PSoC4/SPI_1_SPI_UART.c ****     *   - RX software buffer enabled: returns the number of elements which were
 118:.\Generated_Source\PSoC4/SPI_1_SPI_UART.c ****     *     placed in the receive buffer. This does not include the hardware RX FIFO.
 119:.\Generated_Source\PSoC4/SPI_1_SPI_UART.c ****     *
 120:.\Generated_Source\PSoC4/SPI_1_SPI_UART.c ****     * Parameters:
 121:.\Generated_Source\PSoC4/SPI_1_SPI_UART.c ****     *  None
ARM GAS  C:\Users\Jarik\AppData\Local\Temp\ccZZ3a7D.s 			page 4


 122:.\Generated_Source\PSoC4/SPI_1_SPI_UART.c ****     *
 123:.\Generated_Source\PSoC4/SPI_1_SPI_UART.c ****     * Return:
 124:.\Generated_Source\PSoC4/SPI_1_SPI_UART.c ****     *  Number of received data elements
 125:.\Generated_Source\PSoC4/SPI_1_SPI_UART.c ****     *
 126:.\Generated_Source\PSoC4/SPI_1_SPI_UART.c ****     *******************************************************************************/
 127:.\Generated_Source\PSoC4/SPI_1_SPI_UART.c ****     uint32 SPI_1_SpiUartGetRxBufferSize(void)
 128:.\Generated_Source\PSoC4/SPI_1_SPI_UART.c ****     {
  51              		.loc 1 128 0
  52              		.cfi_startproc
 129:.\Generated_Source\PSoC4/SPI_1_SPI_UART.c ****         uint32 size;
 130:.\Generated_Source\PSoC4/SPI_1_SPI_UART.c ****         #if(SPI_1_INTERNAL_RX_SW_BUFFER_CONST)
 131:.\Generated_Source\PSoC4/SPI_1_SPI_UART.c ****             uint32 locHead;
 132:.\Generated_Source\PSoC4/SPI_1_SPI_UART.c ****         #endif /* (SPI_1_INTERNAL_RX_SW_BUFFER_CONST) */
 133:.\Generated_Source\PSoC4/SPI_1_SPI_UART.c **** 
 134:.\Generated_Source\PSoC4/SPI_1_SPI_UART.c ****         #if(SPI_1_CHECK_RX_SW_BUFFER)
 135:.\Generated_Source\PSoC4/SPI_1_SPI_UART.c ****         {
 136:.\Generated_Source\PSoC4/SPI_1_SPI_UART.c ****             locHead = SPI_1_rxBufferHead;
 137:.\Generated_Source\PSoC4/SPI_1_SPI_UART.c **** 
 138:.\Generated_Source\PSoC4/SPI_1_SPI_UART.c ****             if(locHead >= SPI_1_rxBufferTail)
 139:.\Generated_Source\PSoC4/SPI_1_SPI_UART.c ****             {
 140:.\Generated_Source\PSoC4/SPI_1_SPI_UART.c ****                 size = (locHead - SPI_1_rxBufferTail);
 141:.\Generated_Source\PSoC4/SPI_1_SPI_UART.c ****             }
 142:.\Generated_Source\PSoC4/SPI_1_SPI_UART.c ****             else
 143:.\Generated_Source\PSoC4/SPI_1_SPI_UART.c ****             {
 144:.\Generated_Source\PSoC4/SPI_1_SPI_UART.c ****                 size = (locHead + (SPI_1_RX_BUFFER_SIZE - SPI_1_rxBufferTail));
 145:.\Generated_Source\PSoC4/SPI_1_SPI_UART.c ****             }
 146:.\Generated_Source\PSoC4/SPI_1_SPI_UART.c ****         }
 147:.\Generated_Source\PSoC4/SPI_1_SPI_UART.c ****         #else
 148:.\Generated_Source\PSoC4/SPI_1_SPI_UART.c ****         {
 149:.\Generated_Source\PSoC4/SPI_1_SPI_UART.c ****             size = SPI_1_GET_RX_FIFO_ENTRIES;
  53              		.loc 1 149 0
  54 0000 024B     		ldr	r3, .L5
  55 0002 1B68     		ldr	r3, [r3]
  56 0004 0F20     		mov	r0, #15
  57 0006 1840     		and	r0, r3
  58              	.LVL2:
 150:.\Generated_Source\PSoC4/SPI_1_SPI_UART.c ****         }
 151:.\Generated_Source\PSoC4/SPI_1_SPI_UART.c ****         #endif
 152:.\Generated_Source\PSoC4/SPI_1_SPI_UART.c **** 
 153:.\Generated_Source\PSoC4/SPI_1_SPI_UART.c ****         return(size);
 154:.\Generated_Source\PSoC4/SPI_1_SPI_UART.c ****     }
  59              		.loc 1 154 0
  60              		@ sp needed
  61 0008 7047     		bx	lr
  62              	.L6:
  63 000a C046     		.align	2
  64              	.L5:
  65 000c 08030640 		.word	1074135816
  66              		.cfi_endproc
  67              	.LFE1:
  68              		.size	SPI_1_SpiUartGetRxBufferSize, .-SPI_1_SpiUartGetRxBufferSize
  69              		.section	.text.SPI_1_SpiUartClearRxBuffer,"ax",%progbits
  70              		.align	2
  71              		.global	SPI_1_SpiUartClearRxBuffer
  72              		.code	16
  73              		.thumb_func
  74              		.type	SPI_1_SpiUartClearRxBuffer, %function
ARM GAS  C:\Users\Jarik\AppData\Local\Temp\ccZZ3a7D.s 			page 5


  75              	SPI_1_SpiUartClearRxBuffer:
  76              	.LFB2:
 155:.\Generated_Source\PSoC4/SPI_1_SPI_UART.c **** 
 156:.\Generated_Source\PSoC4/SPI_1_SPI_UART.c **** 
 157:.\Generated_Source\PSoC4/SPI_1_SPI_UART.c ****     /*******************************************************************************
 158:.\Generated_Source\PSoC4/SPI_1_SPI_UART.c ****     * Function Name: SPI_1_SpiUartClearRxBuffer
 159:.\Generated_Source\PSoC4/SPI_1_SPI_UART.c ****     ********************************************************************************
 160:.\Generated_Source\PSoC4/SPI_1_SPI_UART.c ****     *
 161:.\Generated_Source\PSoC4/SPI_1_SPI_UART.c ****     * Summary:
 162:.\Generated_Source\PSoC4/SPI_1_SPI_UART.c ****     *  Clears the receive buffer and RX FIFO.
 163:.\Generated_Source\PSoC4/SPI_1_SPI_UART.c ****     *
 164:.\Generated_Source\PSoC4/SPI_1_SPI_UART.c ****     * Parameters:
 165:.\Generated_Source\PSoC4/SPI_1_SPI_UART.c ****     *  None
 166:.\Generated_Source\PSoC4/SPI_1_SPI_UART.c ****     *
 167:.\Generated_Source\PSoC4/SPI_1_SPI_UART.c ****     * Return:
 168:.\Generated_Source\PSoC4/SPI_1_SPI_UART.c ****     *  None
 169:.\Generated_Source\PSoC4/SPI_1_SPI_UART.c ****     *
 170:.\Generated_Source\PSoC4/SPI_1_SPI_UART.c ****     *******************************************************************************/
 171:.\Generated_Source\PSoC4/SPI_1_SPI_UART.c ****     void SPI_1_SpiUartClearRxBuffer(void)
 172:.\Generated_Source\PSoC4/SPI_1_SPI_UART.c ****     {
  77              		.loc 1 172 0
  78              		.cfi_startproc
 173:.\Generated_Source\PSoC4/SPI_1_SPI_UART.c ****         #if(SPI_1_INTERNAL_RX_SW_BUFFER_CONST)
 174:.\Generated_Source\PSoC4/SPI_1_SPI_UART.c ****             uint32 intSourceMask;
 175:.\Generated_Source\PSoC4/SPI_1_SPI_UART.c ****         #endif /* (SPI_1_INTERNAL_RX_SW_BUFFER_CONST) */
 176:.\Generated_Source\PSoC4/SPI_1_SPI_UART.c **** 
 177:.\Generated_Source\PSoC4/SPI_1_SPI_UART.c ****         #if(SPI_1_CHECK_RX_SW_BUFFER)
 178:.\Generated_Source\PSoC4/SPI_1_SPI_UART.c ****         {
 179:.\Generated_Source\PSoC4/SPI_1_SPI_UART.c ****             intSourceMask = SPI_1_SpiUartDisableIntRx();
 180:.\Generated_Source\PSoC4/SPI_1_SPI_UART.c **** 
 181:.\Generated_Source\PSoC4/SPI_1_SPI_UART.c ****             SPI_1_CLEAR_RX_FIFO;
 182:.\Generated_Source\PSoC4/SPI_1_SPI_UART.c **** 
 183:.\Generated_Source\PSoC4/SPI_1_SPI_UART.c ****             /* Flush RX software buffer */
 184:.\Generated_Source\PSoC4/SPI_1_SPI_UART.c ****             SPI_1_rxBufferHead     = SPI_1_rxBufferTail;
 185:.\Generated_Source\PSoC4/SPI_1_SPI_UART.c ****             SPI_1_rxBufferOverflow = 0u;
 186:.\Generated_Source\PSoC4/SPI_1_SPI_UART.c **** 
 187:.\Generated_Source\PSoC4/SPI_1_SPI_UART.c ****             /* End RX transfer */
 188:.\Generated_Source\PSoC4/SPI_1_SPI_UART.c ****             SPI_1_ClearRxInterruptSource(SPI_1_INTR_RX_ALL);
 189:.\Generated_Source\PSoC4/SPI_1_SPI_UART.c **** 
 190:.\Generated_Source\PSoC4/SPI_1_SPI_UART.c ****             SPI_1_SpiUartEnableIntRx(intSourceMask);
 191:.\Generated_Source\PSoC4/SPI_1_SPI_UART.c ****         }
 192:.\Generated_Source\PSoC4/SPI_1_SPI_UART.c ****         #else
 193:.\Generated_Source\PSoC4/SPI_1_SPI_UART.c ****         {
 194:.\Generated_Source\PSoC4/SPI_1_SPI_UART.c ****             SPI_1_CLEAR_RX_FIFO;
  79              		.loc 1 194 0
  80 0000 054B     		ldr	r3, .L8
  81 0002 1968     		ldr	r1, [r3]
  82 0004 8022     		mov	r2, #128
  83 0006 5202     		lsl	r2, r2, #9
  84 0008 0A43     		orr	r2, r1
  85 000a 1A60     		str	r2, [r3]
  86 000c 1968     		ldr	r1, [r3]
  87 000e 034A     		ldr	r2, .L8+4
  88 0010 0A40     		and	r2, r1
  89 0012 1A60     		str	r2, [r3]
 195:.\Generated_Source\PSoC4/SPI_1_SPI_UART.c ****         }
 196:.\Generated_Source\PSoC4/SPI_1_SPI_UART.c ****         #endif
ARM GAS  C:\Users\Jarik\AppData\Local\Temp\ccZZ3a7D.s 			page 6


 197:.\Generated_Source\PSoC4/SPI_1_SPI_UART.c ****     }
  90              		.loc 1 197 0
  91              		@ sp needed
  92 0014 7047     		bx	lr
  93              	.L9:
  94 0016 C046     		.align	2
  95              	.L8:
  96 0018 04030640 		.word	1074135812
  97 001c FFFFFEFF 		.word	-65537
  98              		.cfi_endproc
  99              	.LFE2:
 100              		.size	SPI_1_SpiUartClearRxBuffer, .-SPI_1_SpiUartClearRxBuffer
 101              		.section	.text.SPI_1_SpiUartWriteTxData,"ax",%progbits
 102              		.align	2
 103              		.global	SPI_1_SpiUartWriteTxData
 104              		.code	16
 105              		.thumb_func
 106              		.type	SPI_1_SpiUartWriteTxData, %function
 107              	SPI_1_SpiUartWriteTxData:
 108              	.LFB3:
 198:.\Generated_Source\PSoC4/SPI_1_SPI_UART.c **** 
 199:.\Generated_Source\PSoC4/SPI_1_SPI_UART.c **** #endif /* (SPI_1_RX_DIRECTION) */
 200:.\Generated_Source\PSoC4/SPI_1_SPI_UART.c **** 
 201:.\Generated_Source\PSoC4/SPI_1_SPI_UART.c **** 
 202:.\Generated_Source\PSoC4/SPI_1_SPI_UART.c **** #if(SPI_1_TX_DIRECTION)
 203:.\Generated_Source\PSoC4/SPI_1_SPI_UART.c **** 
 204:.\Generated_Source\PSoC4/SPI_1_SPI_UART.c ****     /*******************************************************************************
 205:.\Generated_Source\PSoC4/SPI_1_SPI_UART.c ****     * Function Name: SPI_1_SpiUartWriteTxData
 206:.\Generated_Source\PSoC4/SPI_1_SPI_UART.c ****     ********************************************************************************
 207:.\Generated_Source\PSoC4/SPI_1_SPI_UART.c ****     *
 208:.\Generated_Source\PSoC4/SPI_1_SPI_UART.c ****     * Summary:
 209:.\Generated_Source\PSoC4/SPI_1_SPI_UART.c ****     *  Places a data entry into the transmit buffer to be sent at the next available
 210:.\Generated_Source\PSoC4/SPI_1_SPI_UART.c ****     *  bus time.
 211:.\Generated_Source\PSoC4/SPI_1_SPI_UART.c ****     *  This function is blocking and waits until there is space available to put the
 212:.\Generated_Source\PSoC4/SPI_1_SPI_UART.c ****     *  requested data in the transmit buffer.
 213:.\Generated_Source\PSoC4/SPI_1_SPI_UART.c ****     *
 214:.\Generated_Source\PSoC4/SPI_1_SPI_UART.c ****     * Parameters:
 215:.\Generated_Source\PSoC4/SPI_1_SPI_UART.c ****     *  txDataByte: the data to be transmitted.
 216:.\Generated_Source\PSoC4/SPI_1_SPI_UART.c ****     *
 217:.\Generated_Source\PSoC4/SPI_1_SPI_UART.c ****     * Return:
 218:.\Generated_Source\PSoC4/SPI_1_SPI_UART.c ****     *  None
 219:.\Generated_Source\PSoC4/SPI_1_SPI_UART.c ****     *
 220:.\Generated_Source\PSoC4/SPI_1_SPI_UART.c ****     *******************************************************************************/
 221:.\Generated_Source\PSoC4/SPI_1_SPI_UART.c ****     void SPI_1_SpiUartWriteTxData(uint32 txData)
 222:.\Generated_Source\PSoC4/SPI_1_SPI_UART.c ****     {
 109              		.loc 1 222 0
 110              		.cfi_startproc
 111              	.LVL3:
 223:.\Generated_Source\PSoC4/SPI_1_SPI_UART.c ****         #if(SPI_1_INTERNAL_TX_SW_BUFFER_CONST)
 224:.\Generated_Source\PSoC4/SPI_1_SPI_UART.c ****             uint32 locHead;
 225:.\Generated_Source\PSoC4/SPI_1_SPI_UART.c ****             uint32 intSourceMask;
 226:.\Generated_Source\PSoC4/SPI_1_SPI_UART.c ****         #endif /* (SPI_1_INTERNAL_TX_SW_BUFFER_CONST) */
 227:.\Generated_Source\PSoC4/SPI_1_SPI_UART.c **** 
 228:.\Generated_Source\PSoC4/SPI_1_SPI_UART.c ****         #if(SPI_1_CHECK_TX_SW_BUFFER)
 229:.\Generated_Source\PSoC4/SPI_1_SPI_UART.c ****         {
 230:.\Generated_Source\PSoC4/SPI_1_SPI_UART.c ****             /* Head index to put data */
 231:.\Generated_Source\PSoC4/SPI_1_SPI_UART.c ****             locHead = (SPI_1_txBufferHead + 1u);
ARM GAS  C:\Users\Jarik\AppData\Local\Temp\ccZZ3a7D.s 			page 7


 232:.\Generated_Source\PSoC4/SPI_1_SPI_UART.c **** 
 233:.\Generated_Source\PSoC4/SPI_1_SPI_UART.c ****             /* Adjust TX software buffer index */
 234:.\Generated_Source\PSoC4/SPI_1_SPI_UART.c ****             if(SPI_1_TX_BUFFER_SIZE == locHead)
 235:.\Generated_Source\PSoC4/SPI_1_SPI_UART.c ****             {
 236:.\Generated_Source\PSoC4/SPI_1_SPI_UART.c ****                 locHead = 0u;
 237:.\Generated_Source\PSoC4/SPI_1_SPI_UART.c ****             }
 238:.\Generated_Source\PSoC4/SPI_1_SPI_UART.c **** 
 239:.\Generated_Source\PSoC4/SPI_1_SPI_UART.c ****             while(locHead == SPI_1_txBufferTail)
 240:.\Generated_Source\PSoC4/SPI_1_SPI_UART.c ****             {
 241:.\Generated_Source\PSoC4/SPI_1_SPI_UART.c ****                 /* Wait for space in TX software buffer */
 242:.\Generated_Source\PSoC4/SPI_1_SPI_UART.c ****             }
 243:.\Generated_Source\PSoC4/SPI_1_SPI_UART.c **** 
 244:.\Generated_Source\PSoC4/SPI_1_SPI_UART.c ****             /* TX software buffer has at least one room */
 245:.\Generated_Source\PSoC4/SPI_1_SPI_UART.c **** 
 246:.\Generated_Source\PSoC4/SPI_1_SPI_UART.c ****             if((SPI_1_txBufferHead == SPI_1_txBufferTail) &&
 247:.\Generated_Source\PSoC4/SPI_1_SPI_UART.c ****                (SPI_1_SPI_UART_FIFO_SIZE != SPI_1_GET_TX_FIFO_ENTRIES))
 248:.\Generated_Source\PSoC4/SPI_1_SPI_UART.c ****             {
 249:.\Generated_Source\PSoC4/SPI_1_SPI_UART.c ****                 /* TX software buffer is empty: put data directly in TX FIFO */
 250:.\Generated_Source\PSoC4/SPI_1_SPI_UART.c ****                 SPI_1_TX_FIFO_WR_REG = txData;
 251:.\Generated_Source\PSoC4/SPI_1_SPI_UART.c ****             }
 252:.\Generated_Source\PSoC4/SPI_1_SPI_UART.c ****             /* Put data in TX software buffer */
 253:.\Generated_Source\PSoC4/SPI_1_SPI_UART.c ****             else
 254:.\Generated_Source\PSoC4/SPI_1_SPI_UART.c ****             {
 255:.\Generated_Source\PSoC4/SPI_1_SPI_UART.c ****                 /* Clear old status of INTR_TX_NOT_FULL. It sets at the end of transfer when TX FIF
 256:.\Generated_Source\PSoC4/SPI_1_SPI_UART.c ****                 SPI_1_ClearTxInterruptSource(SPI_1_INTR_TX_NOT_FULL);
 257:.\Generated_Source\PSoC4/SPI_1_SPI_UART.c **** 
 258:.\Generated_Source\PSoC4/SPI_1_SPI_UART.c ****                 SPI_1_PutWordInTxBuffer(locHead, txData);
 259:.\Generated_Source\PSoC4/SPI_1_SPI_UART.c **** 
 260:.\Generated_Source\PSoC4/SPI_1_SPI_UART.c ****                 SPI_1_txBufferHead = locHead;
 261:.\Generated_Source\PSoC4/SPI_1_SPI_UART.c **** 
 262:.\Generated_Source\PSoC4/SPI_1_SPI_UART.c ****                 /* Enable interrupt to transmit */
 263:.\Generated_Source\PSoC4/SPI_1_SPI_UART.c ****                 intSourceMask  = SPI_1_INTR_TX_NOT_FULL;
 264:.\Generated_Source\PSoC4/SPI_1_SPI_UART.c ****                 intSourceMask |= SPI_1_GetTxInterruptMode();
 265:.\Generated_Source\PSoC4/SPI_1_SPI_UART.c ****                 SPI_1_SpiUartEnableIntTx(intSourceMask);
 266:.\Generated_Source\PSoC4/SPI_1_SPI_UART.c ****             }
 267:.\Generated_Source\PSoC4/SPI_1_SPI_UART.c ****         }
 268:.\Generated_Source\PSoC4/SPI_1_SPI_UART.c ****         #else
 269:.\Generated_Source\PSoC4/SPI_1_SPI_UART.c ****         {
 270:.\Generated_Source\PSoC4/SPI_1_SPI_UART.c ****             while(SPI_1_SPI_UART_FIFO_SIZE == SPI_1_GET_TX_FIFO_ENTRIES)
 112              		.loc 1 270 0
 113 0000 0449     		ldr	r1, .L13
 114 0002 0F22     		mov	r2, #15
 115              	.L11:
 116              		.loc 1 270 0 is_stmt 0 discriminator 1
 117 0004 0B68     		ldr	r3, [r1]
 118 0006 1340     		and	r3, r2
 119 0008 082B     		cmp	r3, #8
 120 000a FBD0     		beq	.L11
 271:.\Generated_Source\PSoC4/SPI_1_SPI_UART.c ****             {
 272:.\Generated_Source\PSoC4/SPI_1_SPI_UART.c ****                 /* Block while TX FIFO is FULL */
 273:.\Generated_Source\PSoC4/SPI_1_SPI_UART.c ****             }
 274:.\Generated_Source\PSoC4/SPI_1_SPI_UART.c **** 
 275:.\Generated_Source\PSoC4/SPI_1_SPI_UART.c ****             SPI_1_TX_FIFO_WR_REG = txData;
 121              		.loc 1 275 0 is_stmt 1
 122 000c 024B     		ldr	r3, .L13+4
 123 000e 1860     		str	r0, [r3]
 276:.\Generated_Source\PSoC4/SPI_1_SPI_UART.c ****         }
ARM GAS  C:\Users\Jarik\AppData\Local\Temp\ccZZ3a7D.s 			page 8


 277:.\Generated_Source\PSoC4/SPI_1_SPI_UART.c ****         #endif
 278:.\Generated_Source\PSoC4/SPI_1_SPI_UART.c ****     }
 124              		.loc 1 278 0
 125              		@ sp needed
 126 0010 7047     		bx	lr
 127              	.L14:
 128 0012 C046     		.align	2
 129              	.L13:
 130 0014 08020640 		.word	1074135560
 131 0018 40020640 		.word	1074135616
 132              		.cfi_endproc
 133              	.LFE3:
 134              		.size	SPI_1_SpiUartWriteTxData, .-SPI_1_SpiUartWriteTxData
 135              		.section	.text.SPI_1_SpiUartPutArray,"ax",%progbits
 136              		.align	2
 137              		.global	SPI_1_SpiUartPutArray
 138              		.code	16
 139              		.thumb_func
 140              		.type	SPI_1_SpiUartPutArray, %function
 141              	SPI_1_SpiUartPutArray:
 142              	.LFB4:
 279:.\Generated_Source\PSoC4/SPI_1_SPI_UART.c **** 
 280:.\Generated_Source\PSoC4/SPI_1_SPI_UART.c **** 
 281:.\Generated_Source\PSoC4/SPI_1_SPI_UART.c ****     /*******************************************************************************
 282:.\Generated_Source\PSoC4/SPI_1_SPI_UART.c ****     * Function Name: SPI_1_SpiUartPutArray
 283:.\Generated_Source\PSoC4/SPI_1_SPI_UART.c ****     ********************************************************************************
 284:.\Generated_Source\PSoC4/SPI_1_SPI_UART.c ****     *
 285:.\Generated_Source\PSoC4/SPI_1_SPI_UART.c ****     * Summary:
 286:.\Generated_Source\PSoC4/SPI_1_SPI_UART.c ****     *  Places an array of data into the transmit buffer to be sent.
 287:.\Generated_Source\PSoC4/SPI_1_SPI_UART.c ****     *  This function is blocking and waits until there is a space available to put
 288:.\Generated_Source\PSoC4/SPI_1_SPI_UART.c ****     *  all the requested data in the transmit buffer. The array size can be greater
 289:.\Generated_Source\PSoC4/SPI_1_SPI_UART.c ****     *  than transmit buffer size.
 290:.\Generated_Source\PSoC4/SPI_1_SPI_UART.c ****     *
 291:.\Generated_Source\PSoC4/SPI_1_SPI_UART.c ****     * Parameters:
 292:.\Generated_Source\PSoC4/SPI_1_SPI_UART.c ****     *  wrBuf:  pointer to an array with data to be placed in transmit buffer.
 293:.\Generated_Source\PSoC4/SPI_1_SPI_UART.c ****     *  count:  number of data elements to be placed in the transmit buffer.
 294:.\Generated_Source\PSoC4/SPI_1_SPI_UART.c ****     *
 295:.\Generated_Source\PSoC4/SPI_1_SPI_UART.c ****     * Return:
 296:.\Generated_Source\PSoC4/SPI_1_SPI_UART.c ****     *  None
 297:.\Generated_Source\PSoC4/SPI_1_SPI_UART.c ****     *
 298:.\Generated_Source\PSoC4/SPI_1_SPI_UART.c ****     *******************************************************************************/
 299:.\Generated_Source\PSoC4/SPI_1_SPI_UART.c ****     void SPI_1_SpiUartPutArray(const uint8 wrBuf[], uint32 count)
 300:.\Generated_Source\PSoC4/SPI_1_SPI_UART.c ****     {
 143              		.loc 1 300 0
 144              		.cfi_startproc
 145              	.LVL4:
 146 0000 70B5     		push	{r4, r5, r6, lr}
 147              		.cfi_def_cfa_offset 16
 148              		.cfi_offset 4, -16
 149              		.cfi_offset 5, -12
 150              		.cfi_offset 6, -8
 151              		.cfi_offset 14, -4
 152 0002 061C     		mov	r6, r0
 153 0004 0D1C     		mov	r5, r1
 154              	.LVL5:
 301:.\Generated_Source\PSoC4/SPI_1_SPI_UART.c ****         uint32 i;
 302:.\Generated_Source\PSoC4/SPI_1_SPI_UART.c **** 
ARM GAS  C:\Users\Jarik\AppData\Local\Temp\ccZZ3a7D.s 			page 9


 303:.\Generated_Source\PSoC4/SPI_1_SPI_UART.c ****         for(i=0u; i < count; i++)
 155              		.loc 1 303 0
 156 0006 0024     		mov	r4, #0
 157 0008 03E0     		b	.L16
 158              	.LVL6:
 159              	.L17:
 304:.\Generated_Source\PSoC4/SPI_1_SPI_UART.c ****         {
 305:.\Generated_Source\PSoC4/SPI_1_SPI_UART.c ****             SPI_1_SpiUartWriteTxData((uint32) wrBuf[i]);
 160              		.loc 1 305 0 discriminator 2
 161 000a 305D     		ldrb	r0, [r6, r4]
 162 000c FFF7FEFF 		bl	SPI_1_SpiUartWriteTxData
 163              	.LVL7:
 303:.\Generated_Source\PSoC4/SPI_1_SPI_UART.c ****         for(i=0u; i < count; i++)
 164              		.loc 1 303 0 discriminator 2
 165 0010 0134     		add	r4, r4, #1
 166              	.LVL8:
 167              	.L16:
 303:.\Generated_Source\PSoC4/SPI_1_SPI_UART.c ****         for(i=0u; i < count; i++)
 168              		.loc 1 303 0 is_stmt 0 discriminator 1
 169 0012 AC42     		cmp	r4, r5
 170 0014 F9D3     		bcc	.L17
 306:.\Generated_Source\PSoC4/SPI_1_SPI_UART.c ****         }
 307:.\Generated_Source\PSoC4/SPI_1_SPI_UART.c ****     }
 171              		.loc 1 307 0 is_stmt 1
 172              		@ sp needed
 173              	.LVL9:
 174              	.LVL10:
 175              	.LVL11:
 176 0016 70BD     		pop	{r4, r5, r6, pc}
 177              		.cfi_endproc
 178              	.LFE4:
 179              		.size	SPI_1_SpiUartPutArray, .-SPI_1_SpiUartPutArray
 180              		.section	.text.SPI_1_SpiUartGetTxBufferSize,"ax",%progbits
 181              		.align	2
 182              		.global	SPI_1_SpiUartGetTxBufferSize
 183              		.code	16
 184              		.thumb_func
 185              		.type	SPI_1_SpiUartGetTxBufferSize, %function
 186              	SPI_1_SpiUartGetTxBufferSize:
 187              	.LFB5:
 308:.\Generated_Source\PSoC4/SPI_1_SPI_UART.c **** 
 309:.\Generated_Source\PSoC4/SPI_1_SPI_UART.c **** 
 310:.\Generated_Source\PSoC4/SPI_1_SPI_UART.c ****     /*******************************************************************************
 311:.\Generated_Source\PSoC4/SPI_1_SPI_UART.c ****     * Function Name: SPI_1_SpiUartGetTxBufferSize
 312:.\Generated_Source\PSoC4/SPI_1_SPI_UART.c ****     ********************************************************************************
 313:.\Generated_Source\PSoC4/SPI_1_SPI_UART.c ****     *
 314:.\Generated_Source\PSoC4/SPI_1_SPI_UART.c ****     * Summary:
 315:.\Generated_Source\PSoC4/SPI_1_SPI_UART.c ****     * Returns the number of elements currently in the transmit buffer.
 316:.\Generated_Source\PSoC4/SPI_1_SPI_UART.c ****     *  - TX software buffer is disabled: returns the number of used entries in
 317:.\Generated_Source\PSoC4/SPI_1_SPI_UART.c ****     *    TX FIFO.
 318:.\Generated_Source\PSoC4/SPI_1_SPI_UART.c ****     *  - TX software buffer is enabled: returns the number of elements currently
 319:.\Generated_Source\PSoC4/SPI_1_SPI_UART.c ****     *    used in the transmit buffer. This number does not include used entries in
 320:.\Generated_Source\PSoC4/SPI_1_SPI_UART.c ****     *    the TX FIFO. The transmit buffer size is zero until the TX FIFO is
 321:.\Generated_Source\PSoC4/SPI_1_SPI_UART.c ****     *    not full.
 322:.\Generated_Source\PSoC4/SPI_1_SPI_UART.c ****     *
 323:.\Generated_Source\PSoC4/SPI_1_SPI_UART.c ****     * Parameters:
 324:.\Generated_Source\PSoC4/SPI_1_SPI_UART.c ****     *  None
ARM GAS  C:\Users\Jarik\AppData\Local\Temp\ccZZ3a7D.s 			page 10


 325:.\Generated_Source\PSoC4/SPI_1_SPI_UART.c ****     *
 326:.\Generated_Source\PSoC4/SPI_1_SPI_UART.c ****     * Return:
 327:.\Generated_Source\PSoC4/SPI_1_SPI_UART.c ****     *  Number of data elements ready to transmit.
 328:.\Generated_Source\PSoC4/SPI_1_SPI_UART.c ****     *
 329:.\Generated_Source\PSoC4/SPI_1_SPI_UART.c ****     *******************************************************************************/
 330:.\Generated_Source\PSoC4/SPI_1_SPI_UART.c ****     uint32 SPI_1_SpiUartGetTxBufferSize(void)
 331:.\Generated_Source\PSoC4/SPI_1_SPI_UART.c ****     {
 188              		.loc 1 331 0
 189              		.cfi_startproc
 332:.\Generated_Source\PSoC4/SPI_1_SPI_UART.c ****         uint32 size;
 333:.\Generated_Source\PSoC4/SPI_1_SPI_UART.c ****         #if(SPI_1_INTERNAL_TX_SW_BUFFER_CONST)
 334:.\Generated_Source\PSoC4/SPI_1_SPI_UART.c ****             uint32 locTail;
 335:.\Generated_Source\PSoC4/SPI_1_SPI_UART.c ****         #endif /* (SPI_1_INTERNAL_TX_SW_BUFFER_CONST) */
 336:.\Generated_Source\PSoC4/SPI_1_SPI_UART.c **** 
 337:.\Generated_Source\PSoC4/SPI_1_SPI_UART.c ****         #if(SPI_1_CHECK_TX_SW_BUFFER)
 338:.\Generated_Source\PSoC4/SPI_1_SPI_UART.c ****         {
 339:.\Generated_Source\PSoC4/SPI_1_SPI_UART.c ****             /* Get current Tail index */
 340:.\Generated_Source\PSoC4/SPI_1_SPI_UART.c ****             locTail = SPI_1_txBufferTail;
 341:.\Generated_Source\PSoC4/SPI_1_SPI_UART.c **** 
 342:.\Generated_Source\PSoC4/SPI_1_SPI_UART.c ****             if(SPI_1_txBufferHead >= locTail)
 343:.\Generated_Source\PSoC4/SPI_1_SPI_UART.c ****             {
 344:.\Generated_Source\PSoC4/SPI_1_SPI_UART.c ****                 size = (SPI_1_txBufferHead - locTail);
 345:.\Generated_Source\PSoC4/SPI_1_SPI_UART.c ****             }
 346:.\Generated_Source\PSoC4/SPI_1_SPI_UART.c ****             else
 347:.\Generated_Source\PSoC4/SPI_1_SPI_UART.c ****             {
 348:.\Generated_Source\PSoC4/SPI_1_SPI_UART.c ****                 size = (SPI_1_txBufferHead + (SPI_1_TX_BUFFER_SIZE - locTail));
 349:.\Generated_Source\PSoC4/SPI_1_SPI_UART.c ****             }
 350:.\Generated_Source\PSoC4/SPI_1_SPI_UART.c ****         }
 351:.\Generated_Source\PSoC4/SPI_1_SPI_UART.c ****         #else
 352:.\Generated_Source\PSoC4/SPI_1_SPI_UART.c ****         {
 353:.\Generated_Source\PSoC4/SPI_1_SPI_UART.c ****             size = SPI_1_GET_TX_FIFO_ENTRIES;
 190              		.loc 1 353 0
 191 0000 024B     		ldr	r3, .L19
 192 0002 1B68     		ldr	r3, [r3]
 193 0004 0F20     		mov	r0, #15
 194 0006 1840     		and	r0, r3
 195              	.LVL12:
 354:.\Generated_Source\PSoC4/SPI_1_SPI_UART.c ****         }
 355:.\Generated_Source\PSoC4/SPI_1_SPI_UART.c ****         #endif
 356:.\Generated_Source\PSoC4/SPI_1_SPI_UART.c **** 
 357:.\Generated_Source\PSoC4/SPI_1_SPI_UART.c ****         return(size);
 358:.\Generated_Source\PSoC4/SPI_1_SPI_UART.c ****     }
 196              		.loc 1 358 0
 197              		@ sp needed
 198 0008 7047     		bx	lr
 199              	.L20:
 200 000a C046     		.align	2
 201              	.L19:
 202 000c 08020640 		.word	1074135560
 203              		.cfi_endproc
 204              	.LFE5:
 205              		.size	SPI_1_SpiUartGetTxBufferSize, .-SPI_1_SpiUartGetTxBufferSize
 206              		.section	.text.SPI_1_SpiUartClearTxBuffer,"ax",%progbits
 207              		.align	2
 208              		.global	SPI_1_SpiUartClearTxBuffer
 209              		.code	16
 210              		.thumb_func
ARM GAS  C:\Users\Jarik\AppData\Local\Temp\ccZZ3a7D.s 			page 11


 211              		.type	SPI_1_SpiUartClearTxBuffer, %function
 212              	SPI_1_SpiUartClearTxBuffer:
 213              	.LFB6:
 359:.\Generated_Source\PSoC4/SPI_1_SPI_UART.c **** 
 360:.\Generated_Source\PSoC4/SPI_1_SPI_UART.c **** 
 361:.\Generated_Source\PSoC4/SPI_1_SPI_UART.c ****     /*******************************************************************************
 362:.\Generated_Source\PSoC4/SPI_1_SPI_UART.c ****     * Function Name: SPI_1_SpiUartClearTxBuffer
 363:.\Generated_Source\PSoC4/SPI_1_SPI_UART.c ****     ********************************************************************************
 364:.\Generated_Source\PSoC4/SPI_1_SPI_UART.c ****     *
 365:.\Generated_Source\PSoC4/SPI_1_SPI_UART.c ****     * Summary:
 366:.\Generated_Source\PSoC4/SPI_1_SPI_UART.c ****     *  Clears the transmit buffer and TX FIFO.
 367:.\Generated_Source\PSoC4/SPI_1_SPI_UART.c ****     *
 368:.\Generated_Source\PSoC4/SPI_1_SPI_UART.c ****     * Parameters:
 369:.\Generated_Source\PSoC4/SPI_1_SPI_UART.c ****     *  None
 370:.\Generated_Source\PSoC4/SPI_1_SPI_UART.c ****     *
 371:.\Generated_Source\PSoC4/SPI_1_SPI_UART.c ****     * Return:
 372:.\Generated_Source\PSoC4/SPI_1_SPI_UART.c ****     *  None
 373:.\Generated_Source\PSoC4/SPI_1_SPI_UART.c ****     *
 374:.\Generated_Source\PSoC4/SPI_1_SPI_UART.c ****     *******************************************************************************/
 375:.\Generated_Source\PSoC4/SPI_1_SPI_UART.c ****     void SPI_1_SpiUartClearTxBuffer(void)
 376:.\Generated_Source\PSoC4/SPI_1_SPI_UART.c ****     {
 214              		.loc 1 376 0
 215              		.cfi_startproc
 377:.\Generated_Source\PSoC4/SPI_1_SPI_UART.c ****         #if(SPI_1_INTERNAL_TX_SW_BUFFER_CONST)
 378:.\Generated_Source\PSoC4/SPI_1_SPI_UART.c ****             uint32 intSourceMask;
 379:.\Generated_Source\PSoC4/SPI_1_SPI_UART.c ****         #endif /* (SPI_1_INTERNAL_TX_SW_BUFFER_CONST) */
 380:.\Generated_Source\PSoC4/SPI_1_SPI_UART.c **** 
 381:.\Generated_Source\PSoC4/SPI_1_SPI_UART.c ****         #if(SPI_1_CHECK_TX_SW_BUFFER)
 382:.\Generated_Source\PSoC4/SPI_1_SPI_UART.c ****         {
 383:.\Generated_Source\PSoC4/SPI_1_SPI_UART.c ****             intSourceMask = SPI_1_SpiUartDisableIntTx();
 384:.\Generated_Source\PSoC4/SPI_1_SPI_UART.c **** 
 385:.\Generated_Source\PSoC4/SPI_1_SPI_UART.c ****             SPI_1_CLEAR_TX_FIFO;
 386:.\Generated_Source\PSoC4/SPI_1_SPI_UART.c **** 
 387:.\Generated_Source\PSoC4/SPI_1_SPI_UART.c ****             /* Flush TX software buffer */
 388:.\Generated_Source\PSoC4/SPI_1_SPI_UART.c ****             SPI_1_txBufferHead = SPI_1_txBufferTail;
 389:.\Generated_Source\PSoC4/SPI_1_SPI_UART.c **** 
 390:.\Generated_Source\PSoC4/SPI_1_SPI_UART.c ****             /* End TX transfer if it is in progress */
 391:.\Generated_Source\PSoC4/SPI_1_SPI_UART.c ****             intSourceMask &= (uint32) ~SPI_1_INTR_TX_NOT_FULL;
 392:.\Generated_Source\PSoC4/SPI_1_SPI_UART.c **** 
 393:.\Generated_Source\PSoC4/SPI_1_SPI_UART.c ****             SPI_1_SpiUartEnableIntTx(intSourceMask);
 394:.\Generated_Source\PSoC4/SPI_1_SPI_UART.c ****         }
 395:.\Generated_Source\PSoC4/SPI_1_SPI_UART.c ****         #else
 396:.\Generated_Source\PSoC4/SPI_1_SPI_UART.c ****         {
 397:.\Generated_Source\PSoC4/SPI_1_SPI_UART.c ****             SPI_1_CLEAR_TX_FIFO;
 216              		.loc 1 397 0
 217 0000 054B     		ldr	r3, .L22
 218 0002 1968     		ldr	r1, [r3]
 219 0004 8022     		mov	r2, #128
 220 0006 5202     		lsl	r2, r2, #9
 221 0008 0A43     		orr	r2, r1
 222 000a 1A60     		str	r2, [r3]
 223 000c 1968     		ldr	r1, [r3]
 224 000e 034A     		ldr	r2, .L22+4
 225 0010 0A40     		and	r2, r1
 226 0012 1A60     		str	r2, [r3]
 398:.\Generated_Source\PSoC4/SPI_1_SPI_UART.c ****         }
 399:.\Generated_Source\PSoC4/SPI_1_SPI_UART.c ****         #endif
ARM GAS  C:\Users\Jarik\AppData\Local\Temp\ccZZ3a7D.s 			page 12


 400:.\Generated_Source\PSoC4/SPI_1_SPI_UART.c ****     }
 227              		.loc 1 400 0
 228              		@ sp needed
 229 0014 7047     		bx	lr
 230              	.L23:
 231 0016 C046     		.align	2
 232              	.L22:
 233 0018 04020640 		.word	1074135556
 234 001c FFFFFEFF 		.word	-65537
 235              		.cfi_endproc
 236              	.LFE6:
 237              		.size	SPI_1_SpiUartClearTxBuffer, .-SPI_1_SpiUartClearTxBuffer
 238              		.section	.text.SPI_1_SpiUartDisableIntRx,"ax",%progbits
 239              		.align	2
 240              		.global	SPI_1_SpiUartDisableIntRx
 241              		.code	16
 242              		.thumb_func
 243              		.type	SPI_1_SpiUartDisableIntRx, %function
 244              	SPI_1_SpiUartDisableIntRx:
 245              	.LFB7:
 401:.\Generated_Source\PSoC4/SPI_1_SPI_UART.c **** 
 402:.\Generated_Source\PSoC4/SPI_1_SPI_UART.c **** #endif /* (SPI_1_TX_DIRECTION) */
 403:.\Generated_Source\PSoC4/SPI_1_SPI_UART.c **** 
 404:.\Generated_Source\PSoC4/SPI_1_SPI_UART.c **** 
 405:.\Generated_Source\PSoC4/SPI_1_SPI_UART.c **** /*******************************************************************************
 406:.\Generated_Source\PSoC4/SPI_1_SPI_UART.c **** * Function Name: SPI_1_SpiUartDisableIntRx
 407:.\Generated_Source\PSoC4/SPI_1_SPI_UART.c **** ********************************************************************************
 408:.\Generated_Source\PSoC4/SPI_1_SPI_UART.c **** *
 409:.\Generated_Source\PSoC4/SPI_1_SPI_UART.c **** * Summary:
 410:.\Generated_Source\PSoC4/SPI_1_SPI_UART.c **** *  Disables the RX interrupt sources.
 411:.\Generated_Source\PSoC4/SPI_1_SPI_UART.c **** *
 412:.\Generated_Source\PSoC4/SPI_1_SPI_UART.c **** * Parameters:
 413:.\Generated_Source\PSoC4/SPI_1_SPI_UART.c **** *  None
 414:.\Generated_Source\PSoC4/SPI_1_SPI_UART.c **** *
 415:.\Generated_Source\PSoC4/SPI_1_SPI_UART.c **** * Return:
 416:.\Generated_Source\PSoC4/SPI_1_SPI_UART.c **** *  Returns the RX interrupt sources enabled before the function call.
 417:.\Generated_Source\PSoC4/SPI_1_SPI_UART.c **** *
 418:.\Generated_Source\PSoC4/SPI_1_SPI_UART.c **** *******************************************************************************/
 419:.\Generated_Source\PSoC4/SPI_1_SPI_UART.c **** uint32 SPI_1_SpiUartDisableIntRx(void)
 420:.\Generated_Source\PSoC4/SPI_1_SPI_UART.c **** {
 246              		.loc 1 420 0
 247              		.cfi_startproc
 421:.\Generated_Source\PSoC4/SPI_1_SPI_UART.c ****     uint32 intSource;
 422:.\Generated_Source\PSoC4/SPI_1_SPI_UART.c **** 
 423:.\Generated_Source\PSoC4/SPI_1_SPI_UART.c ****     intSource = SPI_1_GetRxInterruptMode();
 248              		.loc 1 423 0
 249 0000 024B     		ldr	r3, .L25
 250 0002 1868     		ldr	r0, [r3]
 251              	.LVL13:
 424:.\Generated_Source\PSoC4/SPI_1_SPI_UART.c **** 
 425:.\Generated_Source\PSoC4/SPI_1_SPI_UART.c ****     SPI_1_SetRxInterruptMode(SPI_1_NO_INTR_SOURCES);
 252              		.loc 1 425 0
 253 0004 0022     		mov	r2, #0
 254 0006 1A60     		str	r2, [r3]
 426:.\Generated_Source\PSoC4/SPI_1_SPI_UART.c **** 
 427:.\Generated_Source\PSoC4/SPI_1_SPI_UART.c ****     return(intSource);
 428:.\Generated_Source\PSoC4/SPI_1_SPI_UART.c **** }
ARM GAS  C:\Users\Jarik\AppData\Local\Temp\ccZZ3a7D.s 			page 13


 255              		.loc 1 428 0
 256              		@ sp needed
 257 0008 7047     		bx	lr
 258              	.L26:
 259 000a C046     		.align	2
 260              	.L25:
 261 000c C80F0640 		.word	1074139080
 262              		.cfi_endproc
 263              	.LFE7:
 264              		.size	SPI_1_SpiUartDisableIntRx, .-SPI_1_SpiUartDisableIntRx
 265              		.section	.text.SPI_1_SpiUartDisableIntTx,"ax",%progbits
 266              		.align	2
 267              		.global	SPI_1_SpiUartDisableIntTx
 268              		.code	16
 269              		.thumb_func
 270              		.type	SPI_1_SpiUartDisableIntTx, %function
 271              	SPI_1_SpiUartDisableIntTx:
 272              	.LFB8:
 429:.\Generated_Source\PSoC4/SPI_1_SPI_UART.c **** 
 430:.\Generated_Source\PSoC4/SPI_1_SPI_UART.c **** 
 431:.\Generated_Source\PSoC4/SPI_1_SPI_UART.c **** /*******************************************************************************
 432:.\Generated_Source\PSoC4/SPI_1_SPI_UART.c **** * Function Name: SPI_1_SpiUartDisableIntTx
 433:.\Generated_Source\PSoC4/SPI_1_SPI_UART.c **** ********************************************************************************
 434:.\Generated_Source\PSoC4/SPI_1_SPI_UART.c **** *
 435:.\Generated_Source\PSoC4/SPI_1_SPI_UART.c **** * Summary:
 436:.\Generated_Source\PSoC4/SPI_1_SPI_UART.c **** *  Disables TX interrupt sources.
 437:.\Generated_Source\PSoC4/SPI_1_SPI_UART.c **** *
 438:.\Generated_Source\PSoC4/SPI_1_SPI_UART.c **** * Parameters:
 439:.\Generated_Source\PSoC4/SPI_1_SPI_UART.c **** *  None
 440:.\Generated_Source\PSoC4/SPI_1_SPI_UART.c **** *
 441:.\Generated_Source\PSoC4/SPI_1_SPI_UART.c **** * Return:
 442:.\Generated_Source\PSoC4/SPI_1_SPI_UART.c **** *  Returns TX interrupt sources enabled before function call.
 443:.\Generated_Source\PSoC4/SPI_1_SPI_UART.c **** *
 444:.\Generated_Source\PSoC4/SPI_1_SPI_UART.c **** *******************************************************************************/
 445:.\Generated_Source\PSoC4/SPI_1_SPI_UART.c **** uint32 SPI_1_SpiUartDisableIntTx(void)
 446:.\Generated_Source\PSoC4/SPI_1_SPI_UART.c **** {
 273              		.loc 1 446 0
 274              		.cfi_startproc
 447:.\Generated_Source\PSoC4/SPI_1_SPI_UART.c ****     uint32 intSourceMask;
 448:.\Generated_Source\PSoC4/SPI_1_SPI_UART.c **** 
 449:.\Generated_Source\PSoC4/SPI_1_SPI_UART.c ****     intSourceMask = SPI_1_GetTxInterruptMode();
 275              		.loc 1 449 0
 276 0000 024B     		ldr	r3, .L28
 277 0002 1868     		ldr	r0, [r3]
 278              	.LVL14:
 450:.\Generated_Source\PSoC4/SPI_1_SPI_UART.c **** 
 451:.\Generated_Source\PSoC4/SPI_1_SPI_UART.c ****     SPI_1_SetTxInterruptMode(SPI_1_NO_INTR_SOURCES);
 279              		.loc 1 451 0
 280 0004 0022     		mov	r2, #0
 281 0006 1A60     		str	r2, [r3]
 452:.\Generated_Source\PSoC4/SPI_1_SPI_UART.c **** 
 453:.\Generated_Source\PSoC4/SPI_1_SPI_UART.c ****     return(intSourceMask);
 454:.\Generated_Source\PSoC4/SPI_1_SPI_UART.c **** }
 282              		.loc 1 454 0
 283              		@ sp needed
 284 0008 7047     		bx	lr
 285              	.L29:
ARM GAS  C:\Users\Jarik\AppData\Local\Temp\ccZZ3a7D.s 			page 14


 286 000a C046     		.align	2
 287              	.L28:
 288 000c 880F0640 		.word	1074139016
 289              		.cfi_endproc
 290              	.LFE8:
 291              		.size	SPI_1_SpiUartDisableIntTx, .-SPI_1_SpiUartDisableIntTx
 292              		.text
 293              	.Letext0:
 294              		.file 2 "Generated_Source\\PSoC4/cytypes.h"
 295              		.section	.debug_info,"",%progbits
 296              	.Ldebug_info0:
 297 0000 11020000 		.4byte	0x211
 298 0004 0400     		.2byte	0x4
 299 0006 00000000 		.4byte	.Ldebug_abbrev0
 300 000a 04       		.byte	0x4
 301 000b 01       		.uleb128 0x1
 302 000c 5F010000 		.4byte	.LASF32
 303 0010 01       		.byte	0x1
 304 0011 68000000 		.4byte	.LASF33
 305 0015 23020000 		.4byte	.LASF34
 306 0019 00000000 		.4byte	.Ldebug_ranges0+0
 307 001d 00000000 		.4byte	0
 308 0021 00000000 		.4byte	.Ldebug_line0
 309 0025 02       		.uleb128 0x2
 310 0026 01       		.byte	0x1
 311 0027 06       		.byte	0x6
 312 0028 8D020000 		.4byte	.LASF0
 313 002c 02       		.uleb128 0x2
 314 002d 01       		.byte	0x1
 315 002e 08       		.byte	0x8
 316 002f F9000000 		.4byte	.LASF1
 317 0033 02       		.uleb128 0x2
 318 0034 02       		.byte	0x2
 319 0035 05       		.byte	0x5
 320 0036 F7010000 		.4byte	.LASF2
 321 003a 02       		.uleb128 0x2
 322 003b 02       		.byte	0x2
 323 003c 07       		.byte	0x7
 324 003d 30000000 		.4byte	.LASF3
 325 0041 02       		.uleb128 0x2
 326 0042 04       		.byte	0x4
 327 0043 05       		.byte	0x5
 328 0044 1A020000 		.4byte	.LASF4
 329 0048 02       		.uleb128 0x2
 330 0049 04       		.byte	0x4
 331 004a 07       		.byte	0x7
 332 004b BA000000 		.4byte	.LASF5
 333 004f 02       		.uleb128 0x2
 334 0050 08       		.byte	0x8
 335 0051 05       		.byte	0x5
 336 0052 E4010000 		.4byte	.LASF6
 337 0056 02       		.uleb128 0x2
 338 0057 08       		.byte	0x8
 339 0058 07       		.byte	0x7
 340 0059 48010000 		.4byte	.LASF7
 341 005d 03       		.uleb128 0x3
 342 005e 04       		.byte	0x4
ARM GAS  C:\Users\Jarik\AppData\Local\Temp\ccZZ3a7D.s 			page 15


 343 005f 05       		.byte	0x5
 344 0060 696E7400 		.ascii	"int\000"
 345 0064 02       		.uleb128 0x2
 346 0065 04       		.byte	0x4
 347 0066 07       		.byte	0x7
 348 0067 43000000 		.4byte	.LASF8
 349 006b 04       		.uleb128 0x4
 350 006c CC000000 		.4byte	.LASF9
 351 0070 02       		.byte	0x2
 352 0071 A1       		.byte	0xa1
 353 0072 2C000000 		.4byte	0x2c
 354 0076 04       		.uleb128 0x4
 355 0077 0E010000 		.4byte	.LASF10
 356 007b 02       		.byte	0x2
 357 007c A3       		.byte	0xa3
 358 007d 48000000 		.4byte	0x48
 359 0081 02       		.uleb128 0x2
 360 0082 04       		.byte	0x4
 361 0083 04       		.byte	0x4
 362 0084 AF000000 		.4byte	.LASF11
 363 0088 02       		.uleb128 0x2
 364 0089 08       		.byte	0x8
 365 008a 04       		.byte	0x4
 366 008b 07010000 		.4byte	.LASF12
 367 008f 02       		.uleb128 0x2
 368 0090 01       		.byte	0x1
 369 0091 08       		.byte	0x8
 370 0092 F2010000 		.4byte	.LASF13
 371 0096 05       		.uleb128 0x5
 372 0097 00000000 		.4byte	.LASF14
 373 009b 02       		.byte	0x2
 374 009c 4D01     		.2byte	0x14d
 375 009e A2000000 		.4byte	0xa2
 376 00a2 06       		.uleb128 0x6
 377 00a3 76000000 		.4byte	0x76
 378 00a7 02       		.uleb128 0x2
 379 00a8 04       		.byte	0x4
 380 00a9 07       		.byte	0x7
 381 00aa DB010000 		.4byte	.LASF15
 382 00ae 07       		.uleb128 0x7
 383 00af 50000000 		.4byte	.LASF16
 384 00b3 01       		.byte	0x1
 385 00b4 46       		.byte	0x46
 386 00b5 76000000 		.4byte	0x76
 387 00b9 00000000 		.4byte	.LFB0
 388 00bd 0C000000 		.4byte	.LFE0-.LFB0
 389 00c1 01       		.uleb128 0x1
 390 00c2 9C       		.byte	0x9c
 391 00c3 D7000000 		.4byte	0xd7
 392 00c7 08       		.uleb128 0x8
 393 00c8 EC000000 		.4byte	.LASF18
 394 00cc 01       		.byte	0x1
 395 00cd 48       		.byte	0x48
 396 00ce 76000000 		.4byte	0x76
 397 00d2 00000000 		.4byte	.LLST0
 398 00d6 00       		.byte	0
 399 00d7 07       		.uleb128 0x7
ARM GAS  C:\Users\Jarik\AppData\Local\Temp\ccZZ3a7D.s 			page 16


 400 00d8 92000000 		.4byte	.LASF17
 401 00dc 01       		.byte	0x1
 402 00dd 7F       		.byte	0x7f
 403 00de 76000000 		.4byte	0x76
 404 00e2 00000000 		.4byte	.LFB1
 405 00e6 10000000 		.4byte	.LFE1-.LFB1
 406 00ea 01       		.uleb128 0x1
 407 00eb 9C       		.byte	0x9c
 408 00ec FE000000 		.4byte	0xfe
 409 00f0 09       		.uleb128 0x9
 410 00f1 B5000000 		.4byte	.LASF19
 411 00f5 01       		.byte	0x1
 412 00f6 81       		.byte	0x81
 413 00f7 76000000 		.4byte	0x76
 414 00fb 01       		.uleb128 0x1
 415 00fc 50       		.byte	0x50
 416 00fd 00       		.byte	0
 417 00fe 0A       		.uleb128 0xa
 418 00ff 58020000 		.4byte	.LASF26
 419 0103 01       		.byte	0x1
 420 0104 AB       		.byte	0xab
 421 0105 00000000 		.4byte	.LFB2
 422 0109 20000000 		.4byte	.LFE2-.LFB2
 423 010d 01       		.uleb128 0x1
 424 010e 9C       		.byte	0x9c
 425 010f 0B       		.uleb128 0xb
 426 0110 01020000 		.4byte	.LASF20
 427 0114 01       		.byte	0x1
 428 0115 DD       		.byte	0xdd
 429 0116 00000000 		.4byte	.LFB3
 430 011a 1C000000 		.4byte	.LFE3-.LFB3
 431 011e 01       		.uleb128 0x1
 432 011f 9C       		.byte	0x9c
 433 0120 32010000 		.4byte	0x132
 434 0124 0C       		.uleb128 0xc
 435 0125 29000000 		.4byte	.LASF22
 436 0129 01       		.byte	0x1
 437 012a DD       		.byte	0xdd
 438 012b 76000000 		.4byte	0x76
 439 012f 01       		.uleb128 0x1
 440 0130 50       		.byte	0x50
 441 0131 00       		.byte	0
 442 0132 0D       		.uleb128 0xd
 443 0133 99020000 		.4byte	.LASF21
 444 0137 01       		.byte	0x1
 445 0138 2B01     		.2byte	0x12b
 446 013a 00000000 		.4byte	.LFB4
 447 013e 18000000 		.4byte	.LFE4-.LFB4
 448 0142 01       		.uleb128 0x1
 449 0143 9C       		.byte	0x9c
 450 0144 80010000 		.4byte	0x180
 451 0148 0E       		.uleb128 0xe
 452 0149 F3000000 		.4byte	.LASF23
 453 014d 01       		.byte	0x1
 454 014e 2B01     		.2byte	0x12b
 455 0150 80010000 		.4byte	0x180
 456 0154 1F000000 		.4byte	.LLST1
ARM GAS  C:\Users\Jarik\AppData\Local\Temp\ccZZ3a7D.s 			page 17


 457 0158 0E       		.uleb128 0xe
 458 0159 23000000 		.4byte	.LASF24
 459 015d 01       		.byte	0x1
 460 015e 2B01     		.2byte	0x12b
 461 0160 76000000 		.4byte	0x76
 462 0164 4B000000 		.4byte	.LLST2
 463 0168 0F       		.uleb128 0xf
 464 0169 6900     		.ascii	"i\000"
 465 016b 01       		.byte	0x1
 466 016c 2D01     		.2byte	0x12d
 467 016e 76000000 		.4byte	0x76
 468 0172 77000000 		.4byte	.LLST3
 469 0176 10       		.uleb128 0x10
 470 0177 10000000 		.4byte	.LVL7
 471 017b 0F010000 		.4byte	0x10f
 472 017f 00       		.byte	0
 473 0180 11       		.uleb128 0x11
 474 0181 04       		.byte	0x4
 475 0182 86010000 		.4byte	0x186
 476 0186 12       		.uleb128 0x12
 477 0187 6B000000 		.4byte	0x6b
 478 018b 13       		.uleb128 0x13
 479 018c 06000000 		.4byte	.LASF25
 480 0190 01       		.byte	0x1
 481 0191 4A01     		.2byte	0x14a
 482 0193 76000000 		.4byte	0x76
 483 0197 00000000 		.4byte	.LFB5
 484 019b 10000000 		.4byte	.LFE5-.LFB5
 485 019f 01       		.uleb128 0x1
 486 01a0 9C       		.byte	0x9c
 487 01a1 B4010000 		.4byte	0x1b4
 488 01a5 14       		.uleb128 0x14
 489 01a6 B5000000 		.4byte	.LASF19
 490 01aa 01       		.byte	0x1
 491 01ab 4C01     		.2byte	0x14c
 492 01ad 76000000 		.4byte	0x76
 493 01b1 01       		.uleb128 0x1
 494 01b2 50       		.byte	0x50
 495 01b3 00       		.byte	0
 496 01b4 15       		.uleb128 0x15
 497 01b5 15010000 		.4byte	.LASF27
 498 01b9 01       		.byte	0x1
 499 01ba 7701     		.2byte	0x177
 500 01bc 00000000 		.4byte	.LFB6
 501 01c0 20000000 		.4byte	.LFE6-.LFB6
 502 01c4 01       		.uleb128 0x1
 503 01c5 9C       		.byte	0x9c
 504 01c6 13       		.uleb128 0x13
 505 01c7 D2000000 		.4byte	.LASF28
 506 01cb 01       		.byte	0x1
 507 01cc A301     		.2byte	0x1a3
 508 01ce 76000000 		.4byte	0x76
 509 01d2 00000000 		.4byte	.LFB7
 510 01d6 10000000 		.4byte	.LFE7-.LFB7
 511 01da 01       		.uleb128 0x1
 512 01db 9C       		.byte	0x9c
 513 01dc EF010000 		.4byte	0x1ef
ARM GAS  C:\Users\Jarik\AppData\Local\Temp\ccZZ3a7D.s 			page 18


 514 01e0 14       		.uleb128 0x14
 515 01e1 3E010000 		.4byte	.LASF29
 516 01e5 01       		.byte	0x1
 517 01e6 A501     		.2byte	0x1a5
 518 01e8 76000000 		.4byte	0x76
 519 01ec 01       		.uleb128 0x1
 520 01ed 50       		.byte	0x50
 521 01ee 00       		.byte	0
 522 01ef 16       		.uleb128 0x16
 523 01f0 73020000 		.4byte	.LASF30
 524 01f4 01       		.byte	0x1
 525 01f5 BD01     		.2byte	0x1bd
 526 01f7 76000000 		.4byte	0x76
 527 01fb 00000000 		.4byte	.LFB8
 528 01ff 10000000 		.4byte	.LFE8-.LFB8
 529 0203 01       		.uleb128 0x1
 530 0204 9C       		.byte	0x9c
 531 0205 14       		.uleb128 0x14
 532 0206 30010000 		.4byte	.LASF31
 533 020a 01       		.byte	0x1
 534 020b BF01     		.2byte	0x1bf
 535 020d 76000000 		.4byte	0x76
 536 0211 01       		.uleb128 0x1
 537 0212 50       		.byte	0x50
 538 0213 00       		.byte	0
 539 0214 00       		.byte	0
 540              		.section	.debug_abbrev,"",%progbits
 541              	.Ldebug_abbrev0:
 542 0000 01       		.uleb128 0x1
 543 0001 11       		.uleb128 0x11
 544 0002 01       		.byte	0x1
 545 0003 25       		.uleb128 0x25
 546 0004 0E       		.uleb128 0xe
 547 0005 13       		.uleb128 0x13
 548 0006 0B       		.uleb128 0xb
 549 0007 03       		.uleb128 0x3
 550 0008 0E       		.uleb128 0xe
 551 0009 1B       		.uleb128 0x1b
 552 000a 0E       		.uleb128 0xe
 553 000b 55       		.uleb128 0x55
 554 000c 17       		.uleb128 0x17
 555 000d 11       		.uleb128 0x11
 556 000e 01       		.uleb128 0x1
 557 000f 10       		.uleb128 0x10
 558 0010 17       		.uleb128 0x17
 559 0011 00       		.byte	0
 560 0012 00       		.byte	0
 561 0013 02       		.uleb128 0x2
 562 0014 24       		.uleb128 0x24
 563 0015 00       		.byte	0
 564 0016 0B       		.uleb128 0xb
 565 0017 0B       		.uleb128 0xb
 566 0018 3E       		.uleb128 0x3e
 567 0019 0B       		.uleb128 0xb
 568 001a 03       		.uleb128 0x3
 569 001b 0E       		.uleb128 0xe
 570 001c 00       		.byte	0
ARM GAS  C:\Users\Jarik\AppData\Local\Temp\ccZZ3a7D.s 			page 19


 571 001d 00       		.byte	0
 572 001e 03       		.uleb128 0x3
 573 001f 24       		.uleb128 0x24
 574 0020 00       		.byte	0
 575 0021 0B       		.uleb128 0xb
 576 0022 0B       		.uleb128 0xb
 577 0023 3E       		.uleb128 0x3e
 578 0024 0B       		.uleb128 0xb
 579 0025 03       		.uleb128 0x3
 580 0026 08       		.uleb128 0x8
 581 0027 00       		.byte	0
 582 0028 00       		.byte	0
 583 0029 04       		.uleb128 0x4
 584 002a 16       		.uleb128 0x16
 585 002b 00       		.byte	0
 586 002c 03       		.uleb128 0x3
 587 002d 0E       		.uleb128 0xe
 588 002e 3A       		.uleb128 0x3a
 589 002f 0B       		.uleb128 0xb
 590 0030 3B       		.uleb128 0x3b
 591 0031 0B       		.uleb128 0xb
 592 0032 49       		.uleb128 0x49
 593 0033 13       		.uleb128 0x13
 594 0034 00       		.byte	0
 595 0035 00       		.byte	0
 596 0036 05       		.uleb128 0x5
 597 0037 16       		.uleb128 0x16
 598 0038 00       		.byte	0
 599 0039 03       		.uleb128 0x3
 600 003a 0E       		.uleb128 0xe
 601 003b 3A       		.uleb128 0x3a
 602 003c 0B       		.uleb128 0xb
 603 003d 3B       		.uleb128 0x3b
 604 003e 05       		.uleb128 0x5
 605 003f 49       		.uleb128 0x49
 606 0040 13       		.uleb128 0x13
 607 0041 00       		.byte	0
 608 0042 00       		.byte	0
 609 0043 06       		.uleb128 0x6
 610 0044 35       		.uleb128 0x35
 611 0045 00       		.byte	0
 612 0046 49       		.uleb128 0x49
 613 0047 13       		.uleb128 0x13
 614 0048 00       		.byte	0
 615 0049 00       		.byte	0
 616 004a 07       		.uleb128 0x7
 617 004b 2E       		.uleb128 0x2e
 618 004c 01       		.byte	0x1
 619 004d 3F       		.uleb128 0x3f
 620 004e 19       		.uleb128 0x19
 621 004f 03       		.uleb128 0x3
 622 0050 0E       		.uleb128 0xe
 623 0051 3A       		.uleb128 0x3a
 624 0052 0B       		.uleb128 0xb
 625 0053 3B       		.uleb128 0x3b
 626 0054 0B       		.uleb128 0xb
 627 0055 27       		.uleb128 0x27
ARM GAS  C:\Users\Jarik\AppData\Local\Temp\ccZZ3a7D.s 			page 20


 628 0056 19       		.uleb128 0x19
 629 0057 49       		.uleb128 0x49
 630 0058 13       		.uleb128 0x13
 631 0059 11       		.uleb128 0x11
 632 005a 01       		.uleb128 0x1
 633 005b 12       		.uleb128 0x12
 634 005c 06       		.uleb128 0x6
 635 005d 40       		.uleb128 0x40
 636 005e 18       		.uleb128 0x18
 637 005f 9742     		.uleb128 0x2117
 638 0061 19       		.uleb128 0x19
 639 0062 01       		.uleb128 0x1
 640 0063 13       		.uleb128 0x13
 641 0064 00       		.byte	0
 642 0065 00       		.byte	0
 643 0066 08       		.uleb128 0x8
 644 0067 34       		.uleb128 0x34
 645 0068 00       		.byte	0
 646 0069 03       		.uleb128 0x3
 647 006a 0E       		.uleb128 0xe
 648 006b 3A       		.uleb128 0x3a
 649 006c 0B       		.uleb128 0xb
 650 006d 3B       		.uleb128 0x3b
 651 006e 0B       		.uleb128 0xb
 652 006f 49       		.uleb128 0x49
 653 0070 13       		.uleb128 0x13
 654 0071 02       		.uleb128 0x2
 655 0072 17       		.uleb128 0x17
 656 0073 00       		.byte	0
 657 0074 00       		.byte	0
 658 0075 09       		.uleb128 0x9
 659 0076 34       		.uleb128 0x34
 660 0077 00       		.byte	0
 661 0078 03       		.uleb128 0x3
 662 0079 0E       		.uleb128 0xe
 663 007a 3A       		.uleb128 0x3a
 664 007b 0B       		.uleb128 0xb
 665 007c 3B       		.uleb128 0x3b
 666 007d 0B       		.uleb128 0xb
 667 007e 49       		.uleb128 0x49
 668 007f 13       		.uleb128 0x13
 669 0080 02       		.uleb128 0x2
 670 0081 18       		.uleb128 0x18
 671 0082 00       		.byte	0
 672 0083 00       		.byte	0
 673 0084 0A       		.uleb128 0xa
 674 0085 2E       		.uleb128 0x2e
 675 0086 00       		.byte	0
 676 0087 3F       		.uleb128 0x3f
 677 0088 19       		.uleb128 0x19
 678 0089 03       		.uleb128 0x3
 679 008a 0E       		.uleb128 0xe
 680 008b 3A       		.uleb128 0x3a
 681 008c 0B       		.uleb128 0xb
 682 008d 3B       		.uleb128 0x3b
 683 008e 0B       		.uleb128 0xb
 684 008f 27       		.uleb128 0x27
ARM GAS  C:\Users\Jarik\AppData\Local\Temp\ccZZ3a7D.s 			page 21


 685 0090 19       		.uleb128 0x19
 686 0091 11       		.uleb128 0x11
 687 0092 01       		.uleb128 0x1
 688 0093 12       		.uleb128 0x12
 689 0094 06       		.uleb128 0x6
 690 0095 40       		.uleb128 0x40
 691 0096 18       		.uleb128 0x18
 692 0097 9742     		.uleb128 0x2117
 693 0099 19       		.uleb128 0x19
 694 009a 00       		.byte	0
 695 009b 00       		.byte	0
 696 009c 0B       		.uleb128 0xb
 697 009d 2E       		.uleb128 0x2e
 698 009e 01       		.byte	0x1
 699 009f 3F       		.uleb128 0x3f
 700 00a0 19       		.uleb128 0x19
 701 00a1 03       		.uleb128 0x3
 702 00a2 0E       		.uleb128 0xe
 703 00a3 3A       		.uleb128 0x3a
 704 00a4 0B       		.uleb128 0xb
 705 00a5 3B       		.uleb128 0x3b
 706 00a6 0B       		.uleb128 0xb
 707 00a7 27       		.uleb128 0x27
 708 00a8 19       		.uleb128 0x19
 709 00a9 11       		.uleb128 0x11
 710 00aa 01       		.uleb128 0x1
 711 00ab 12       		.uleb128 0x12
 712 00ac 06       		.uleb128 0x6
 713 00ad 40       		.uleb128 0x40
 714 00ae 18       		.uleb128 0x18
 715 00af 9742     		.uleb128 0x2117
 716 00b1 19       		.uleb128 0x19
 717 00b2 01       		.uleb128 0x1
 718 00b3 13       		.uleb128 0x13
 719 00b4 00       		.byte	0
 720 00b5 00       		.byte	0
 721 00b6 0C       		.uleb128 0xc
 722 00b7 05       		.uleb128 0x5
 723 00b8 00       		.byte	0
 724 00b9 03       		.uleb128 0x3
 725 00ba 0E       		.uleb128 0xe
 726 00bb 3A       		.uleb128 0x3a
 727 00bc 0B       		.uleb128 0xb
 728 00bd 3B       		.uleb128 0x3b
 729 00be 0B       		.uleb128 0xb
 730 00bf 49       		.uleb128 0x49
 731 00c0 13       		.uleb128 0x13
 732 00c1 02       		.uleb128 0x2
 733 00c2 18       		.uleb128 0x18
 734 00c3 00       		.byte	0
 735 00c4 00       		.byte	0
 736 00c5 0D       		.uleb128 0xd
 737 00c6 2E       		.uleb128 0x2e
 738 00c7 01       		.byte	0x1
 739 00c8 3F       		.uleb128 0x3f
 740 00c9 19       		.uleb128 0x19
 741 00ca 03       		.uleb128 0x3
ARM GAS  C:\Users\Jarik\AppData\Local\Temp\ccZZ3a7D.s 			page 22


 742 00cb 0E       		.uleb128 0xe
 743 00cc 3A       		.uleb128 0x3a
 744 00cd 0B       		.uleb128 0xb
 745 00ce 3B       		.uleb128 0x3b
 746 00cf 05       		.uleb128 0x5
 747 00d0 27       		.uleb128 0x27
 748 00d1 19       		.uleb128 0x19
 749 00d2 11       		.uleb128 0x11
 750 00d3 01       		.uleb128 0x1
 751 00d4 12       		.uleb128 0x12
 752 00d5 06       		.uleb128 0x6
 753 00d6 40       		.uleb128 0x40
 754 00d7 18       		.uleb128 0x18
 755 00d8 9742     		.uleb128 0x2117
 756 00da 19       		.uleb128 0x19
 757 00db 01       		.uleb128 0x1
 758 00dc 13       		.uleb128 0x13
 759 00dd 00       		.byte	0
 760 00de 00       		.byte	0
 761 00df 0E       		.uleb128 0xe
 762 00e0 05       		.uleb128 0x5
 763 00e1 00       		.byte	0
 764 00e2 03       		.uleb128 0x3
 765 00e3 0E       		.uleb128 0xe
 766 00e4 3A       		.uleb128 0x3a
 767 00e5 0B       		.uleb128 0xb
 768 00e6 3B       		.uleb128 0x3b
 769 00e7 05       		.uleb128 0x5
 770 00e8 49       		.uleb128 0x49
 771 00e9 13       		.uleb128 0x13
 772 00ea 02       		.uleb128 0x2
 773 00eb 17       		.uleb128 0x17
 774 00ec 00       		.byte	0
 775 00ed 00       		.byte	0
 776 00ee 0F       		.uleb128 0xf
 777 00ef 34       		.uleb128 0x34
 778 00f0 00       		.byte	0
 779 00f1 03       		.uleb128 0x3
 780 00f2 08       		.uleb128 0x8
 781 00f3 3A       		.uleb128 0x3a
 782 00f4 0B       		.uleb128 0xb
 783 00f5 3B       		.uleb128 0x3b
 784 00f6 05       		.uleb128 0x5
 785 00f7 49       		.uleb128 0x49
 786 00f8 13       		.uleb128 0x13
 787 00f9 02       		.uleb128 0x2
 788 00fa 17       		.uleb128 0x17
 789 00fb 00       		.byte	0
 790 00fc 00       		.byte	0
 791 00fd 10       		.uleb128 0x10
 792 00fe 898201   		.uleb128 0x4109
 793 0101 00       		.byte	0
 794 0102 11       		.uleb128 0x11
 795 0103 01       		.uleb128 0x1
 796 0104 31       		.uleb128 0x31
 797 0105 13       		.uleb128 0x13
 798 0106 00       		.byte	0
ARM GAS  C:\Users\Jarik\AppData\Local\Temp\ccZZ3a7D.s 			page 23


 799 0107 00       		.byte	0
 800 0108 11       		.uleb128 0x11
 801 0109 0F       		.uleb128 0xf
 802 010a 00       		.byte	0
 803 010b 0B       		.uleb128 0xb
 804 010c 0B       		.uleb128 0xb
 805 010d 49       		.uleb128 0x49
 806 010e 13       		.uleb128 0x13
 807 010f 00       		.byte	0
 808 0110 00       		.byte	0
 809 0111 12       		.uleb128 0x12
 810 0112 26       		.uleb128 0x26
 811 0113 00       		.byte	0
 812 0114 49       		.uleb128 0x49
 813 0115 13       		.uleb128 0x13
 814 0116 00       		.byte	0
 815 0117 00       		.byte	0
 816 0118 13       		.uleb128 0x13
 817 0119 2E       		.uleb128 0x2e
 818 011a 01       		.byte	0x1
 819 011b 3F       		.uleb128 0x3f
 820 011c 19       		.uleb128 0x19
 821 011d 03       		.uleb128 0x3
 822 011e 0E       		.uleb128 0xe
 823 011f 3A       		.uleb128 0x3a
 824 0120 0B       		.uleb128 0xb
 825 0121 3B       		.uleb128 0x3b
 826 0122 05       		.uleb128 0x5
 827 0123 27       		.uleb128 0x27
 828 0124 19       		.uleb128 0x19
 829 0125 49       		.uleb128 0x49
 830 0126 13       		.uleb128 0x13
 831 0127 11       		.uleb128 0x11
 832 0128 01       		.uleb128 0x1
 833 0129 12       		.uleb128 0x12
 834 012a 06       		.uleb128 0x6
 835 012b 40       		.uleb128 0x40
 836 012c 18       		.uleb128 0x18
 837 012d 9742     		.uleb128 0x2117
 838 012f 19       		.uleb128 0x19
 839 0130 01       		.uleb128 0x1
 840 0131 13       		.uleb128 0x13
 841 0132 00       		.byte	0
 842 0133 00       		.byte	0
 843 0134 14       		.uleb128 0x14
 844 0135 34       		.uleb128 0x34
 845 0136 00       		.byte	0
 846 0137 03       		.uleb128 0x3
 847 0138 0E       		.uleb128 0xe
 848 0139 3A       		.uleb128 0x3a
 849 013a 0B       		.uleb128 0xb
 850 013b 3B       		.uleb128 0x3b
 851 013c 05       		.uleb128 0x5
 852 013d 49       		.uleb128 0x49
 853 013e 13       		.uleb128 0x13
 854 013f 02       		.uleb128 0x2
 855 0140 18       		.uleb128 0x18
ARM GAS  C:\Users\Jarik\AppData\Local\Temp\ccZZ3a7D.s 			page 24


 856 0141 00       		.byte	0
 857 0142 00       		.byte	0
 858 0143 15       		.uleb128 0x15
 859 0144 2E       		.uleb128 0x2e
 860 0145 00       		.byte	0
 861 0146 3F       		.uleb128 0x3f
 862 0147 19       		.uleb128 0x19
 863 0148 03       		.uleb128 0x3
 864 0149 0E       		.uleb128 0xe
 865 014a 3A       		.uleb128 0x3a
 866 014b 0B       		.uleb128 0xb
 867 014c 3B       		.uleb128 0x3b
 868 014d 05       		.uleb128 0x5
 869 014e 27       		.uleb128 0x27
 870 014f 19       		.uleb128 0x19
 871 0150 11       		.uleb128 0x11
 872 0151 01       		.uleb128 0x1
 873 0152 12       		.uleb128 0x12
 874 0153 06       		.uleb128 0x6
 875 0154 40       		.uleb128 0x40
 876 0155 18       		.uleb128 0x18
 877 0156 9742     		.uleb128 0x2117
 878 0158 19       		.uleb128 0x19
 879 0159 00       		.byte	0
 880 015a 00       		.byte	0
 881 015b 16       		.uleb128 0x16
 882 015c 2E       		.uleb128 0x2e
 883 015d 01       		.byte	0x1
 884 015e 3F       		.uleb128 0x3f
 885 015f 19       		.uleb128 0x19
 886 0160 03       		.uleb128 0x3
 887 0161 0E       		.uleb128 0xe
 888 0162 3A       		.uleb128 0x3a
 889 0163 0B       		.uleb128 0xb
 890 0164 3B       		.uleb128 0x3b
 891 0165 05       		.uleb128 0x5
 892 0166 27       		.uleb128 0x27
 893 0167 19       		.uleb128 0x19
 894 0168 49       		.uleb128 0x49
 895 0169 13       		.uleb128 0x13
 896 016a 11       		.uleb128 0x11
 897 016b 01       		.uleb128 0x1
 898 016c 12       		.uleb128 0x12
 899 016d 06       		.uleb128 0x6
 900 016e 40       		.uleb128 0x40
 901 016f 18       		.uleb128 0x18
 902 0170 9742     		.uleb128 0x2117
 903 0172 19       		.uleb128 0x19
 904 0173 00       		.byte	0
 905 0174 00       		.byte	0
 906 0175 00       		.byte	0
 907              		.section	.debug_loc,"",%progbits
 908              	.Ldebug_loc0:
 909              	.LLST0:
 910 0000 00000000 		.4byte	.LVL0
 911 0004 04000000 		.4byte	.LVL1
 912 0008 0200     		.2byte	0x2
ARM GAS  C:\Users\Jarik\AppData\Local\Temp\ccZZ3a7D.s 			page 25


 913 000a 30       		.byte	0x30
 914 000b 9F       		.byte	0x9f
 915 000c 04000000 		.4byte	.LVL1
 916 0010 0C000000 		.4byte	.LFE0
 917 0014 0100     		.2byte	0x1
 918 0016 50       		.byte	0x50
 919 0017 00000000 		.4byte	0
 920 001b 00000000 		.4byte	0
 921              	.LLST1:
 922 001f 00000000 		.4byte	.LVL4
 923 0023 0A000000 		.4byte	.LVL6
 924 0027 0100     		.2byte	0x1
 925 0029 50       		.byte	0x50
 926 002a 0A000000 		.4byte	.LVL6
 927 002e 16000000 		.4byte	.LVL11
 928 0032 0100     		.2byte	0x1
 929 0034 56       		.byte	0x56
 930 0035 16000000 		.4byte	.LVL11
 931 0039 18000000 		.4byte	.LFE4
 932 003d 0400     		.2byte	0x4
 933 003f F3       		.byte	0xf3
 934 0040 01       		.uleb128 0x1
 935 0041 50       		.byte	0x50
 936 0042 9F       		.byte	0x9f
 937 0043 00000000 		.4byte	0
 938 0047 00000000 		.4byte	0
 939              	.LLST2:
 940 004b 00000000 		.4byte	.LVL4
 941 004f 0A000000 		.4byte	.LVL6
 942 0053 0100     		.2byte	0x1
 943 0055 51       		.byte	0x51
 944 0056 0A000000 		.4byte	.LVL6
 945 005a 16000000 		.4byte	.LVL10
 946 005e 0100     		.2byte	0x1
 947 0060 55       		.byte	0x55
 948 0061 16000000 		.4byte	.LVL10
 949 0065 18000000 		.4byte	.LFE4
 950 0069 0400     		.2byte	0x4
 951 006b F3       		.byte	0xf3
 952 006c 01       		.uleb128 0x1
 953 006d 51       		.byte	0x51
 954 006e 9F       		.byte	0x9f
 955 006f 00000000 		.4byte	0
 956 0073 00000000 		.4byte	0
 957              	.LLST3:
 958 0077 06000000 		.4byte	.LVL5
 959 007b 0A000000 		.4byte	.LVL6
 960 007f 0200     		.2byte	0x2
 961 0081 30       		.byte	0x30
 962 0082 9F       		.byte	0x9f
 963 0083 0A000000 		.4byte	.LVL6
 964 0087 16000000 		.4byte	.LVL9
 965 008b 0100     		.2byte	0x1
 966 008d 54       		.byte	0x54
 967 008e 00000000 		.4byte	0
 968 0092 00000000 		.4byte	0
 969              		.section	.debug_aranges,"",%progbits
ARM GAS  C:\Users\Jarik\AppData\Local\Temp\ccZZ3a7D.s 			page 26


 970 0000 5C000000 		.4byte	0x5c
 971 0004 0200     		.2byte	0x2
 972 0006 00000000 		.4byte	.Ldebug_info0
 973 000a 04       		.byte	0x4
 974 000b 00       		.byte	0
 975 000c 0000     		.2byte	0
 976 000e 0000     		.2byte	0
 977 0010 00000000 		.4byte	.LFB0
 978 0014 0C000000 		.4byte	.LFE0-.LFB0
 979 0018 00000000 		.4byte	.LFB1
 980 001c 10000000 		.4byte	.LFE1-.LFB1
 981 0020 00000000 		.4byte	.LFB2
 982 0024 20000000 		.4byte	.LFE2-.LFB2
 983 0028 00000000 		.4byte	.LFB3
 984 002c 1C000000 		.4byte	.LFE3-.LFB3
 985 0030 00000000 		.4byte	.LFB4
 986 0034 18000000 		.4byte	.LFE4-.LFB4
 987 0038 00000000 		.4byte	.LFB5
 988 003c 10000000 		.4byte	.LFE5-.LFB5
 989 0040 00000000 		.4byte	.LFB6
 990 0044 20000000 		.4byte	.LFE6-.LFB6
 991 0048 00000000 		.4byte	.LFB7
 992 004c 10000000 		.4byte	.LFE7-.LFB7
 993 0050 00000000 		.4byte	.LFB8
 994 0054 10000000 		.4byte	.LFE8-.LFB8
 995 0058 00000000 		.4byte	0
 996 005c 00000000 		.4byte	0
 997              		.section	.debug_ranges,"",%progbits
 998              	.Ldebug_ranges0:
 999 0000 00000000 		.4byte	.LFB0
 1000 0004 0C000000 		.4byte	.LFE0
 1001 0008 00000000 		.4byte	.LFB1
 1002 000c 10000000 		.4byte	.LFE1
 1003 0010 00000000 		.4byte	.LFB2
 1004 0014 20000000 		.4byte	.LFE2
 1005 0018 00000000 		.4byte	.LFB3
 1006 001c 1C000000 		.4byte	.LFE3
 1007 0020 00000000 		.4byte	.LFB4
 1008 0024 18000000 		.4byte	.LFE4
 1009 0028 00000000 		.4byte	.LFB5
 1010 002c 10000000 		.4byte	.LFE5
 1011 0030 00000000 		.4byte	.LFB6
 1012 0034 20000000 		.4byte	.LFE6
 1013 0038 00000000 		.4byte	.LFB7
 1014 003c 10000000 		.4byte	.LFE7
 1015 0040 00000000 		.4byte	.LFB8
 1016 0044 10000000 		.4byte	.LFE8
 1017 0048 00000000 		.4byte	0
 1018 004c 00000000 		.4byte	0
 1019              		.section	.debug_line,"",%progbits
 1020              	.Ldebug_line0:
 1021 0000 33010000 		.section	.debug_str,"MS",%progbits,1
 1021      02006400 
 1021      00000201 
 1021      FB0E0D00 
 1021      01010101 
 1022              	.LASF14:
ARM GAS  C:\Users\Jarik\AppData\Local\Temp\ccZZ3a7D.s 			page 27


 1023 0000 72656733 		.ascii	"reg32\000"
 1023      3200
 1024              	.LASF25:
 1025 0006 5350495F 		.ascii	"SPI_1_SpiUartGetTxBufferSize\000"
 1025      315F5370 
 1025      69556172 
 1025      74476574 
 1025      54784275 
 1026              	.LASF24:
 1027 0023 636F756E 		.ascii	"count\000"
 1027      7400
 1028              	.LASF22:
 1029 0029 74784461 		.ascii	"txData\000"
 1029      746100
 1030              	.LASF3:
 1031 0030 73686F72 		.ascii	"short unsigned int\000"
 1031      7420756E 
 1031      7369676E 
 1031      65642069 
 1031      6E7400
 1032              	.LASF8:
 1033 0043 756E7369 		.ascii	"unsigned int\000"
 1033      676E6564 
 1033      20696E74 
 1033      00
 1034              	.LASF16:
 1035 0050 5350495F 		.ascii	"SPI_1_SpiUartReadRxData\000"
 1035      315F5370 
 1035      69556172 
 1035      74526561 
 1035      64527844 
 1036              	.LASF33:
 1037 0068 2E5C4765 		.ascii	".\\Generated_Source\\PSoC4\\SPI_1_SPI_UART.c\000"
 1037      6E657261 
 1037      7465645F 
 1037      536F7572 
 1037      63655C50 
 1038              	.LASF17:
 1039 0092 5350495F 		.ascii	"SPI_1_SpiUartGetRxBufferSize\000"
 1039      315F5370 
 1039      69556172 
 1039      74476574 
 1039      52784275 
 1040              	.LASF11:
 1041 00af 666C6F61 		.ascii	"float\000"
 1041      7400
 1042              	.LASF19:
 1043 00b5 73697A65 		.ascii	"size\000"
 1043      00
 1044              	.LASF5:
 1045 00ba 6C6F6E67 		.ascii	"long unsigned int\000"
 1045      20756E73 
 1045      69676E65 
 1045      6420696E 
 1045      7400
 1046              	.LASF9:
 1047 00cc 75696E74 		.ascii	"uint8\000"
ARM GAS  C:\Users\Jarik\AppData\Local\Temp\ccZZ3a7D.s 			page 28


 1047      3800
 1048              	.LASF28:
 1049 00d2 5350495F 		.ascii	"SPI_1_SpiUartDisableIntRx\000"
 1049      315F5370 
 1049      69556172 
 1049      74446973 
 1049      61626C65 
 1050              	.LASF18:
 1051 00ec 72784461 		.ascii	"rxData\000"
 1051      746100
 1052              	.LASF23:
 1053 00f3 77724275 		.ascii	"wrBuf\000"
 1053      6600
 1054              	.LASF1:
 1055 00f9 756E7369 		.ascii	"unsigned char\000"
 1055      676E6564 
 1055      20636861 
 1055      7200
 1056              	.LASF12:
 1057 0107 646F7562 		.ascii	"double\000"
 1057      6C6500
 1058              	.LASF10:
 1059 010e 75696E74 		.ascii	"uint32\000"
 1059      333200
 1060              	.LASF27:
 1061 0115 5350495F 		.ascii	"SPI_1_SpiUartClearTxBuffer\000"
 1061      315F5370 
 1061      69556172 
 1061      74436C65 
 1061      61725478 
 1062              	.LASF31:
 1063 0130 696E7453 		.ascii	"intSourceMask\000"
 1063      6F757263 
 1063      654D6173 
 1063      6B00
 1064              	.LASF29:
 1065 013e 696E7453 		.ascii	"intSource\000"
 1065      6F757263 
 1065      6500
 1066              	.LASF7:
 1067 0148 6C6F6E67 		.ascii	"long long unsigned int\000"
 1067      206C6F6E 
 1067      6720756E 
 1067      7369676E 
 1067      65642069 
 1068              	.LASF32:
 1069 015f 474E5520 		.ascii	"GNU C 4.8.4 20140526 (release) [ARM/embedded-4_8-br"
 1069      4320342E 
 1069      382E3420 
 1069      32303134 
 1069      30353236 
 1070 0192 616E6368 		.ascii	"anch revision 211358] -mcpu=cortex-m0 -mthumb -g -O"
 1070      20726576 
 1070      6973696F 
 1070      6E203231 
 1070      31333538 
 1071 01c5 67202D66 		.ascii	"g -ffunction-sections\000"
ARM GAS  C:\Users\Jarik\AppData\Local\Temp\ccZZ3a7D.s 			page 29


 1071      66756E63 
 1071      74696F6E 
 1071      2D736563 
 1071      74696F6E 
 1072              	.LASF15:
 1073 01db 73697A65 		.ascii	"sizetype\000"
 1073      74797065 
 1073      00
 1074              	.LASF6:
 1075 01e4 6C6F6E67 		.ascii	"long long int\000"
 1075      206C6F6E 
 1075      6720696E 
 1075      7400
 1076              	.LASF13:
 1077 01f2 63686172 		.ascii	"char\000"
 1077      00
 1078              	.LASF2:
 1079 01f7 73686F72 		.ascii	"short int\000"
 1079      7420696E 
 1079      7400
 1080              	.LASF20:
 1081 0201 5350495F 		.ascii	"SPI_1_SpiUartWriteTxData\000"
 1081      315F5370 
 1081      69556172 
 1081      74577269 
 1081      74655478 
 1082              	.LASF4:
 1083 021a 6C6F6E67 		.ascii	"long int\000"
 1083      20696E74 
 1083      00
 1084              	.LASF34:
 1085 0223 453A5C68 		.ascii	"E:\\home\\jarik\\src\\psoc\\mpi_rom_emu\\mpi_rom_em"
 1085      6F6D655C 
 1085      6A617269 
 1085      6B5C7372 
 1085      635C7073 
 1086 0250 752E6379 		.ascii	"u.cydsn\000"
 1086      64736E00 
 1087              	.LASF26:
 1088 0258 5350495F 		.ascii	"SPI_1_SpiUartClearRxBuffer\000"
 1088      315F5370 
 1088      69556172 
 1088      74436C65 
 1088      61725278 
 1089              	.LASF30:
 1090 0273 5350495F 		.ascii	"SPI_1_SpiUartDisableIntTx\000"
 1090      315F5370 
 1090      69556172 
 1090      74446973 
 1090      61626C65 
 1091              	.LASF0:
 1092 028d 7369676E 		.ascii	"signed char\000"
 1092      65642063 
 1092      68617200 
 1093              	.LASF21:
 1094 0299 5350495F 		.ascii	"SPI_1_SpiUartPutArray\000"
 1094      315F5370 
ARM GAS  C:\Users\Jarik\AppData\Local\Temp\ccZZ3a7D.s 			page 30


 1094      69556172 
 1094      74507574 
 1094      41727261 
 1095              		.ident	"GCC: (GNU Tools for ARM Embedded Processors) 4.8.4 20140526 (release) [ARM/embedded-4_8-br
