ARM GAS  C:\Users\Jarik\AppData\Local\Temp\ccHsfqfL.s 			page 1


   1              		.cpu cortex-m0
   2              		.fpu softvfp
   3              		.eabi_attribute 20, 1
   4              		.eabi_attribute 21, 1
   5              		.eabi_attribute 23, 3
   6              		.eabi_attribute 24, 1
   7              		.eabi_attribute 25, 1
   8              		.eabi_attribute 26, 1
   9              		.eabi_attribute 30, 4
  10              		.eabi_attribute 34, 0
  11              		.eabi_attribute 18, 4
  12              		.code	16
  13              		.file	"AD_L.c"
  14              		.text
  15              	.Ltext0:
  16              		.cfi_sections	.debug_frame
  17              		.section	.text.AD_L_Write,"ax",%progbits
  18              		.align	1
  19              		.global	AD_L_Write
  20              		.code	16
  21              		.thumb_func
  22              		.type	AD_L_Write, %function
  23              	AD_L_Write:
  24              	.LFB0:
  25              		.file 1 ".\\Generated_Source\\PSoC4\\AD_L.c"
   1:.\Generated_Source\PSoC4/AD_L.c **** /*******************************************************************************
   2:.\Generated_Source\PSoC4/AD_L.c **** * File Name: AD_L.c  
   3:.\Generated_Source\PSoC4/AD_L.c **** * Version 2.10
   4:.\Generated_Source\PSoC4/AD_L.c **** *
   5:.\Generated_Source\PSoC4/AD_L.c **** * Description:
   6:.\Generated_Source\PSoC4/AD_L.c **** *  This file contains API to enable firmware control of a Pins component.
   7:.\Generated_Source\PSoC4/AD_L.c **** *
   8:.\Generated_Source\PSoC4/AD_L.c **** * Note:
   9:.\Generated_Source\PSoC4/AD_L.c **** *
  10:.\Generated_Source\PSoC4/AD_L.c **** ********************************************************************************
  11:.\Generated_Source\PSoC4/AD_L.c **** * Copyright 2008-2014, Cypress Semiconductor Corporation.  All rights reserved.
  12:.\Generated_Source\PSoC4/AD_L.c **** * You may use this file only in accordance with the license, terms, conditions, 
  13:.\Generated_Source\PSoC4/AD_L.c **** * disclaimers, and limitations in the end user license agreement accompanying 
  14:.\Generated_Source\PSoC4/AD_L.c **** * the software package with which this file was provided.
  15:.\Generated_Source\PSoC4/AD_L.c **** *******************************************************************************/
  16:.\Generated_Source\PSoC4/AD_L.c **** 
  17:.\Generated_Source\PSoC4/AD_L.c **** #include "cytypes.h"
  18:.\Generated_Source\PSoC4/AD_L.c **** #include "AD_L.h"
  19:.\Generated_Source\PSoC4/AD_L.c **** 
  20:.\Generated_Source\PSoC4/AD_L.c **** #define SetP4PinDriveMode(shift, mode)  \
  21:.\Generated_Source\PSoC4/AD_L.c ****     do { \
  22:.\Generated_Source\PSoC4/AD_L.c ****         AD_L_PC =   (AD_L_PC & \
  23:.\Generated_Source\PSoC4/AD_L.c ****                                 (uint32)(~(uint32)(AD_L_DRIVE_MODE_IND_MASK << (AD_L_DRIVE_MODE_BIT
  24:.\Generated_Source\PSoC4/AD_L.c ****                                 (uint32)((uint32)(mode) << (AD_L_DRIVE_MODE_BITS * (shift))); \
  25:.\Generated_Source\PSoC4/AD_L.c ****     } while (0)
  26:.\Generated_Source\PSoC4/AD_L.c **** 
  27:.\Generated_Source\PSoC4/AD_L.c **** 
  28:.\Generated_Source\PSoC4/AD_L.c **** /*******************************************************************************
  29:.\Generated_Source\PSoC4/AD_L.c **** * Function Name: AD_L_Write
  30:.\Generated_Source\PSoC4/AD_L.c **** ********************************************************************************
  31:.\Generated_Source\PSoC4/AD_L.c **** *
  32:.\Generated_Source\PSoC4/AD_L.c **** * Summary:
ARM GAS  C:\Users\Jarik\AppData\Local\Temp\ccHsfqfL.s 			page 2


  33:.\Generated_Source\PSoC4/AD_L.c **** *  Assign a new value to the digital port's data output register.  
  34:.\Generated_Source\PSoC4/AD_L.c **** *
  35:.\Generated_Source\PSoC4/AD_L.c **** * Parameters:  
  36:.\Generated_Source\PSoC4/AD_L.c **** *  prtValue:  The value to be assigned to the Digital Port. 
  37:.\Generated_Source\PSoC4/AD_L.c **** *
  38:.\Generated_Source\PSoC4/AD_L.c **** * Return: 
  39:.\Generated_Source\PSoC4/AD_L.c **** *  None 
  40:.\Generated_Source\PSoC4/AD_L.c **** *  
  41:.\Generated_Source\PSoC4/AD_L.c **** *******************************************************************************/
  42:.\Generated_Source\PSoC4/AD_L.c **** void AD_L_Write(uint8 value) 
  43:.\Generated_Source\PSoC4/AD_L.c **** {
  26              		.loc 1 43 0
  27              		.cfi_startproc
  28              	.LVL0:
  44:.\Generated_Source\PSoC4/AD_L.c ****     uint8 drVal = (uint8)(AD_L_DR & (uint8)(~AD_L_MASK));
  29              		.loc 1 44 0
  30 0000 014B     		ldr	r3, .L2
  45:.\Generated_Source\PSoC4/AD_L.c ****     drVal = (drVal | ((uint8)(value << AD_L_SHIFT) & AD_L_MASK));
  46:.\Generated_Source\PSoC4/AD_L.c ****     AD_L_DR = (uint32)drVal;
  47:.\Generated_Source\PSoC4/AD_L.c **** }
  31              		.loc 1 47 0
  32              		@ sp needed
  44:.\Generated_Source\PSoC4/AD_L.c ****     uint8 drVal = (uint8)(AD_L_DR & (uint8)(~AD_L_MASK));
  33              		.loc 1 44 0
  34 0002 1A68     		ldr	r2, [r3]
  35              	.LVL1:
  46:.\Generated_Source\PSoC4/AD_L.c **** }
  36              		.loc 1 46 0
  37 0004 1860     		str	r0, [r3]
  38              		.loc 1 47 0
  39 0006 7047     		bx	lr
  40              	.L3:
  41              		.align	2
  42              	.L2:
  43 0008 00020440 		.word	1074004480
  44              		.cfi_endproc
  45              	.LFE0:
  46              		.size	AD_L_Write, .-AD_L_Write
  47              		.section	.text.AD_L_SetDriveMode,"ax",%progbits
  48              		.align	1
  49              		.global	AD_L_SetDriveMode
  50              		.code	16
  51              		.thumb_func
  52              		.type	AD_L_SetDriveMode, %function
  53              	AD_L_SetDriveMode:
  54              	.LFB1:
  48:.\Generated_Source\PSoC4/AD_L.c **** 
  49:.\Generated_Source\PSoC4/AD_L.c **** 
  50:.\Generated_Source\PSoC4/AD_L.c **** /*******************************************************************************
  51:.\Generated_Source\PSoC4/AD_L.c **** * Function Name: AD_L_SetDriveMode
  52:.\Generated_Source\PSoC4/AD_L.c **** ********************************************************************************
  53:.\Generated_Source\PSoC4/AD_L.c **** *
  54:.\Generated_Source\PSoC4/AD_L.c **** * Summary:
  55:.\Generated_Source\PSoC4/AD_L.c **** *  Change the drive mode on the pins of the port.
  56:.\Generated_Source\PSoC4/AD_L.c **** * 
  57:.\Generated_Source\PSoC4/AD_L.c **** * Parameters:  
  58:.\Generated_Source\PSoC4/AD_L.c **** *  mode:  Change the pins to one of the following drive modes.
ARM GAS  C:\Users\Jarik\AppData\Local\Temp\ccHsfqfL.s 			page 3


  59:.\Generated_Source\PSoC4/AD_L.c **** *
  60:.\Generated_Source\PSoC4/AD_L.c **** *  AD_L_DM_STRONG     Strong Drive 
  61:.\Generated_Source\PSoC4/AD_L.c **** *  AD_L_DM_OD_HI      Open Drain, Drives High 
  62:.\Generated_Source\PSoC4/AD_L.c **** *  AD_L_DM_OD_LO      Open Drain, Drives Low 
  63:.\Generated_Source\PSoC4/AD_L.c **** *  AD_L_DM_RES_UP     Resistive Pull Up 
  64:.\Generated_Source\PSoC4/AD_L.c **** *  AD_L_DM_RES_DWN    Resistive Pull Down 
  65:.\Generated_Source\PSoC4/AD_L.c **** *  AD_L_DM_RES_UPDWN  Resistive Pull Up/Down 
  66:.\Generated_Source\PSoC4/AD_L.c **** *  AD_L_DM_DIG_HIZ    High Impedance Digital 
  67:.\Generated_Source\PSoC4/AD_L.c **** *  AD_L_DM_ALG_HIZ    High Impedance Analog 
  68:.\Generated_Source\PSoC4/AD_L.c **** *
  69:.\Generated_Source\PSoC4/AD_L.c **** * Return: 
  70:.\Generated_Source\PSoC4/AD_L.c **** *  None
  71:.\Generated_Source\PSoC4/AD_L.c **** *
  72:.\Generated_Source\PSoC4/AD_L.c **** *******************************************************************************/
  73:.\Generated_Source\PSoC4/AD_L.c **** void AD_L_SetDriveMode(uint8 mode) 
  74:.\Generated_Source\PSoC4/AD_L.c **** {
  55              		.loc 1 74 0
  56              		.cfi_startproc
  57              	.LVL2:
  75:.\Generated_Source\PSoC4/AD_L.c **** 	SetP4PinDriveMode(AD_L__0__SHIFT, mode);
  58              		.loc 1 75 0
  59 0000 0721     		mov	r1, #7
  74:.\Generated_Source\PSoC4/AD_L.c **** 	SetP4PinDriveMode(AD_L__0__SHIFT, mode);
  60              		.loc 1 74 0
  61 0002 10B5     		push	{r4, lr}
  62              		.cfi_def_cfa_offset 8
  63              		.cfi_offset 4, -8
  64              		.cfi_offset 14, -4
  76:.\Generated_Source\PSoC4/AD_L.c **** 	SetP4PinDriveMode(AD_L__1__SHIFT, mode);
  65              		.loc 1 76 0
  66 0004 3824     		mov	r4, #56
  75:.\Generated_Source\PSoC4/AD_L.c **** 	SetP4PinDriveMode(AD_L__0__SHIFT, mode);
  67              		.loc 1 75 0
  68 0006 174B     		ldr	r3, .L5
  77:.\Generated_Source\PSoC4/AD_L.c **** 	SetP4PinDriveMode(AD_L__2__SHIFT, mode);
  78:.\Generated_Source\PSoC4/AD_L.c **** 	SetP4PinDriveMode(AD_L__3__SHIFT, mode);
  79:.\Generated_Source\PSoC4/AD_L.c **** 	SetP4PinDriveMode(AD_L__4__SHIFT, mode);
  80:.\Generated_Source\PSoC4/AD_L.c **** 	SetP4PinDriveMode(AD_L__5__SHIFT, mode);
  81:.\Generated_Source\PSoC4/AD_L.c **** 	SetP4PinDriveMode(AD_L__6__SHIFT, mode);
  82:.\Generated_Source\PSoC4/AD_L.c **** 	SetP4PinDriveMode(AD_L__7__SHIFT, mode);
  83:.\Generated_Source\PSoC4/AD_L.c **** }
  69              		.loc 1 83 0
  70              		@ sp needed
  75:.\Generated_Source\PSoC4/AD_L.c **** 	SetP4PinDriveMode(AD_L__1__SHIFT, mode);
  71              		.loc 1 75 0
  72 0008 1A68     		ldr	r2, [r3]
  73 000a 8A43     		bic	r2, r1
  74 000c 0243     		orr	r2, r0
  75 000e 1A60     		str	r2, [r3]
  76:.\Generated_Source\PSoC4/AD_L.c **** 	SetP4PinDriveMode(AD_L__1__SHIFT, mode);
  76              		.loc 1 76 0
  77 0010 1A68     		ldr	r2, [r3]
  78 0012 C100     		lsl	r1, r0, #3
  79 0014 A243     		bic	r2, r4
  80 0016 0A43     		orr	r2, r1
  81 0018 1A60     		str	r2, [r3]
  77:.\Generated_Source\PSoC4/AD_L.c **** 	SetP4PinDriveMode(AD_L__2__SHIFT, mode);
ARM GAS  C:\Users\Jarik\AppData\Local\Temp\ccHsfqfL.s 			page 4


  82              		.loc 1 77 0
  83 001a 1A68     		ldr	r2, [r3]
  84 001c 1249     		ldr	r1, .L5+4
  85 001e 8401     		lsl	r4, r0, #6
  86 0020 0A40     		and	r2, r1
  87 0022 2243     		orr	r2, r4
  88 0024 1A60     		str	r2, [r3]
  78:.\Generated_Source\PSoC4/AD_L.c **** 	SetP4PinDriveMode(AD_L__4__SHIFT, mode);
  89              		.loc 1 78 0
  90 0026 1A68     		ldr	r2, [r3]
  91 0028 1049     		ldr	r1, .L5+8
  92 002a 4402     		lsl	r4, r0, #9
  93 002c 0A40     		and	r2, r1
  94 002e 2243     		orr	r2, r4
  95 0030 1A60     		str	r2, [r3]
  79:.\Generated_Source\PSoC4/AD_L.c **** 	SetP4PinDriveMode(AD_L__5__SHIFT, mode);
  96              		.loc 1 79 0
  97 0032 1A68     		ldr	r2, [r3]
  98 0034 0E49     		ldr	r1, .L5+12
  99 0036 0403     		lsl	r4, r0, #12
 100 0038 0A40     		and	r2, r1
 101 003a 2243     		orr	r2, r4
 102 003c 1A60     		str	r2, [r3]
  80:.\Generated_Source\PSoC4/AD_L.c **** 	SetP4PinDriveMode(AD_L__6__SHIFT, mode);
 103              		.loc 1 80 0
 104 003e 1A68     		ldr	r2, [r3]
 105 0040 0C49     		ldr	r1, .L5+16
 106 0042 C403     		lsl	r4, r0, #15
 107 0044 0A40     		and	r2, r1
 108 0046 2243     		orr	r2, r4
 109 0048 1A60     		str	r2, [r3]
  81:.\Generated_Source\PSoC4/AD_L.c **** 	SetP4PinDriveMode(AD_L__7__SHIFT, mode);
 110              		.loc 1 81 0
 111 004a 1A68     		ldr	r2, [r3]
 112 004c 0A49     		ldr	r1, .L5+20
 113 004e 8404     		lsl	r4, r0, #18
 114 0050 0A40     		and	r2, r1
 115 0052 2243     		orr	r2, r4
 116 0054 1A60     		str	r2, [r3]
  82:.\Generated_Source\PSoC4/AD_L.c **** }
 117              		.loc 1 82 0
 118 0056 1968     		ldr	r1, [r3]
 119 0058 084A     		ldr	r2, .L5+24
 120 005a 4005     		lsl	r0, r0, #21
 121              	.LVL3:
 122 005c 0A40     		and	r2, r1
 123 005e 1043     		orr	r0, r2
 124 0060 1860     		str	r0, [r3]
 125              		.loc 1 83 0
 126 0062 10BD     		pop	{r4, pc}
 127              	.L6:
 128              		.align	2
 129              	.L5:
 130 0064 08020440 		.word	1074004488
 131 0068 3FFEFFFF 		.word	-449
 132 006c FFF1FFFF 		.word	-3585
 133 0070 FF8FFFFF 		.word	-28673
ARM GAS  C:\Users\Jarik\AppData\Local\Temp\ccHsfqfL.s 			page 5


 134 0074 FF7FFCFF 		.word	-229377
 135 0078 FFFFE3FF 		.word	-1835009
 136 007c FFFF1FFF 		.word	-14680065
 137              		.cfi_endproc
 138              	.LFE1:
 139              		.size	AD_L_SetDriveMode, .-AD_L_SetDriveMode
 140              		.section	.text.AD_L_Read,"ax",%progbits
 141              		.align	1
 142              		.global	AD_L_Read
 143              		.code	16
 144              		.thumb_func
 145              		.type	AD_L_Read, %function
 146              	AD_L_Read:
 147              	.LFB2:
  84:.\Generated_Source\PSoC4/AD_L.c **** 
  85:.\Generated_Source\PSoC4/AD_L.c **** 
  86:.\Generated_Source\PSoC4/AD_L.c **** /*******************************************************************************
  87:.\Generated_Source\PSoC4/AD_L.c **** * Function Name: AD_L_Read
  88:.\Generated_Source\PSoC4/AD_L.c **** ********************************************************************************
  89:.\Generated_Source\PSoC4/AD_L.c **** *
  90:.\Generated_Source\PSoC4/AD_L.c **** * Summary:
  91:.\Generated_Source\PSoC4/AD_L.c **** *  Read the current value on the pins of the Digital Port in right justified 
  92:.\Generated_Source\PSoC4/AD_L.c **** *  form.
  93:.\Generated_Source\PSoC4/AD_L.c **** *
  94:.\Generated_Source\PSoC4/AD_L.c **** * Parameters:  
  95:.\Generated_Source\PSoC4/AD_L.c **** *  None 
  96:.\Generated_Source\PSoC4/AD_L.c **** *
  97:.\Generated_Source\PSoC4/AD_L.c **** * Return: 
  98:.\Generated_Source\PSoC4/AD_L.c **** *  Returns the current value of the Digital Port as a right justified number
  99:.\Generated_Source\PSoC4/AD_L.c **** *  
 100:.\Generated_Source\PSoC4/AD_L.c **** * Note:
 101:.\Generated_Source\PSoC4/AD_L.c **** *  Macro AD_L_ReadPS calls this function. 
 102:.\Generated_Source\PSoC4/AD_L.c **** *  
 103:.\Generated_Source\PSoC4/AD_L.c **** *******************************************************************************/
 104:.\Generated_Source\PSoC4/AD_L.c **** uint8 AD_L_Read(void) 
 105:.\Generated_Source\PSoC4/AD_L.c **** {
 148              		.loc 1 105 0
 149              		.cfi_startproc
 106:.\Generated_Source\PSoC4/AD_L.c ****     return (uint8)((AD_L_PS & AD_L_MASK) >> AD_L_SHIFT);
 150              		.loc 1 106 0
 151 0000 014B     		ldr	r3, .L8
 107:.\Generated_Source\PSoC4/AD_L.c **** }
 152              		.loc 1 107 0
 153              		@ sp needed
 106:.\Generated_Source\PSoC4/AD_L.c ****     return (uint8)((AD_L_PS & AD_L_MASK) >> AD_L_SHIFT);
 154              		.loc 1 106 0
 155 0002 1868     		ldr	r0, [r3]
 156 0004 C0B2     		uxtb	r0, r0
 157              		.loc 1 107 0
 158 0006 7047     		bx	lr
 159              	.L9:
 160              		.align	2
 161              	.L8:
 162 0008 04020440 		.word	1074004484
 163              		.cfi_endproc
 164              	.LFE2:
 165              		.size	AD_L_Read, .-AD_L_Read
ARM GAS  C:\Users\Jarik\AppData\Local\Temp\ccHsfqfL.s 			page 6


 166              		.section	.text.AD_L_ReadDataReg,"ax",%progbits
 167              		.align	1
 168              		.global	AD_L_ReadDataReg
 169              		.code	16
 170              		.thumb_func
 171              		.type	AD_L_ReadDataReg, %function
 172              	AD_L_ReadDataReg:
 173              	.LFB3:
 108:.\Generated_Source\PSoC4/AD_L.c **** 
 109:.\Generated_Source\PSoC4/AD_L.c **** 
 110:.\Generated_Source\PSoC4/AD_L.c **** /*******************************************************************************
 111:.\Generated_Source\PSoC4/AD_L.c **** * Function Name: AD_L_ReadDataReg
 112:.\Generated_Source\PSoC4/AD_L.c **** ********************************************************************************
 113:.\Generated_Source\PSoC4/AD_L.c **** *
 114:.\Generated_Source\PSoC4/AD_L.c **** * Summary:
 115:.\Generated_Source\PSoC4/AD_L.c **** *  Read the current value assigned to a Digital Port's data output register
 116:.\Generated_Source\PSoC4/AD_L.c **** *
 117:.\Generated_Source\PSoC4/AD_L.c **** * Parameters:  
 118:.\Generated_Source\PSoC4/AD_L.c **** *  None 
 119:.\Generated_Source\PSoC4/AD_L.c **** *
 120:.\Generated_Source\PSoC4/AD_L.c **** * Return: 
 121:.\Generated_Source\PSoC4/AD_L.c **** *  Returns the current value assigned to the Digital Port's data output register
 122:.\Generated_Source\PSoC4/AD_L.c **** *  
 123:.\Generated_Source\PSoC4/AD_L.c **** *******************************************************************************/
 124:.\Generated_Source\PSoC4/AD_L.c **** uint8 AD_L_ReadDataReg(void) 
 125:.\Generated_Source\PSoC4/AD_L.c **** {
 174              		.loc 1 125 0
 175              		.cfi_startproc
 126:.\Generated_Source\PSoC4/AD_L.c ****     return (uint8)((AD_L_DR & AD_L_MASK) >> AD_L_SHIFT);
 176              		.loc 1 126 0
 177 0000 014B     		ldr	r3, .L11
 127:.\Generated_Source\PSoC4/AD_L.c **** }
 178              		.loc 1 127 0
 179              		@ sp needed
 126:.\Generated_Source\PSoC4/AD_L.c ****     return (uint8)((AD_L_DR & AD_L_MASK) >> AD_L_SHIFT);
 180              		.loc 1 126 0
 181 0002 1868     		ldr	r0, [r3]
 182 0004 C0B2     		uxtb	r0, r0
 183              		.loc 1 127 0
 184 0006 7047     		bx	lr
 185              	.L12:
 186              		.align	2
 187              	.L11:
 188 0008 00020440 		.word	1074004480
 189              		.cfi_endproc
 190              	.LFE3:
 191              		.size	AD_L_ReadDataReg, .-AD_L_ReadDataReg
 192              		.section	.text.AD_L_ClearInterrupt,"ax",%progbits
 193              		.align	1
 194              		.global	AD_L_ClearInterrupt
 195              		.code	16
 196              		.thumb_func
 197              		.type	AD_L_ClearInterrupt, %function
 198              	AD_L_ClearInterrupt:
 199              	.LFB4:
 128:.\Generated_Source\PSoC4/AD_L.c **** 
 129:.\Generated_Source\PSoC4/AD_L.c **** 
ARM GAS  C:\Users\Jarik\AppData\Local\Temp\ccHsfqfL.s 			page 7


 130:.\Generated_Source\PSoC4/AD_L.c **** /* If Interrupts Are Enabled for this Pins component */ 
 131:.\Generated_Source\PSoC4/AD_L.c **** #if defined(AD_L_INTSTAT) 
 132:.\Generated_Source\PSoC4/AD_L.c **** 
 133:.\Generated_Source\PSoC4/AD_L.c ****     /*******************************************************************************
 134:.\Generated_Source\PSoC4/AD_L.c ****     * Function Name: AD_L_ClearInterrupt
 135:.\Generated_Source\PSoC4/AD_L.c ****     ********************************************************************************
 136:.\Generated_Source\PSoC4/AD_L.c ****     *
 137:.\Generated_Source\PSoC4/AD_L.c ****     * Summary:
 138:.\Generated_Source\PSoC4/AD_L.c ****     *  Clears any active interrupts attached to port and returns the value of the 
 139:.\Generated_Source\PSoC4/AD_L.c ****     *  interrupt status register.
 140:.\Generated_Source\PSoC4/AD_L.c ****     *
 141:.\Generated_Source\PSoC4/AD_L.c ****     * Parameters:  
 142:.\Generated_Source\PSoC4/AD_L.c ****     *  None 
 143:.\Generated_Source\PSoC4/AD_L.c ****     *
 144:.\Generated_Source\PSoC4/AD_L.c ****     * Return: 
 145:.\Generated_Source\PSoC4/AD_L.c ****     *  Returns the value of the interrupt status register
 146:.\Generated_Source\PSoC4/AD_L.c ****     *  
 147:.\Generated_Source\PSoC4/AD_L.c ****     *******************************************************************************/
 148:.\Generated_Source\PSoC4/AD_L.c ****     uint8 AD_L_ClearInterrupt(void) 
 149:.\Generated_Source\PSoC4/AD_L.c ****     {
 200              		.loc 1 149 0
 201              		.cfi_startproc
 150:.\Generated_Source\PSoC4/AD_L.c **** 		uint8 maskedStatus = (uint8)(AD_L_INTSTAT & AD_L_MASK);
 202              		.loc 1 150 0
 203 0000 024B     		ldr	r3, .L14
 151:.\Generated_Source\PSoC4/AD_L.c **** 		AD_L_INTSTAT = maskedStatus;
 152:.\Generated_Source\PSoC4/AD_L.c ****         return maskedStatus >> AD_L_SHIFT;
 153:.\Generated_Source\PSoC4/AD_L.c ****     }
 204              		.loc 1 153 0
 205              		@ sp needed
 150:.\Generated_Source\PSoC4/AD_L.c **** 		uint8 maskedStatus = (uint8)(AD_L_INTSTAT & AD_L_MASK);
 206              		.loc 1 150 0
 207 0002 1868     		ldr	r0, [r3]
 208              	.LVL4:
 151:.\Generated_Source\PSoC4/AD_L.c **** 		AD_L_INTSTAT = maskedStatus;
 209              		.loc 1 151 0
 210 0004 C2B2     		uxtb	r2, r0
 211 0006 1A60     		str	r2, [r3]
 152:.\Generated_Source\PSoC4/AD_L.c ****     }
 212              		.loc 1 152 0
 213 0008 C0B2     		uxtb	r0, r0
 214              		.loc 1 153 0
 215 000a 7047     		bx	lr
 216              	.L15:
 217              		.align	2
 218              	.L14:
 219 000c 10020440 		.word	1074004496
 220              		.cfi_endproc
 221              	.LFE4:
 222              		.size	AD_L_ClearInterrupt, .-AD_L_ClearInterrupt
 223              		.text
 224              	.Letext0:
 225              		.file 2 ".\\Generated_Source\\PSoC4\\cytypes.h"
 226              		.section	.debug_info,"",%progbits
 227              	.Ldebug_info0:
 228 0000 46010000 		.4byte	0x146
 229 0004 0400     		.2byte	0x4
ARM GAS  C:\Users\Jarik\AppData\Local\Temp\ccHsfqfL.s 			page 8


 230 0006 00000000 		.4byte	.Ldebug_abbrev0
 231 000a 04       		.byte	0x4
 232 000b 01       		.uleb128 0x1
 233 000c 06000000 		.4byte	.LASF24
 234 0010 01       		.byte	0x1
 235 0011 D6010000 		.4byte	.LASF25
 236 0015 95010000 		.4byte	.LASF26
 237 0019 00000000 		.4byte	.Ldebug_ranges0+0
 238 001d 00000000 		.4byte	0
 239 0021 00000000 		.4byte	.Ldebug_line0
 240 0025 02       		.uleb128 0x2
 241 0026 01       		.byte	0x1
 242 0027 06       		.byte	0x6
 243 0028 CA010000 		.4byte	.LASF0
 244 002c 02       		.uleb128 0x2
 245 002d 01       		.byte	0x1
 246 002e 08       		.byte	0x8
 247 002f AA000000 		.4byte	.LASF1
 248 0033 02       		.uleb128 0x2
 249 0034 02       		.byte	0x2
 250 0035 05       		.byte	0x5
 251 0036 7C010000 		.4byte	.LASF2
 252 003a 02       		.uleb128 0x2
 253 003b 02       		.byte	0x2
 254 003c 07       		.byte	0x7
 255 003d E4000000 		.4byte	.LASF3
 256 0041 02       		.uleb128 0x2
 257 0042 04       		.byte	0x4
 258 0043 05       		.byte	0x5
 259 0044 8C010000 		.4byte	.LASF4
 260 0048 02       		.uleb128 0x2
 261 0049 04       		.byte	0x4
 262 004a 07       		.byte	0x7
 263 004b D2000000 		.4byte	.LASF5
 264 004f 02       		.uleb128 0x2
 265 0050 08       		.byte	0x8
 266 0051 05       		.byte	0x5
 267 0052 5C010000 		.4byte	.LASF6
 268 0056 02       		.uleb128 0x2
 269 0057 08       		.byte	0x8
 270 0058 07       		.byte	0x7
 271 0059 2E010000 		.4byte	.LASF7
 272 005d 03       		.uleb128 0x3
 273 005e 04       		.byte	0x4
 274 005f 05       		.byte	0x5
 275 0060 696E7400 		.ascii	"int\000"
 276 0064 02       		.uleb128 0x2
 277 0065 04       		.byte	0x4
 278 0066 07       		.byte	0x7
 279 0067 21010000 		.4byte	.LASF8
 280 006b 04       		.uleb128 0x4
 281 006c 86010000 		.4byte	.LASF9
 282 0070 02       		.byte	0x2
 283 0071 C2       		.byte	0xc2
 284 0072 2C000000 		.4byte	0x2c
 285 0076 04       		.uleb128 0x4
 286 0077 09010000 		.4byte	.LASF10
ARM GAS  C:\Users\Jarik\AppData\Local\Temp\ccHsfqfL.s 			page 9


 287 007b 02       		.byte	0x2
 288 007c C4       		.byte	0xc4
 289 007d 48000000 		.4byte	0x48
 290 0081 02       		.uleb128 0x2
 291 0082 04       		.byte	0x4
 292 0083 04       		.byte	0x4
 293 0084 A4000000 		.4byte	.LASF11
 294 0088 02       		.uleb128 0x2
 295 0089 08       		.byte	0x8
 296 008a 04       		.byte	0x4
 297 008b F7000000 		.4byte	.LASF12
 298 008f 02       		.uleb128 0x2
 299 0090 01       		.byte	0x1
 300 0091 08       		.byte	0x8
 301 0092 77010000 		.4byte	.LASF13
 302 0096 05       		.uleb128 0x5
 303 0097 00000000 		.4byte	.LASF14
 304 009b 02       		.byte	0x2
 305 009c 6E01     		.2byte	0x16e
 306 009e A2000000 		.4byte	0xa2
 307 00a2 06       		.uleb128 0x6
 308 00a3 76000000 		.4byte	0x76
 309 00a7 07       		.uleb128 0x7
 310 00a8 FE000000 		.4byte	.LASF15
 311 00ac 01       		.byte	0x1
 312 00ad 2A       		.byte	0x2a
 313 00ae 00000000 		.4byte	.LFB0
 314 00b2 0C000000 		.4byte	.LFE0-.LFB0
 315 00b6 01       		.uleb128 0x1
 316 00b7 9C       		.byte	0x9c
 317 00b8 D7000000 		.4byte	0xd7
 318 00bc 08       		.uleb128 0x8
 319 00bd 94000000 		.4byte	.LASF17
 320 00c1 01       		.byte	0x1
 321 00c2 2A       		.byte	0x2a
 322 00c3 6B000000 		.4byte	0x6b
 323 00c7 01       		.uleb128 0x1
 324 00c8 50       		.byte	0x50
 325 00c9 09       		.uleb128 0x9
 326 00ca B8000000 		.4byte	.LASF22
 327 00ce 01       		.byte	0x1
 328 00cf 2C       		.byte	0x2c
 329 00d0 6B000000 		.4byte	0x6b
 330 00d4 01       		.uleb128 0x1
 331 00d5 50       		.byte	0x50
 332 00d6 00       		.byte	0
 333 00d7 07       		.uleb128 0x7
 334 00d8 4A010000 		.4byte	.LASF16
 335 00dc 01       		.byte	0x1
 336 00dd 49       		.byte	0x49
 337 00de 00000000 		.4byte	.LFB1
 338 00e2 80000000 		.4byte	.LFE1-.LFB1
 339 00e6 01       		.uleb128 0x1
 340 00e7 9C       		.byte	0x9c
 341 00e8 FC000000 		.4byte	0xfc
 342 00ec 0A       		.uleb128 0xa
 343 00ed 45010000 		.4byte	.LASF18
ARM GAS  C:\Users\Jarik\AppData\Local\Temp\ccHsfqfL.s 			page 10


 344 00f1 01       		.byte	0x1
 345 00f2 49       		.byte	0x49
 346 00f3 6B000000 		.4byte	0x6b
 347 00f7 00000000 		.4byte	.LLST0
 348 00fb 00       		.byte	0
 349 00fc 0B       		.uleb128 0xb
 350 00fd 9A000000 		.4byte	.LASF19
 351 0101 01       		.byte	0x1
 352 0102 68       		.byte	0x68
 353 0103 6B000000 		.4byte	0x6b
 354 0107 00000000 		.4byte	.LFB2
 355 010b 0C000000 		.4byte	.LFE2-.LFB2
 356 010f 01       		.uleb128 0x1
 357 0110 9C       		.byte	0x9c
 358 0111 0B       		.uleb128 0xb
 359 0112 10010000 		.4byte	.LASF20
 360 0116 01       		.byte	0x1
 361 0117 7C       		.byte	0x7c
 362 0118 6B000000 		.4byte	0x6b
 363 011c 00000000 		.4byte	.LFB3
 364 0120 0C000000 		.4byte	.LFE3-.LFB3
 365 0124 01       		.uleb128 0x1
 366 0125 9C       		.byte	0x9c
 367 0126 0C       		.uleb128 0xc
 368 0127 BE000000 		.4byte	.LASF21
 369 012b 01       		.byte	0x1
 370 012c 94       		.byte	0x94
 371 012d 6B000000 		.4byte	0x6b
 372 0131 00000000 		.4byte	.LFB4
 373 0135 10000000 		.4byte	.LFE4-.LFB4
 374 0139 01       		.uleb128 0x1
 375 013a 9C       		.byte	0x9c
 376 013b 09       		.uleb128 0x9
 377 013c 6A010000 		.4byte	.LASF23
 378 0140 01       		.byte	0x1
 379 0141 96       		.byte	0x96
 380 0142 6B000000 		.4byte	0x6b
 381 0146 01       		.uleb128 0x1
 382 0147 50       		.byte	0x50
 383 0148 00       		.byte	0
 384 0149 00       		.byte	0
 385              		.section	.debug_abbrev,"",%progbits
 386              	.Ldebug_abbrev0:
 387 0000 01       		.uleb128 0x1
 388 0001 11       		.uleb128 0x11
 389 0002 01       		.byte	0x1
 390 0003 25       		.uleb128 0x25
 391 0004 0E       		.uleb128 0xe
 392 0005 13       		.uleb128 0x13
 393 0006 0B       		.uleb128 0xb
 394 0007 03       		.uleb128 0x3
 395 0008 0E       		.uleb128 0xe
 396 0009 1B       		.uleb128 0x1b
 397 000a 0E       		.uleb128 0xe
 398 000b 55       		.uleb128 0x55
 399 000c 17       		.uleb128 0x17
 400 000d 11       		.uleb128 0x11
ARM GAS  C:\Users\Jarik\AppData\Local\Temp\ccHsfqfL.s 			page 11


 401 000e 01       		.uleb128 0x1
 402 000f 10       		.uleb128 0x10
 403 0010 17       		.uleb128 0x17
 404 0011 00       		.byte	0
 405 0012 00       		.byte	0
 406 0013 02       		.uleb128 0x2
 407 0014 24       		.uleb128 0x24
 408 0015 00       		.byte	0
 409 0016 0B       		.uleb128 0xb
 410 0017 0B       		.uleb128 0xb
 411 0018 3E       		.uleb128 0x3e
 412 0019 0B       		.uleb128 0xb
 413 001a 03       		.uleb128 0x3
 414 001b 0E       		.uleb128 0xe
 415 001c 00       		.byte	0
 416 001d 00       		.byte	0
 417 001e 03       		.uleb128 0x3
 418 001f 24       		.uleb128 0x24
 419 0020 00       		.byte	0
 420 0021 0B       		.uleb128 0xb
 421 0022 0B       		.uleb128 0xb
 422 0023 3E       		.uleb128 0x3e
 423 0024 0B       		.uleb128 0xb
 424 0025 03       		.uleb128 0x3
 425 0026 08       		.uleb128 0x8
 426 0027 00       		.byte	0
 427 0028 00       		.byte	0
 428 0029 04       		.uleb128 0x4
 429 002a 16       		.uleb128 0x16
 430 002b 00       		.byte	0
 431 002c 03       		.uleb128 0x3
 432 002d 0E       		.uleb128 0xe
 433 002e 3A       		.uleb128 0x3a
 434 002f 0B       		.uleb128 0xb
 435 0030 3B       		.uleb128 0x3b
 436 0031 0B       		.uleb128 0xb
 437 0032 49       		.uleb128 0x49
 438 0033 13       		.uleb128 0x13
 439 0034 00       		.byte	0
 440 0035 00       		.byte	0
 441 0036 05       		.uleb128 0x5
 442 0037 16       		.uleb128 0x16
 443 0038 00       		.byte	0
 444 0039 03       		.uleb128 0x3
 445 003a 0E       		.uleb128 0xe
 446 003b 3A       		.uleb128 0x3a
 447 003c 0B       		.uleb128 0xb
 448 003d 3B       		.uleb128 0x3b
 449 003e 05       		.uleb128 0x5
 450 003f 49       		.uleb128 0x49
 451 0040 13       		.uleb128 0x13
 452 0041 00       		.byte	0
 453 0042 00       		.byte	0
 454 0043 06       		.uleb128 0x6
 455 0044 35       		.uleb128 0x35
 456 0045 00       		.byte	0
 457 0046 49       		.uleb128 0x49
ARM GAS  C:\Users\Jarik\AppData\Local\Temp\ccHsfqfL.s 			page 12


 458 0047 13       		.uleb128 0x13
 459 0048 00       		.byte	0
 460 0049 00       		.byte	0
 461 004a 07       		.uleb128 0x7
 462 004b 2E       		.uleb128 0x2e
 463 004c 01       		.byte	0x1
 464 004d 3F       		.uleb128 0x3f
 465 004e 19       		.uleb128 0x19
 466 004f 03       		.uleb128 0x3
 467 0050 0E       		.uleb128 0xe
 468 0051 3A       		.uleb128 0x3a
 469 0052 0B       		.uleb128 0xb
 470 0053 3B       		.uleb128 0x3b
 471 0054 0B       		.uleb128 0xb
 472 0055 27       		.uleb128 0x27
 473 0056 19       		.uleb128 0x19
 474 0057 11       		.uleb128 0x11
 475 0058 01       		.uleb128 0x1
 476 0059 12       		.uleb128 0x12
 477 005a 06       		.uleb128 0x6
 478 005b 40       		.uleb128 0x40
 479 005c 18       		.uleb128 0x18
 480 005d 9742     		.uleb128 0x2117
 481 005f 19       		.uleb128 0x19
 482 0060 01       		.uleb128 0x1
 483 0061 13       		.uleb128 0x13
 484 0062 00       		.byte	0
 485 0063 00       		.byte	0
 486 0064 08       		.uleb128 0x8
 487 0065 05       		.uleb128 0x5
 488 0066 00       		.byte	0
 489 0067 03       		.uleb128 0x3
 490 0068 0E       		.uleb128 0xe
 491 0069 3A       		.uleb128 0x3a
 492 006a 0B       		.uleb128 0xb
 493 006b 3B       		.uleb128 0x3b
 494 006c 0B       		.uleb128 0xb
 495 006d 49       		.uleb128 0x49
 496 006e 13       		.uleb128 0x13
 497 006f 02       		.uleb128 0x2
 498 0070 18       		.uleb128 0x18
 499 0071 00       		.byte	0
 500 0072 00       		.byte	0
 501 0073 09       		.uleb128 0x9
 502 0074 34       		.uleb128 0x34
 503 0075 00       		.byte	0
 504 0076 03       		.uleb128 0x3
 505 0077 0E       		.uleb128 0xe
 506 0078 3A       		.uleb128 0x3a
 507 0079 0B       		.uleb128 0xb
 508 007a 3B       		.uleb128 0x3b
 509 007b 0B       		.uleb128 0xb
 510 007c 49       		.uleb128 0x49
 511 007d 13       		.uleb128 0x13
 512 007e 02       		.uleb128 0x2
 513 007f 18       		.uleb128 0x18
 514 0080 00       		.byte	0
ARM GAS  C:\Users\Jarik\AppData\Local\Temp\ccHsfqfL.s 			page 13


 515 0081 00       		.byte	0
 516 0082 0A       		.uleb128 0xa
 517 0083 05       		.uleb128 0x5
 518 0084 00       		.byte	0
 519 0085 03       		.uleb128 0x3
 520 0086 0E       		.uleb128 0xe
 521 0087 3A       		.uleb128 0x3a
 522 0088 0B       		.uleb128 0xb
 523 0089 3B       		.uleb128 0x3b
 524 008a 0B       		.uleb128 0xb
 525 008b 49       		.uleb128 0x49
 526 008c 13       		.uleb128 0x13
 527 008d 02       		.uleb128 0x2
 528 008e 17       		.uleb128 0x17
 529 008f 00       		.byte	0
 530 0090 00       		.byte	0
 531 0091 0B       		.uleb128 0xb
 532 0092 2E       		.uleb128 0x2e
 533 0093 00       		.byte	0
 534 0094 3F       		.uleb128 0x3f
 535 0095 19       		.uleb128 0x19
 536 0096 03       		.uleb128 0x3
 537 0097 0E       		.uleb128 0xe
 538 0098 3A       		.uleb128 0x3a
 539 0099 0B       		.uleb128 0xb
 540 009a 3B       		.uleb128 0x3b
 541 009b 0B       		.uleb128 0xb
 542 009c 27       		.uleb128 0x27
 543 009d 19       		.uleb128 0x19
 544 009e 49       		.uleb128 0x49
 545 009f 13       		.uleb128 0x13
 546 00a0 11       		.uleb128 0x11
 547 00a1 01       		.uleb128 0x1
 548 00a2 12       		.uleb128 0x12
 549 00a3 06       		.uleb128 0x6
 550 00a4 40       		.uleb128 0x40
 551 00a5 18       		.uleb128 0x18
 552 00a6 9742     		.uleb128 0x2117
 553 00a8 19       		.uleb128 0x19
 554 00a9 00       		.byte	0
 555 00aa 00       		.byte	0
 556 00ab 0C       		.uleb128 0xc
 557 00ac 2E       		.uleb128 0x2e
 558 00ad 01       		.byte	0x1
 559 00ae 3F       		.uleb128 0x3f
 560 00af 19       		.uleb128 0x19
 561 00b0 03       		.uleb128 0x3
 562 00b1 0E       		.uleb128 0xe
 563 00b2 3A       		.uleb128 0x3a
 564 00b3 0B       		.uleb128 0xb
 565 00b4 3B       		.uleb128 0x3b
 566 00b5 0B       		.uleb128 0xb
 567 00b6 27       		.uleb128 0x27
 568 00b7 19       		.uleb128 0x19
 569 00b8 49       		.uleb128 0x49
 570 00b9 13       		.uleb128 0x13
 571 00ba 11       		.uleb128 0x11
ARM GAS  C:\Users\Jarik\AppData\Local\Temp\ccHsfqfL.s 			page 14


 572 00bb 01       		.uleb128 0x1
 573 00bc 12       		.uleb128 0x12
 574 00bd 06       		.uleb128 0x6
 575 00be 40       		.uleb128 0x40
 576 00bf 18       		.uleb128 0x18
 577 00c0 9742     		.uleb128 0x2117
 578 00c2 19       		.uleb128 0x19
 579 00c3 00       		.byte	0
 580 00c4 00       		.byte	0
 581 00c5 00       		.byte	0
 582              		.section	.debug_loc,"",%progbits
 583              	.Ldebug_loc0:
 584              	.LLST0:
 585 0000 00000000 		.4byte	.LVL2
 586 0004 5C000000 		.4byte	.LVL3
 587 0008 0100     		.2byte	0x1
 588 000a 50       		.byte	0x50
 589 000b 5C000000 		.4byte	.LVL3
 590 000f 80000000 		.4byte	.LFE1
 591 0013 0400     		.2byte	0x4
 592 0015 F3       		.byte	0xf3
 593 0016 01       		.uleb128 0x1
 594 0017 50       		.byte	0x50
 595 0018 9F       		.byte	0x9f
 596 0019 00000000 		.4byte	0
 597 001d 00000000 		.4byte	0
 598              		.section	.debug_aranges,"",%progbits
 599 0000 3C000000 		.4byte	0x3c
 600 0004 0200     		.2byte	0x2
 601 0006 00000000 		.4byte	.Ldebug_info0
 602 000a 04       		.byte	0x4
 603 000b 00       		.byte	0
 604 000c 0000     		.2byte	0
 605 000e 0000     		.2byte	0
 606 0010 00000000 		.4byte	.LFB0
 607 0014 0C000000 		.4byte	.LFE0-.LFB0
 608 0018 00000000 		.4byte	.LFB1
 609 001c 80000000 		.4byte	.LFE1-.LFB1
 610 0020 00000000 		.4byte	.LFB2
 611 0024 0C000000 		.4byte	.LFE2-.LFB2
 612 0028 00000000 		.4byte	.LFB3
 613 002c 0C000000 		.4byte	.LFE3-.LFB3
 614 0030 00000000 		.4byte	.LFB4
 615 0034 10000000 		.4byte	.LFE4-.LFB4
 616 0038 00000000 		.4byte	0
 617 003c 00000000 		.4byte	0
 618              		.section	.debug_ranges,"",%progbits
 619              	.Ldebug_ranges0:
 620 0000 00000000 		.4byte	.LFB0
 621 0004 0C000000 		.4byte	.LFE0
 622 0008 00000000 		.4byte	.LFB1
 623 000c 80000000 		.4byte	.LFE1
 624 0010 00000000 		.4byte	.LFB2
 625 0014 0C000000 		.4byte	.LFE2
 626 0018 00000000 		.4byte	.LFB3
 627 001c 0C000000 		.4byte	.LFE3
 628 0020 00000000 		.4byte	.LFB4
ARM GAS  C:\Users\Jarik\AppData\Local\Temp\ccHsfqfL.s 			page 15


 629 0024 10000000 		.4byte	.LFE4
 630 0028 00000000 		.4byte	0
 631 002c 00000000 		.4byte	0
 632              		.section	.debug_line,"",%progbits
 633              	.Ldebug_line0:
 634 0000 BB000000 		.section	.debug_str,"MS",%progbits,1
 634      02004300 
 634      00000201 
 634      FB0E0D00 
 634      01010101 
 635              	.LASF14:
 636 0000 72656733 		.ascii	"reg32\000"
 636      3200
 637              	.LASF24:
 638 0006 474E5520 		.ascii	"GNU C 4.9.3 20150303 (release) [ARM/embedded-4_9-br"
 638      4320342E 
 638      392E3320 
 638      32303135 
 638      30333033 
 639 0039 616E6368 		.ascii	"anch revision 221220] -mcpu=cortex-m0 -mthumb -g -O"
 639      20726576 
 639      6973696F 
 639      6E203232 
 639      31323230 
 640 006c 73202D66 		.ascii	"s -ffunction-sections -ffat-lto-objects\000"
 640      66756E63 
 640      74696F6E 
 640      2D736563 
 640      74696F6E 
 641              	.LASF17:
 642 0094 76616C75 		.ascii	"value\000"
 642      6500
 643              	.LASF19:
 644 009a 41445F4C 		.ascii	"AD_L_Read\000"
 644      5F526561 
 644      6400
 645              	.LASF11:
 646 00a4 666C6F61 		.ascii	"float\000"
 646      7400
 647              	.LASF1:
 648 00aa 756E7369 		.ascii	"unsigned char\000"
 648      676E6564 
 648      20636861 
 648      7200
 649              	.LASF22:
 650 00b8 64725661 		.ascii	"drVal\000"
 650      6C00
 651              	.LASF21:
 652 00be 41445F4C 		.ascii	"AD_L_ClearInterrupt\000"
 652      5F436C65 
 652      6172496E 
 652      74657272 
 652      75707400 
 653              	.LASF5:
 654 00d2 6C6F6E67 		.ascii	"long unsigned int\000"
 654      20756E73 
 654      69676E65 
ARM GAS  C:\Users\Jarik\AppData\Local\Temp\ccHsfqfL.s 			page 16


 654      6420696E 
 654      7400
 655              	.LASF3:
 656 00e4 73686F72 		.ascii	"short unsigned int\000"
 656      7420756E 
 656      7369676E 
 656      65642069 
 656      6E7400
 657              	.LASF12:
 658 00f7 646F7562 		.ascii	"double\000"
 658      6C6500
 659              	.LASF15:
 660 00fe 41445F4C 		.ascii	"AD_L_Write\000"
 660      5F577269 
 660      746500
 661              	.LASF10:
 662 0109 75696E74 		.ascii	"uint32\000"
 662      333200
 663              	.LASF20:
 664 0110 41445F4C 		.ascii	"AD_L_ReadDataReg\000"
 664      5F526561 
 664      64446174 
 664      61526567 
 664      00
 665              	.LASF8:
 666 0121 756E7369 		.ascii	"unsigned int\000"
 666      676E6564 
 666      20696E74 
 666      00
 667              	.LASF7:
 668 012e 6C6F6E67 		.ascii	"long long unsigned int\000"
 668      206C6F6E 
 668      6720756E 
 668      7369676E 
 668      65642069 
 669              	.LASF18:
 670 0145 6D6F6465 		.ascii	"mode\000"
 670      00
 671              	.LASF16:
 672 014a 41445F4C 		.ascii	"AD_L_SetDriveMode\000"
 672      5F536574 
 672      44726976 
 672      654D6F64 
 672      6500
 673              	.LASF6:
 674 015c 6C6F6E67 		.ascii	"long long int\000"
 674      206C6F6E 
 674      6720696E 
 674      7400
 675              	.LASF23:
 676 016a 6D61736B 		.ascii	"maskedStatus\000"
 676      65645374 
 676      61747573 
 676      00
 677              	.LASF13:
 678 0177 63686172 		.ascii	"char\000"
 678      00
ARM GAS  C:\Users\Jarik\AppData\Local\Temp\ccHsfqfL.s 			page 17


 679              	.LASF2:
 680 017c 73686F72 		.ascii	"short int\000"
 680      7420696E 
 680      7400
 681              	.LASF9:
 682 0186 75696E74 		.ascii	"uint8\000"
 682      3800
 683              	.LASF4:
 684 018c 6C6F6E67 		.ascii	"long int\000"
 684      20696E74 
 684      00
 685              	.LASF26:
 686 0195 453A5C68 		.ascii	"E:\\home\\jarik\\src\\psoc\\mpi_rom_emu\\mpi_rom_em"
 686      6F6D655C 
 686      6A617269 
 686      6B5C7372 
 686      635C7073 
 687 01c2 752E6379 		.ascii	"u.cydsn\000"
 687      64736E00 
 688              	.LASF0:
 689 01ca 7369676E 		.ascii	"signed char\000"
 689      65642063 
 689      68617200 
 690              	.LASF25:
 691 01d6 2E5C4765 		.ascii	".\\Generated_Source\\PSoC4\\AD_L.c\000"
 691      6E657261 
 691      7465645F 
 691      536F7572 
 691      63655C50 
 692              		.ident	"GCC: (GNU Tools for ARM Embedded Processors) 4.9.3 20150303 (release) [ARM/embedded-4_9-br
