ARM GAS  C:\Users\Jarik\AppData\Local\Temp\ccSOMbpc.s 			page 1


   1              		.cpu cortex-m0
   2              		.fpu softvfp
   3              		.eabi_attribute 20, 1
   4              		.eabi_attribute 21, 1
   5              		.eabi_attribute 23, 3
   6              		.eabi_attribute 24, 1
   7              		.eabi_attribute 25, 1
   8              		.eabi_attribute 26, 1
   9              		.eabi_attribute 30, 4
  10              		.eabi_attribute 34, 0
  11              		.eabi_attribute 18, 4
  12              		.code	16
  13              		.file	"AH_reg.c"
  14              		.text
  15              	.Ltext0:
  16              		.cfi_sections	.debug_frame
  17              		.section	.text.AH_reg_Read,"ax",%progbits
  18              		.align	1
  19              		.global	AH_reg_Read
  20              		.code	16
  21              		.thumb_func
  22              		.type	AH_reg_Read, %function
  23              	AH_reg_Read:
  24              	.LFB0:
  25              		.file 1 ".\\Generated_Source\\PSoC4\\AH_reg.c"
   1:.\Generated_Source\PSoC4/AH_reg.c **** /*******************************************************************************
   2:.\Generated_Source\PSoC4/AH_reg.c **** * File Name: AH_reg.c  
   3:.\Generated_Source\PSoC4/AH_reg.c **** * Version 1.90
   4:.\Generated_Source\PSoC4/AH_reg.c **** *
   5:.\Generated_Source\PSoC4/AH_reg.c **** * Description:
   6:.\Generated_Source\PSoC4/AH_reg.c **** *  This file contains API to enable firmware to read the value of a Status 
   7:.\Generated_Source\PSoC4/AH_reg.c **** *  Register.
   8:.\Generated_Source\PSoC4/AH_reg.c **** *
   9:.\Generated_Source\PSoC4/AH_reg.c **** * Note:
  10:.\Generated_Source\PSoC4/AH_reg.c **** *
  11:.\Generated_Source\PSoC4/AH_reg.c **** ********************************************************************************
  12:.\Generated_Source\PSoC4/AH_reg.c **** * Copyright 2008-2015, Cypress Semiconductor Corporation.  All rights reserved.
  13:.\Generated_Source\PSoC4/AH_reg.c **** * You may use this file only in accordance with the license, terms, conditions, 
  14:.\Generated_Source\PSoC4/AH_reg.c **** * disclaimers, and limitations in the end user license agreement accompanying 
  15:.\Generated_Source\PSoC4/AH_reg.c **** * the software package with which this file was provided.
  16:.\Generated_Source\PSoC4/AH_reg.c **** *******************************************************************************/
  17:.\Generated_Source\PSoC4/AH_reg.c **** 
  18:.\Generated_Source\PSoC4/AH_reg.c **** #include "AH_reg.h"
  19:.\Generated_Source\PSoC4/AH_reg.c **** 
  20:.\Generated_Source\PSoC4/AH_reg.c **** #if !defined(AH_reg_sts_sts_reg__REMOVED) /* Check for removal by optimization */
  21:.\Generated_Source\PSoC4/AH_reg.c **** 
  22:.\Generated_Source\PSoC4/AH_reg.c **** 
  23:.\Generated_Source\PSoC4/AH_reg.c **** /*******************************************************************************
  24:.\Generated_Source\PSoC4/AH_reg.c **** * Function Name: AH_reg_Read
  25:.\Generated_Source\PSoC4/AH_reg.c **** ********************************************************************************
  26:.\Generated_Source\PSoC4/AH_reg.c **** *
  27:.\Generated_Source\PSoC4/AH_reg.c **** * Summary:
  28:.\Generated_Source\PSoC4/AH_reg.c **** *  Reads the current value assigned to the Status Register.
  29:.\Generated_Source\PSoC4/AH_reg.c **** *
  30:.\Generated_Source\PSoC4/AH_reg.c **** * Parameters:
  31:.\Generated_Source\PSoC4/AH_reg.c **** *  None.
  32:.\Generated_Source\PSoC4/AH_reg.c **** *
ARM GAS  C:\Users\Jarik\AppData\Local\Temp\ccSOMbpc.s 			page 2


  33:.\Generated_Source\PSoC4/AH_reg.c **** * Return:
  34:.\Generated_Source\PSoC4/AH_reg.c **** *  The current value in the Status Register.
  35:.\Generated_Source\PSoC4/AH_reg.c **** *
  36:.\Generated_Source\PSoC4/AH_reg.c **** *******************************************************************************/
  37:.\Generated_Source\PSoC4/AH_reg.c **** uint8 AH_reg_Read(void) 
  38:.\Generated_Source\PSoC4/AH_reg.c **** { 
  26              		.loc 1 38 0
  27              		.cfi_startproc
  39:.\Generated_Source\PSoC4/AH_reg.c ****     return AH_reg_Status;
  28              		.loc 1 39 0
  29 0000 014B     		ldr	r3, .L2
  40:.\Generated_Source\PSoC4/AH_reg.c **** }
  30              		.loc 1 40 0
  31              		@ sp needed
  39:.\Generated_Source\PSoC4/AH_reg.c ****     return AH_reg_Status;
  32              		.loc 1 39 0
  33 0002 1878     		ldrb	r0, [r3]
  34 0004 C0B2     		uxtb	r0, r0
  35              		.loc 1 40 0
  36 0006 7047     		bx	lr
  37              	.L3:
  38              		.align	2
  39              	.L2:
  40 0008 61000F40 		.word	1074724961
  41              		.cfi_endproc
  42              	.LFE0:
  43              		.size	AH_reg_Read, .-AH_reg_Read
  44              		.section	.text.AH_reg_InterruptEnable,"ax",%progbits
  45              		.align	1
  46              		.global	AH_reg_InterruptEnable
  47              		.code	16
  48              		.thumb_func
  49              		.type	AH_reg_InterruptEnable, %function
  50              	AH_reg_InterruptEnable:
  51              	.LFB1:
  41:.\Generated_Source\PSoC4/AH_reg.c **** 
  42:.\Generated_Source\PSoC4/AH_reg.c **** 
  43:.\Generated_Source\PSoC4/AH_reg.c **** /*******************************************************************************
  44:.\Generated_Source\PSoC4/AH_reg.c **** * Function Name: AH_reg_InterruptEnable
  45:.\Generated_Source\PSoC4/AH_reg.c **** ********************************************************************************
  46:.\Generated_Source\PSoC4/AH_reg.c **** *
  47:.\Generated_Source\PSoC4/AH_reg.c **** * Summary:
  48:.\Generated_Source\PSoC4/AH_reg.c **** *  Enables the Status Register interrupt.
  49:.\Generated_Source\PSoC4/AH_reg.c **** *
  50:.\Generated_Source\PSoC4/AH_reg.c **** * Parameters:
  51:.\Generated_Source\PSoC4/AH_reg.c **** *  None.
  52:.\Generated_Source\PSoC4/AH_reg.c **** *
  53:.\Generated_Source\PSoC4/AH_reg.c **** * Return:
  54:.\Generated_Source\PSoC4/AH_reg.c **** *  None.
  55:.\Generated_Source\PSoC4/AH_reg.c **** *
  56:.\Generated_Source\PSoC4/AH_reg.c **** *******************************************************************************/
  57:.\Generated_Source\PSoC4/AH_reg.c **** void AH_reg_InterruptEnable(void) 
  58:.\Generated_Source\PSoC4/AH_reg.c **** {
  52              		.loc 1 58 0
  53              		.cfi_startproc
  54 0000 08B5     		push	{r3, lr}
  55              		.cfi_def_cfa_offset 8
ARM GAS  C:\Users\Jarik\AppData\Local\Temp\ccSOMbpc.s 			page 3


  56              		.cfi_offset 3, -8
  57              		.cfi_offset 14, -4
  59:.\Generated_Source\PSoC4/AH_reg.c ****     uint8 interruptState;
  60:.\Generated_Source\PSoC4/AH_reg.c ****     interruptState = CyEnterCriticalSection();
  58              		.loc 1 60 0
  59 0002 FFF7FEFF 		bl	CyEnterCriticalSection
  60              	.LVL0:
  61:.\Generated_Source\PSoC4/AH_reg.c ****     AH_reg_Status_Aux_Ctrl |= AH_reg_STATUS_INTR_ENBL;
  61              		.loc 1 61 0
  62 0006 1021     		mov	r1, #16
  63 0008 034A     		ldr	r2, .L5
  62:.\Generated_Source\PSoC4/AH_reg.c ****     CyExitCriticalSection(interruptState);
  63:.\Generated_Source\PSoC4/AH_reg.c **** }
  64              		.loc 1 63 0
  65              		@ sp needed
  61:.\Generated_Source\PSoC4/AH_reg.c ****     AH_reg_Status_Aux_Ctrl |= AH_reg_STATUS_INTR_ENBL;
  66              		.loc 1 61 0
  67 000a 1378     		ldrb	r3, [r2]
  68 000c 0B43     		orr	r3, r1
  69 000e 1370     		strb	r3, [r2]
  62:.\Generated_Source\PSoC4/AH_reg.c ****     CyExitCriticalSection(interruptState);
  70              		.loc 1 62 0
  71 0010 FFF7FEFF 		bl	CyExitCriticalSection
  72              	.LVL1:
  73              		.loc 1 63 0
  74 0014 08BD     		pop	{r3, pc}
  75              	.L6:
  76 0016 C046     		.align	2
  77              	.L5:
  78 0018 91000F40 		.word	1074725009
  79              		.cfi_endproc
  80              	.LFE1:
  81              		.size	AH_reg_InterruptEnable, .-AH_reg_InterruptEnable
  82              		.section	.text.AH_reg_InterruptDisable,"ax",%progbits
  83              		.align	1
  84              		.global	AH_reg_InterruptDisable
  85              		.code	16
  86              		.thumb_func
  87              		.type	AH_reg_InterruptDisable, %function
  88              	AH_reg_InterruptDisable:
  89              	.LFB2:
  64:.\Generated_Source\PSoC4/AH_reg.c **** 
  65:.\Generated_Source\PSoC4/AH_reg.c **** 
  66:.\Generated_Source\PSoC4/AH_reg.c **** /*******************************************************************************
  67:.\Generated_Source\PSoC4/AH_reg.c **** * Function Name: AH_reg_InterruptDisable
  68:.\Generated_Source\PSoC4/AH_reg.c **** ********************************************************************************
  69:.\Generated_Source\PSoC4/AH_reg.c **** *
  70:.\Generated_Source\PSoC4/AH_reg.c **** * Summary:
  71:.\Generated_Source\PSoC4/AH_reg.c **** *  Disables the Status Register interrupt.
  72:.\Generated_Source\PSoC4/AH_reg.c **** *
  73:.\Generated_Source\PSoC4/AH_reg.c **** * Parameters:
  74:.\Generated_Source\PSoC4/AH_reg.c **** *  None.
  75:.\Generated_Source\PSoC4/AH_reg.c **** *
  76:.\Generated_Source\PSoC4/AH_reg.c **** * Return:
  77:.\Generated_Source\PSoC4/AH_reg.c **** *  None.
  78:.\Generated_Source\PSoC4/AH_reg.c **** *
  79:.\Generated_Source\PSoC4/AH_reg.c **** *******************************************************************************/
ARM GAS  C:\Users\Jarik\AppData\Local\Temp\ccSOMbpc.s 			page 4


  80:.\Generated_Source\PSoC4/AH_reg.c **** void AH_reg_InterruptDisable(void) 
  81:.\Generated_Source\PSoC4/AH_reg.c **** {
  90              		.loc 1 81 0
  91              		.cfi_startproc
  92 0000 08B5     		push	{r3, lr}
  93              		.cfi_def_cfa_offset 8
  94              		.cfi_offset 3, -8
  95              		.cfi_offset 14, -4
  82:.\Generated_Source\PSoC4/AH_reg.c ****     uint8 interruptState;
  83:.\Generated_Source\PSoC4/AH_reg.c ****     interruptState = CyEnterCriticalSection();
  96              		.loc 1 83 0
  97 0002 FFF7FEFF 		bl	CyEnterCriticalSection
  98              	.LVL2:
  84:.\Generated_Source\PSoC4/AH_reg.c ****     AH_reg_Status_Aux_Ctrl &= (uint8)(~AH_reg_STATUS_INTR_ENBL);
  99              		.loc 1 84 0
 100 0006 1021     		mov	r1, #16
 101 0008 034A     		ldr	r2, .L8
  85:.\Generated_Source\PSoC4/AH_reg.c ****     CyExitCriticalSection(interruptState);
  86:.\Generated_Source\PSoC4/AH_reg.c **** }
 102              		.loc 1 86 0
 103              		@ sp needed
  84:.\Generated_Source\PSoC4/AH_reg.c ****     AH_reg_Status_Aux_Ctrl &= (uint8)(~AH_reg_STATUS_INTR_ENBL);
 104              		.loc 1 84 0
 105 000a 1378     		ldrb	r3, [r2]
 106 000c 8B43     		bic	r3, r1
 107 000e 1370     		strb	r3, [r2]
  85:.\Generated_Source\PSoC4/AH_reg.c ****     CyExitCriticalSection(interruptState);
 108              		.loc 1 85 0
 109 0010 FFF7FEFF 		bl	CyExitCriticalSection
 110              	.LVL3:
 111              		.loc 1 86 0
 112 0014 08BD     		pop	{r3, pc}
 113              	.L9:
 114 0016 C046     		.align	2
 115              	.L8:
 116 0018 91000F40 		.word	1074725009
 117              		.cfi_endproc
 118              	.LFE2:
 119              		.size	AH_reg_InterruptDisable, .-AH_reg_InterruptDisable
 120              		.section	.text.AH_reg_WriteMask,"ax",%progbits
 121              		.align	1
 122              		.global	AH_reg_WriteMask
 123              		.code	16
 124              		.thumb_func
 125              		.type	AH_reg_WriteMask, %function
 126              	AH_reg_WriteMask:
 127              	.LFB3:
  87:.\Generated_Source\PSoC4/AH_reg.c **** 
  88:.\Generated_Source\PSoC4/AH_reg.c **** 
  89:.\Generated_Source\PSoC4/AH_reg.c **** /*******************************************************************************
  90:.\Generated_Source\PSoC4/AH_reg.c **** * Function Name: AH_reg_WriteMask
  91:.\Generated_Source\PSoC4/AH_reg.c **** ********************************************************************************
  92:.\Generated_Source\PSoC4/AH_reg.c **** *
  93:.\Generated_Source\PSoC4/AH_reg.c **** * Summary:
  94:.\Generated_Source\PSoC4/AH_reg.c **** *  Writes the current mask value assigned to the Status Register.
  95:.\Generated_Source\PSoC4/AH_reg.c **** *
  96:.\Generated_Source\PSoC4/AH_reg.c **** * Parameters:
ARM GAS  C:\Users\Jarik\AppData\Local\Temp\ccSOMbpc.s 			page 5


  97:.\Generated_Source\PSoC4/AH_reg.c **** *  mask:  Value to write into the mask register.
  98:.\Generated_Source\PSoC4/AH_reg.c **** *
  99:.\Generated_Source\PSoC4/AH_reg.c **** * Return:
 100:.\Generated_Source\PSoC4/AH_reg.c **** *  None.
 101:.\Generated_Source\PSoC4/AH_reg.c **** *
 102:.\Generated_Source\PSoC4/AH_reg.c **** *******************************************************************************/
 103:.\Generated_Source\PSoC4/AH_reg.c **** void AH_reg_WriteMask(uint8 mask) 
 104:.\Generated_Source\PSoC4/AH_reg.c **** {
 128              		.loc 1 104 0
 129              		.cfi_startproc
 130              	.LVL4:
 105:.\Generated_Source\PSoC4/AH_reg.c ****     #if(AH_reg_INPUTS < 8u)
 106:.\Generated_Source\PSoC4/AH_reg.c ****     	mask &= ((uint8)(1u << AH_reg_INPUTS) - 1u);
 107:.\Generated_Source\PSoC4/AH_reg.c **** 	#endif /* End AH_reg_INPUTS < 8u */
 108:.\Generated_Source\PSoC4/AH_reg.c ****     AH_reg_Status_Mask = mask;
 131              		.loc 1 108 0
 132 0000 014B     		ldr	r3, .L11
 109:.\Generated_Source\PSoC4/AH_reg.c **** }
 133              		.loc 1 109 0
 134              		@ sp needed
 108:.\Generated_Source\PSoC4/AH_reg.c **** }
 135              		.loc 1 108 0
 136 0002 1870     		strb	r0, [r3]
 137              		.loc 1 109 0
 138 0004 7047     		bx	lr
 139              	.L12:
 140 0006 C046     		.align	2
 141              	.L11:
 142 0008 81000F40 		.word	1074724993
 143              		.cfi_endproc
 144              	.LFE3:
 145              		.size	AH_reg_WriteMask, .-AH_reg_WriteMask
 146              		.section	.text.AH_reg_ReadMask,"ax",%progbits
 147              		.align	1
 148              		.global	AH_reg_ReadMask
 149              		.code	16
 150              		.thumb_func
 151              		.type	AH_reg_ReadMask, %function
 152              	AH_reg_ReadMask:
 153              	.LFB4:
 110:.\Generated_Source\PSoC4/AH_reg.c **** 
 111:.\Generated_Source\PSoC4/AH_reg.c **** 
 112:.\Generated_Source\PSoC4/AH_reg.c **** /*******************************************************************************
 113:.\Generated_Source\PSoC4/AH_reg.c **** * Function Name: AH_reg_ReadMask
 114:.\Generated_Source\PSoC4/AH_reg.c **** ********************************************************************************
 115:.\Generated_Source\PSoC4/AH_reg.c **** *
 116:.\Generated_Source\PSoC4/AH_reg.c **** * Summary:
 117:.\Generated_Source\PSoC4/AH_reg.c **** *  Reads the current interrupt mask assigned to the Status Register.
 118:.\Generated_Source\PSoC4/AH_reg.c **** *
 119:.\Generated_Source\PSoC4/AH_reg.c **** * Parameters:
 120:.\Generated_Source\PSoC4/AH_reg.c **** *  None.
 121:.\Generated_Source\PSoC4/AH_reg.c **** *
 122:.\Generated_Source\PSoC4/AH_reg.c **** * Return:
 123:.\Generated_Source\PSoC4/AH_reg.c **** *  The value of the interrupt mask of the Status Register.
 124:.\Generated_Source\PSoC4/AH_reg.c **** *
 125:.\Generated_Source\PSoC4/AH_reg.c **** *******************************************************************************/
 126:.\Generated_Source\PSoC4/AH_reg.c **** uint8 AH_reg_ReadMask(void) 
ARM GAS  C:\Users\Jarik\AppData\Local\Temp\ccSOMbpc.s 			page 6


 127:.\Generated_Source\PSoC4/AH_reg.c **** {
 154              		.loc 1 127 0
 155              		.cfi_startproc
 128:.\Generated_Source\PSoC4/AH_reg.c ****     return AH_reg_Status_Mask;
 156              		.loc 1 128 0
 157 0000 014B     		ldr	r3, .L14
 129:.\Generated_Source\PSoC4/AH_reg.c **** }
 158              		.loc 1 129 0
 159              		@ sp needed
 128:.\Generated_Source\PSoC4/AH_reg.c ****     return AH_reg_Status_Mask;
 160              		.loc 1 128 0
 161 0002 1878     		ldrb	r0, [r3]
 162 0004 C0B2     		uxtb	r0, r0
 163              		.loc 1 129 0
 164 0006 7047     		bx	lr
 165              	.L15:
 166              		.align	2
 167              	.L14:
 168 0008 81000F40 		.word	1074724993
 169              		.cfi_endproc
 170              	.LFE4:
 171              		.size	AH_reg_ReadMask, .-AH_reg_ReadMask
 172              		.text
 173              	.Letext0:
 174              		.file 2 ".\\Generated_Source\\PSoC4\\cytypes.h"
 175              		.file 3 ".\\Generated_Source\\PSoC4\\CyLib.h"
 176              		.section	.debug_info,"",%progbits
 177              	.Ldebug_info0:
 178 0000 74010000 		.4byte	0x174
 179 0004 0400     		.2byte	0x4
 180 0006 00000000 		.4byte	.Ldebug_abbrev0
 181 000a 04       		.byte	0x4
 182 000b 01       		.uleb128 0x1
 183 000c 4F000000 		.4byte	.LASF21
 184 0010 01       		.byte	0x1
 185 0011 35010000 		.4byte	.LASF22
 186 0015 57010000 		.4byte	.LASF23
 187 0019 00000000 		.4byte	.Ldebug_ranges0+0
 188 001d 00000000 		.4byte	0
 189 0021 00000000 		.4byte	.Ldebug_line0
 190 0025 02       		.uleb128 0x2
 191 0026 01       		.byte	0x1
 192 0027 06       		.byte	0x6
 193 0028 C6010000 		.4byte	.LASF0
 194 002c 02       		.uleb128 0x2
 195 002d 01       		.byte	0x1
 196 002e 08       		.byte	0x8
 197 002f 91010000 		.4byte	.LASF1
 198 0033 02       		.uleb128 0x2
 199 0034 02       		.byte	0x2
 200 0035 05       		.byte	0x5
 201 0036 EE010000 		.4byte	.LASF2
 202 003a 02       		.uleb128 0x2
 203 003b 02       		.byte	0x2
 204 003c 07       		.byte	0x7
 205 003d 0E000000 		.4byte	.LASF3
 206 0041 02       		.uleb128 0x2
ARM GAS  C:\Users\Jarik\AppData\Local\Temp\ccSOMbpc.s 			page 7


 207 0042 04       		.byte	0x4
 208 0043 05       		.byte	0x5
 209 0044 B0010000 		.4byte	.LASF4
 210 0048 02       		.uleb128 0x2
 211 0049 04       		.byte	0x4
 212 004a 07       		.byte	0x7
 213 004b DD000000 		.4byte	.LASF5
 214 004f 02       		.uleb128 0x2
 215 0050 08       		.byte	0x8
 216 0051 05       		.byte	0x5
 217 0052 00000000 		.4byte	.LASF6
 218 0056 02       		.uleb128 0x2
 219 0057 08       		.byte	0x8
 220 0058 07       		.byte	0x7
 221 0059 EF000000 		.4byte	.LASF7
 222 005d 03       		.uleb128 0x3
 223 005e 04       		.byte	0x4
 224 005f 05       		.byte	0x5
 225 0060 696E7400 		.ascii	"int\000"
 226 0064 02       		.uleb128 0x2
 227 0065 04       		.byte	0x4
 228 0066 07       		.byte	0x7
 229 0067 32000000 		.4byte	.LASF8
 230 006b 04       		.uleb128 0x4
 231 006c C0010000 		.4byte	.LASF12
 232 0070 02       		.byte	0x2
 233 0071 3801     		.2byte	0x138
 234 0073 2C000000 		.4byte	0x2c
 235 0077 02       		.uleb128 0x2
 236 0078 04       		.byte	0x4
 237 0079 04       		.byte	0x4
 238 007a E8010000 		.4byte	.LASF9
 239 007e 02       		.uleb128 0x2
 240 007f 08       		.byte	0x8
 241 0080 04       		.byte	0x4
 242 0081 B9010000 		.4byte	.LASF10
 243 0085 02       		.uleb128 0x2
 244 0086 01       		.byte	0x1
 245 0087 08       		.byte	0x8
 246 0088 AB010000 		.4byte	.LASF11
 247 008c 04       		.uleb128 0x4
 248 008d F8010000 		.4byte	.LASF13
 249 0091 02       		.byte	0x2
 250 0092 E201     		.2byte	0x1e2
 251 0094 98000000 		.4byte	0x98
 252 0098 05       		.uleb128 0x5
 253 0099 6B000000 		.4byte	0x6b
 254 009d 02       		.uleb128 0x2
 255 009e 04       		.byte	0x4
 256 009f 07       		.byte	0x7
 257 00a0 14020000 		.4byte	.LASF14
 258 00a4 06       		.uleb128 0x6
 259 00a5 9F010000 		.4byte	.LASF19
 260 00a9 01       		.byte	0x1
 261 00aa 25       		.byte	0x25
 262 00ab 6B000000 		.4byte	0x6b
 263 00af 00000000 		.4byte	.LFB0
ARM GAS  C:\Users\Jarik\AppData\Local\Temp\ccSOMbpc.s 			page 8


 264 00b3 0C000000 		.4byte	.LFE0-.LFB0
 265 00b7 01       		.uleb128 0x1
 266 00b8 9C       		.byte	0x9c
 267 00b9 07       		.uleb128 0x7
 268 00ba 1E010000 		.4byte	.LASF15
 269 00be 01       		.byte	0x1
 270 00bf 39       		.byte	0x39
 271 00c0 00000000 		.4byte	.LFB1
 272 00c4 1C000000 		.4byte	.LFE1-.LFB1
 273 00c8 01       		.uleb128 0x1
 274 00c9 9C       		.byte	0x9c
 275 00ca F0000000 		.4byte	0xf0
 276 00ce 08       		.uleb128 0x8
 277 00cf 1D020000 		.4byte	.LASF17
 278 00d3 01       		.byte	0x1
 279 00d4 3B       		.byte	0x3b
 280 00d5 6B000000 		.4byte	0x6b
 281 00d9 00000000 		.4byte	.LLST0
 282 00dd 09       		.uleb128 0x9
 283 00de 06000000 		.4byte	.LVL0
 284 00e2 5F010000 		.4byte	0x15f
 285 00e6 09       		.uleb128 0x9
 286 00e7 14000000 		.4byte	.LVL1
 287 00eb 6A010000 		.4byte	0x16a
 288 00ef 00       		.byte	0
 289 00f0 07       		.uleb128 0x7
 290 00f1 06010000 		.4byte	.LASF16
 291 00f5 01       		.byte	0x1
 292 00f6 50       		.byte	0x50
 293 00f7 00000000 		.4byte	.LFB2
 294 00fb 1C000000 		.4byte	.LFE2-.LFB2
 295 00ff 01       		.uleb128 0x1
 296 0100 9C       		.byte	0x9c
 297 0101 27010000 		.4byte	0x127
 298 0105 08       		.uleb128 0x8
 299 0106 1D020000 		.4byte	.LASF17
 300 010a 01       		.byte	0x1
 301 010b 52       		.byte	0x52
 302 010c 6B000000 		.4byte	0x6b
 303 0110 13000000 		.4byte	.LLST1
 304 0114 09       		.uleb128 0x9
 305 0115 06000000 		.4byte	.LVL2
 306 0119 5F010000 		.4byte	0x15f
 307 011d 09       		.uleb128 0x9
 308 011e 14000000 		.4byte	.LVL3
 309 0122 6A010000 		.4byte	0x16a
 310 0126 00       		.byte	0
 311 0127 07       		.uleb128 0x7
 312 0128 21000000 		.4byte	.LASF18
 313 012c 01       		.byte	0x1
 314 012d 67       		.byte	0x67
 315 012e 00000000 		.4byte	.LFB3
 316 0132 0C000000 		.4byte	.LFE3-.LFB3
 317 0136 01       		.uleb128 0x1
 318 0137 9C       		.byte	0x9c
 319 0138 4A010000 		.4byte	0x14a
 320 013c 0A       		.uleb128 0xa
ARM GAS  C:\Users\Jarik\AppData\Local\Temp\ccSOMbpc.s 			page 9


 321 013d 8C010000 		.4byte	.LASF24
 322 0141 01       		.byte	0x1
 323 0142 67       		.byte	0x67
 324 0143 6B000000 		.4byte	0x6b
 325 0147 01       		.uleb128 0x1
 326 0148 50       		.byte	0x50
 327 0149 00       		.byte	0
 328 014a 06       		.uleb128 0x6
 329 014b 3F000000 		.4byte	.LASF20
 330 014f 01       		.byte	0x1
 331 0150 7E       		.byte	0x7e
 332 0151 6B000000 		.4byte	0x6b
 333 0155 00000000 		.4byte	.LFB4
 334 0159 0C000000 		.4byte	.LFE4-.LFB4
 335 015d 01       		.uleb128 0x1
 336 015e 9C       		.byte	0x9c
 337 015f 0B       		.uleb128 0xb
 338 0160 FD010000 		.4byte	.LASF25
 339 0164 03       		.byte	0x3
 340 0165 61       		.byte	0x61
 341 0166 6B000000 		.4byte	0x6b
 342 016a 0C       		.uleb128 0xc
 343 016b D2010000 		.4byte	.LASF26
 344 016f 03       		.byte	0x3
 345 0170 62       		.byte	0x62
 346 0171 0D       		.uleb128 0xd
 347 0172 6B000000 		.4byte	0x6b
 348 0176 00       		.byte	0
 349 0177 00       		.byte	0
 350              		.section	.debug_abbrev,"",%progbits
 351              	.Ldebug_abbrev0:
 352 0000 01       		.uleb128 0x1
 353 0001 11       		.uleb128 0x11
 354 0002 01       		.byte	0x1
 355 0003 25       		.uleb128 0x25
 356 0004 0E       		.uleb128 0xe
 357 0005 13       		.uleb128 0x13
 358 0006 0B       		.uleb128 0xb
 359 0007 03       		.uleb128 0x3
 360 0008 0E       		.uleb128 0xe
 361 0009 1B       		.uleb128 0x1b
 362 000a 0E       		.uleb128 0xe
 363 000b 55       		.uleb128 0x55
 364 000c 17       		.uleb128 0x17
 365 000d 11       		.uleb128 0x11
 366 000e 01       		.uleb128 0x1
 367 000f 10       		.uleb128 0x10
 368 0010 17       		.uleb128 0x17
 369 0011 00       		.byte	0
 370 0012 00       		.byte	0
 371 0013 02       		.uleb128 0x2
 372 0014 24       		.uleb128 0x24
 373 0015 00       		.byte	0
 374 0016 0B       		.uleb128 0xb
 375 0017 0B       		.uleb128 0xb
 376 0018 3E       		.uleb128 0x3e
 377 0019 0B       		.uleb128 0xb
ARM GAS  C:\Users\Jarik\AppData\Local\Temp\ccSOMbpc.s 			page 10


 378 001a 03       		.uleb128 0x3
 379 001b 0E       		.uleb128 0xe
 380 001c 00       		.byte	0
 381 001d 00       		.byte	0
 382 001e 03       		.uleb128 0x3
 383 001f 24       		.uleb128 0x24
 384 0020 00       		.byte	0
 385 0021 0B       		.uleb128 0xb
 386 0022 0B       		.uleb128 0xb
 387 0023 3E       		.uleb128 0x3e
 388 0024 0B       		.uleb128 0xb
 389 0025 03       		.uleb128 0x3
 390 0026 08       		.uleb128 0x8
 391 0027 00       		.byte	0
 392 0028 00       		.byte	0
 393 0029 04       		.uleb128 0x4
 394 002a 16       		.uleb128 0x16
 395 002b 00       		.byte	0
 396 002c 03       		.uleb128 0x3
 397 002d 0E       		.uleb128 0xe
 398 002e 3A       		.uleb128 0x3a
 399 002f 0B       		.uleb128 0xb
 400 0030 3B       		.uleb128 0x3b
 401 0031 05       		.uleb128 0x5
 402 0032 49       		.uleb128 0x49
 403 0033 13       		.uleb128 0x13
 404 0034 00       		.byte	0
 405 0035 00       		.byte	0
 406 0036 05       		.uleb128 0x5
 407 0037 35       		.uleb128 0x35
 408 0038 00       		.byte	0
 409 0039 49       		.uleb128 0x49
 410 003a 13       		.uleb128 0x13
 411 003b 00       		.byte	0
 412 003c 00       		.byte	0
 413 003d 06       		.uleb128 0x6
 414 003e 2E       		.uleb128 0x2e
 415 003f 00       		.byte	0
 416 0040 3F       		.uleb128 0x3f
 417 0041 19       		.uleb128 0x19
 418 0042 03       		.uleb128 0x3
 419 0043 0E       		.uleb128 0xe
 420 0044 3A       		.uleb128 0x3a
 421 0045 0B       		.uleb128 0xb
 422 0046 3B       		.uleb128 0x3b
 423 0047 0B       		.uleb128 0xb
 424 0048 27       		.uleb128 0x27
 425 0049 19       		.uleb128 0x19
 426 004a 49       		.uleb128 0x49
 427 004b 13       		.uleb128 0x13
 428 004c 11       		.uleb128 0x11
 429 004d 01       		.uleb128 0x1
 430 004e 12       		.uleb128 0x12
 431 004f 06       		.uleb128 0x6
 432 0050 40       		.uleb128 0x40
 433 0051 18       		.uleb128 0x18
 434 0052 9742     		.uleb128 0x2117
ARM GAS  C:\Users\Jarik\AppData\Local\Temp\ccSOMbpc.s 			page 11


 435 0054 19       		.uleb128 0x19
 436 0055 00       		.byte	0
 437 0056 00       		.byte	0
 438 0057 07       		.uleb128 0x7
 439 0058 2E       		.uleb128 0x2e
 440 0059 01       		.byte	0x1
 441 005a 3F       		.uleb128 0x3f
 442 005b 19       		.uleb128 0x19
 443 005c 03       		.uleb128 0x3
 444 005d 0E       		.uleb128 0xe
 445 005e 3A       		.uleb128 0x3a
 446 005f 0B       		.uleb128 0xb
 447 0060 3B       		.uleb128 0x3b
 448 0061 0B       		.uleb128 0xb
 449 0062 27       		.uleb128 0x27
 450 0063 19       		.uleb128 0x19
 451 0064 11       		.uleb128 0x11
 452 0065 01       		.uleb128 0x1
 453 0066 12       		.uleb128 0x12
 454 0067 06       		.uleb128 0x6
 455 0068 40       		.uleb128 0x40
 456 0069 18       		.uleb128 0x18
 457 006a 9742     		.uleb128 0x2117
 458 006c 19       		.uleb128 0x19
 459 006d 01       		.uleb128 0x1
 460 006e 13       		.uleb128 0x13
 461 006f 00       		.byte	0
 462 0070 00       		.byte	0
 463 0071 08       		.uleb128 0x8
 464 0072 34       		.uleb128 0x34
 465 0073 00       		.byte	0
 466 0074 03       		.uleb128 0x3
 467 0075 0E       		.uleb128 0xe
 468 0076 3A       		.uleb128 0x3a
 469 0077 0B       		.uleb128 0xb
 470 0078 3B       		.uleb128 0x3b
 471 0079 0B       		.uleb128 0xb
 472 007a 49       		.uleb128 0x49
 473 007b 13       		.uleb128 0x13
 474 007c 02       		.uleb128 0x2
 475 007d 17       		.uleb128 0x17
 476 007e 00       		.byte	0
 477 007f 00       		.byte	0
 478 0080 09       		.uleb128 0x9
 479 0081 898201   		.uleb128 0x4109
 480 0084 00       		.byte	0
 481 0085 11       		.uleb128 0x11
 482 0086 01       		.uleb128 0x1
 483 0087 31       		.uleb128 0x31
 484 0088 13       		.uleb128 0x13
 485 0089 00       		.byte	0
 486 008a 00       		.byte	0
 487 008b 0A       		.uleb128 0xa
 488 008c 05       		.uleb128 0x5
 489 008d 00       		.byte	0
 490 008e 03       		.uleb128 0x3
 491 008f 0E       		.uleb128 0xe
ARM GAS  C:\Users\Jarik\AppData\Local\Temp\ccSOMbpc.s 			page 12


 492 0090 3A       		.uleb128 0x3a
 493 0091 0B       		.uleb128 0xb
 494 0092 3B       		.uleb128 0x3b
 495 0093 0B       		.uleb128 0xb
 496 0094 49       		.uleb128 0x49
 497 0095 13       		.uleb128 0x13
 498 0096 02       		.uleb128 0x2
 499 0097 18       		.uleb128 0x18
 500 0098 00       		.byte	0
 501 0099 00       		.byte	0
 502 009a 0B       		.uleb128 0xb
 503 009b 2E       		.uleb128 0x2e
 504 009c 00       		.byte	0
 505 009d 3F       		.uleb128 0x3f
 506 009e 19       		.uleb128 0x19
 507 009f 03       		.uleb128 0x3
 508 00a0 0E       		.uleb128 0xe
 509 00a1 3A       		.uleb128 0x3a
 510 00a2 0B       		.uleb128 0xb
 511 00a3 3B       		.uleb128 0x3b
 512 00a4 0B       		.uleb128 0xb
 513 00a5 27       		.uleb128 0x27
 514 00a6 19       		.uleb128 0x19
 515 00a7 49       		.uleb128 0x49
 516 00a8 13       		.uleb128 0x13
 517 00a9 3C       		.uleb128 0x3c
 518 00aa 19       		.uleb128 0x19
 519 00ab 00       		.byte	0
 520 00ac 00       		.byte	0
 521 00ad 0C       		.uleb128 0xc
 522 00ae 2E       		.uleb128 0x2e
 523 00af 01       		.byte	0x1
 524 00b0 3F       		.uleb128 0x3f
 525 00b1 19       		.uleb128 0x19
 526 00b2 03       		.uleb128 0x3
 527 00b3 0E       		.uleb128 0xe
 528 00b4 3A       		.uleb128 0x3a
 529 00b5 0B       		.uleb128 0xb
 530 00b6 3B       		.uleb128 0x3b
 531 00b7 0B       		.uleb128 0xb
 532 00b8 27       		.uleb128 0x27
 533 00b9 19       		.uleb128 0x19
 534 00ba 3C       		.uleb128 0x3c
 535 00bb 19       		.uleb128 0x19
 536 00bc 00       		.byte	0
 537 00bd 00       		.byte	0
 538 00be 0D       		.uleb128 0xd
 539 00bf 05       		.uleb128 0x5
 540 00c0 00       		.byte	0
 541 00c1 49       		.uleb128 0x49
 542 00c2 13       		.uleb128 0x13
 543 00c3 00       		.byte	0
 544 00c4 00       		.byte	0
 545 00c5 00       		.byte	0
 546              		.section	.debug_loc,"",%progbits
 547              	.Ldebug_loc0:
 548              	.LLST0:
ARM GAS  C:\Users\Jarik\AppData\Local\Temp\ccSOMbpc.s 			page 13


 549 0000 06000000 		.4byte	.LVL0
 550 0004 13000000 		.4byte	.LVL1-1
 551 0008 0100     		.2byte	0x1
 552 000a 50       		.byte	0x50
 553 000b 00000000 		.4byte	0
 554 000f 00000000 		.4byte	0
 555              	.LLST1:
 556 0013 06000000 		.4byte	.LVL2
 557 0017 13000000 		.4byte	.LVL3-1
 558 001b 0100     		.2byte	0x1
 559 001d 50       		.byte	0x50
 560 001e 00000000 		.4byte	0
 561 0022 00000000 		.4byte	0
 562              		.section	.debug_aranges,"",%progbits
 563 0000 3C000000 		.4byte	0x3c
 564 0004 0200     		.2byte	0x2
 565 0006 00000000 		.4byte	.Ldebug_info0
 566 000a 04       		.byte	0x4
 567 000b 00       		.byte	0
 568 000c 0000     		.2byte	0
 569 000e 0000     		.2byte	0
 570 0010 00000000 		.4byte	.LFB0
 571 0014 0C000000 		.4byte	.LFE0-.LFB0
 572 0018 00000000 		.4byte	.LFB1
 573 001c 1C000000 		.4byte	.LFE1-.LFB1
 574 0020 00000000 		.4byte	.LFB2
 575 0024 1C000000 		.4byte	.LFE2-.LFB2
 576 0028 00000000 		.4byte	.LFB3
 577 002c 0C000000 		.4byte	.LFE3-.LFB3
 578 0030 00000000 		.4byte	.LFB4
 579 0034 0C000000 		.4byte	.LFE4-.LFB4
 580 0038 00000000 		.4byte	0
 581 003c 00000000 		.4byte	0
 582              		.section	.debug_ranges,"",%progbits
 583              	.Ldebug_ranges0:
 584 0000 00000000 		.4byte	.LFB0
 585 0004 0C000000 		.4byte	.LFE0
 586 0008 00000000 		.4byte	.LFB1
 587 000c 1C000000 		.4byte	.LFE1
 588 0010 00000000 		.4byte	.LFB2
 589 0014 1C000000 		.4byte	.LFE2
 590 0018 00000000 		.4byte	.LFB3
 591 001c 0C000000 		.4byte	.LFE3
 592 0020 00000000 		.4byte	.LFB4
 593 0024 0C000000 		.4byte	.LFE4
 594 0028 00000000 		.4byte	0
 595 002c 00000000 		.4byte	0
 596              		.section	.debug_line,"",%progbits
 597              	.Ldebug_line0:
 598 0000 BC000000 		.section	.debug_str,"MS",%progbits,1
 598      02005000 
 598      00000201 
 598      FB0E0D00 
 598      01010101 
 599              	.LASF6:
 600 0000 6C6F6E67 		.ascii	"long long int\000"
 600      206C6F6E 
ARM GAS  C:\Users\Jarik\AppData\Local\Temp\ccSOMbpc.s 			page 14


 600      6720696E 
 600      7400
 601              	.LASF3:
 602 000e 73686F72 		.ascii	"short unsigned int\000"
 602      7420756E 
 602      7369676E 
 602      65642069 
 602      6E7400
 603              	.LASF18:
 604 0021 41485F72 		.ascii	"AH_reg_WriteMask\000"
 604      65675F57 
 604      72697465 
 604      4D61736B 
 604      00
 605              	.LASF8:
 606 0032 756E7369 		.ascii	"unsigned int\000"
 606      676E6564 
 606      20696E74 
 606      00
 607              	.LASF20:
 608 003f 41485F72 		.ascii	"AH_reg_ReadMask\000"
 608      65675F52 
 608      6561644D 
 608      61736B00 
 609              	.LASF21:
 610 004f 474E5520 		.ascii	"GNU C 4.9.3 20150303 (release) [ARM/embedded-4_9-br"
 610      4320342E 
 610      392E3320 
 610      32303135 
 610      30333033 
 611 0082 616E6368 		.ascii	"anch revision 221220] -mcpu=cortex-m0 -mthumb -g -O"
 611      20726576 
 611      6973696F 
 611      6E203232 
 611      31323230 
 612 00b5 73202D66 		.ascii	"s -ffunction-sections -ffat-lto-objects\000"
 612      66756E63 
 612      74696F6E 
 612      2D736563 
 612      74696F6E 
 613              	.LASF5:
 614 00dd 6C6F6E67 		.ascii	"long unsigned int\000"
 614      20756E73 
 614      69676E65 
 614      6420696E 
 614      7400
 615              	.LASF7:
 616 00ef 6C6F6E67 		.ascii	"long long unsigned int\000"
 616      206C6F6E 
 616      6720756E 
 616      7369676E 
 616      65642069 
 617              	.LASF16:
 618 0106 41485F72 		.ascii	"AH_reg_InterruptDisable\000"
 618      65675F49 
 618      6E746572 
 618      72757074 
ARM GAS  C:\Users\Jarik\AppData\Local\Temp\ccSOMbpc.s 			page 15


 618      44697361 
 619              	.LASF15:
 620 011e 41485F72 		.ascii	"AH_reg_InterruptEnable\000"
 620      65675F49 
 620      6E746572 
 620      72757074 
 620      456E6162 
 621              	.LASF22:
 622 0135 2E5C4765 		.ascii	".\\Generated_Source\\PSoC4\\AH_reg.c\000"
 622      6E657261 
 622      7465645F 
 622      536F7572 
 622      63655C50 
 623              	.LASF23:
 624 0157 453A5C68 		.ascii	"E:\\home\\jarik\\src\\psoc\\mpi_rom_emu\\mpi_rom_em"
 624      6F6D655C 
 624      6A617269 
 624      6B5C7372 
 624      635C7073 
 625 0184 752E6379 		.ascii	"u.cydsn\000"
 625      64736E00 
 626              	.LASF24:
 627 018c 6D61736B 		.ascii	"mask\000"
 627      00
 628              	.LASF1:
 629 0191 756E7369 		.ascii	"unsigned char\000"
 629      676E6564 
 629      20636861 
 629      7200
 630              	.LASF19:
 631 019f 41485F72 		.ascii	"AH_reg_Read\000"
 631      65675F52 
 631      65616400 
 632              	.LASF11:
 633 01ab 63686172 		.ascii	"char\000"
 633      00
 634              	.LASF4:
 635 01b0 6C6F6E67 		.ascii	"long int\000"
 635      20696E74 
 635      00
 636              	.LASF10:
 637 01b9 646F7562 		.ascii	"double\000"
 637      6C6500
 638              	.LASF12:
 639 01c0 75696E74 		.ascii	"uint8\000"
 639      3800
 640              	.LASF0:
 641 01c6 7369676E 		.ascii	"signed char\000"
 641      65642063 
 641      68617200 
 642              	.LASF26:
 643 01d2 43794578 		.ascii	"CyExitCriticalSection\000"
 643      69744372 
 643      69746963 
 643      616C5365 
 643      6374696F 
 644              	.LASF9:
ARM GAS  C:\Users\Jarik\AppData\Local\Temp\ccSOMbpc.s 			page 16


 645 01e8 666C6F61 		.ascii	"float\000"
 645      7400
 646              	.LASF2:
 647 01ee 73686F72 		.ascii	"short int\000"
 647      7420696E 
 647      7400
 648              	.LASF13:
 649 01f8 72656738 		.ascii	"reg8\000"
 649      00
 650              	.LASF25:
 651 01fd 4379456E 		.ascii	"CyEnterCriticalSection\000"
 651      74657243 
 651      72697469 
 651      63616C53 
 651      65637469 
 652              	.LASF14:
 653 0214 73697A65 		.ascii	"sizetype\000"
 653      74797065 
 653      00
 654              	.LASF17:
 655 021d 696E7465 		.ascii	"interruptState\000"
 655      72727570 
 655      74537461 
 655      746500
 656              		.ident	"GCC: (GNU Tools for ARM Embedded Processors) 4.9.3 20150303 (release) [ARM/embedded-4_9-br
