ARM GAS  C:\Users\Jarik\AppData\Local\Temp\cc0locF3.s 			page 1


   1              		.cpu cortex-m0
   2              		.fpu softvfp
   3              		.eabi_attribute 20, 1
   4              		.eabi_attribute 21, 1
   5              		.eabi_attribute 23, 3
   6              		.eabi_attribute 24, 1
   7              		.eabi_attribute 25, 1
   8              		.eabi_attribute 26, 1
   9              		.eabi_attribute 30, 4
  10              		.eabi_attribute 34, 0
  11              		.eabi_attribute 18, 4
  12              		.code	16
  13              		.file	"CD_PM.c"
  14              		.text
  15              	.Ltext0:
  16              		.cfi_sections	.debug_frame
  17              		.section	.text.CD_Sleep,"ax",%progbits
  18              		.align	1
  19              		.global	CD_Sleep
  20              		.code	16
  21              		.thumb_func
  22              		.type	CD_Sleep, %function
  23              	CD_Sleep:
  24              	.LFB0:
  25              		.file 1 ".\\Generated_Source\\PSoC4\\CD_PM.c"
   1:.\Generated_Source\PSoC4/CD_PM.c **** /*******************************************************************************
   2:.\Generated_Source\PSoC4/CD_PM.c **** * File Name: CD.c  
   3:.\Generated_Source\PSoC4/CD_PM.c **** * Version 2.20
   4:.\Generated_Source\PSoC4/CD_PM.c **** *
   5:.\Generated_Source\PSoC4/CD_PM.c **** * Description:
   6:.\Generated_Source\PSoC4/CD_PM.c **** *  This file contains APIs to set up the Pins component for low power modes.
   7:.\Generated_Source\PSoC4/CD_PM.c **** *
   8:.\Generated_Source\PSoC4/CD_PM.c **** * Note:
   9:.\Generated_Source\PSoC4/CD_PM.c **** *
  10:.\Generated_Source\PSoC4/CD_PM.c **** ********************************************************************************
  11:.\Generated_Source\PSoC4/CD_PM.c **** * Copyright 2015, Cypress Semiconductor Corporation.  All rights reserved.
  12:.\Generated_Source\PSoC4/CD_PM.c **** * You may use this file only in accordance with the license, terms, conditions, 
  13:.\Generated_Source\PSoC4/CD_PM.c **** * disclaimers, and limitations in the end user license agreement accompanying 
  14:.\Generated_Source\PSoC4/CD_PM.c **** * the software package with which this file was provided.
  15:.\Generated_Source\PSoC4/CD_PM.c **** *******************************************************************************/
  16:.\Generated_Source\PSoC4/CD_PM.c **** 
  17:.\Generated_Source\PSoC4/CD_PM.c **** #include "cytypes.h"
  18:.\Generated_Source\PSoC4/CD_PM.c **** #include "CD.h"
  19:.\Generated_Source\PSoC4/CD_PM.c **** 
  20:.\Generated_Source\PSoC4/CD_PM.c **** static CD_BACKUP_STRUCT  CD_backup = {0u, 0u, 0u};
  21:.\Generated_Source\PSoC4/CD_PM.c **** 
  22:.\Generated_Source\PSoC4/CD_PM.c **** 
  23:.\Generated_Source\PSoC4/CD_PM.c **** /*******************************************************************************
  24:.\Generated_Source\PSoC4/CD_PM.c **** * Function Name: CD_Sleep
  25:.\Generated_Source\PSoC4/CD_PM.c **** ****************************************************************************//**
  26:.\Generated_Source\PSoC4/CD_PM.c **** *
  27:.\Generated_Source\PSoC4/CD_PM.c **** * \brief Stores the pin configuration and prepares the pin for entering chip 
  28:.\Generated_Source\PSoC4/CD_PM.c **** *  deep-sleep/hibernate modes. This function must be called for SIO and USBIO
  29:.\Generated_Source\PSoC4/CD_PM.c **** *  pins. It is not essential if using GPIO or GPIO_OVT pins.
  30:.\Generated_Source\PSoC4/CD_PM.c **** *
  31:.\Generated_Source\PSoC4/CD_PM.c **** * <b>Note</b> This function is available in PSoC 4 only.
  32:.\Generated_Source\PSoC4/CD_PM.c **** *
ARM GAS  C:\Users\Jarik\AppData\Local\Temp\cc0locF3.s 			page 2


  33:.\Generated_Source\PSoC4/CD_PM.c **** * \return 
  34:.\Generated_Source\PSoC4/CD_PM.c **** *  None 
  35:.\Generated_Source\PSoC4/CD_PM.c **** *  
  36:.\Generated_Source\PSoC4/CD_PM.c **** * \sideeffect
  37:.\Generated_Source\PSoC4/CD_PM.c **** *  For SIO pins, this function configures the pin input threshold to CMOS and
  38:.\Generated_Source\PSoC4/CD_PM.c **** *  drive level to Vddio. This is needed for SIO pins when in device 
  39:.\Generated_Source\PSoC4/CD_PM.c **** *  deep-sleep/hibernate modes.
  40:.\Generated_Source\PSoC4/CD_PM.c **** *
  41:.\Generated_Source\PSoC4/CD_PM.c **** * \funcusage
  42:.\Generated_Source\PSoC4/CD_PM.c **** *  \snippet CD_SUT.c usage_CD_Sleep_Wakeup
  43:.\Generated_Source\PSoC4/CD_PM.c **** *******************************************************************************/
  44:.\Generated_Source\PSoC4/CD_PM.c **** void CD_Sleep(void)
  45:.\Generated_Source\PSoC4/CD_PM.c **** {
  26              		.loc 1 45 0
  27              		.cfi_startproc
  46:.\Generated_Source\PSoC4/CD_PM.c ****     #if defined(CD__PC)
  47:.\Generated_Source\PSoC4/CD_PM.c ****         CD_backup.pcState = CD_PC;
  28              		.loc 1 47 0
  29 0000 024B     		ldr	r3, .L2
  48:.\Generated_Source\PSoC4/CD_PM.c ****     #else
  49:.\Generated_Source\PSoC4/CD_PM.c ****         #if (CY_PSOC4_4200L)
  50:.\Generated_Source\PSoC4/CD_PM.c ****             /* Save the regulator state and put the PHY into suspend mode */
  51:.\Generated_Source\PSoC4/CD_PM.c ****             CD_backup.usbState = CD_CR1_REG;
  52:.\Generated_Source\PSoC4/CD_PM.c ****             CD_USB_POWER_REG |= CD_USBIO_ENTER_SLEEP;
  53:.\Generated_Source\PSoC4/CD_PM.c ****             CD_CR1_REG &= CD_USBIO_CR1_OFF;
  54:.\Generated_Source\PSoC4/CD_PM.c ****         #endif
  55:.\Generated_Source\PSoC4/CD_PM.c ****     #endif
  56:.\Generated_Source\PSoC4/CD_PM.c ****     #if defined(CYIPBLOCK_m0s8ioss_VERSION) && defined(CD__SIO)
  57:.\Generated_Source\PSoC4/CD_PM.c ****         CD_backup.sioState = CD_SIO_REG;
  58:.\Generated_Source\PSoC4/CD_PM.c ****         /* SIO requires unregulated output buffer and single ended input buffer */
  59:.\Generated_Source\PSoC4/CD_PM.c ****         CD_SIO_REG &= (uint32)(~CD_SIO_LPM_MASK);
  60:.\Generated_Source\PSoC4/CD_PM.c ****     #endif  
  61:.\Generated_Source\PSoC4/CD_PM.c **** }
  30              		.loc 1 61 0
  31              		@ sp needed
  47:.\Generated_Source\PSoC4/CD_PM.c ****     #else
  32              		.loc 1 47 0
  33 0002 1A68     		ldr	r2, [r3]
  34 0004 024B     		ldr	r3, .L2+4
  35 0006 1A60     		str	r2, [r3]
  36              		.loc 1 61 0
  37 0008 7047     		bx	lr
  38              	.L3:
  39 000a C046     		.align	2
  40              	.L2:
  41 000c 08010440 		.word	1074004232
  42 0010 00000000 		.word	.LANCHOR0
  43              		.cfi_endproc
  44              	.LFE0:
  45              		.size	CD_Sleep, .-CD_Sleep
  46              		.section	.text.CD_Wakeup,"ax",%progbits
  47              		.align	1
  48              		.global	CD_Wakeup
  49              		.code	16
  50              		.thumb_func
  51              		.type	CD_Wakeup, %function
  52              	CD_Wakeup:
ARM GAS  C:\Users\Jarik\AppData\Local\Temp\cc0locF3.s 			page 3


  53              	.LFB1:
  62:.\Generated_Source\PSoC4/CD_PM.c **** 
  63:.\Generated_Source\PSoC4/CD_PM.c **** 
  64:.\Generated_Source\PSoC4/CD_PM.c **** /*******************************************************************************
  65:.\Generated_Source\PSoC4/CD_PM.c **** * Function Name: CD_Wakeup
  66:.\Generated_Source\PSoC4/CD_PM.c **** ****************************************************************************//**
  67:.\Generated_Source\PSoC4/CD_PM.c **** *
  68:.\Generated_Source\PSoC4/CD_PM.c **** * \brief Restores the pin configuration that was saved during Pin_Sleep().
  69:.\Generated_Source\PSoC4/CD_PM.c **** *
  70:.\Generated_Source\PSoC4/CD_PM.c **** * For USBIO pins, the wakeup is only triggered for falling edge interrupts.
  71:.\Generated_Source\PSoC4/CD_PM.c **** *
  72:.\Generated_Source\PSoC4/CD_PM.c **** * <b>Note</b> This function is available in PSoC 4 only.
  73:.\Generated_Source\PSoC4/CD_PM.c **** *
  74:.\Generated_Source\PSoC4/CD_PM.c **** * \return 
  75:.\Generated_Source\PSoC4/CD_PM.c **** *  None
  76:.\Generated_Source\PSoC4/CD_PM.c **** *  
  77:.\Generated_Source\PSoC4/CD_PM.c **** * \funcusage
  78:.\Generated_Source\PSoC4/CD_PM.c **** *  Refer to CD_Sleep() for an example usage.
  79:.\Generated_Source\PSoC4/CD_PM.c **** *******************************************************************************/
  80:.\Generated_Source\PSoC4/CD_PM.c **** void CD_Wakeup(void)
  81:.\Generated_Source\PSoC4/CD_PM.c **** {
  54              		.loc 1 81 0
  55              		.cfi_startproc
  82:.\Generated_Source\PSoC4/CD_PM.c ****     #if defined(CD__PC)
  83:.\Generated_Source\PSoC4/CD_PM.c ****         CD_PC = CD_backup.pcState;
  56              		.loc 1 83 0
  57 0000 024B     		ldr	r3, .L5
  84:.\Generated_Source\PSoC4/CD_PM.c ****     #else
  85:.\Generated_Source\PSoC4/CD_PM.c ****         #if (CY_PSOC4_4200L)
  86:.\Generated_Source\PSoC4/CD_PM.c ****             /* Restore the regulator state and come out of suspend mode */
  87:.\Generated_Source\PSoC4/CD_PM.c ****             CD_USB_POWER_REG &= CD_USBIO_EXIT_SLEEP_PH1;
  88:.\Generated_Source\PSoC4/CD_PM.c ****             CD_CR1_REG = CD_backup.usbState;
  89:.\Generated_Source\PSoC4/CD_PM.c ****             CD_USB_POWER_REG &= CD_USBIO_EXIT_SLEEP_PH2;
  90:.\Generated_Source\PSoC4/CD_PM.c ****         #endif
  91:.\Generated_Source\PSoC4/CD_PM.c ****     #endif
  92:.\Generated_Source\PSoC4/CD_PM.c ****     #if defined(CYIPBLOCK_m0s8ioss_VERSION) && defined(CD__SIO)
  93:.\Generated_Source\PSoC4/CD_PM.c ****         CD_SIO_REG = CD_backup.sioState;
  94:.\Generated_Source\PSoC4/CD_PM.c ****     #endif
  95:.\Generated_Source\PSoC4/CD_PM.c **** }
  58              		.loc 1 95 0
  59              		@ sp needed
  83:.\Generated_Source\PSoC4/CD_PM.c ****     #else
  60              		.loc 1 83 0
  61 0002 1A68     		ldr	r2, [r3]
  62 0004 024B     		ldr	r3, .L5+4
  63 0006 1A60     		str	r2, [r3]
  64              		.loc 1 95 0
  65 0008 7047     		bx	lr
  66              	.L6:
  67 000a C046     		.align	2
  68              	.L5:
  69 000c 00000000 		.word	.LANCHOR0
  70 0010 08010440 		.word	1074004232
  71              		.cfi_endproc
  72              	.LFE1:
  73              		.size	CD_Wakeup, .-CD_Wakeup
  74              		.bss
ARM GAS  C:\Users\Jarik\AppData\Local\Temp\cc0locF3.s 			page 4


  75              		.align	2
  76              		.set	.LANCHOR0,. + 0
  77              		.type	CD_backup, %object
  78              		.size	CD_backup, 12
  79              	CD_backup:
  80 0000 00000000 		.space	12
  80      00000000 
  80      00000000 
  81              		.text
  82              	.Letext0:
  83              		.file 2 ".\\Generated_Source\\PSoC4\\cytypes.h"
  84              		.file 3 ".\\Generated_Source\\PSoC4\\CD.h"
  85              		.section	.debug_info,"",%progbits
  86              	.Ldebug_info0:
  87 0000 05010000 		.4byte	0x105
  88 0004 0400     		.2byte	0x4
  89 0006 00000000 		.4byte	.Ldebug_abbrev0
  90 000a 04       		.byte	0x4
  91 000b 01       		.uleb128 0x1
  92 000c 06000000 		.4byte	.LASF20
  93 0010 01       		.byte	0x1
  94 0011 F7000000 		.4byte	.LASF21
  95 0015 8E010000 		.4byte	.LASF22
  96 0019 00000000 		.4byte	.Ldebug_ranges0+0
  97 001d 00000000 		.4byte	0
  98 0021 00000000 		.4byte	.Ldebug_line0
  99 0025 02       		.uleb128 0x2
 100 0026 01       		.byte	0x1
 101 0027 06       		.byte	0x6
 102 0028 C3010000 		.4byte	.LASF0
 103 002c 02       		.uleb128 0x2
 104 002d 01       		.byte	0x1
 105 002e 08       		.byte	0x8
 106 002f B4000000 		.4byte	.LASF1
 107 0033 02       		.uleb128 0x2
 108 0034 02       		.byte	0x2
 109 0035 05       		.byte	0x5
 110 0036 73010000 		.4byte	.LASF2
 111 003a 02       		.uleb128 0x2
 112 003b 02       		.byte	0x2
 113 003c 07       		.byte	0x7
 114 003d DD000000 		.4byte	.LASF3
 115 0041 02       		.uleb128 0x2
 116 0042 04       		.byte	0x4
 117 0043 05       		.byte	0x5
 118 0044 85010000 		.4byte	.LASF4
 119 0048 02       		.uleb128 0x2
 120 0049 04       		.byte	0x4
 121 004a 07       		.byte	0x7
 122 004b CB000000 		.4byte	.LASF5
 123 004f 02       		.uleb128 0x2
 124 0050 08       		.byte	0x8
 125 0051 05       		.byte	0x5
 126 0052 56010000 		.4byte	.LASF6
 127 0056 02       		.uleb128 0x2
 128 0057 08       		.byte	0x8
 129 0058 07       		.byte	0x7
ARM GAS  C:\Users\Jarik\AppData\Local\Temp\cc0locF3.s 			page 5


 130 0059 2C010000 		.4byte	.LASF7
 131 005d 03       		.uleb128 0x3
 132 005e 04       		.byte	0x4
 133 005f 05       		.byte	0x5
 134 0060 696E7400 		.ascii	"int\000"
 135 0064 02       		.uleb128 0x2
 136 0065 04       		.byte	0x4
 137 0066 07       		.byte	0x7
 138 0067 1F010000 		.4byte	.LASF8
 139 006b 04       		.uleb128 0x4
 140 006c 18010000 		.4byte	.LASF12
 141 0070 02       		.byte	0x2
 142 0071 3A01     		.2byte	0x13a
 143 0073 48000000 		.4byte	0x48
 144 0077 02       		.uleb128 0x2
 145 0078 04       		.byte	0x4
 146 0079 04       		.byte	0x4
 147 007a AE000000 		.4byte	.LASF9
 148 007e 02       		.uleb128 0x2
 149 007f 08       		.byte	0x8
 150 0080 04       		.byte	0x4
 151 0081 F0000000 		.4byte	.LASF10
 152 0085 02       		.uleb128 0x2
 153 0086 01       		.byte	0x1
 154 0087 08       		.byte	0x8
 155 0088 64010000 		.4byte	.LASF11
 156 008c 04       		.uleb128 0x4
 157 008d 00000000 		.4byte	.LASF13
 158 0091 02       		.byte	0x2
 159 0092 E401     		.2byte	0x1e4
 160 0094 98000000 		.4byte	0x98
 161 0098 05       		.uleb128 0x5
 162 0099 6B000000 		.4byte	0x6b
 163 009d 06       		.uleb128 0x6
 164 009e 0C       		.byte	0xc
 165 009f 03       		.byte	0x3
 166 00a0 21       		.byte	0x21
 167 00a1 CA000000 		.4byte	0xca
 168 00a5 07       		.uleb128 0x7
 169 00a6 7D010000 		.4byte	.LASF14
 170 00aa 03       		.byte	0x3
 171 00ab 23       		.byte	0x23
 172 00ac 6B000000 		.4byte	0x6b
 173 00b0 00       		.byte	0
 174 00b1 07       		.uleb128 0x7
 175 00b2 4D010000 		.4byte	.LASF15
 176 00b6 03       		.byte	0x3
 177 00b7 24       		.byte	0x24
 178 00b8 6B000000 		.4byte	0x6b
 179 00bc 04       		.byte	0x4
 180 00bd 07       		.uleb128 0x7
 181 00be 94000000 		.4byte	.LASF16
 182 00c2 03       		.byte	0x3
 183 00c3 25       		.byte	0x25
 184 00c4 6B000000 		.4byte	0x6b
 185 00c8 08       		.byte	0x8
 186 00c9 00       		.byte	0
ARM GAS  C:\Users\Jarik\AppData\Local\Temp\cc0locF3.s 			page 6


 187 00ca 08       		.uleb128 0x8
 188 00cb 9D000000 		.4byte	.LASF17
 189 00cf 03       		.byte	0x3
 190 00d0 26       		.byte	0x26
 191 00d1 9D000000 		.4byte	0x9d
 192 00d5 09       		.uleb128 0x9
 193 00d6 C2000000 		.4byte	.LASF18
 194 00da 01       		.byte	0x1
 195 00db 2C       		.byte	0x2c
 196 00dc 00000000 		.4byte	.LFB0
 197 00e0 14000000 		.4byte	.LFE0-.LFB0
 198 00e4 01       		.uleb128 0x1
 199 00e5 9C       		.byte	0x9c
 200 00e6 09       		.uleb128 0x9
 201 00e7 69010000 		.4byte	.LASF19
 202 00eb 01       		.byte	0x1
 203 00ec 50       		.byte	0x50
 204 00ed 00000000 		.4byte	.LFB1
 205 00f1 14000000 		.4byte	.LFE1-.LFB1
 206 00f5 01       		.uleb128 0x1
 207 00f6 9C       		.byte	0x9c
 208 00f7 0A       		.uleb128 0xa
 209 00f8 43010000 		.4byte	.LASF23
 210 00fc 01       		.byte	0x1
 211 00fd 14       		.byte	0x14
 212 00fe CA000000 		.4byte	0xca
 213 0102 05       		.uleb128 0x5
 214 0103 03       		.byte	0x3
 215 0104 00000000 		.4byte	CD_backup
 216 0108 00       		.byte	0
 217              		.section	.debug_abbrev,"",%progbits
 218              	.Ldebug_abbrev0:
 219 0000 01       		.uleb128 0x1
 220 0001 11       		.uleb128 0x11
 221 0002 01       		.byte	0x1
 222 0003 25       		.uleb128 0x25
 223 0004 0E       		.uleb128 0xe
 224 0005 13       		.uleb128 0x13
 225 0006 0B       		.uleb128 0xb
 226 0007 03       		.uleb128 0x3
 227 0008 0E       		.uleb128 0xe
 228 0009 1B       		.uleb128 0x1b
 229 000a 0E       		.uleb128 0xe
 230 000b 55       		.uleb128 0x55
 231 000c 17       		.uleb128 0x17
 232 000d 11       		.uleb128 0x11
 233 000e 01       		.uleb128 0x1
 234 000f 10       		.uleb128 0x10
 235 0010 17       		.uleb128 0x17
 236 0011 00       		.byte	0
 237 0012 00       		.byte	0
 238 0013 02       		.uleb128 0x2
 239 0014 24       		.uleb128 0x24
 240 0015 00       		.byte	0
 241 0016 0B       		.uleb128 0xb
 242 0017 0B       		.uleb128 0xb
 243 0018 3E       		.uleb128 0x3e
ARM GAS  C:\Users\Jarik\AppData\Local\Temp\cc0locF3.s 			page 7


 244 0019 0B       		.uleb128 0xb
 245 001a 03       		.uleb128 0x3
 246 001b 0E       		.uleb128 0xe
 247 001c 00       		.byte	0
 248 001d 00       		.byte	0
 249 001e 03       		.uleb128 0x3
 250 001f 24       		.uleb128 0x24
 251 0020 00       		.byte	0
 252 0021 0B       		.uleb128 0xb
 253 0022 0B       		.uleb128 0xb
 254 0023 3E       		.uleb128 0x3e
 255 0024 0B       		.uleb128 0xb
 256 0025 03       		.uleb128 0x3
 257 0026 08       		.uleb128 0x8
 258 0027 00       		.byte	0
 259 0028 00       		.byte	0
 260 0029 04       		.uleb128 0x4
 261 002a 16       		.uleb128 0x16
 262 002b 00       		.byte	0
 263 002c 03       		.uleb128 0x3
 264 002d 0E       		.uleb128 0xe
 265 002e 3A       		.uleb128 0x3a
 266 002f 0B       		.uleb128 0xb
 267 0030 3B       		.uleb128 0x3b
 268 0031 05       		.uleb128 0x5
 269 0032 49       		.uleb128 0x49
 270 0033 13       		.uleb128 0x13
 271 0034 00       		.byte	0
 272 0035 00       		.byte	0
 273 0036 05       		.uleb128 0x5
 274 0037 35       		.uleb128 0x35
 275 0038 00       		.byte	0
 276 0039 49       		.uleb128 0x49
 277 003a 13       		.uleb128 0x13
 278 003b 00       		.byte	0
 279 003c 00       		.byte	0
 280 003d 06       		.uleb128 0x6
 281 003e 13       		.uleb128 0x13
 282 003f 01       		.byte	0x1
 283 0040 0B       		.uleb128 0xb
 284 0041 0B       		.uleb128 0xb
 285 0042 3A       		.uleb128 0x3a
 286 0043 0B       		.uleb128 0xb
 287 0044 3B       		.uleb128 0x3b
 288 0045 0B       		.uleb128 0xb
 289 0046 01       		.uleb128 0x1
 290 0047 13       		.uleb128 0x13
 291 0048 00       		.byte	0
 292 0049 00       		.byte	0
 293 004a 07       		.uleb128 0x7
 294 004b 0D       		.uleb128 0xd
 295 004c 00       		.byte	0
 296 004d 03       		.uleb128 0x3
 297 004e 0E       		.uleb128 0xe
 298 004f 3A       		.uleb128 0x3a
 299 0050 0B       		.uleb128 0xb
 300 0051 3B       		.uleb128 0x3b
ARM GAS  C:\Users\Jarik\AppData\Local\Temp\cc0locF3.s 			page 8


 301 0052 0B       		.uleb128 0xb
 302 0053 49       		.uleb128 0x49
 303 0054 13       		.uleb128 0x13
 304 0055 38       		.uleb128 0x38
 305 0056 0B       		.uleb128 0xb
 306 0057 00       		.byte	0
 307 0058 00       		.byte	0
 308 0059 08       		.uleb128 0x8
 309 005a 16       		.uleb128 0x16
 310 005b 00       		.byte	0
 311 005c 03       		.uleb128 0x3
 312 005d 0E       		.uleb128 0xe
 313 005e 3A       		.uleb128 0x3a
 314 005f 0B       		.uleb128 0xb
 315 0060 3B       		.uleb128 0x3b
 316 0061 0B       		.uleb128 0xb
 317 0062 49       		.uleb128 0x49
 318 0063 13       		.uleb128 0x13
 319 0064 00       		.byte	0
 320 0065 00       		.byte	0
 321 0066 09       		.uleb128 0x9
 322 0067 2E       		.uleb128 0x2e
 323 0068 00       		.byte	0
 324 0069 3F       		.uleb128 0x3f
 325 006a 19       		.uleb128 0x19
 326 006b 03       		.uleb128 0x3
 327 006c 0E       		.uleb128 0xe
 328 006d 3A       		.uleb128 0x3a
 329 006e 0B       		.uleb128 0xb
 330 006f 3B       		.uleb128 0x3b
 331 0070 0B       		.uleb128 0xb
 332 0071 27       		.uleb128 0x27
 333 0072 19       		.uleb128 0x19
 334 0073 11       		.uleb128 0x11
 335 0074 01       		.uleb128 0x1
 336 0075 12       		.uleb128 0x12
 337 0076 06       		.uleb128 0x6
 338 0077 40       		.uleb128 0x40
 339 0078 18       		.uleb128 0x18
 340 0079 9742     		.uleb128 0x2117
 341 007b 19       		.uleb128 0x19
 342 007c 00       		.byte	0
 343 007d 00       		.byte	0
 344 007e 0A       		.uleb128 0xa
 345 007f 34       		.uleb128 0x34
 346 0080 00       		.byte	0
 347 0081 03       		.uleb128 0x3
 348 0082 0E       		.uleb128 0xe
 349 0083 3A       		.uleb128 0x3a
 350 0084 0B       		.uleb128 0xb
 351 0085 3B       		.uleb128 0x3b
 352 0086 0B       		.uleb128 0xb
 353 0087 49       		.uleb128 0x49
 354 0088 13       		.uleb128 0x13
 355 0089 02       		.uleb128 0x2
 356 008a 18       		.uleb128 0x18
 357 008b 00       		.byte	0
ARM GAS  C:\Users\Jarik\AppData\Local\Temp\cc0locF3.s 			page 9


 358 008c 00       		.byte	0
 359 008d 00       		.byte	0
 360              		.section	.debug_aranges,"",%progbits
 361 0000 24000000 		.4byte	0x24
 362 0004 0200     		.2byte	0x2
 363 0006 00000000 		.4byte	.Ldebug_info0
 364 000a 04       		.byte	0x4
 365 000b 00       		.byte	0
 366 000c 0000     		.2byte	0
 367 000e 0000     		.2byte	0
 368 0010 00000000 		.4byte	.LFB0
 369 0014 14000000 		.4byte	.LFE0-.LFB0
 370 0018 00000000 		.4byte	.LFB1
 371 001c 14000000 		.4byte	.LFE1-.LFB1
 372 0020 00000000 		.4byte	0
 373 0024 00000000 		.4byte	0
 374              		.section	.debug_ranges,"",%progbits
 375              	.Ldebug_ranges0:
 376 0000 00000000 		.4byte	.LFB0
 377 0004 14000000 		.4byte	.LFE0
 378 0008 00000000 		.4byte	.LFB1
 379 000c 14000000 		.4byte	.LFE1
 380 0010 00000000 		.4byte	0
 381 0014 00000000 		.4byte	0
 382              		.section	.debug_line,"",%progbits
 383              	.Ldebug_line0:
 384 0000 85000000 		.section	.debug_str,"MS",%progbits,1
 384      02004C00 
 384      00000201 
 384      FB0E0D00 
 384      01010101 
 385              	.LASF13:
 386 0000 72656733 		.ascii	"reg32\000"
 386      3200
 387              	.LASF20:
 388 0006 474E5520 		.ascii	"GNU C 4.9.3 20150303 (release) [ARM/embedded-4_9-br"
 388      4320342E 
 388      392E3320 
 388      32303135 
 388      30333033 
 389 0039 616E6368 		.ascii	"anch revision 221220] -mcpu=cortex-m0 -mthumb -g -O"
 389      20726576 
 389      6973696F 
 389      6E203232 
 389      31323230 
 390 006c 73202D66 		.ascii	"s -ffunction-sections -ffat-lto-objects\000"
 390      66756E63 
 390      74696F6E 
 390      2D736563 
 390      74696F6E 
 391              	.LASF16:
 392 0094 75736253 		.ascii	"usbState\000"
 392      74617465 
 392      00
 393              	.LASF17:
 394 009d 43445F42 		.ascii	"CD_BACKUP_STRUCT\000"
 394      41434B55 
ARM GAS  C:\Users\Jarik\AppData\Local\Temp\cc0locF3.s 			page 10


 394      505F5354 
 394      52554354 
 394      00
 395              	.LASF9:
 396 00ae 666C6F61 		.ascii	"float\000"
 396      7400
 397              	.LASF1:
 398 00b4 756E7369 		.ascii	"unsigned char\000"
 398      676E6564 
 398      20636861 
 398      7200
 399              	.LASF18:
 400 00c2 43445F53 		.ascii	"CD_Sleep\000"
 400      6C656570 
 400      00
 401              	.LASF5:
 402 00cb 6C6F6E67 		.ascii	"long unsigned int\000"
 402      20756E73 
 402      69676E65 
 402      6420696E 
 402      7400
 403              	.LASF3:
 404 00dd 73686F72 		.ascii	"short unsigned int\000"
 404      7420756E 
 404      7369676E 
 404      65642069 
 404      6E7400
 405              	.LASF10:
 406 00f0 646F7562 		.ascii	"double\000"
 406      6C6500
 407              	.LASF21:
 408 00f7 2E5C4765 		.ascii	".\\Generated_Source\\PSoC4\\CD_PM.c\000"
 408      6E657261 
 408      7465645F 
 408      536F7572 
 408      63655C50 
 409              	.LASF12:
 410 0118 75696E74 		.ascii	"uint32\000"
 410      333200
 411              	.LASF8:
 412 011f 756E7369 		.ascii	"unsigned int\000"
 412      676E6564 
 412      20696E74 
 412      00
 413              	.LASF7:
 414 012c 6C6F6E67 		.ascii	"long long unsigned int\000"
 414      206C6F6E 
 414      6720756E 
 414      7369676E 
 414      65642069 
 415              	.LASF23:
 416 0143 43445F62 		.ascii	"CD_backup\000"
 416      61636B75 
 416      7000
 417              	.LASF15:
 418 014d 73696F53 		.ascii	"sioState\000"
 418      74617465 
ARM GAS  C:\Users\Jarik\AppData\Local\Temp\cc0locF3.s 			page 11


 418      00
 419              	.LASF6:
 420 0156 6C6F6E67 		.ascii	"long long int\000"
 420      206C6F6E 
 420      6720696E 
 420      7400
 421              	.LASF11:
 422 0164 63686172 		.ascii	"char\000"
 422      00
 423              	.LASF19:
 424 0169 43445F57 		.ascii	"CD_Wakeup\000"
 424      616B6575 
 424      7000
 425              	.LASF2:
 426 0173 73686F72 		.ascii	"short int\000"
 426      7420696E 
 426      7400
 427              	.LASF14:
 428 017d 70635374 		.ascii	"pcState\000"
 428      61746500 
 429              	.LASF4:
 430 0185 6C6F6E67 		.ascii	"long int\000"
 430      20696E74 
 430      00
 431              	.LASF22:
 432 018e 453A5C68 		.ascii	"E:\\home\\jarik\\src\\psoc\\mpi_rom_emu\\mpi_rom_em"
 432      6F6D655C 
 432      6A617269 
 432      6B5C7372 
 432      635C7073 
 433 01bb 752E6379 		.ascii	"u.cydsn\000"
 433      64736E00 
 434              	.LASF0:
 435 01c3 7369676E 		.ascii	"signed char\000"
 435      65642063 
 435      68617200 
 436              		.ident	"GCC: (GNU Tools for ARM Embedded Processors) 4.9.3 20150303 (release) [ARM/embedded-4_9-br
