ARM GAS  C:\Users\Jarik\AppData\Local\Temp\ccqt7Jbj.s 			page 1


   1              		.cpu cortex-m0
   2              		.fpu softvfp
   3              		.eabi_attribute 20, 1
   4              		.eabi_attribute 21, 1
   5              		.eabi_attribute 23, 3
   6              		.eabi_attribute 24, 1
   7              		.eabi_attribute 25, 1
   8              		.eabi_attribute 26, 1
   9              		.eabi_attribute 30, 4
  10              		.eabi_attribute 34, 0
  11              		.eabi_attribute 18, 4
  12              		.code	16
  13              		.file	"cyPm.c"
  14              		.text
  15              	.Ltext0:
  16              		.cfi_sections	.debug_frame
  17              		.section	.text.CySysPmSleep,"ax",%progbits
  18              		.align	1
  19              		.global	CySysPmSleep
  20              		.code	16
  21              		.thumb_func
  22              		.type	CySysPmSleep, %function
  23              	CySysPmSleep:
  24              	.LFB0:
  25              		.file 1 ".\\Generated_Source\\PSoC4\\cyPm.c"
   1:.\Generated_Source\PSoC4/cyPm.c **** /*******************************************************************************
   2:.\Generated_Source\PSoC4/cyPm.c **** * File Name: cyPm.c
   3:.\Generated_Source\PSoC4/cyPm.c **** * Version 5.30
   4:.\Generated_Source\PSoC4/cyPm.c **** *
   5:.\Generated_Source\PSoC4/cyPm.c **** *  Description:
   6:.\Generated_Source\PSoC4/cyPm.c **** *   Provides an API for the power management.
   7:.\Generated_Source\PSoC4/cyPm.c **** *
   8:.\Generated_Source\PSoC4/cyPm.c **** *  Note:
   9:.\Generated_Source\PSoC4/cyPm.c **** *   Documentation of the API's in this file is located in the
  10:.\Generated_Source\PSoC4/cyPm.c **** *   System Reference Guide provided with PSoC Creator.
  11:.\Generated_Source\PSoC4/cyPm.c **** *
  12:.\Generated_Source\PSoC4/cyPm.c **** ********************************************************************************
  13:.\Generated_Source\PSoC4/cyPm.c **** * Copyright 2011-2015, Cypress Semiconductor Corporation.  All rights reserved.
  14:.\Generated_Source\PSoC4/cyPm.c **** * You may use this file only in accordance with the license, terms, conditions,
  15:.\Generated_Source\PSoC4/cyPm.c **** * disclaimers, and limitations in the end user license agreement accompanying
  16:.\Generated_Source\PSoC4/cyPm.c **** * the software package with which this file was provided.
  17:.\Generated_Source\PSoC4/cyPm.c **** *******************************************************************************/
  18:.\Generated_Source\PSoC4/cyPm.c **** 
  19:.\Generated_Source\PSoC4/cyPm.c **** #include "cyPm.h"
  20:.\Generated_Source\PSoC4/cyPm.c **** #include "CyLib.h"
  21:.\Generated_Source\PSoC4/cyPm.c **** 
  22:.\Generated_Source\PSoC4/cyPm.c **** 
  23:.\Generated_Source\PSoC4/cyPm.c **** /*******************************************************************************
  24:.\Generated_Source\PSoC4/cyPm.c **** * Function Name: CySysPmSleep
  25:.\Generated_Source\PSoC4/cyPm.c **** ********************************************************************************
  26:.\Generated_Source\PSoC4/cyPm.c **** *
  27:.\Generated_Source\PSoC4/cyPm.c **** * Summary:
  28:.\Generated_Source\PSoC4/cyPm.c **** *  Puts the part into the Sleep state. This is a CPU-centric power mode.
  29:.\Generated_Source\PSoC4/cyPm.c **** *  It means that the CPU has indicated that it is in the sleep mode and
  30:.\Generated_Source\PSoC4/cyPm.c **** *  its main clock can be removed. It is identical to Active from a peripheral
  31:.\Generated_Source\PSoC4/cyPm.c **** *  point of view. Any enabled interrupts can cause wakeup from the  Sleep mode.
  32:.\Generated_Source\PSoC4/cyPm.c **** *
ARM GAS  C:\Users\Jarik\AppData\Local\Temp\ccqt7Jbj.s 			page 2


  33:.\Generated_Source\PSoC4/cyPm.c **** * Parameters:
  34:.\Generated_Source\PSoC4/cyPm.c **** *  None
  35:.\Generated_Source\PSoC4/cyPm.c **** *
  36:.\Generated_Source\PSoC4/cyPm.c **** * Return:
  37:.\Generated_Source\PSoC4/cyPm.c **** *  None
  38:.\Generated_Source\PSoC4/cyPm.c **** *
  39:.\Generated_Source\PSoC4/cyPm.c **** *******************************************************************************/
  40:.\Generated_Source\PSoC4/cyPm.c **** void CySysPmSleep(void)
  41:.\Generated_Source\PSoC4/cyPm.c **** {
  26              		.loc 1 41 0
  27              		.cfi_startproc
  28 0000 08B5     		push	{r3, lr}
  29              		.cfi_def_cfa_offset 8
  30              		.cfi_offset 3, -8
  31              		.cfi_offset 14, -4
  42:.\Generated_Source\PSoC4/cyPm.c ****     uint8 interruptState;
  43:.\Generated_Source\PSoC4/cyPm.c **** 
  44:.\Generated_Source\PSoC4/cyPm.c ****     interruptState = CyEnterCriticalSection();
  32              		.loc 1 44 0
  33 0002 FFF7FEFF 		bl	CyEnterCriticalSection
  34              	.LVL0:
  45:.\Generated_Source\PSoC4/cyPm.c **** 
  46:.\Generated_Source\PSoC4/cyPm.c ****     /* CM0 enters Sleep mode upon execution of WFI */
  47:.\Generated_Source\PSoC4/cyPm.c ****     CY_PM_CM0_SCR_REG &= (uint32) (~CY_PM_CM0_SCR_SLEEPDEEP);
  35              		.loc 1 47 0
  36 0006 0421     		mov	r1, #4
  37 0008 034A     		ldr	r2, .L2
  38 000a 1368     		ldr	r3, [r2]
  39 000c 8B43     		bic	r3, r1
  40 000e 1360     		str	r3, [r2]
  48:.\Generated_Source\PSoC4/cyPm.c **** 
  49:.\Generated_Source\PSoC4/cyPm.c ****     /* Sleep and wait for interrupt */
  50:.\Generated_Source\PSoC4/cyPm.c ****     CY_PM_WFI;
  41              		.loc 1 50 0
  42              	@ 50 ".\Generated_Source\PSoC4\cyPm.c" 1
  43 0010 30BF     		WFI 
  44              	
  45              	@ 0 "" 2
  51:.\Generated_Source\PSoC4/cyPm.c **** 
  52:.\Generated_Source\PSoC4/cyPm.c ****     CyExitCriticalSection(interruptState);
  46              		.loc 1 52 0
  47              		.code	16
  48 0012 FFF7FEFF 		bl	CyExitCriticalSection
  49              	.LVL1:
  53:.\Generated_Source\PSoC4/cyPm.c **** }
  50              		.loc 1 53 0
  51              		@ sp needed
  52 0016 08BD     		pop	{r3, pc}
  53              	.L3:
  54              		.align	2
  55              	.L2:
  56 0018 10ED00E0 		.word	-536810224
  57              		.cfi_endproc
  58              	.LFE0:
  59              		.size	CySysPmSleep, .-CySysPmSleep
  60              		.section	.text.CySysPmDeepSleep,"ax",%progbits
  61              		.align	1
ARM GAS  C:\Users\Jarik\AppData\Local\Temp\ccqt7Jbj.s 			page 3


  62              		.global	CySysPmDeepSleep
  63              		.code	16
  64              		.thumb_func
  65              		.type	CySysPmDeepSleep, %function
  66              	CySysPmDeepSleep:
  67              	.LFB1:
  54:.\Generated_Source\PSoC4/cyPm.c **** 
  55:.\Generated_Source\PSoC4/cyPm.c **** 
  56:.\Generated_Source\PSoC4/cyPm.c **** /*******************************************************************************
  57:.\Generated_Source\PSoC4/cyPm.c **** * Function Name: CySysPmDeepSleep
  58:.\Generated_Source\PSoC4/cyPm.c **** ********************************************************************************
  59:.\Generated_Source\PSoC4/cyPm.c **** *
  60:.\Generated_Source\PSoC4/cyPm.c **** * Summary:
  61:.\Generated_Source\PSoC4/cyPm.c **** *  Puts the part into the Deep Sleep state. If the firmware attempts to enter
  62:.\Generated_Source\PSoC4/cyPm.c **** *  this mode before the system is ready (that is, when
  63:.\Generated_Source\PSoC4/cyPm.c **** *  PWR_CONTROL.LPM_READY = 0), then the device will go into the Sleep mode
  64:.\Generated_Source\PSoC4/cyPm.c **** *  instead and automatically enter the originally intended mode when the
  65:.\Generated_Source\PSoC4/cyPm.c **** *  holdoff expires.
  66:.\Generated_Source\PSoC4/cyPm.c **** *
  67:.\Generated_Source\PSoC4/cyPm.c **** *  The wakeup occurs when an interrupt is received from a DeepSleep or
  68:.\Generated_Source\PSoC4/cyPm.c **** *  Hibernate peripheral. For more details, see a corresponding
  69:.\Generated_Source\PSoC4/cyPm.c **** *  peripheral's datasheet.
  70:.\Generated_Source\PSoC4/cyPm.c **** *
  71:.\Generated_Source\PSoC4/cyPm.c **** * Parameters:
  72:.\Generated_Source\PSoC4/cyPm.c **** *  None
  73:.\Generated_Source\PSoC4/cyPm.c **** *
  74:.\Generated_Source\PSoC4/cyPm.c **** * Return:
  75:.\Generated_Source\PSoC4/cyPm.c **** *  None
  76:.\Generated_Source\PSoC4/cyPm.c **** *
  77:.\Generated_Source\PSoC4/cyPm.c **** *******************************************************************************/
  78:.\Generated_Source\PSoC4/cyPm.c **** void CySysPmDeepSleep(void)
  79:.\Generated_Source\PSoC4/cyPm.c **** {
  68              		.loc 1 79 0
  69              		.cfi_startproc
  70 0000 F7B5     		push	{r0, r1, r2, r4, r5, r6, r7, lr}
  71              		.cfi_def_cfa_offset 32
  72              		.cfi_offset 0, -32
  73              		.cfi_offset 1, -28
  74              		.cfi_offset 2, -24
  75              		.cfi_offset 4, -20
  76              		.cfi_offset 5, -16
  77              		.cfi_offset 6, -12
  78              		.cfi_offset 7, -8
  79              		.cfi_offset 14, -4
  80:.\Generated_Source\PSoC4/cyPm.c ****     uint8 interruptState;
  81:.\Generated_Source\PSoC4/cyPm.c ****     #if(CY_IP_SRSSV2)
  82:.\Generated_Source\PSoC4/cyPm.c ****         volatile uint32 clkSelectReg;
  83:.\Generated_Source\PSoC4/cyPm.c ****     #endif /* (CY_IP_SRSSV2) */
  84:.\Generated_Source\PSoC4/cyPm.c **** 
  85:.\Generated_Source\PSoC4/cyPm.c ****     interruptState = CyEnterCriticalSection();
  86:.\Generated_Source\PSoC4/cyPm.c **** 
  87:.\Generated_Source\PSoC4/cyPm.c ****     #if(CY_IP_SRSSV2)
  88:.\Generated_Source\PSoC4/cyPm.c ****         /* Device enters DeepSleep mode when CPU asserts SLEEPDEEP signal */
  89:.\Generated_Source\PSoC4/cyPm.c ****         CY_PM_PWR_CONTROL_REG &= (uint32) (~CY_PM_PWR_CONTROL_HIBERNATE);
  90:.\Generated_Source\PSoC4/cyPm.c ****     #endif /* (CY_IP_SRSSV2) */
  91:.\Generated_Source\PSoC4/cyPm.c **** 
  92:.\Generated_Source\PSoC4/cyPm.c ****     #if (CY_IP_CPUSS && CY_IP_SRSSV2)
ARM GAS  C:\Users\Jarik\AppData\Local\Temp\ccqt7Jbj.s 			page 4


  93:.\Generated_Source\PSoC4/cyPm.c ****         CY_PM_CPUSS_CONFIG_REG |= CY_PM_CPUSS_CONFIG_FLSH_ACC_BYPASS;
  80              		.loc 1 93 0
  81 0002 8025     		mov	r5, #128
  82 0004 0226     		mov	r6, #2
  85:.\Generated_Source\PSoC4/cyPm.c **** 
  83              		.loc 1 85 0
  84 0006 FFF7FEFF 		bl	CyEnterCriticalSection
  85              	.LVL2:
  94:.\Generated_Source\PSoC4/cyPm.c ****     #endif /* (CY_IP_CPUSS && CY_IP_SRSSV2) */
  95:.\Generated_Source\PSoC4/cyPm.c **** 
  96:.\Generated_Source\PSoC4/cyPm.c ****     /* Adjust delay to wait for references to settle on wakeup from Deep Sleep */
  97:.\Generated_Source\PSoC4/cyPm.c ****     CY_PM_PWR_KEY_DELAY_REG = CY_SFLASH_DPSLP_KEY_DELAY_REG;
  98:.\Generated_Source\PSoC4/cyPm.c **** 
  99:.\Generated_Source\PSoC4/cyPm.c ****     /* CM0 enters DeepSleep/Hibernate mode upon execution of WFI */
 100:.\Generated_Source\PSoC4/cyPm.c ****     CY_PM_CM0_SCR_REG |= CY_PM_CM0_SCR_SLEEPDEEP;
  86              		.loc 1 100 0
  87 000a 0421     		mov	r1, #4
  89:.\Generated_Source\PSoC4/cyPm.c ****     #endif /* (CY_IP_SRSSV2) */
  88              		.loc 1 89 0
  89 000c 114A     		ldr	r2, .L5
  93:.\Generated_Source\PSoC4/cyPm.c ****     #endif /* (CY_IP_CPUSS && CY_IP_SRSSV2) */
  90              		.loc 1 93 0
  91 000e ED05     		lsl	r5, r5, #23
  89:.\Generated_Source\PSoC4/cyPm.c ****     #endif /* (CY_IP_SRSSV2) */
  92              		.loc 1 89 0
  93 0010 1368     		ldr	r3, [r2]
 101:.\Generated_Source\PSoC4/cyPm.c **** 
 102:.\Generated_Source\PSoC4/cyPm.c ****     #if(CY_IP_SRSSV2)
 103:.\Generated_Source\PSoC4/cyPm.c ****         /* Preserve system clock configuration and
 104:.\Generated_Source\PSoC4/cyPm.c ****         * reduce sysclk to <=12 MHz (Cypress ID #158710, #179888).
 105:.\Generated_Source\PSoC4/cyPm.c ****         */
 106:.\Generated_Source\PSoC4/cyPm.c ****         clkSelectReg = CY_SYS_CLK_SELECT_REG;
  94              		.loc 1 106 0
  95 0012 114F     		ldr	r7, .L5+4
  89:.\Generated_Source\PSoC4/cyPm.c ****     #endif /* (CY_IP_SRSSV2) */
  96              		.loc 1 89 0
  97 0014 5B00     		lsl	r3, r3, #1
  98 0016 5B08     		lsr	r3, r3, #1
  99 0018 1360     		str	r3, [r2]
  93:.\Generated_Source\PSoC4/cyPm.c ****     #endif /* (CY_IP_CPUSS && CY_IP_SRSSV2) */
 100              		.loc 1 93 0
 101 001a 2B68     		ldr	r3, [r5]
  97:.\Generated_Source\PSoC4/cyPm.c **** 
 102              		.loc 1 97 0
 103 001c 0F4A     		ldr	r2, .L5+8
  93:.\Generated_Source\PSoC4/cyPm.c ****     #endif /* (CY_IP_CPUSS && CY_IP_SRSSV2) */
 104              		.loc 1 93 0
 105 001e 3343     		orr	r3, r6
 106 0020 2B60     		str	r3, [r5]
  97:.\Generated_Source\PSoC4/cyPm.c **** 
 107              		.loc 1 97 0
 108 0022 0F4B     		ldr	r3, .L5+12
  85:.\Generated_Source\PSoC4/cyPm.c **** 
 109              		.loc 1 85 0
 110 0024 041C     		mov	r4, r0
 111              	.LVL3:
  97:.\Generated_Source\PSoC4/cyPm.c **** 
ARM GAS  C:\Users\Jarik\AppData\Local\Temp\ccqt7Jbj.s 			page 5


 112              		.loc 1 97 0
 113 0026 1B88     		ldrh	r3, [r3]
 107:.\Generated_Source\PSoC4/cyPm.c ****         CySysClkWriteSysclkDiv(CY_SYS_CLK_SYSCLK_DIV4);
 114              		.loc 1 107 0
 115 0028 301C     		mov	r0, r6
  97:.\Generated_Source\PSoC4/cyPm.c **** 
 116              		.loc 1 97 0
 117 002a 9BB2     		uxth	r3, r3
 118 002c 1360     		str	r3, [r2]
 100:.\Generated_Source\PSoC4/cyPm.c **** 
 119              		.loc 1 100 0
 120 002e 0D4A     		ldr	r2, .L5+16
 121 0030 1368     		ldr	r3, [r2]
 122 0032 0B43     		orr	r3, r1
 123 0034 1360     		str	r3, [r2]
 106:.\Generated_Source\PSoC4/cyPm.c ****         CySysClkWriteSysclkDiv(CY_SYS_CLK_SYSCLK_DIV4);
 124              		.loc 1 106 0
 125 0036 3B68     		ldr	r3, [r7]
 126 0038 0193     		str	r3, [sp, #4]
 127              		.loc 1 107 0
 128 003a FFF7FEFF 		bl	CySysClkWriteSysclkDiv
 129              	.LVL4:
 108:.\Generated_Source\PSoC4/cyPm.c ****     #endif /* (CY_IP_SRSSV2) */
 109:.\Generated_Source\PSoC4/cyPm.c **** 
 110:.\Generated_Source\PSoC4/cyPm.c ****     /* Sleep and wait for interrupt */
 111:.\Generated_Source\PSoC4/cyPm.c ****     CY_PM_WFI;
 130              		.loc 1 111 0
 131              	@ 111 ".\Generated_Source\PSoC4\cyPm.c" 1
 132 003e 30BF     		WFI 
 133              	
 134              	@ 0 "" 2
 112:.\Generated_Source\PSoC4/cyPm.c **** 
 113:.\Generated_Source\PSoC4/cyPm.c ****     #if(CY_IP_SRSSV2)
 114:.\Generated_Source\PSoC4/cyPm.c ****         /* Restore system clock configuration */
 115:.\Generated_Source\PSoC4/cyPm.c ****         CY_SYS_CLK_SELECT_REG = clkSelectReg;
 135              		.loc 1 115 0
 136              		.code	16
 137 0040 019B     		ldr	r3, [sp, #4]
 116:.\Generated_Source\PSoC4/cyPm.c ****     #endif /* (CY_IP_SRSSV2) */
 117:.\Generated_Source\PSoC4/cyPm.c **** 
 118:.\Generated_Source\PSoC4/cyPm.c ****     #if (CY_IP_CPUSS && CY_IP_SRSSV2)
 119:.\Generated_Source\PSoC4/cyPm.c ****         CY_PM_CPUSS_CONFIG_REG &= (uint32) (~CY_PM_CPUSS_CONFIG_FLSH_ACC_BYPASS);
 120:.\Generated_Source\PSoC4/cyPm.c ****     #endif /* (CY_IP_CPUSS && CY_IP_SRSSV2) */
 121:.\Generated_Source\PSoC4/cyPm.c **** 
 122:.\Generated_Source\PSoC4/cyPm.c ****     CyExitCriticalSection(interruptState);
 138              		.loc 1 122 0
 139 0042 201C     		mov	r0, r4
 115:.\Generated_Source\PSoC4/cyPm.c ****     #endif /* (CY_IP_SRSSV2) */
 140              		.loc 1 115 0
 141 0044 3B60     		str	r3, [r7]
 119:.\Generated_Source\PSoC4/cyPm.c ****     #endif /* (CY_IP_CPUSS && CY_IP_SRSSV2) */
 142              		.loc 1 119 0
 143 0046 2B68     		ldr	r3, [r5]
 123:.\Generated_Source\PSoC4/cyPm.c **** }
 144              		.loc 1 123 0
 145              		@ sp needed
 119:.\Generated_Source\PSoC4/cyPm.c ****     #endif /* (CY_IP_CPUSS && CY_IP_SRSSV2) */
ARM GAS  C:\Users\Jarik\AppData\Local\Temp\ccqt7Jbj.s 			page 6


 146              		.loc 1 119 0
 147 0048 B343     		bic	r3, r6
 148 004a 2B60     		str	r3, [r5]
 122:.\Generated_Source\PSoC4/cyPm.c **** }
 149              		.loc 1 122 0
 150 004c FFF7FEFF 		bl	CyExitCriticalSection
 151              	.LVL5:
 152              	.LVL6:
 153              		.loc 1 123 0
 154 0050 F7BD     		pop	{r0, r1, r2, r4, r5, r6, r7, pc}
 155              	.L6:
 156 0052 C046     		.align	2
 157              	.L5:
 158 0054 00000B40 		.word	1074462720
 159 0058 00010B40 		.word	1074462976
 160 005c 0C000B40 		.word	1074462732
 161 0060 52F1FF0F 		.word	268431698
 162 0064 10ED00E0 		.word	-536810224
 163              		.cfi_endproc
 164              	.LFE1:
 165              		.size	CySysPmDeepSleep, .-CySysPmDeepSleep
 166              		.section	.text.CySysPmHibernate,"ax",%progbits
 167              		.align	1
 168              		.global	CySysPmHibernate
 169              		.code	16
 170              		.thumb_func
 171              		.type	CySysPmHibernate, %function
 172              	CySysPmHibernate:
 173              	.LFB2:
 124:.\Generated_Source\PSoC4/cyPm.c **** 
 125:.\Generated_Source\PSoC4/cyPm.c **** 
 126:.\Generated_Source\PSoC4/cyPm.c **** #if(CY_IP_SRSSV2)
 127:.\Generated_Source\PSoC4/cyPm.c **** 
 128:.\Generated_Source\PSoC4/cyPm.c ****     /*******************************************************************************
 129:.\Generated_Source\PSoC4/cyPm.c ****     * Function Name: CySysPmHibernate
 130:.\Generated_Source\PSoC4/cyPm.c ****     ********************************************************************************
 131:.\Generated_Source\PSoC4/cyPm.c ****     *
 132:.\Generated_Source\PSoC4/cyPm.c ****     * Summary:
 133:.\Generated_Source\PSoC4/cyPm.c ****     *  Puts the part into the Hibernate state. Only SRAM and UDBs are retained;
 134:.\Generated_Source\PSoC4/cyPm.c ****     *  most internal supplies are off. Wakeup is possible from a pin or a hibernate
 135:.\Generated_Source\PSoC4/cyPm.c ****     *  comparator only.
 136:.\Generated_Source\PSoC4/cyPm.c ****     *
 137:.\Generated_Source\PSoC4/cyPm.c ****     *  It is expected that the firmware has already frozen the IO-Cells using
 138:.\Generated_Source\PSoC4/cyPm.c ****     *  CySysPmFreezeIo() function before the call to this function. If this is
 139:.\Generated_Source\PSoC4/cyPm.c ****     *  omitted, the IO-cells will be frozen in the same way as they are
 140:.\Generated_Source\PSoC4/cyPm.c ****     *  in the Active to Deep Sleep transition, but will lose their state on wake up
 141:.\Generated_Source\PSoC4/cyPm.c ****     *  (because of the reset occurring at that time).
 142:.\Generated_Source\PSoC4/cyPm.c ****     *
 143:.\Generated_Source\PSoC4/cyPm.c ****     *  Because all the CPU state is lost, the CPU will start up at the reset vector.
 144:.\Generated_Source\PSoC4/cyPm.c ****     *  To save the firmware state through the Hibernate low power mode, a
 145:.\Generated_Source\PSoC4/cyPm.c ****     *  corresponding variable should be defined with CY_NOINIT attribute. It
 146:.\Generated_Source\PSoC4/cyPm.c ****     *  prevents data from being initialized to zero on startup. The interrupt
 147:.\Generated_Source\PSoC4/cyPm.c ****     *  cause of the hibernate peripheral is retained, such that it can be either
 148:.\Generated_Source\PSoC4/cyPm.c ****     *  read by the firmware or cause an interrupt after the firmware has booted and
 149:.\Generated_Source\PSoC4/cyPm.c ****     *  enabled the corresponding interrupt. To distinguish the wakeup from
 150:.\Generated_Source\PSoC4/cyPm.c ****     *  the Hibernate mode and the general Reset event, the CySysPmGetResetReason()
 151:.\Generated_Source\PSoC4/cyPm.c ****     *  function could be used.
ARM GAS  C:\Users\Jarik\AppData\Local\Temp\ccqt7Jbj.s 			page 7


 152:.\Generated_Source\PSoC4/cyPm.c ****     *
 153:.\Generated_Source\PSoC4/cyPm.c ****     * Parameters:
 154:.\Generated_Source\PSoC4/cyPm.c ****     *  None
 155:.\Generated_Source\PSoC4/cyPm.c ****     *
 156:.\Generated_Source\PSoC4/cyPm.c ****     * Return:
 157:.\Generated_Source\PSoC4/cyPm.c ****     *  None
 158:.\Generated_Source\PSoC4/cyPm.c ****     *
 159:.\Generated_Source\PSoC4/cyPm.c ****     *******************************************************************************/
 160:.\Generated_Source\PSoC4/cyPm.c ****     void CySysPmHibernate(void)
 161:.\Generated_Source\PSoC4/cyPm.c ****     {
 174              		.loc 1 161 0
 175              		.cfi_startproc
 176 0000 08B5     		push	{r3, lr}
 177              		.cfi_def_cfa_offset 8
 178              		.cfi_offset 3, -8
 179              		.cfi_offset 14, -4
 162:.\Generated_Source\PSoC4/cyPm.c ****         uint8 interruptState;
 163:.\Generated_Source\PSoC4/cyPm.c **** 
 164:.\Generated_Source\PSoC4/cyPm.c ****         interruptState = CyEnterCriticalSection();
 180              		.loc 1 164 0
 181 0002 FFF7FEFF 		bl	CyEnterCriticalSection
 182              	.LVL7:
 165:.\Generated_Source\PSoC4/cyPm.c **** 
 166:.\Generated_Source\PSoC4/cyPm.c ****         #if (CY_IP_HOBTO_DEVICE)
 167:.\Generated_Source\PSoC4/cyPm.c ****             /* Disable input buffers for all ports */
 168:.\Generated_Source\PSoC4/cyPm.c ****             CySysPmHibPinsDisableInputBuf();
 169:.\Generated_Source\PSoC4/cyPm.c ****         #endif /* (CY_IP_HOBTO_DEVICE) */
 170:.\Generated_Source\PSoC4/cyPm.c **** 
 171:.\Generated_Source\PSoC4/cyPm.c ****         /* Device enters Hibernate mode when CPU asserts SLEEPDEEP signal */
 172:.\Generated_Source\PSoC4/cyPm.c ****         CY_PM_PWR_CONTROL_REG |= CY_PM_PWR_CONTROL_HIBERNATE;
 183              		.loc 1 172 0
 184 0006 8021     		mov	r1, #128
 185 0008 0C4A     		ldr	r2, .L8
 186 000a 0906     		lsl	r1, r1, #24
 187 000c 1368     		ldr	r3, [r2]
 188 000e 0B43     		orr	r3, r1
 173:.\Generated_Source\PSoC4/cyPm.c **** 
 174:.\Generated_Source\PSoC4/cyPm.c ****         /* Adjust delay to wait for references to settle on wakeup from hibernate */
 175:.\Generated_Source\PSoC4/cyPm.c ****         CY_PM_PWR_KEY_DELAY_REG = CY_SFLASH_HIB_KEY_DELAY_REG;
 176:.\Generated_Source\PSoC4/cyPm.c **** 
 177:.\Generated_Source\PSoC4/cyPm.c ****         /* CM0 enters DeepSleep/Hibernate mode upon execution of WFI */
 178:.\Generated_Source\PSoC4/cyPm.c ****         CY_PM_CM0_SCR_REG |= CY_PM_CM0_SCR_SLEEPDEEP;
 189              		.loc 1 178 0
 190 0010 0421     		mov	r1, #4
 172:.\Generated_Source\PSoC4/cyPm.c **** 
 191              		.loc 1 172 0
 192 0012 1360     		str	r3, [r2]
 175:.\Generated_Source\PSoC4/cyPm.c **** 
 193              		.loc 1 175 0
 194 0014 0A4B     		ldr	r3, .L8+4
 195 0016 0B4A     		ldr	r2, .L8+8
 196 0018 1B88     		ldrh	r3, [r3]
 197 001a 9BB2     		uxth	r3, r3
 198 001c 1360     		str	r3, [r2]
 199              		.loc 1 178 0
 200 001e 0A4A     		ldr	r2, .L8+12
 201 0020 1368     		ldr	r3, [r2]
ARM GAS  C:\Users\Jarik\AppData\Local\Temp\ccqt7Jbj.s 			page 8


 202 0022 0B43     		orr	r3, r1
 203 0024 1360     		str	r3, [r2]
 179:.\Generated_Source\PSoC4/cyPm.c **** 
 180:.\Generated_Source\PSoC4/cyPm.c ****         /* Save token that will retain through a STOP/WAKEUP sequence
 181:.\Generated_Source\PSoC4/cyPm.c ****          * thus could be used by CySysPmGetResetReason() to differentiate
 182:.\Generated_Source\PSoC4/cyPm.c ****          * WAKEUP from a general RESET event.
 183:.\Generated_Source\PSoC4/cyPm.c ****          */
 184:.\Generated_Source\PSoC4/cyPm.c ****         CY_PM_PWR_STOP_REG = (CY_PM_PWR_STOP_REG & (uint32)(~CY_PM_PWR_STOP_TOKEN_MASK)) | CY_PM_PW
 204              		.loc 1 184 0
 205 0026 094A     		ldr	r2, .L8+16
 206 0028 FB31     		add	r1, r1, #251
 207 002a 1368     		ldr	r3, [r2]
 208 002c 8B43     		bic	r3, r1
 209 002e 0E39     		sub	r1, r1, #14
 210 0030 0B43     		orr	r3, r1
 211 0032 1360     		str	r3, [r2]
 185:.\Generated_Source\PSoC4/cyPm.c **** 
 186:.\Generated_Source\PSoC4/cyPm.c ****         /* Sleep and wait for interrupt. Wakeup from Hibernate is performed
 187:.\Generated_Source\PSoC4/cyPm.c ****          * through RESET state, causing a normal Boot procedure to occur.
 188:.\Generated_Source\PSoC4/cyPm.c ****          * The WFI instruction doesn't put the core to sleep if its wake condition
 189:.\Generated_Source\PSoC4/cyPm.c ****          * is true when the instruction is executed.
 190:.\Generated_Source\PSoC4/cyPm.c ****          */
 191:.\Generated_Source\PSoC4/cyPm.c ****         CY_PM_WFI;
 212              		.loc 1 191 0
 213              	@ 191 ".\Generated_Source\PSoC4\cyPm.c" 1
 214 0034 30BF     		WFI 
 215              	
 216              	@ 0 "" 2
 192:.\Generated_Source\PSoC4/cyPm.c **** 
 193:.\Generated_Source\PSoC4/cyPm.c ****         CyExitCriticalSection(interruptState);
 217              		.loc 1 193 0
 218              		.code	16
 219 0036 FFF7FEFF 		bl	CyExitCriticalSection
 220              	.LVL8:
 194:.\Generated_Source\PSoC4/cyPm.c ****     }
 221              		.loc 1 194 0
 222              		@ sp needed
 223 003a 08BD     		pop	{r3, pc}
 224              	.L9:
 225              		.align	2
 226              	.L8:
 227 003c 00000B40 		.word	1074462720
 228 0040 50F1FF0F 		.word	268431696
 229 0044 0C000B40 		.word	1074462732
 230 0048 10ED00E0 		.word	-536810224
 231 004c 2C000B40 		.word	1074462764
 232              		.cfi_endproc
 233              	.LFE2:
 234              		.size	CySysPmHibernate, .-CySysPmHibernate
 235              		.section	.text.CySysPmSetWakeupPolarity,"ax",%progbits
 236              		.align	1
 237              		.global	CySysPmSetWakeupPolarity
 238              		.code	16
 239              		.thumb_func
 240              		.type	CySysPmSetWakeupPolarity, %function
 241              	CySysPmSetWakeupPolarity:
 242              	.LFB4:
ARM GAS  C:\Users\Jarik\AppData\Local\Temp\ccqt7Jbj.s 			page 9


 195:.\Generated_Source\PSoC4/cyPm.c **** 
 196:.\Generated_Source\PSoC4/cyPm.c **** 
 197:.\Generated_Source\PSoC4/cyPm.c ****     /*******************************************************************************
 198:.\Generated_Source\PSoC4/cyPm.c ****     * Function Name: CySysPmStop
 199:.\Generated_Source\PSoC4/cyPm.c ****     ********************************************************************************
 200:.\Generated_Source\PSoC4/cyPm.c ****     *
 201:.\Generated_Source\PSoC4/cyPm.c ****     * Summary:
 202:.\Generated_Source\PSoC4/cyPm.c ****     *  Puts the part into the Stop state. All internal supplies are off;
 203:.\Generated_Source\PSoC4/cyPm.c ****     *  no state is retained.
 204:.\Generated_Source\PSoC4/cyPm.c ****     *
 205:.\Generated_Source\PSoC4/cyPm.c ****     *  Wakeup from Stop is performed by toggling the wakeup pin, causing
 206:.\Generated_Source\PSoC4/cyPm.c ****     *  a normal boot procedure to occur. To configure the wakeup pin,
 207:.\Generated_Source\PSoC4/cyPm.c ****     *  the Digital Input Pin component should be placed on the schematic,
 208:.\Generated_Source\PSoC4/cyPm.c ****     *  assigned to the wakeup pin, and resistively pulled up or down to the inverse
 209:.\Generated_Source\PSoC4/cyPm.c ****     *  state of the wakeup polarity. To distinguish the wakeup from the Stop mode
 210:.\Generated_Source\PSoC4/cyPm.c ****     *  and the general Reset event, CySysPmGetResetReason() function could be used.
 211:.\Generated_Source\PSoC4/cyPm.c ****     *  The wakeup pin is active low by default. The wakeup pin polarity
 212:.\Generated_Source\PSoC4/cyPm.c ****     *  could be changed with the CySysPmSetWakeupPolarity() function.
 213:.\Generated_Source\PSoC4/cyPm.c ****     *
 214:.\Generated_Source\PSoC4/cyPm.c ****     *  This function freezes IO cells implicitly. It is not possible to enter
 215:.\Generated_Source\PSoC4/cyPm.c ****     *  the STOP mode before freezing the IO cells. The IO cells remain frozen after
 216:.\Generated_Source\PSoC4/cyPm.c ****     *  awake from the Stop mode until the firmware unfreezes them after booting
 217:.\Generated_Source\PSoC4/cyPm.c ****     *  explicitly with CySysPmUnfreezeIo() function call.
 218:.\Generated_Source\PSoC4/cyPm.c ****     *
 219:.\Generated_Source\PSoC4/cyPm.c ****     * Parameters:
 220:.\Generated_Source\PSoC4/cyPm.c ****     *  None
 221:.\Generated_Source\PSoC4/cyPm.c ****     *
 222:.\Generated_Source\PSoC4/cyPm.c ****     * Return:
 223:.\Generated_Source\PSoC4/cyPm.c ****     *  None
 224:.\Generated_Source\PSoC4/cyPm.c ****     *
 225:.\Generated_Source\PSoC4/cyPm.c ****     *******************************************************************************/
 226:.\Generated_Source\PSoC4/cyPm.c ****     void CySysPmStop(void)
 227:.\Generated_Source\PSoC4/cyPm.c ****     {
 228:.\Generated_Source\PSoC4/cyPm.c ****         (void) CyEnterCriticalSection();
 229:.\Generated_Source\PSoC4/cyPm.c **** 
 230:.\Generated_Source\PSoC4/cyPm.c ****         /* Update token to indicate Stop mode transition. Preserve only polarity. */
 231:.\Generated_Source\PSoC4/cyPm.c ****         CY_PM_PWR_STOP_REG = (CY_PM_PWR_STOP_REG & CY_PM_PWR_STOP_POLARITY) | CY_PM_PWR_STOP_TOKEN_
 232:.\Generated_Source\PSoC4/cyPm.c **** 
 233:.\Generated_Source\PSoC4/cyPm.c ****         /* Freeze IO-Cells to save IO-Cell state */
 234:.\Generated_Source\PSoC4/cyPm.c ****         CySysPmFreezeIo();
 235:.\Generated_Source\PSoC4/cyPm.c **** 
 236:.\Generated_Source\PSoC4/cyPm.c ****         /* Initiates transition to Stop state */
 237:.\Generated_Source\PSoC4/cyPm.c ****         CY_PM_PWR_STOP_REG = CY_PM_PWR_STOP_REG | CY_PM_PWR_STOP_STOP;
 238:.\Generated_Source\PSoC4/cyPm.c **** 
 239:.\Generated_Source\PSoC4/cyPm.c ****         /* Depending on the clock frequency and internal timing delays,
 240:.\Generated_Source\PSoC4/cyPm.c ****          * the final AHB transaction may or may not complete. To guard against
 241:.\Generated_Source\PSoC4/cyPm.c ****          * accidentally executing an unintended instruction, it is recommended
 242:.\Generated_Source\PSoC4/cyPm.c ****          * to add 2 NOP cycles after the final write to the STOP register.
 243:.\Generated_Source\PSoC4/cyPm.c ****          */
 244:.\Generated_Source\PSoC4/cyPm.c ****         CY_NOP;
 245:.\Generated_Source\PSoC4/cyPm.c ****         CY_NOP;
 246:.\Generated_Source\PSoC4/cyPm.c **** 
 247:.\Generated_Source\PSoC4/cyPm.c ****         /* Should never get to this WFI instruction */
 248:.\Generated_Source\PSoC4/cyPm.c ****         CY_PM_WFI;
 249:.\Generated_Source\PSoC4/cyPm.c **** 
 250:.\Generated_Source\PSoC4/cyPm.c ****         /* Wakeup from Stop is performed by toggling of Wakeup pin,
 251:.\Generated_Source\PSoC4/cyPm.c ****          * causing a normal Boot procedure to occur. No need to exit
ARM GAS  C:\Users\Jarik\AppData\Local\Temp\ccqt7Jbj.s 			page 10


 252:.\Generated_Source\PSoC4/cyPm.c ****          * from the critical section.
 253:.\Generated_Source\PSoC4/cyPm.c ****          */
 254:.\Generated_Source\PSoC4/cyPm.c ****     }
 255:.\Generated_Source\PSoC4/cyPm.c **** 
 256:.\Generated_Source\PSoC4/cyPm.c **** 
 257:.\Generated_Source\PSoC4/cyPm.c ****     /*******************************************************************************
 258:.\Generated_Source\PSoC4/cyPm.c ****     * Function Name: CySysPmSetWakeupPolarity
 259:.\Generated_Source\PSoC4/cyPm.c ****     ********************************************************************************
 260:.\Generated_Source\PSoC4/cyPm.c ****     *
 261:.\Generated_Source\PSoC4/cyPm.c ****     * Summary:
 262:.\Generated_Source\PSoC4/cyPm.c ****     *  Wake up from the stop mode is performed by toggling the wakeup pin,
 263:.\Generated_Source\PSoC4/cyPm.c ****     *  causing a normal boot procedure to occur. This function assigns
 264:.\Generated_Source\PSoC4/cyPm.c ****     *  the wakeup pin active level. Setting the wakeup pin to this level will cause
 265:.\Generated_Source\PSoC4/cyPm.c ****     *  the wakeup from stop mode. The wakeup pin is active low by default.
 266:.\Generated_Source\PSoC4/cyPm.c ****     *
 267:.\Generated_Source\PSoC4/cyPm.c ****     * Parameters:
 268:.\Generated_Source\PSoC4/cyPm.c ****     *  polarity: Wakeup pin active level:
 269:.\Generated_Source\PSoC4/cyPm.c ****     *   Value    Define                          Level
 270:.\Generated_Source\PSoC4/cyPm.c ****     *    0        CY_PM_STOP_WAKEUP_ACTIVE_LOW    Logical zero will wakeup the chip
 271:.\Generated_Source\PSoC4/cyPm.c ****     *    1        CY_PM_STOP_WAKEUP_ACTIVE_HIGH   Logical one will wakeup the chip
 272:.\Generated_Source\PSoC4/cyPm.c ****     *
 273:.\Generated_Source\PSoC4/cyPm.c ****     * Return:
 274:.\Generated_Source\PSoC4/cyPm.c ****     *  None
 275:.\Generated_Source\PSoC4/cyPm.c ****     *
 276:.\Generated_Source\PSoC4/cyPm.c ****     *******************************************************************************/
 277:.\Generated_Source\PSoC4/cyPm.c ****     void CySysPmSetWakeupPolarity(uint32 polarity)
 278:.\Generated_Source\PSoC4/cyPm.c ****     {
 243              		.loc 1 278 0
 244              		.cfi_startproc
 245              	.LVL9:
 246 0000 10B5     		push	{r4, lr}
 247              		.cfi_def_cfa_offset 8
 248              		.cfi_offset 4, -8
 249              		.cfi_offset 14, -4
 250              		.loc 1 278 0
 251 0002 041C     		mov	r4, r0
 279:.\Generated_Source\PSoC4/cyPm.c ****         uint8 interruptState;
 280:.\Generated_Source\PSoC4/cyPm.c **** 
 281:.\Generated_Source\PSoC4/cyPm.c ****         interruptState = CyEnterCriticalSection();
 252              		.loc 1 281 0
 253 0004 FFF7FEFF 		bl	CyEnterCriticalSection
 254              	.LVL10:
 255 0008 074A     		ldr	r2, .L14
 282:.\Generated_Source\PSoC4/cyPm.c **** 
 283:.\Generated_Source\PSoC4/cyPm.c ****         CY_PM_PWR_STOP_REG = (CY_PM_STOP_WAKEUP_ACTIVE_LOW != polarity) ?
 284:.\Generated_Source\PSoC4/cyPm.c ****                             (CY_PM_PWR_STOP_REG | CY_PM_PWR_STOP_POLARITY) :
 256              		.loc 1 284 0
 257 000a 002C     		cmp	r4, #0
 258 000c 04D0     		beq	.L11
 259              		.loc 1 284 0 is_stmt 0 discriminator 1
 260 000e 8021     		mov	r1, #128
 261 0010 1368     		ldr	r3, [r2]
 262 0012 4902     		lsl	r1, r1, #9
 263 0014 0B43     		orr	r3, r1
 264 0016 02E0     		b	.L12
 265              	.L11:
 285:.\Generated_Source\PSoC4/cyPm.c ****                             (CY_PM_PWR_STOP_REG & (uint32) (~CY_PM_PWR_STOP_POLARITY));
ARM GAS  C:\Users\Jarik\AppData\Local\Temp\ccqt7Jbj.s 			page 11


 266              		.loc 1 285 0 is_stmt 1 discriminator 2
 267 0018 1168     		ldr	r1, [r2]
 284:.\Generated_Source\PSoC4/cyPm.c ****                             (CY_PM_PWR_STOP_REG & (uint32) (~CY_PM_PWR_STOP_POLARITY));
 268              		.loc 1 284 0 discriminator 2
 269 001a 044B     		ldr	r3, .L14+4
 270 001c 0B40     		and	r3, r1
 271              	.L12:
 283:.\Generated_Source\PSoC4/cyPm.c ****                             (CY_PM_PWR_STOP_REG | CY_PM_PWR_STOP_POLARITY) :
 272              		.loc 1 283 0
 273 001e 1360     		str	r3, [r2]
 286:.\Generated_Source\PSoC4/cyPm.c **** 
 287:.\Generated_Source\PSoC4/cyPm.c ****         CyExitCriticalSection(interruptState);
 274              		.loc 1 287 0
 275 0020 FFF7FEFF 		bl	CyExitCriticalSection
 276              	.LVL11:
 288:.\Generated_Source\PSoC4/cyPm.c ****     }
 277              		.loc 1 288 0
 278              		@ sp needed
 279              	.LVL12:
 280 0024 10BD     		pop	{r4, pc}
 281              	.L15:
 282 0026 C046     		.align	2
 283              	.L14:
 284 0028 2C000B40 		.word	1074462764
 285 002c FFFFFEFF 		.word	-65537
 286              		.cfi_endproc
 287              	.LFE4:
 288              		.size	CySysPmSetWakeupPolarity, .-CySysPmSetWakeupPolarity
 289              		.section	.text.CySysPmGetResetReason,"ax",%progbits
 290              		.align	1
 291              		.global	CySysPmGetResetReason
 292              		.code	16
 293              		.thumb_func
 294              		.type	CySysPmGetResetReason, %function
 295              	CySysPmGetResetReason:
 296              	.LFB5:
 289:.\Generated_Source\PSoC4/cyPm.c **** 
 290:.\Generated_Source\PSoC4/cyPm.c **** 
 291:.\Generated_Source\PSoC4/cyPm.c ****     /*******************************************************************************
 292:.\Generated_Source\PSoC4/cyPm.c ****     * Function Name: CySysPmGetResetReason
 293:.\Generated_Source\PSoC4/cyPm.c ****     ********************************************************************************
 294:.\Generated_Source\PSoC4/cyPm.c ****     *
 295:.\Generated_Source\PSoC4/cyPm.c ****     * Summary:
 296:.\Generated_Source\PSoC4/cyPm.c ****     *  Retrieves the last reset reason - transition from OFF/XRES/STOP/HIBERNATE to
 297:.\Generated_Source\PSoC4/cyPm.c ****     *  the RESET state. Note that waking up from STOP using XRES will be perceived
 298:.\Generated_Source\PSoC4/cyPm.c ****     *  as a general RESET.
 299:.\Generated_Source\PSoC4/cyPm.c ****     *
 300:.\Generated_Source\PSoC4/cyPm.c ****     * Parameters:
 301:.\Generated_Source\PSoC4/cyPm.c ****     *  None
 302:.\Generated_Source\PSoC4/cyPm.c ****     *
 303:.\Generated_Source\PSoC4/cyPm.c ****     * Return:
 304:.\Generated_Source\PSoC4/cyPm.c ****     *  Reset reason.
 305:.\Generated_Source\PSoC4/cyPm.c ****     *  CY_PM_RESET_REASON_UNKN        - unknown
 306:.\Generated_Source\PSoC4/cyPm.c ****     *  CY_PM_RESET_REASON_XRES        - transition from OFF/XRES to RESET
 307:.\Generated_Source\PSoC4/cyPm.c ****     *  CY_PM_RESET_REASON_WAKEUP_HIB  - transition/wakeup from HIBERNATE to RESET
 308:.\Generated_Source\PSoC4/cyPm.c ****     *  CY_PM_RESET_REASON_WAKEUP_STOP - transition/wakeup from STOP to RESET
 309:.\Generated_Source\PSoC4/cyPm.c ****     *
ARM GAS  C:\Users\Jarik\AppData\Local\Temp\ccqt7Jbj.s 			page 12


 310:.\Generated_Source\PSoC4/cyPm.c ****     *******************************************************************************/
 311:.\Generated_Source\PSoC4/cyPm.c ****     uint32 CySysPmGetResetReason(void)
 312:.\Generated_Source\PSoC4/cyPm.c ****     {
 297              		.loc 1 312 0
 298              		.cfi_startproc
 299              	.LVL13:
 313:.\Generated_Source\PSoC4/cyPm.c ****         uint32 reason = CY_PM_RESET_REASON_UNKN;
 314:.\Generated_Source\PSoC4/cyPm.c **** 
 315:.\Generated_Source\PSoC4/cyPm.c ****         switch(CY_PM_PWR_STOP_REG & CY_PM_PWR_STOP_TOKEN_MASK)
 300              		.loc 1 315 0
 301 0000 054B     		ldr	r3, .L22
 316:.\Generated_Source\PSoC4/cyPm.c ****         {
 317:.\Generated_Source\PSoC4/cyPm.c ****         /* Power up, XRES */
 318:.\Generated_Source\PSoC4/cyPm.c ****         case CY_PM_PWR_STOP_TOKEN_XRES:
 319:.\Generated_Source\PSoC4/cyPm.c ****             reason = CY_PM_RESET_REASON_XRES;
 320:.\Generated_Source\PSoC4/cyPm.c ****             break;
 321:.\Generated_Source\PSoC4/cyPm.c **** 
 322:.\Generated_Source\PSoC4/cyPm.c ****         /* Wakeup from Hibernate */
 323:.\Generated_Source\PSoC4/cyPm.c ****         case CY_PM_PWR_STOP_TOKEN_HIB:
 324:.\Generated_Source\PSoC4/cyPm.c ****             reason = CY_PM_RESET_REASON_WAKEUP_HIB;
 302              		.loc 1 324 0
 303 0002 0220     		mov	r0, #2
 315:.\Generated_Source\PSoC4/cyPm.c ****         {
 304              		.loc 1 315 0
 305 0004 1B68     		ldr	r3, [r3]
 306 0006 DBB2     		uxtb	r3, r3
 307 0008 F12B     		cmp	r3, #241
 308 000a 04D0     		beq	.L17
 325:.\Generated_Source\PSoC4/cyPm.c ****             break;
 326:.\Generated_Source\PSoC4/cyPm.c **** 
 327:.\Generated_Source\PSoC4/cyPm.c ****         /* Wakeup from Stop (through WAKEUP pin assert) */
 328:.\Generated_Source\PSoC4/cyPm.c ****         case CY_PM_PWR_STOP_TOKEN_STOP:
 329:.\Generated_Source\PSoC4/cyPm.c ****             reason = CY_PM_RESET_REASON_WAKEUP_STOP;
 309              		.loc 1 329 0
 310 000c 0130     		add	r0, r0, #1
 315:.\Generated_Source\PSoC4/cyPm.c ****         {
 311              		.loc 1 315 0
 312 000e F22B     		cmp	r3, #242
 313 0010 01D0     		beq	.L17
 313:.\Generated_Source\PSoC4/cyPm.c **** 
 314              		.loc 1 313 0
 315 0012 5842     		neg	r0, r3
 316 0014 5841     		adc	r0, r0, r3
 317              	.L17:
 318              	.LVL14:
 330:.\Generated_Source\PSoC4/cyPm.c ****             break;
 331:.\Generated_Source\PSoC4/cyPm.c **** 
 332:.\Generated_Source\PSoC4/cyPm.c ****         /* Unknown reason */
 333:.\Generated_Source\PSoC4/cyPm.c ****         default:
 334:.\Generated_Source\PSoC4/cyPm.c ****             break;
 335:.\Generated_Source\PSoC4/cyPm.c ****         }
 336:.\Generated_Source\PSoC4/cyPm.c **** 
 337:.\Generated_Source\PSoC4/cyPm.c ****         return (reason);
 338:.\Generated_Source\PSoC4/cyPm.c ****     }
 319              		.loc 1 338 0
 320              		@ sp needed
 321 0016 7047     		bx	lr
ARM GAS  C:\Users\Jarik\AppData\Local\Temp\ccqt7Jbj.s 			page 13


 322              	.L23:
 323              		.align	2
 324              	.L22:
 325 0018 2C000B40 		.word	1074462764
 326              		.cfi_endproc
 327              	.LFE5:
 328              		.size	CySysPmGetResetReason, .-CySysPmGetResetReason
 329              		.section	.text.CySysPmFreezeIo,"ax",%progbits
 330              		.align	1
 331              		.global	CySysPmFreezeIo
 332              		.code	16
 333              		.thumb_func
 334              		.type	CySysPmFreezeIo, %function
 335              	CySysPmFreezeIo:
 336              	.LFB6:
 339:.\Generated_Source\PSoC4/cyPm.c **** 
 340:.\Generated_Source\PSoC4/cyPm.c **** 
 341:.\Generated_Source\PSoC4/cyPm.c ****     /*******************************************************************************
 342:.\Generated_Source\PSoC4/cyPm.c ****     * Function Name: CySysPmFreezeIo
 343:.\Generated_Source\PSoC4/cyPm.c ****     ********************************************************************************
 344:.\Generated_Source\PSoC4/cyPm.c ****     *
 345:.\Generated_Source\PSoC4/cyPm.c ****     * Summary:
 346:.\Generated_Source\PSoC4/cyPm.c ****     *  Freezes IO-Cells directly to save the IO-Cell state on wake up from the
 347:.\Generated_Source\PSoC4/cyPm.c ****     *  Hibernate or Stop state. It is not required to call this function before
 348:.\Generated_Source\PSoC4/cyPm.c ****     *  entering the Stop mode, since CySysPmStop() function freezes IO-Cells
 349:.\Generated_Source\PSoC4/cyPm.c ****     *  implicitly.
 350:.\Generated_Source\PSoC4/cyPm.c ****     *
 351:.\Generated_Source\PSoC4/cyPm.c ****     * Parameters:
 352:.\Generated_Source\PSoC4/cyPm.c ****     *  None
 353:.\Generated_Source\PSoC4/cyPm.c ****     *
 354:.\Generated_Source\PSoC4/cyPm.c ****     * Return:
 355:.\Generated_Source\PSoC4/cyPm.c ****     *  None
 356:.\Generated_Source\PSoC4/cyPm.c ****     *
 357:.\Generated_Source\PSoC4/cyPm.c ****     *******************************************************************************/
 358:.\Generated_Source\PSoC4/cyPm.c ****     void CySysPmFreezeIo(void)
 359:.\Generated_Source\PSoC4/cyPm.c ****     {
 337              		.loc 1 359 0
 338              		.cfi_startproc
 339 0000 08B5     		push	{r3, lr}
 340              		.cfi_def_cfa_offset 8
 341              		.cfi_offset 3, -8
 342              		.cfi_offset 14, -4
 360:.\Generated_Source\PSoC4/cyPm.c ****         uint8 interruptState;
 361:.\Generated_Source\PSoC4/cyPm.c **** 
 362:.\Generated_Source\PSoC4/cyPm.c ****         interruptState = CyEnterCriticalSection();
 343              		.loc 1 362 0
 344 0002 FFF7FEFF 		bl	CyEnterCriticalSection
 345              	.LVL15:
 363:.\Generated_Source\PSoC4/cyPm.c **** 
 364:.\Generated_Source\PSoC4/cyPm.c ****         /* Check FREEZE state to avoid recurrent IO-Cells freeze attempt,
 365:.\Generated_Source\PSoC4/cyPm.c ****          * since the second call to this function will cause accidental switch
 366:.\Generated_Source\PSoC4/cyPm.c ****          * to the STOP mode (the system will enter STOP mode immediately after
 367:.\Generated_Source\PSoC4/cyPm.c ****          * writing to STOP bit since both UNLOCK and FREEZE have been set correctly
 368:.\Generated_Source\PSoC4/cyPm.c ****          * in a previous call to this function).
 369:.\Generated_Source\PSoC4/cyPm.c ****          */
 370:.\Generated_Source\PSoC4/cyPm.c ****         if (0u == (CY_PM_PWR_STOP_REG & CY_PM_PWR_STOP_FREEZE))
 346              		.loc 1 370 0
ARM GAS  C:\Users\Jarik\AppData\Local\Temp\ccqt7Jbj.s 			page 14


 347 0006 084B     		ldr	r3, .L26
 348 0008 1A68     		ldr	r2, [r3]
 349 000a 9203     		lsl	r2, r2, #14
 350 000c 09D4     		bmi	.L25
 371:.\Generated_Source\PSoC4/cyPm.c ****         {
 372:.\Generated_Source\PSoC4/cyPm.c ****             /* Preserve last reset reason and disable overrides the next freeze command by peripher
 373:.\Generated_Source\PSoC4/cyPm.c ****             CY_PM_PWR_STOP_REG = CY_PM_PWR_STOP_STOP | CY_PM_PWR_STOP_FREEZE | CY_PM_PWR_STOP_UNLOC
 374:.\Generated_Source\PSoC4/cyPm.c ****                                 (CY_PM_PWR_STOP_REG & (CY_PM_PWR_STOP_TOKEN_MASK | CY_PM_PWR_STOP_P
 351              		.loc 1 374 0
 352 000e 1968     		ldr	r1, [r3]
 353 0010 064A     		ldr	r2, .L26+4
 354 0012 0A40     		and	r2, r1
 373:.\Generated_Source\PSoC4/cyPm.c ****                                 (CY_PM_PWR_STOP_REG & (CY_PM_PWR_STOP_TOKEN_MASK | CY_PM_PWR_STOP_P
 355              		.loc 1 373 0
 356 0014 0649     		ldr	r1, .L26+8
 357 0016 0A43     		orr	r2, r1
 358 0018 1A60     		str	r2, [r3]
 375:.\Generated_Source\PSoC4/cyPm.c **** 
 376:.\Generated_Source\PSoC4/cyPm.c ****             /* If reading after writing, read this register three times to delay
 377:.\Generated_Source\PSoC4/cyPm.c ****             *  enough time for internal settling.
 378:.\Generated_Source\PSoC4/cyPm.c ****             */
 379:.\Generated_Source\PSoC4/cyPm.c ****             (void) CY_PM_PWR_STOP_REG;
 359              		.loc 1 379 0
 360 001a 1A68     		ldr	r2, [r3]
 380:.\Generated_Source\PSoC4/cyPm.c ****             (void) CY_PM_PWR_STOP_REG;
 361              		.loc 1 380 0
 362 001c 1A68     		ldr	r2, [r3]
 381:.\Generated_Source\PSoC4/cyPm.c **** 
 382:.\Generated_Source\PSoC4/cyPm.c ****             /* Second write causes the freeze of IO-Cells to save IO-Cell state */
 383:.\Generated_Source\PSoC4/cyPm.c ****             CY_PM_PWR_STOP_REG = CY_PM_PWR_STOP_REG;
 363              		.loc 1 383 0
 364 001e 1A68     		ldr	r2, [r3]
 365 0020 1A60     		str	r2, [r3]
 366              	.L25:
 384:.\Generated_Source\PSoC4/cyPm.c ****         }
 385:.\Generated_Source\PSoC4/cyPm.c **** 
 386:.\Generated_Source\PSoC4/cyPm.c ****         CyExitCriticalSection(interruptState);
 367              		.loc 1 386 0
 368 0022 FFF7FEFF 		bl	CyExitCriticalSection
 369              	.LVL16:
 387:.\Generated_Source\PSoC4/cyPm.c ****     }
 370              		.loc 1 387 0
 371              		@ sp needed
 372 0026 08BD     		pop	{r3, pc}
 373              	.L27:
 374              		.align	2
 375              	.L26:
 376 0028 2C000B40 		.word	1074462764
 377 002c FF000100 		.word	65791
 378 0030 003A0280 		.word	-2147337728
 379              		.cfi_endproc
 380              	.LFE6:
 381              		.size	CySysPmFreezeIo, .-CySysPmFreezeIo
 382              		.section	.text.CySysPmStop,"ax",%progbits
 383              		.align	1
 384              		.global	CySysPmStop
 385              		.code	16
ARM GAS  C:\Users\Jarik\AppData\Local\Temp\ccqt7Jbj.s 			page 15


 386              		.thumb_func
 387              		.type	CySysPmStop, %function
 388              	CySysPmStop:
 389              	.LFB3:
 227:.\Generated_Source\PSoC4/cyPm.c ****         (void) CyEnterCriticalSection();
 390              		.loc 1 227 0
 391              		.cfi_startproc
 392 0000 10B5     		push	{r4, lr}
 393              		.cfi_def_cfa_offset 8
 394              		.cfi_offset 4, -8
 395              		.cfi_offset 14, -4
 228:.\Generated_Source\PSoC4/cyPm.c **** 
 396              		.loc 1 228 0
 397 0002 FFF7FEFF 		bl	CyEnterCriticalSection
 398              	.LVL17:
 231:.\Generated_Source\PSoC4/cyPm.c **** 
 399              		.loc 1 231 0
 400 0006 8023     		mov	r3, #128
 401 0008 084C     		ldr	r4, .L29
 402 000a 5B02     		lsl	r3, r3, #9
 403 000c 2268     		ldr	r2, [r4]
 404 000e 1340     		and	r3, r2
 405 0010 F222     		mov	r2, #242
 406 0012 1343     		orr	r3, r2
 407 0014 2360     		str	r3, [r4]
 234:.\Generated_Source\PSoC4/cyPm.c **** 
 408              		.loc 1 234 0
 409 0016 FFF7FEFF 		bl	CySysPmFreezeIo
 410              	.LVL18:
 237:.\Generated_Source\PSoC4/cyPm.c **** 
 411              		.loc 1 237 0
 412 001a 8022     		mov	r2, #128
 413 001c 2368     		ldr	r3, [r4]
 414 001e 1206     		lsl	r2, r2, #24
 415 0020 1343     		orr	r3, r2
 416 0022 2360     		str	r3, [r4]
 244:.\Generated_Source\PSoC4/cyPm.c ****         CY_NOP;
 417              		.loc 1 244 0
 418              	@ 244 ".\Generated_Source\PSoC4\cyPm.c" 1
 419 0024 C046     		NOP
 420              	
 421              	@ 0 "" 2
 245:.\Generated_Source\PSoC4/cyPm.c **** 
 422              		.loc 1 245 0
 423              	@ 245 ".\Generated_Source\PSoC4\cyPm.c" 1
 424 0026 C046     		NOP
 425              	
 426              	@ 0 "" 2
 248:.\Generated_Source\PSoC4/cyPm.c **** 
 427              		.loc 1 248 0
 428              	@ 248 ".\Generated_Source\PSoC4\cyPm.c" 1
 429 0028 30BF     		WFI 
 430              	
 431              	@ 0 "" 2
 254:.\Generated_Source\PSoC4/cyPm.c **** 
 432              		.loc 1 254 0
 433              		.code	16
ARM GAS  C:\Users\Jarik\AppData\Local\Temp\ccqt7Jbj.s 			page 16


 434              		@ sp needed
 435 002a 10BD     		pop	{r4, pc}
 436              	.L30:
 437              		.align	2
 438              	.L29:
 439 002c 2C000B40 		.word	1074462764
 440              		.cfi_endproc
 441              	.LFE3:
 442              		.size	CySysPmStop, .-CySysPmStop
 443              		.section	.text.CySysPmUnfreezeIo,"ax",%progbits
 444              		.align	1
 445              		.global	CySysPmUnfreezeIo
 446              		.code	16
 447              		.thumb_func
 448              		.type	CySysPmUnfreezeIo, %function
 449              	CySysPmUnfreezeIo:
 450              	.LFB7:
 388:.\Generated_Source\PSoC4/cyPm.c **** 
 389:.\Generated_Source\PSoC4/cyPm.c **** 
 390:.\Generated_Source\PSoC4/cyPm.c ****     /*******************************************************************************
 391:.\Generated_Source\PSoC4/cyPm.c ****     * Function Name: CySysPmUnfreezeIo
 392:.\Generated_Source\PSoC4/cyPm.c ****     ********************************************************************************
 393:.\Generated_Source\PSoC4/cyPm.c ****     *
 394:.\Generated_Source\PSoC4/cyPm.c ****     * Summary:
 395:.\Generated_Source\PSoC4/cyPm.c ****     *  The IO-Cells remain frozen after awake from Hibernate or Stop mode until
 396:.\Generated_Source\PSoC4/cyPm.c ****     *  the firmware unfreezes them after booting. The call of this function
 397:.\Generated_Source\PSoC4/cyPm.c ****     *  unfreezes IO-Cells explicitly.
 398:.\Generated_Source\PSoC4/cyPm.c ****     *
 399:.\Generated_Source\PSoC4/cyPm.c ****     *  If the firmware intent is to retain the data value on the port, then the
 400:.\Generated_Source\PSoC4/cyPm.c ****     *  value must be read and re-written to the data register before calling this
 401:.\Generated_Source\PSoC4/cyPm.c ****     *  API. Furthermore, the drive mode must be re-programmed.  If this is not done,
 402:.\Generated_Source\PSoC4/cyPm.c ****     *  the pin state will change to default state the moment the freeze is removed.
 403:.\Generated_Source\PSoC4/cyPm.c ****     *
 404:.\Generated_Source\PSoC4/cyPm.c ****     *  This API is not available for PSoC 4000 family of devices.
 405:.\Generated_Source\PSoC4/cyPm.c ****     *
 406:.\Generated_Source\PSoC4/cyPm.c ****     * Parameters:
 407:.\Generated_Source\PSoC4/cyPm.c ****     *  None
 408:.\Generated_Source\PSoC4/cyPm.c ****     *
 409:.\Generated_Source\PSoC4/cyPm.c ****     * Return:
 410:.\Generated_Source\PSoC4/cyPm.c ****     *  None
 411:.\Generated_Source\PSoC4/cyPm.c ****     *
 412:.\Generated_Source\PSoC4/cyPm.c ****     *******************************************************************************/
 413:.\Generated_Source\PSoC4/cyPm.c ****     void CySysPmUnfreezeIo(void)
 414:.\Generated_Source\PSoC4/cyPm.c ****     {
 451              		.loc 1 414 0
 452              		.cfi_startproc
 453 0000 10B5     		push	{r4, lr}
 454              		.cfi_def_cfa_offset 8
 455              		.cfi_offset 4, -8
 456              		.cfi_offset 14, -4
 415:.\Generated_Source\PSoC4/cyPm.c ****         uint8 interruptState;
 416:.\Generated_Source\PSoC4/cyPm.c **** 
 417:.\Generated_Source\PSoC4/cyPm.c ****         interruptState = CyEnterCriticalSection();
 418:.\Generated_Source\PSoC4/cyPm.c **** 
 419:.\Generated_Source\PSoC4/cyPm.c ****         /* Preserve last reset reason and wakeup polarity. Then, unfreeze I/O:
 420:.\Generated_Source\PSoC4/cyPm.c ****          * write PWR_STOP.FREEZE=0, .UNLOCK=0x3A, .STOP=0, .TOKEN
 421:.\Generated_Source\PSoC4/cyPm.c ****          */
ARM GAS  C:\Users\Jarik\AppData\Local\Temp\ccqt7Jbj.s 			page 17


 422:.\Generated_Source\PSoC4/cyPm.c ****         CY_PM_PWR_STOP_REG = CY_PM_PWR_STOP_UNLOCK |
 457              		.loc 1 422 0
 458 0002 E824     		mov	r4, #232
 417:.\Generated_Source\PSoC4/cyPm.c **** 
 459              		.loc 1 417 0
 460 0004 FFF7FEFF 		bl	CyEnterCriticalSection
 461              	.LVL19:
 423:.\Generated_Source\PSoC4/cyPm.c ****                             (CY_PM_PWR_STOP_REG & (CY_PM_PWR_STOP_TOKEN_MASK | CY_PM_PWR_STOP_POLAR
 462              		.loc 1 423 0
 463 0008 074B     		ldr	r3, .L32
 464 000a 0849     		ldr	r1, .L32+4
 465 000c 1A68     		ldr	r2, [r3]
 422:.\Generated_Source\PSoC4/cyPm.c ****                             (CY_PM_PWR_STOP_REG & (CY_PM_PWR_STOP_TOKEN_MASK | CY_PM_PWR_STOP_POLAR
 466              		.loc 1 422 0
 467 000e A401     		lsl	r4, r4, #6
 468              		.loc 1 423 0
 469 0010 0A40     		and	r2, r1
 422:.\Generated_Source\PSoC4/cyPm.c ****                             (CY_PM_PWR_STOP_REG & (CY_PM_PWR_STOP_TOKEN_MASK | CY_PM_PWR_STOP_POLAR
 470              		.loc 1 422 0
 471 0012 2243     		orr	r2, r4
 472 0014 1A60     		str	r2, [r3]
 424:.\Generated_Source\PSoC4/cyPm.c **** 
 425:.\Generated_Source\PSoC4/cyPm.c ****         /* If reading after writing, read this register three times to delay
 426:.\Generated_Source\PSoC4/cyPm.c ****         *  enough time for internal settling.
 427:.\Generated_Source\PSoC4/cyPm.c ****         */
 428:.\Generated_Source\PSoC4/cyPm.c ****         (void) CY_PM_PWR_STOP_REG;
 473              		.loc 1 428 0
 474 0016 1A68     		ldr	r2, [r3]
 429:.\Generated_Source\PSoC4/cyPm.c ****         (void) CY_PM_PWR_STOP_REG;
 475              		.loc 1 429 0
 476 0018 1A68     		ldr	r2, [r3]
 430:.\Generated_Source\PSoC4/cyPm.c **** 
 431:.\Generated_Source\PSoC4/cyPm.c ****         /* Lock STOP mode: write PWR_STOP.FREEZE=0, UNLOCK=0x00, STOP=0, .TOKEN */
 432:.\Generated_Source\PSoC4/cyPm.c ****         CY_PM_PWR_STOP_REG &= (CY_PM_PWR_STOP_TOKEN_MASK | CY_PM_PWR_STOP_POLARITY);
 477              		.loc 1 432 0
 478 001a 1A68     		ldr	r2, [r3]
 433:.\Generated_Source\PSoC4/cyPm.c **** 
 434:.\Generated_Source\PSoC4/cyPm.c ****         CyExitCriticalSection(interruptState);
 435:.\Generated_Source\PSoC4/cyPm.c ****     }
 479              		.loc 1 435 0
 480              		@ sp needed
 432:.\Generated_Source\PSoC4/cyPm.c **** 
 481              		.loc 1 432 0
 482 001c 1140     		and	r1, r2
 483 001e 1960     		str	r1, [r3]
 434:.\Generated_Source\PSoC4/cyPm.c ****     }
 484              		.loc 1 434 0
 485 0020 FFF7FEFF 		bl	CyExitCriticalSection
 486              	.LVL20:
 487              		.loc 1 435 0
 488 0024 10BD     		pop	{r4, pc}
 489              	.L33:
 490 0026 C046     		.align	2
 491              	.L32:
 492 0028 2C000B40 		.word	1074462764
 493 002c FF000100 		.word	65791
 494              		.cfi_endproc
ARM GAS  C:\Users\Jarik\AppData\Local\Temp\ccqt7Jbj.s 			page 18


 495              	.LFE7:
 496              		.size	CySysPmUnfreezeIo, .-CySysPmUnfreezeIo
 497              		.text
 498              	.Letext0:
 499              		.file 2 ".\\Generated_Source\\PSoC4\\cytypes.h"
 500              		.file 3 ".\\Generated_Source\\PSoC4\\CyLib.h"
 501              		.section	.debug_info,"",%progbits
 502              	.Ldebug_info0:
 503 0000 CF020000 		.4byte	0x2cf
 504 0004 0400     		.2byte	0x4
 505 0006 00000000 		.4byte	.Ldebug_abbrev0
 506 000a 04       		.byte	0x4
 507 000b 01       		.uleb128 0x1
 508 000c 0C000000 		.4byte	.LASF28
 509 0010 01       		.byte	0x1
 510 0011 09020000 		.4byte	.LASF29
 511 0015 4D020000 		.4byte	.LASF30
 512 0019 00000000 		.4byte	.Ldebug_ranges0+0
 513 001d 00000000 		.4byte	0
 514 0021 00000000 		.4byte	.Ldebug_line0
 515 0025 02       		.uleb128 0x2
 516 0026 01       		.byte	0x1
 517 0027 06       		.byte	0x6
 518 0028 82020000 		.4byte	.LASF0
 519 002c 02       		.uleb128 0x2
 520 002d 01       		.byte	0x1
 521 002e 08       		.byte	0x8
 522 002f E8000000 		.4byte	.LASF1
 523 0033 02       		.uleb128 0x2
 524 0034 02       		.byte	0x2
 525 0035 05       		.byte	0x5
 526 0036 29020000 		.4byte	.LASF2
 527 003a 02       		.uleb128 0x2
 528 003b 02       		.byte	0x2
 529 003c 07       		.byte	0x7
 530 003d A7000000 		.4byte	.LASF3
 531 0041 02       		.uleb128 0x2
 532 0042 04       		.byte	0x4
 533 0043 05       		.byte	0x5
 534 0044 44020000 		.4byte	.LASF4
 535 0048 02       		.uleb128 0x2
 536 0049 04       		.byte	0x4
 537 004a 07       		.byte	0x7
 538 004b 1E010000 		.4byte	.LASF5
 539 004f 02       		.uleb128 0x2
 540 0050 08       		.byte	0x8
 541 0051 05       		.byte	0x5
 542 0052 E9010000 		.4byte	.LASF6
 543 0056 02       		.uleb128 0x2
 544 0057 08       		.byte	0x8
 545 0058 07       		.byte	0x7
 546 0059 D1000000 		.4byte	.LASF7
 547 005d 03       		.uleb128 0x3
 548 005e 04       		.byte	0x4
 549 005f 05       		.byte	0x5
 550 0060 696E7400 		.ascii	"int\000"
 551 0064 02       		.uleb128 0x2
ARM GAS  C:\Users\Jarik\AppData\Local\Temp\ccqt7Jbj.s 			page 19


 552 0065 04       		.byte	0x4
 553 0066 07       		.byte	0x7
 554 0067 80010000 		.4byte	.LASF8
 555 006b 04       		.uleb128 0x4
 556 006c 30010000 		.4byte	.LASF9
 557 0070 02       		.byte	0x2
 558 0071 3801     		.2byte	0x138
 559 0073 2C000000 		.4byte	0x2c
 560 0077 04       		.uleb128 0x4
 561 0078 5B010000 		.4byte	.LASF10
 562 007c 02       		.byte	0x2
 563 007d 3901     		.2byte	0x139
 564 007f 3A000000 		.4byte	0x3a
 565 0083 04       		.uleb128 0x4
 566 0084 62010000 		.4byte	.LASF11
 567 0088 02       		.byte	0x2
 568 0089 3A01     		.2byte	0x13a
 569 008b 48000000 		.4byte	0x48
 570 008f 02       		.uleb128 0x2
 571 0090 04       		.byte	0x4
 572 0091 04       		.byte	0x4
 573 0092 CB000000 		.4byte	.LASF12
 574 0096 02       		.uleb128 0x2
 575 0097 08       		.byte	0x8
 576 0098 04       		.byte	0x4
 577 0099 42010000 		.4byte	.LASF13
 578 009d 02       		.uleb128 0x2
 579 009e 01       		.byte	0x1
 580 009f 08       		.byte	0x8
 581 00a0 F7010000 		.4byte	.LASF14
 582 00a4 04       		.uleb128 0x4
 583 00a5 00000000 		.4byte	.LASF15
 584 00a9 02       		.byte	0x2
 585 00aa E301     		.2byte	0x1e3
 586 00ac B0000000 		.4byte	0xb0
 587 00b0 05       		.uleb128 0x5
 588 00b1 77000000 		.4byte	0x77
 589 00b5 04       		.uleb128 0x4
 590 00b6 06000000 		.4byte	.LASF16
 591 00ba 02       		.byte	0x2
 592 00bb E401     		.2byte	0x1e4
 593 00bd C1000000 		.4byte	0xc1
 594 00c1 05       		.uleb128 0x5
 595 00c2 83000000 		.4byte	0x83
 596 00c6 02       		.uleb128 0x2
 597 00c7 04       		.byte	0x4
 598 00c8 07       		.byte	0x7
 599 00c9 E0010000 		.4byte	.LASF17
 600 00cd 06       		.uleb128 0x6
 601 00ce 9A000000 		.4byte	.LASF18
 602 00d2 01       		.byte	0x1
 603 00d3 28       		.byte	0x28
 604 00d4 00000000 		.4byte	.LFB0
 605 00d8 1C000000 		.4byte	.LFE0-.LFB0
 606 00dc 01       		.uleb128 0x1
 607 00dd 9C       		.byte	0x9c
 608 00de 04010000 		.4byte	0x104
ARM GAS  C:\Users\Jarik\AppData\Local\Temp\ccqt7Jbj.s 			page 20


 609 00e2 07       		.uleb128 0x7
 610 00e3 0F010000 		.4byte	.LASF20
 611 00e7 01       		.byte	0x1
 612 00e8 2A       		.byte	0x2a
 613 00e9 6B000000 		.4byte	0x6b
 614 00ed 00000000 		.4byte	.LLST0
 615 00f1 08       		.uleb128 0x8
 616 00f2 06000000 		.4byte	.LVL0
 617 00f6 A9020000 		.4byte	0x2a9
 618 00fa 08       		.uleb128 0x8
 619 00fb 16000000 		.4byte	.LVL1
 620 00ff B4020000 		.4byte	0x2b4
 621 0103 00       		.byte	0
 622 0104 06       		.uleb128 0x6
 623 0105 33020000 		.4byte	.LASF19
 624 0109 01       		.byte	0x1
 625 010a 4E       		.byte	0x4e
 626 010b 00000000 		.4byte	.LFB1
 627 010f 68000000 		.4byte	.LFE1-.LFB1
 628 0113 01       		.uleb128 0x1
 629 0114 9C       		.byte	0x9c
 630 0115 64010000 		.4byte	0x164
 631 0119 07       		.uleb128 0x7
 632 011a 0F010000 		.4byte	.LASF20
 633 011e 01       		.byte	0x1
 634 011f 50       		.byte	0x50
 635 0120 6B000000 		.4byte	0x6b
 636 0124 13000000 		.4byte	.LLST1
 637 0128 09       		.uleb128 0x9
 638 0129 FC010000 		.4byte	.LASF21
 639 012d 01       		.byte	0x1
 640 012e 52       		.byte	0x52
 641 012f C1000000 		.4byte	0xc1
 642 0133 02       		.uleb128 0x2
 643 0134 91       		.byte	0x91
 644 0135 64       		.sleb128 -28
 645 0136 08       		.uleb128 0x8
 646 0137 0A000000 		.4byte	.LVL2
 647 013b A9020000 		.4byte	0x2a9
 648 013f 0A       		.uleb128 0xa
 649 0140 3E000000 		.4byte	.LVL4
 650 0144 C5020000 		.4byte	0x2c5
 651 0148 53010000 		.4byte	0x153
 652 014c 0B       		.uleb128 0xb
 653 014d 01       		.uleb128 0x1
 654 014e 50       		.byte	0x50
 655 014f 02       		.uleb128 0x2
 656 0150 76       		.byte	0x76
 657 0151 00       		.sleb128 0
 658 0152 00       		.byte	0
 659 0153 0C       		.uleb128 0xc
 660 0154 50000000 		.4byte	.LVL5
 661 0158 B4020000 		.4byte	0x2b4
 662 015c 0B       		.uleb128 0xb
 663 015d 01       		.uleb128 0x1
 664 015e 50       		.byte	0x50
 665 015f 02       		.uleb128 0x2
ARM GAS  C:\Users\Jarik\AppData\Local\Temp\ccqt7Jbj.s 			page 21


 666 0160 74       		.byte	0x74
 667 0161 00       		.sleb128 0
 668 0162 00       		.byte	0
 669 0163 00       		.byte	0
 670 0164 06       		.uleb128 0x6
 671 0165 BA000000 		.4byte	.LASF22
 672 0169 01       		.byte	0x1
 673 016a A0       		.byte	0xa0
 674 016b 00000000 		.4byte	.LFB2
 675 016f 50000000 		.4byte	.LFE2-.LFB2
 676 0173 01       		.uleb128 0x1
 677 0174 9C       		.byte	0x9c
 678 0175 9B010000 		.4byte	0x19b
 679 0179 07       		.uleb128 0x7
 680 017a 0F010000 		.4byte	.LASF20
 681 017e 01       		.byte	0x1
 682 017f A2       		.byte	0xa2
 683 0180 6B000000 		.4byte	0x6b
 684 0184 26000000 		.4byte	.LLST2
 685 0188 08       		.uleb128 0x8
 686 0189 06000000 		.4byte	.LVL7
 687 018d A9020000 		.4byte	0x2a9
 688 0191 08       		.uleb128 0x8
 689 0192 3A000000 		.4byte	.LVL8
 690 0196 B4020000 		.4byte	0x2b4
 691 019a 00       		.byte	0
 692 019b 0D       		.uleb128 0xd
 693 019c F6000000 		.4byte	.LASF23
 694 01a0 01       		.byte	0x1
 695 01a1 1501     		.2byte	0x115
 696 01a3 00000000 		.4byte	.LFB4
 697 01a7 30000000 		.4byte	.LFE4-.LFB4
 698 01ab 01       		.uleb128 0x1
 699 01ac 9C       		.byte	0x9c
 700 01ad E4010000 		.4byte	0x1e4
 701 01b1 0E       		.uleb128 0xe
 702 01b2 C1010000 		.4byte	.LASF31
 703 01b6 01       		.byte	0x1
 704 01b7 1501     		.2byte	0x115
 705 01b9 83000000 		.4byte	0x83
 706 01bd 39000000 		.4byte	.LLST3
 707 01c1 0F       		.uleb128 0xf
 708 01c2 0F010000 		.4byte	.LASF20
 709 01c6 01       		.byte	0x1
 710 01c7 1701     		.2byte	0x117
 711 01c9 6B000000 		.4byte	0x6b
 712 01cd 65000000 		.4byte	.LLST4
 713 01d1 08       		.uleb128 0x8
 714 01d2 08000000 		.4byte	.LVL10
 715 01d6 A9020000 		.4byte	0x2a9
 716 01da 08       		.uleb128 0x8
 717 01db 24000000 		.4byte	.LVL11
 718 01df B4020000 		.4byte	0x2b4
 719 01e3 00       		.byte	0
 720 01e4 10       		.uleb128 0x10
 721 01e5 CA010000 		.4byte	.LASF32
 722 01e9 01       		.byte	0x1
ARM GAS  C:\Users\Jarik\AppData\Local\Temp\ccqt7Jbj.s 			page 22


 723 01ea 3701     		.2byte	0x137
 724 01ec 83000000 		.4byte	0x83
 725 01f0 00000000 		.4byte	.LFB5
 726 01f4 1C000000 		.4byte	.LFE5-.LFB5
 727 01f8 01       		.uleb128 0x1
 728 01f9 9C       		.byte	0x9c
 729 01fa 0F020000 		.4byte	0x20f
 730 01fe 0F       		.uleb128 0xf
 731 01ff BA010000 		.4byte	.LASF24
 732 0203 01       		.byte	0x1
 733 0204 3901     		.2byte	0x139
 734 0206 83000000 		.4byte	0x83
 735 020a 78000000 		.4byte	.LLST5
 736 020e 00       		.byte	0
 737 020f 0D       		.uleb128 0xd
 738 0210 8E020000 		.4byte	.LASF25
 739 0214 01       		.byte	0x1
 740 0215 6601     		.2byte	0x166
 741 0217 00000000 		.4byte	.LFB6
 742 021b 34000000 		.4byte	.LFE6-.LFB6
 743 021f 01       		.uleb128 0x1
 744 0220 9C       		.byte	0x9c
 745 0221 48020000 		.4byte	0x248
 746 0225 0F       		.uleb128 0xf
 747 0226 0F010000 		.4byte	.LASF20
 748 022a 01       		.byte	0x1
 749 022b 6801     		.2byte	0x168
 750 022d 6B000000 		.4byte	0x6b
 751 0231 97000000 		.4byte	.LLST6
 752 0235 08       		.uleb128 0x8
 753 0236 06000000 		.4byte	.LVL15
 754 023a A9020000 		.4byte	0x2a9
 755 023e 08       		.uleb128 0x8
 756 023f 26000000 		.4byte	.LVL16
 757 0243 B4020000 		.4byte	0x2b4
 758 0247 00       		.byte	0
 759 0248 06       		.uleb128 0x6
 760 0249 36010000 		.4byte	.LASF26
 761 024d 01       		.byte	0x1
 762 024e E2       		.byte	0xe2
 763 024f 00000000 		.4byte	.LFB3
 764 0253 30000000 		.4byte	.LFE3-.LFB3
 765 0257 01       		.uleb128 0x1
 766 0258 9C       		.byte	0x9c
 767 0259 70020000 		.4byte	0x270
 768 025d 08       		.uleb128 0x8
 769 025e 06000000 		.4byte	.LVL17
 770 0262 A9020000 		.4byte	0x2a9
 771 0266 08       		.uleb128 0x8
 772 0267 1A000000 		.4byte	.LVL18
 773 026b 0F020000 		.4byte	0x20f
 774 026f 00       		.byte	0
 775 0270 0D       		.uleb128 0xd
 776 0271 49010000 		.4byte	.LASF27
 777 0275 01       		.byte	0x1
 778 0276 9D01     		.2byte	0x19d
 779 0278 00000000 		.4byte	.LFB7
ARM GAS  C:\Users\Jarik\AppData\Local\Temp\ccqt7Jbj.s 			page 23


 780 027c 30000000 		.4byte	.LFE7-.LFB7
 781 0280 01       		.uleb128 0x1
 782 0281 9C       		.byte	0x9c
 783 0282 A9020000 		.4byte	0x2a9
 784 0286 0F       		.uleb128 0xf
 785 0287 0F010000 		.4byte	.LASF20
 786 028b 01       		.byte	0x1
 787 028c 9F01     		.2byte	0x19f
 788 028e 6B000000 		.4byte	0x6b
 789 0292 AA000000 		.4byte	.LLST7
 790 0296 08       		.uleb128 0x8
 791 0297 08000000 		.4byte	.LVL19
 792 029b A9020000 		.4byte	0x2a9
 793 029f 08       		.uleb128 0x8
 794 02a0 24000000 		.4byte	.LVL20
 795 02a4 B4020000 		.4byte	0x2b4
 796 02a8 00       		.byte	0
 797 02a9 11       		.uleb128 0x11
 798 02aa 69010000 		.4byte	.LASF33
 799 02ae 03       		.byte	0x3
 800 02af 61       		.byte	0x61
 801 02b0 6B000000 		.4byte	0x6b
 802 02b4 12       		.uleb128 0x12
 803 02b5 8D010000 		.4byte	.LASF34
 804 02b9 03       		.byte	0x3
 805 02ba 62       		.byte	0x62
 806 02bb C5020000 		.4byte	0x2c5
 807 02bf 13       		.uleb128 0x13
 808 02c0 6B000000 		.4byte	0x6b
 809 02c4 00       		.byte	0
 810 02c5 14       		.uleb128 0x14
 811 02c6 A3010000 		.4byte	.LASF35
 812 02ca 03       		.byte	0x3
 813 02cb 37       		.byte	0x37
 814 02cc 13       		.uleb128 0x13
 815 02cd 83000000 		.4byte	0x83
 816 02d1 00       		.byte	0
 817 02d2 00       		.byte	0
 818              		.section	.debug_abbrev,"",%progbits
 819              	.Ldebug_abbrev0:
 820 0000 01       		.uleb128 0x1
 821 0001 11       		.uleb128 0x11
 822 0002 01       		.byte	0x1
 823 0003 25       		.uleb128 0x25
 824 0004 0E       		.uleb128 0xe
 825 0005 13       		.uleb128 0x13
 826 0006 0B       		.uleb128 0xb
 827 0007 03       		.uleb128 0x3
 828 0008 0E       		.uleb128 0xe
 829 0009 1B       		.uleb128 0x1b
 830 000a 0E       		.uleb128 0xe
 831 000b 55       		.uleb128 0x55
 832 000c 17       		.uleb128 0x17
 833 000d 11       		.uleb128 0x11
 834 000e 01       		.uleb128 0x1
 835 000f 10       		.uleb128 0x10
 836 0010 17       		.uleb128 0x17
ARM GAS  C:\Users\Jarik\AppData\Local\Temp\ccqt7Jbj.s 			page 24


 837 0011 00       		.byte	0
 838 0012 00       		.byte	0
 839 0013 02       		.uleb128 0x2
 840 0014 24       		.uleb128 0x24
 841 0015 00       		.byte	0
 842 0016 0B       		.uleb128 0xb
 843 0017 0B       		.uleb128 0xb
 844 0018 3E       		.uleb128 0x3e
 845 0019 0B       		.uleb128 0xb
 846 001a 03       		.uleb128 0x3
 847 001b 0E       		.uleb128 0xe
 848 001c 00       		.byte	0
 849 001d 00       		.byte	0
 850 001e 03       		.uleb128 0x3
 851 001f 24       		.uleb128 0x24
 852 0020 00       		.byte	0
 853 0021 0B       		.uleb128 0xb
 854 0022 0B       		.uleb128 0xb
 855 0023 3E       		.uleb128 0x3e
 856 0024 0B       		.uleb128 0xb
 857 0025 03       		.uleb128 0x3
 858 0026 08       		.uleb128 0x8
 859 0027 00       		.byte	0
 860 0028 00       		.byte	0
 861 0029 04       		.uleb128 0x4
 862 002a 16       		.uleb128 0x16
 863 002b 00       		.byte	0
 864 002c 03       		.uleb128 0x3
 865 002d 0E       		.uleb128 0xe
 866 002e 3A       		.uleb128 0x3a
 867 002f 0B       		.uleb128 0xb
 868 0030 3B       		.uleb128 0x3b
 869 0031 05       		.uleb128 0x5
 870 0032 49       		.uleb128 0x49
 871 0033 13       		.uleb128 0x13
 872 0034 00       		.byte	0
 873 0035 00       		.byte	0
 874 0036 05       		.uleb128 0x5
 875 0037 35       		.uleb128 0x35
 876 0038 00       		.byte	0
 877 0039 49       		.uleb128 0x49
 878 003a 13       		.uleb128 0x13
 879 003b 00       		.byte	0
 880 003c 00       		.byte	0
 881 003d 06       		.uleb128 0x6
 882 003e 2E       		.uleb128 0x2e
 883 003f 01       		.byte	0x1
 884 0040 3F       		.uleb128 0x3f
 885 0041 19       		.uleb128 0x19
 886 0042 03       		.uleb128 0x3
 887 0043 0E       		.uleb128 0xe
 888 0044 3A       		.uleb128 0x3a
 889 0045 0B       		.uleb128 0xb
 890 0046 3B       		.uleb128 0x3b
 891 0047 0B       		.uleb128 0xb
 892 0048 27       		.uleb128 0x27
 893 0049 19       		.uleb128 0x19
ARM GAS  C:\Users\Jarik\AppData\Local\Temp\ccqt7Jbj.s 			page 25


 894 004a 11       		.uleb128 0x11
 895 004b 01       		.uleb128 0x1
 896 004c 12       		.uleb128 0x12
 897 004d 06       		.uleb128 0x6
 898 004e 40       		.uleb128 0x40
 899 004f 18       		.uleb128 0x18
 900 0050 9742     		.uleb128 0x2117
 901 0052 19       		.uleb128 0x19
 902 0053 01       		.uleb128 0x1
 903 0054 13       		.uleb128 0x13
 904 0055 00       		.byte	0
 905 0056 00       		.byte	0
 906 0057 07       		.uleb128 0x7
 907 0058 34       		.uleb128 0x34
 908 0059 00       		.byte	0
 909 005a 03       		.uleb128 0x3
 910 005b 0E       		.uleb128 0xe
 911 005c 3A       		.uleb128 0x3a
 912 005d 0B       		.uleb128 0xb
 913 005e 3B       		.uleb128 0x3b
 914 005f 0B       		.uleb128 0xb
 915 0060 49       		.uleb128 0x49
 916 0061 13       		.uleb128 0x13
 917 0062 02       		.uleb128 0x2
 918 0063 17       		.uleb128 0x17
 919 0064 00       		.byte	0
 920 0065 00       		.byte	0
 921 0066 08       		.uleb128 0x8
 922 0067 898201   		.uleb128 0x4109
 923 006a 00       		.byte	0
 924 006b 11       		.uleb128 0x11
 925 006c 01       		.uleb128 0x1
 926 006d 31       		.uleb128 0x31
 927 006e 13       		.uleb128 0x13
 928 006f 00       		.byte	0
 929 0070 00       		.byte	0
 930 0071 09       		.uleb128 0x9
 931 0072 34       		.uleb128 0x34
 932 0073 00       		.byte	0
 933 0074 03       		.uleb128 0x3
 934 0075 0E       		.uleb128 0xe
 935 0076 3A       		.uleb128 0x3a
 936 0077 0B       		.uleb128 0xb
 937 0078 3B       		.uleb128 0x3b
 938 0079 0B       		.uleb128 0xb
 939 007a 49       		.uleb128 0x49
 940 007b 13       		.uleb128 0x13
 941 007c 02       		.uleb128 0x2
 942 007d 18       		.uleb128 0x18
 943 007e 00       		.byte	0
 944 007f 00       		.byte	0
 945 0080 0A       		.uleb128 0xa
 946 0081 898201   		.uleb128 0x4109
 947 0084 01       		.byte	0x1
 948 0085 11       		.uleb128 0x11
 949 0086 01       		.uleb128 0x1
 950 0087 31       		.uleb128 0x31
ARM GAS  C:\Users\Jarik\AppData\Local\Temp\ccqt7Jbj.s 			page 26


 951 0088 13       		.uleb128 0x13
 952 0089 01       		.uleb128 0x1
 953 008a 13       		.uleb128 0x13
 954 008b 00       		.byte	0
 955 008c 00       		.byte	0
 956 008d 0B       		.uleb128 0xb
 957 008e 8A8201   		.uleb128 0x410a
 958 0091 00       		.byte	0
 959 0092 02       		.uleb128 0x2
 960 0093 18       		.uleb128 0x18
 961 0094 9142     		.uleb128 0x2111
 962 0096 18       		.uleb128 0x18
 963 0097 00       		.byte	0
 964 0098 00       		.byte	0
 965 0099 0C       		.uleb128 0xc
 966 009a 898201   		.uleb128 0x4109
 967 009d 01       		.byte	0x1
 968 009e 11       		.uleb128 0x11
 969 009f 01       		.uleb128 0x1
 970 00a0 31       		.uleb128 0x31
 971 00a1 13       		.uleb128 0x13
 972 00a2 00       		.byte	0
 973 00a3 00       		.byte	0
 974 00a4 0D       		.uleb128 0xd
 975 00a5 2E       		.uleb128 0x2e
 976 00a6 01       		.byte	0x1
 977 00a7 3F       		.uleb128 0x3f
 978 00a8 19       		.uleb128 0x19
 979 00a9 03       		.uleb128 0x3
 980 00aa 0E       		.uleb128 0xe
 981 00ab 3A       		.uleb128 0x3a
 982 00ac 0B       		.uleb128 0xb
 983 00ad 3B       		.uleb128 0x3b
 984 00ae 05       		.uleb128 0x5
 985 00af 27       		.uleb128 0x27
 986 00b0 19       		.uleb128 0x19
 987 00b1 11       		.uleb128 0x11
 988 00b2 01       		.uleb128 0x1
 989 00b3 12       		.uleb128 0x12
 990 00b4 06       		.uleb128 0x6
 991 00b5 40       		.uleb128 0x40
 992 00b6 18       		.uleb128 0x18
 993 00b7 9742     		.uleb128 0x2117
 994 00b9 19       		.uleb128 0x19
 995 00ba 01       		.uleb128 0x1
 996 00bb 13       		.uleb128 0x13
 997 00bc 00       		.byte	0
 998 00bd 00       		.byte	0
 999 00be 0E       		.uleb128 0xe
 1000 00bf 05       		.uleb128 0x5
 1001 00c0 00       		.byte	0
 1002 00c1 03       		.uleb128 0x3
 1003 00c2 0E       		.uleb128 0xe
 1004 00c3 3A       		.uleb128 0x3a
 1005 00c4 0B       		.uleb128 0xb
 1006 00c5 3B       		.uleb128 0x3b
 1007 00c6 05       		.uleb128 0x5
ARM GAS  C:\Users\Jarik\AppData\Local\Temp\ccqt7Jbj.s 			page 27


 1008 00c7 49       		.uleb128 0x49
 1009 00c8 13       		.uleb128 0x13
 1010 00c9 02       		.uleb128 0x2
 1011 00ca 17       		.uleb128 0x17
 1012 00cb 00       		.byte	0
 1013 00cc 00       		.byte	0
 1014 00cd 0F       		.uleb128 0xf
 1015 00ce 34       		.uleb128 0x34
 1016 00cf 00       		.byte	0
 1017 00d0 03       		.uleb128 0x3
 1018 00d1 0E       		.uleb128 0xe
 1019 00d2 3A       		.uleb128 0x3a
 1020 00d3 0B       		.uleb128 0xb
 1021 00d4 3B       		.uleb128 0x3b
 1022 00d5 05       		.uleb128 0x5
 1023 00d6 49       		.uleb128 0x49
 1024 00d7 13       		.uleb128 0x13
 1025 00d8 02       		.uleb128 0x2
 1026 00d9 17       		.uleb128 0x17
 1027 00da 00       		.byte	0
 1028 00db 00       		.byte	0
 1029 00dc 10       		.uleb128 0x10
 1030 00dd 2E       		.uleb128 0x2e
 1031 00de 01       		.byte	0x1
 1032 00df 3F       		.uleb128 0x3f
 1033 00e0 19       		.uleb128 0x19
 1034 00e1 03       		.uleb128 0x3
 1035 00e2 0E       		.uleb128 0xe
 1036 00e3 3A       		.uleb128 0x3a
 1037 00e4 0B       		.uleb128 0xb
 1038 00e5 3B       		.uleb128 0x3b
 1039 00e6 05       		.uleb128 0x5
 1040 00e7 27       		.uleb128 0x27
 1041 00e8 19       		.uleb128 0x19
 1042 00e9 49       		.uleb128 0x49
 1043 00ea 13       		.uleb128 0x13
 1044 00eb 11       		.uleb128 0x11
 1045 00ec 01       		.uleb128 0x1
 1046 00ed 12       		.uleb128 0x12
 1047 00ee 06       		.uleb128 0x6
 1048 00ef 40       		.uleb128 0x40
 1049 00f0 18       		.uleb128 0x18
 1050 00f1 9742     		.uleb128 0x2117
 1051 00f3 19       		.uleb128 0x19
 1052 00f4 01       		.uleb128 0x1
 1053 00f5 13       		.uleb128 0x13
 1054 00f6 00       		.byte	0
 1055 00f7 00       		.byte	0
 1056 00f8 11       		.uleb128 0x11
 1057 00f9 2E       		.uleb128 0x2e
 1058 00fa 00       		.byte	0
 1059 00fb 3F       		.uleb128 0x3f
 1060 00fc 19       		.uleb128 0x19
 1061 00fd 03       		.uleb128 0x3
 1062 00fe 0E       		.uleb128 0xe
 1063 00ff 3A       		.uleb128 0x3a
 1064 0100 0B       		.uleb128 0xb
ARM GAS  C:\Users\Jarik\AppData\Local\Temp\ccqt7Jbj.s 			page 28


 1065 0101 3B       		.uleb128 0x3b
 1066 0102 0B       		.uleb128 0xb
 1067 0103 27       		.uleb128 0x27
 1068 0104 19       		.uleb128 0x19
 1069 0105 49       		.uleb128 0x49
 1070 0106 13       		.uleb128 0x13
 1071 0107 3C       		.uleb128 0x3c
 1072 0108 19       		.uleb128 0x19
 1073 0109 00       		.byte	0
 1074 010a 00       		.byte	0
 1075 010b 12       		.uleb128 0x12
 1076 010c 2E       		.uleb128 0x2e
 1077 010d 01       		.byte	0x1
 1078 010e 3F       		.uleb128 0x3f
 1079 010f 19       		.uleb128 0x19
 1080 0110 03       		.uleb128 0x3
 1081 0111 0E       		.uleb128 0xe
 1082 0112 3A       		.uleb128 0x3a
 1083 0113 0B       		.uleb128 0xb
 1084 0114 3B       		.uleb128 0x3b
 1085 0115 0B       		.uleb128 0xb
 1086 0116 27       		.uleb128 0x27
 1087 0117 19       		.uleb128 0x19
 1088 0118 3C       		.uleb128 0x3c
 1089 0119 19       		.uleb128 0x19
 1090 011a 01       		.uleb128 0x1
 1091 011b 13       		.uleb128 0x13
 1092 011c 00       		.byte	0
 1093 011d 00       		.byte	0
 1094 011e 13       		.uleb128 0x13
 1095 011f 05       		.uleb128 0x5
 1096 0120 00       		.byte	0
 1097 0121 49       		.uleb128 0x49
 1098 0122 13       		.uleb128 0x13
 1099 0123 00       		.byte	0
 1100 0124 00       		.byte	0
 1101 0125 14       		.uleb128 0x14
 1102 0126 2E       		.uleb128 0x2e
 1103 0127 01       		.byte	0x1
 1104 0128 3F       		.uleb128 0x3f
 1105 0129 19       		.uleb128 0x19
 1106 012a 03       		.uleb128 0x3
 1107 012b 0E       		.uleb128 0xe
 1108 012c 3A       		.uleb128 0x3a
 1109 012d 0B       		.uleb128 0xb
 1110 012e 3B       		.uleb128 0x3b
 1111 012f 0B       		.uleb128 0xb
 1112 0130 27       		.uleb128 0x27
 1113 0131 19       		.uleb128 0x19
 1114 0132 3C       		.uleb128 0x3c
 1115 0133 19       		.uleb128 0x19
 1116 0134 00       		.byte	0
 1117 0135 00       		.byte	0
 1118 0136 00       		.byte	0
 1119              		.section	.debug_loc,"",%progbits
 1120              	.Ldebug_loc0:
 1121              	.LLST0:
ARM GAS  C:\Users\Jarik\AppData\Local\Temp\ccqt7Jbj.s 			page 29


 1122 0000 06000000 		.4byte	.LVL0
 1123 0004 15000000 		.4byte	.LVL1-1
 1124 0008 0100     		.2byte	0x1
 1125 000a 50       		.byte	0x50
 1126 000b 00000000 		.4byte	0
 1127 000f 00000000 		.4byte	0
 1128              	.LLST1:
 1129 0013 26000000 		.4byte	.LVL3
 1130 0017 50000000 		.4byte	.LVL6
 1131 001b 0100     		.2byte	0x1
 1132 001d 54       		.byte	0x54
 1133 001e 00000000 		.4byte	0
 1134 0022 00000000 		.4byte	0
 1135              	.LLST2:
 1136 0026 06000000 		.4byte	.LVL7
 1137 002a 39000000 		.4byte	.LVL8-1
 1138 002e 0100     		.2byte	0x1
 1139 0030 50       		.byte	0x50
 1140 0031 00000000 		.4byte	0
 1141 0035 00000000 		.4byte	0
 1142              	.LLST3:
 1143 0039 00000000 		.4byte	.LVL9
 1144 003d 07000000 		.4byte	.LVL10-1
 1145 0041 0100     		.2byte	0x1
 1146 0043 50       		.byte	0x50
 1147 0044 07000000 		.4byte	.LVL10-1
 1148 0048 24000000 		.4byte	.LVL12
 1149 004c 0100     		.2byte	0x1
 1150 004e 54       		.byte	0x54
 1151 004f 24000000 		.4byte	.LVL12
 1152 0053 30000000 		.4byte	.LFE4
 1153 0057 0400     		.2byte	0x4
 1154 0059 F3       		.byte	0xf3
 1155 005a 01       		.uleb128 0x1
 1156 005b 50       		.byte	0x50
 1157 005c 9F       		.byte	0x9f
 1158 005d 00000000 		.4byte	0
 1159 0061 00000000 		.4byte	0
 1160              	.LLST4:
 1161 0065 08000000 		.4byte	.LVL10
 1162 0069 23000000 		.4byte	.LVL11-1
 1163 006d 0100     		.2byte	0x1
 1164 006f 50       		.byte	0x50
 1165 0070 00000000 		.4byte	0
 1166 0074 00000000 		.4byte	0
 1167              	.LLST5:
 1168 0078 00000000 		.4byte	.LVL13
 1169 007c 16000000 		.4byte	.LVL14
 1170 0080 0200     		.2byte	0x2
 1171 0082 30       		.byte	0x30
 1172 0083 9F       		.byte	0x9f
 1173 0084 16000000 		.4byte	.LVL14
 1174 0088 1C000000 		.4byte	.LFE5
 1175 008c 0100     		.2byte	0x1
 1176 008e 50       		.byte	0x50
 1177 008f 00000000 		.4byte	0
 1178 0093 00000000 		.4byte	0
ARM GAS  C:\Users\Jarik\AppData\Local\Temp\ccqt7Jbj.s 			page 30


 1179              	.LLST6:
 1180 0097 06000000 		.4byte	.LVL15
 1181 009b 25000000 		.4byte	.LVL16-1
 1182 009f 0100     		.2byte	0x1
 1183 00a1 50       		.byte	0x50
 1184 00a2 00000000 		.4byte	0
 1185 00a6 00000000 		.4byte	0
 1186              	.LLST7:
 1187 00aa 08000000 		.4byte	.LVL19
 1188 00ae 23000000 		.4byte	.LVL20-1
 1189 00b2 0100     		.2byte	0x1
 1190 00b4 50       		.byte	0x50
 1191 00b5 00000000 		.4byte	0
 1192 00b9 00000000 		.4byte	0
 1193              		.section	.debug_aranges,"",%progbits
 1194 0000 54000000 		.4byte	0x54
 1195 0004 0200     		.2byte	0x2
 1196 0006 00000000 		.4byte	.Ldebug_info0
 1197 000a 04       		.byte	0x4
 1198 000b 00       		.byte	0
 1199 000c 0000     		.2byte	0
 1200 000e 0000     		.2byte	0
 1201 0010 00000000 		.4byte	.LFB0
 1202 0014 1C000000 		.4byte	.LFE0-.LFB0
 1203 0018 00000000 		.4byte	.LFB1
 1204 001c 68000000 		.4byte	.LFE1-.LFB1
 1205 0020 00000000 		.4byte	.LFB2
 1206 0024 50000000 		.4byte	.LFE2-.LFB2
 1207 0028 00000000 		.4byte	.LFB4
 1208 002c 30000000 		.4byte	.LFE4-.LFB4
 1209 0030 00000000 		.4byte	.LFB5
 1210 0034 1C000000 		.4byte	.LFE5-.LFB5
 1211 0038 00000000 		.4byte	.LFB6
 1212 003c 34000000 		.4byte	.LFE6-.LFB6
 1213 0040 00000000 		.4byte	.LFB3
 1214 0044 30000000 		.4byte	.LFE3-.LFB3
 1215 0048 00000000 		.4byte	.LFB7
 1216 004c 30000000 		.4byte	.LFE7-.LFB7
 1217 0050 00000000 		.4byte	0
 1218 0054 00000000 		.4byte	0
 1219              		.section	.debug_ranges,"",%progbits
 1220              	.Ldebug_ranges0:
 1221 0000 00000000 		.4byte	.LFB0
 1222 0004 1C000000 		.4byte	.LFE0
 1223 0008 00000000 		.4byte	.LFB1
 1224 000c 68000000 		.4byte	.LFE1
 1225 0010 00000000 		.4byte	.LFB2
 1226 0014 50000000 		.4byte	.LFE2
 1227 0018 00000000 		.4byte	.LFB4
 1228 001c 30000000 		.4byte	.LFE4
 1229 0020 00000000 		.4byte	.LFB5
 1230 0024 1C000000 		.4byte	.LFE5
 1231 0028 00000000 		.4byte	.LFB6
 1232 002c 34000000 		.4byte	.LFE6
 1233 0030 00000000 		.4byte	.LFB3
 1234 0034 30000000 		.4byte	.LFE3
 1235 0038 00000000 		.4byte	.LFB7
ARM GAS  C:\Users\Jarik\AppData\Local\Temp\ccqt7Jbj.s 			page 31


 1236 003c 30000000 		.4byte	.LFE7
 1237 0040 00000000 		.4byte	0
 1238 0044 00000000 		.4byte	0
 1239              		.section	.debug_line,"",%progbits
 1240              	.Ldebug_line0:
 1241 0000 5C010000 		.section	.debug_str,"MS",%progbits,1
 1241      02004E00 
 1241      00000201 
 1241      FB0E0D00 
 1241      01010101 
 1242              	.LASF15:
 1243 0000 72656731 		.ascii	"reg16\000"
 1243      3600
 1244              	.LASF16:
 1245 0006 72656733 		.ascii	"reg32\000"
 1245      3200
 1246              	.LASF28:
 1247 000c 474E5520 		.ascii	"GNU C 4.9.3 20150303 (release) [ARM/embedded-4_9-br"
 1247      4320342E 
 1247      392E3320 
 1247      32303135 
 1247      30333033 
 1248 003f 616E6368 		.ascii	"anch revision 221220] -mcpu=cortex-m0 -mthumb -g -O"
 1248      20726576 
 1248      6973696F 
 1248      6E203232 
 1248      31323230 
 1249 0072 73202D66 		.ascii	"s -ffunction-sections -ffat-lto-objects\000"
 1249      66756E63 
 1249      74696F6E 
 1249      2D736563 
 1249      74696F6E 
 1250              	.LASF18:
 1251 009a 43795379 		.ascii	"CySysPmSleep\000"
 1251      73506D53 
 1251      6C656570 
 1251      00
 1252              	.LASF3:
 1253 00a7 73686F72 		.ascii	"short unsigned int\000"
 1253      7420756E 
 1253      7369676E 
 1253      65642069 
 1253      6E7400
 1254              	.LASF22:
 1255 00ba 43795379 		.ascii	"CySysPmHibernate\000"
 1255      73506D48 
 1255      69626572 
 1255      6E617465 
 1255      00
 1256              	.LASF12:
 1257 00cb 666C6F61 		.ascii	"float\000"
 1257      7400
 1258              	.LASF7:
 1259 00d1 6C6F6E67 		.ascii	"long long unsigned int\000"
 1259      206C6F6E 
 1259      6720756E 
 1259      7369676E 
ARM GAS  C:\Users\Jarik\AppData\Local\Temp\ccqt7Jbj.s 			page 32


 1259      65642069 
 1260              	.LASF1:
 1261 00e8 756E7369 		.ascii	"unsigned char\000"
 1261      676E6564 
 1261      20636861 
 1261      7200
 1262              	.LASF23:
 1263 00f6 43795379 		.ascii	"CySysPmSetWakeupPolarity\000"
 1263      73506D53 
 1263      65745761 
 1263      6B657570 
 1263      506F6C61 
 1264              	.LASF20:
 1265 010f 696E7465 		.ascii	"interruptState\000"
 1265      72727570 
 1265      74537461 
 1265      746500
 1266              	.LASF5:
 1267 011e 6C6F6E67 		.ascii	"long unsigned int\000"
 1267      20756E73 
 1267      69676E65 
 1267      6420696E 
 1267      7400
 1268              	.LASF9:
 1269 0130 75696E74 		.ascii	"uint8\000"
 1269      3800
 1270              	.LASF26:
 1271 0136 43795379 		.ascii	"CySysPmStop\000"
 1271      73506D53 
 1271      746F7000 
 1272              	.LASF13:
 1273 0142 646F7562 		.ascii	"double\000"
 1273      6C6500
 1274              	.LASF27:
 1275 0149 43795379 		.ascii	"CySysPmUnfreezeIo\000"
 1275      73506D55 
 1275      6E667265 
 1275      657A6549 
 1275      6F00
 1276              	.LASF10:
 1277 015b 75696E74 		.ascii	"uint16\000"
 1277      313600
 1278              	.LASF11:
 1279 0162 75696E74 		.ascii	"uint32\000"
 1279      333200
 1280              	.LASF33:
 1281 0169 4379456E 		.ascii	"CyEnterCriticalSection\000"
 1281      74657243 
 1281      72697469 
 1281      63616C53 
 1281      65637469 
 1282              	.LASF8:
 1283 0180 756E7369 		.ascii	"unsigned int\000"
 1283      676E6564 
 1283      20696E74 
 1283      00
 1284              	.LASF34:
ARM GAS  C:\Users\Jarik\AppData\Local\Temp\ccqt7Jbj.s 			page 33


 1285 018d 43794578 		.ascii	"CyExitCriticalSection\000"
 1285      69744372 
 1285      69746963 
 1285      616C5365 
 1285      6374696F 
 1286              	.LASF35:
 1287 01a3 43795379 		.ascii	"CySysClkWriteSysclkDiv\000"
 1287      73436C6B 
 1287      57726974 
 1287      65537973 
 1287      636C6B44 
 1288              	.LASF24:
 1289 01ba 72656173 		.ascii	"reason\000"
 1289      6F6E00
 1290              	.LASF31:
 1291 01c1 706F6C61 		.ascii	"polarity\000"
 1291      72697479 
 1291      00
 1292              	.LASF32:
 1293 01ca 43795379 		.ascii	"CySysPmGetResetReason\000"
 1293      73506D47 
 1293      65745265 
 1293      73657452 
 1293      6561736F 
 1294              	.LASF17:
 1295 01e0 73697A65 		.ascii	"sizetype\000"
 1295      74797065 
 1295      00
 1296              	.LASF6:
 1297 01e9 6C6F6E67 		.ascii	"long long int\000"
 1297      206C6F6E 
 1297      6720696E 
 1297      7400
 1298              	.LASF14:
 1299 01f7 63686172 		.ascii	"char\000"
 1299      00
 1300              	.LASF21:
 1301 01fc 636C6B53 		.ascii	"clkSelectReg\000"
 1301      656C6563 
 1301      74526567 
 1301      00
 1302              	.LASF29:
 1303 0209 2E5C4765 		.ascii	".\\Generated_Source\\PSoC4\\cyPm.c\000"
 1303      6E657261 
 1303      7465645F 
 1303      536F7572 
 1303      63655C50 
 1304              	.LASF2:
 1305 0229 73686F72 		.ascii	"short int\000"
 1305      7420696E 
 1305      7400
 1306              	.LASF19:
 1307 0233 43795379 		.ascii	"CySysPmDeepSleep\000"
 1307      73506D44 
 1307      65657053 
 1307      6C656570 
 1307      00
ARM GAS  C:\Users\Jarik\AppData\Local\Temp\ccqt7Jbj.s 			page 34


 1308              	.LASF4:
 1309 0244 6C6F6E67 		.ascii	"long int\000"
 1309      20696E74 
 1309      00
 1310              	.LASF30:
 1311 024d 453A5C68 		.ascii	"E:\\home\\jarik\\src\\psoc\\mpi_rom_emu\\mpi_rom_em"
 1311      6F6D655C 
 1311      6A617269 
 1311      6B5C7372 
 1311      635C7073 
 1312 027a 752E6379 		.ascii	"u.cydsn\000"
 1312      64736E00 
 1313              	.LASF0:
 1314 0282 7369676E 		.ascii	"signed char\000"
 1314      65642063 
 1314      68617200 
 1315              	.LASF25:
 1316 028e 43795379 		.ascii	"CySysPmFreezeIo\000"
 1316      73506D46 
 1316      7265657A 
 1316      65496F00 
 1317              		.ident	"GCC: (GNU Tools for ARM Embedded Processors) 4.9.3 20150303 (release) [ARM/embedded-4_9-br
