ARM GAS  C:\Users\Jarik\AppData\Local\Temp\ccwQdLRK.s 			page 1


   1              		.cpu cortex-m0
   2              		.fpu softvfp
   3              		.eabi_attribute 20, 1
   4              		.eabi_attribute 21, 1
   5              		.eabi_attribute 23, 3
   6              		.eabi_attribute 24, 1
   7              		.eabi_attribute 25, 1
   8              		.eabi_attribute 26, 1
   9              		.eabi_attribute 30, 4
  10              		.eabi_attribute 34, 0
  11              		.eabi_attribute 18, 4
  12              		.code	16
  13              		.file	"cyutils.c"
  14              		.text
  15              	.Ltext0:
  16              		.cfi_sections	.debug_frame
  17              		.section	.text.CySetReg24,"ax",%progbits
  18              		.align	1
  19              		.global	CySetReg24
  20              		.code	16
  21              		.thumb_func
  22              		.type	CySetReg24, %function
  23              	CySetReg24:
  24              	.LFB0:
  25              		.file 1 ".\\Generated_Source\\PSoC4\\cyutils.c"
   1:.\Generated_Source\PSoC4/cyutils.c **** /*******************************************************************************
   2:.\Generated_Source\PSoC4/cyutils.c **** * FILENAME: cyutils.c
   3:.\Generated_Source\PSoC4/cyutils.c **** * Version 5.20
   4:.\Generated_Source\PSoC4/cyutils.c **** *
   5:.\Generated_Source\PSoC4/cyutils.c **** *  Description:
   6:.\Generated_Source\PSoC4/cyutils.c **** *   CyUtils provides a function to handle 24-bit value writes.
   7:.\Generated_Source\PSoC4/cyutils.c **** *
   8:.\Generated_Source\PSoC4/cyutils.c **** ********************************************************************************
   9:.\Generated_Source\PSoC4/cyutils.c **** * Copyright 2008-2015, Cypress Semiconductor Corporation.  All rights reserved.
  10:.\Generated_Source\PSoC4/cyutils.c **** * You may use this file only in accordance with the license, terms, conditions,
  11:.\Generated_Source\PSoC4/cyutils.c **** * disclaimers, and limitations in the end user license agreement accompanying
  12:.\Generated_Source\PSoC4/cyutils.c **** * the software package with which this file was provided.
  13:.\Generated_Source\PSoC4/cyutils.c **** *******************************************************************************/
  14:.\Generated_Source\PSoC4/cyutils.c **** 
  15:.\Generated_Source\PSoC4/cyutils.c **** #include "cytypes.h"
  16:.\Generated_Source\PSoC4/cyutils.c **** 
  17:.\Generated_Source\PSoC4/cyutils.c **** #if (!CY_PSOC3)
  18:.\Generated_Source\PSoC4/cyutils.c **** 
  19:.\Generated_Source\PSoC4/cyutils.c ****     /***************************************************************************
  20:.\Generated_Source\PSoC4/cyutils.c ****     * Function Name: CySetReg24
  21:.\Generated_Source\PSoC4/cyutils.c ****     ****************************************************************************
  22:.\Generated_Source\PSoC4/cyutils.c ****     *
  23:.\Generated_Source\PSoC4/cyutils.c ****     * Summary:
  24:.\Generated_Source\PSoC4/cyutils.c ****     *  Writes a 24-bit value to the specified register.
  25:.\Generated_Source\PSoC4/cyutils.c ****     *
  26:.\Generated_Source\PSoC4/cyutils.c ****     * Parameters:
  27:.\Generated_Source\PSoC4/cyutils.c ****     *  addr : the address where data must be written.
  28:.\Generated_Source\PSoC4/cyutils.c ****     *  value: the data that must be written.
  29:.\Generated_Source\PSoC4/cyutils.c ****     *
  30:.\Generated_Source\PSoC4/cyutils.c ****     * Return:
  31:.\Generated_Source\PSoC4/cyutils.c ****     *  None
  32:.\Generated_Source\PSoC4/cyutils.c ****     *
ARM GAS  C:\Users\Jarik\AppData\Local\Temp\ccwQdLRK.s 			page 2


  33:.\Generated_Source\PSoC4/cyutils.c ****     * Reentrant:
  34:.\Generated_Source\PSoC4/cyutils.c ****     *  No
  35:.\Generated_Source\PSoC4/cyutils.c ****     *
  36:.\Generated_Source\PSoC4/cyutils.c ****     ***************************************************************************/
  37:.\Generated_Source\PSoC4/cyutils.c ****     void CySetReg24(uint32 volatile * addr, uint32 value)
  38:.\Generated_Source\PSoC4/cyutils.c ****     {
  26              		.loc 1 38 0
  27              		.cfi_startproc
  28              	.LVL0:
  39:.\Generated_Source\PSoC4/cyutils.c ****         uint8 volatile *tmpAddr;
  40:.\Generated_Source\PSoC4/cyutils.c **** 
  41:.\Generated_Source\PSoC4/cyutils.c ****         tmpAddr = (uint8 volatile *) addr;
  42:.\Generated_Source\PSoC4/cyutils.c **** 
  43:.\Generated_Source\PSoC4/cyutils.c ****         tmpAddr[0u] = (uint8) value;
  29              		.loc 1 43 0
  30 0000 CBB2     		uxtb	r3, r1
  31 0002 0370     		strb	r3, [r0]
  44:.\Generated_Source\PSoC4/cyutils.c ****         tmpAddr[1u] = (uint8) (value >> 8u);
  32              		.loc 1 44 0
  33 0004 0B0A     		lsr	r3, r1, #8
  45:.\Generated_Source\PSoC4/cyutils.c ****         tmpAddr[2u] = (uint8) (value >> 16u);
  34              		.loc 1 45 0
  35 0006 090C     		lsr	r1, r1, #16
  36              	.LVL1:
  44:.\Generated_Source\PSoC4/cyutils.c ****         tmpAddr[1u] = (uint8) (value >> 8u);
  37              		.loc 1 44 0
  38 0008 DBB2     		uxtb	r3, r3
  39              		.loc 1 45 0
  40 000a C9B2     		uxtb	r1, r1
  44:.\Generated_Source\PSoC4/cyutils.c ****         tmpAddr[1u] = (uint8) (value >> 8u);
  41              		.loc 1 44 0
  42 000c 4370     		strb	r3, [r0, #1]
  46:.\Generated_Source\PSoC4/cyutils.c ****     }
  43              		.loc 1 46 0
  44              		@ sp needed
  45:.\Generated_Source\PSoC4/cyutils.c ****         tmpAddr[2u] = (uint8) (value >> 16u);
  45              		.loc 1 45 0
  46 000e 8170     		strb	r1, [r0, #2]
  47              		.loc 1 46 0
  48 0010 7047     		bx	lr
  49              		.cfi_endproc
  50              	.LFE0:
  51              		.size	CySetReg24, .-CySetReg24
  52              		.section	.text.CyGetReg24,"ax",%progbits
  53              		.align	1
  54              		.global	CyGetReg24
  55              		.code	16
  56              		.thumb_func
  57              		.type	CyGetReg24, %function
  58              	CyGetReg24:
  59              	.LFB1:
  47:.\Generated_Source\PSoC4/cyutils.c **** 
  48:.\Generated_Source\PSoC4/cyutils.c **** 
  49:.\Generated_Source\PSoC4/cyutils.c ****     #if(CY_PSOC4)
  50:.\Generated_Source\PSoC4/cyutils.c **** 
  51:.\Generated_Source\PSoC4/cyutils.c ****         /***************************************************************************
  52:.\Generated_Source\PSoC4/cyutils.c ****         * Function Name: CyGetReg24
ARM GAS  C:\Users\Jarik\AppData\Local\Temp\ccwQdLRK.s 			page 3


  53:.\Generated_Source\PSoC4/cyutils.c ****         ****************************************************************************
  54:.\Generated_Source\PSoC4/cyutils.c ****         *
  55:.\Generated_Source\PSoC4/cyutils.c ****         * Summary:
  56:.\Generated_Source\PSoC4/cyutils.c ****         *  Reads the 24-bit value from the specified register.
  57:.\Generated_Source\PSoC4/cyutils.c ****         *
  58:.\Generated_Source\PSoC4/cyutils.c ****         * Parameters:
  59:.\Generated_Source\PSoC4/cyutils.c ****         *  addr : the address where data must be read.
  60:.\Generated_Source\PSoC4/cyutils.c ****         *
  61:.\Generated_Source\PSoC4/cyutils.c ****         * Return:
  62:.\Generated_Source\PSoC4/cyutils.c ****         *  None
  63:.\Generated_Source\PSoC4/cyutils.c ****         *
  64:.\Generated_Source\PSoC4/cyutils.c ****         * Reentrant:
  65:.\Generated_Source\PSoC4/cyutils.c ****         *  No
  66:.\Generated_Source\PSoC4/cyutils.c ****         *
  67:.\Generated_Source\PSoC4/cyutils.c ****         ***************************************************************************/
  68:.\Generated_Source\PSoC4/cyutils.c ****         uint32 CyGetReg24(uint32 const volatile * addr)
  69:.\Generated_Source\PSoC4/cyutils.c ****         {
  60              		.loc 1 69 0
  61              		.cfi_startproc
  62              	.LVL2:
  63              		.loc 1 69 0
  64 0000 031C     		mov	r3, r0
  70:.\Generated_Source\PSoC4/cyutils.c ****             uint8 const volatile *tmpAddr;
  71:.\Generated_Source\PSoC4/cyutils.c ****             uint32 value;
  72:.\Generated_Source\PSoC4/cyutils.c **** 
  73:.\Generated_Source\PSoC4/cyutils.c ****             tmpAddr = (uint8 const volatile *) addr;
  74:.\Generated_Source\PSoC4/cyutils.c **** 
  75:.\Generated_Source\PSoC4/cyutils.c ****             value  =  (uint32) tmpAddr[0u];
  65              		.loc 1 75 0
  66 0002 0278     		ldrb	r2, [r0]
  67              	.LVL3:
  76:.\Generated_Source\PSoC4/cyutils.c ****             value |= ((uint32) tmpAddr[1u] << 8u );
  68              		.loc 1 76 0
  69 0004 4078     		ldrb	r0, [r0, #1]
  70              	.LVL4:
  77:.\Generated_Source\PSoC4/cyutils.c ****             value |= ((uint32) tmpAddr[2u] << 16u);
  71              		.loc 1 77 0
  72 0006 9B78     		ldrb	r3, [r3, #2]
  73              	.LVL5:
  76:.\Generated_Source\PSoC4/cyutils.c ****             value |= ((uint32) tmpAddr[1u] << 8u );
  74              		.loc 1 76 0
  75 0008 0002     		lsl	r0, r0, #8
  76              	.LVL6:
  77              		.loc 1 77 0
  78 000a 1B04     		lsl	r3, r3, #16
  79 000c 1843     		orr	r0, r3
  80 000e 1043     		orr	r0, r2
  78:.\Generated_Source\PSoC4/cyutils.c **** 
  79:.\Generated_Source\PSoC4/cyutils.c ****             return(value);
  80:.\Generated_Source\PSoC4/cyutils.c ****         }
  81              		.loc 1 80 0
  82              		@ sp needed
  83 0010 7047     		bx	lr
  84              		.cfi_endproc
  85              	.LFE1:
  86              		.size	CyGetReg24, .-CyGetReg24
  87              		.text
ARM GAS  C:\Users\Jarik\AppData\Local\Temp\ccwQdLRK.s 			page 4


  88              	.Letext0:
  89              		.file 2 ".\\Generated_Source\\PSoC4\\cytypes.h"
  90              		.section	.debug_info,"",%progbits
  91              	.Ldebug_info0:
  92 0000 45010000 		.4byte	0x145
  93 0004 0400     		.2byte	0x4
  94 0006 00000000 		.4byte	.Ldebug_abbrev0
  95 000a 04       		.byte	0x4
  96 000b 01       		.uleb128 0x1
  97 000c 00000000 		.4byte	.LASF17
  98 0010 01       		.byte	0x1
  99 0011 F0000000 		.4byte	.LASF18
 100 0015 71010000 		.4byte	.LASF19
 101 0019 00000000 		.4byte	.Ldebug_ranges0+0
 102 001d 00000000 		.4byte	0
 103 0021 00000000 		.4byte	.Ldebug_line0
 104 0025 02       		.uleb128 0x2
 105 0026 01       		.byte	0x1
 106 0027 06       		.byte	0x6
 107 0028 A6010000 		.4byte	.LASF0
 108 002c 02       		.uleb128 0x2
 109 002d 01       		.byte	0x1
 110 002e 08       		.byte	0x8
 111 002f B5000000 		.4byte	.LASF1
 112 0033 02       		.uleb128 0x2
 113 0034 02       		.byte	0x2
 114 0035 05       		.byte	0x5
 115 0036 58010000 		.4byte	.LASF2
 116 003a 02       		.uleb128 0x2
 117 003b 02       		.byte	0x2
 118 003c 07       		.byte	0x7
 119 003d DD000000 		.4byte	.LASF3
 120 0041 02       		.uleb128 0x2
 121 0042 04       		.byte	0x4
 122 0043 05       		.byte	0x5
 123 0044 68010000 		.4byte	.LASF4
 124 0048 02       		.uleb128 0x2
 125 0049 04       		.byte	0x4
 126 004a 07       		.byte	0x7
 127 004b CB000000 		.4byte	.LASF5
 128 004f 02       		.uleb128 0x2
 129 0050 08       		.byte	0x8
 130 0051 05       		.byte	0x5
 131 0052 45010000 		.4byte	.LASF6
 132 0056 02       		.uleb128 0x2
 133 0057 08       		.byte	0x8
 134 0058 07       		.byte	0x7
 135 0059 2E010000 		.4byte	.LASF7
 136 005d 03       		.uleb128 0x3
 137 005e 04       		.byte	0x4
 138 005f 05       		.byte	0x5
 139 0060 696E7400 		.ascii	"int\000"
 140 0064 02       		.uleb128 0x2
 141 0065 04       		.byte	0x4
 142 0066 07       		.byte	0x7
 143 0067 21010000 		.4byte	.LASF8
 144 006b 04       		.uleb128 0x4
ARM GAS  C:\Users\Jarik\AppData\Local\Temp\ccwQdLRK.s 			page 5


 145 006c 62010000 		.4byte	.LASF9
 146 0070 02       		.byte	0x2
 147 0071 C2       		.byte	0xc2
 148 0072 2C000000 		.4byte	0x2c
 149 0076 04       		.uleb128 0x4
 150 0077 1A010000 		.4byte	.LASF10
 151 007b 02       		.byte	0x2
 152 007c C4       		.byte	0xc4
 153 007d 48000000 		.4byte	0x48
 154 0081 02       		.uleb128 0x2
 155 0082 04       		.byte	0x4
 156 0083 04       		.byte	0x4
 157 0084 AF000000 		.4byte	.LASF11
 158 0088 02       		.uleb128 0x2
 159 0089 08       		.byte	0x8
 160 008a 04       		.byte	0x4
 161 008b 13010000 		.4byte	.LASF12
 162 008f 02       		.uleb128 0x2
 163 0090 01       		.byte	0x1
 164 0091 08       		.byte	0x8
 165 0092 53010000 		.4byte	.LASF13
 166 0096 05       		.uleb128 0x5
 167 0097 6B000000 		.4byte	0x6b
 168 009b 05       		.uleb128 0x5
 169 009c 76000000 		.4byte	0x76
 170 00a0 06       		.uleb128 0x6
 171 00a1 9F000000 		.4byte	.LASF20
 172 00a5 01       		.byte	0x1
 173 00a6 25       		.byte	0x25
 174 00a7 00000000 		.4byte	.LFB0
 175 00ab 12000000 		.4byte	.LFE0-.LFB0
 176 00af 01       		.uleb128 0x1
 177 00b0 9C       		.byte	0x9c
 178 00b1 DF000000 		.4byte	0xdf
 179 00b5 07       		.uleb128 0x7
 180 00b6 AA000000 		.4byte	.LASF14
 181 00ba 01       		.byte	0x1
 182 00bb 25       		.byte	0x25
 183 00bc DF000000 		.4byte	0xdf
 184 00c0 01       		.uleb128 0x1
 185 00c1 50       		.byte	0x50
 186 00c2 08       		.uleb128 0x8
 187 00c3 8E000000 		.4byte	.LASF15
 188 00c7 01       		.byte	0x1
 189 00c8 25       		.byte	0x25
 190 00c9 76000000 		.4byte	0x76
 191 00cd 00000000 		.4byte	.LLST0
 192 00d1 09       		.uleb128 0x9
 193 00d2 C3000000 		.4byte	.LASF16
 194 00d6 01       		.byte	0x1
 195 00d7 27       		.byte	0x27
 196 00d8 E5000000 		.4byte	0xe5
 197 00dc 01       		.uleb128 0x1
 198 00dd 50       		.byte	0x50
 199 00de 00       		.byte	0
 200 00df 0A       		.uleb128 0xa
 201 00e0 04       		.byte	0x4
ARM GAS  C:\Users\Jarik\AppData\Local\Temp\ccwQdLRK.s 			page 6


 202 00e1 9B000000 		.4byte	0x9b
 203 00e5 0A       		.uleb128 0xa
 204 00e6 04       		.byte	0x4
 205 00e7 96000000 		.4byte	0x96
 206 00eb 0B       		.uleb128 0xb
 207 00ec 94000000 		.4byte	.LASF21
 208 00f0 01       		.byte	0x1
 209 00f1 44       		.byte	0x44
 210 00f2 76000000 		.4byte	0x76
 211 00f6 00000000 		.4byte	.LFB1
 212 00fa 12000000 		.4byte	.LFE1-.LFB1
 213 00fe 01       		.uleb128 0x1
 214 00ff 9C       		.byte	0x9c
 215 0100 32010000 		.4byte	0x132
 216 0104 08       		.uleb128 0x8
 217 0105 AA000000 		.4byte	.LASF14
 218 0109 01       		.byte	0x1
 219 010a 44       		.byte	0x44
 220 010b 32010000 		.4byte	0x132
 221 010f 21000000 		.4byte	.LLST1
 222 0113 0C       		.uleb128 0xc
 223 0114 C3000000 		.4byte	.LASF16
 224 0118 01       		.byte	0x1
 225 0119 46       		.byte	0x46
 226 011a 3D010000 		.4byte	0x13d
 227 011e 21000000 		.4byte	.LLST1
 228 0122 0C       		.uleb128 0xc
 229 0123 8E000000 		.4byte	.LASF15
 230 0127 01       		.byte	0x1
 231 0128 47       		.byte	0x47
 232 0129 76000000 		.4byte	0x76
 233 012d 4D000000 		.4byte	.LLST3
 234 0131 00       		.byte	0
 235 0132 0A       		.uleb128 0xa
 236 0133 04       		.byte	0x4
 237 0134 38010000 		.4byte	0x138
 238 0138 0D       		.uleb128 0xd
 239 0139 9B000000 		.4byte	0x9b
 240 013d 0A       		.uleb128 0xa
 241 013e 04       		.byte	0x4
 242 013f 43010000 		.4byte	0x143
 243 0143 0D       		.uleb128 0xd
 244 0144 96000000 		.4byte	0x96
 245 0148 00       		.byte	0
 246              		.section	.debug_abbrev,"",%progbits
 247              	.Ldebug_abbrev0:
 248 0000 01       		.uleb128 0x1
 249 0001 11       		.uleb128 0x11
 250 0002 01       		.byte	0x1
 251 0003 25       		.uleb128 0x25
 252 0004 0E       		.uleb128 0xe
 253 0005 13       		.uleb128 0x13
 254 0006 0B       		.uleb128 0xb
 255 0007 03       		.uleb128 0x3
 256 0008 0E       		.uleb128 0xe
 257 0009 1B       		.uleb128 0x1b
 258 000a 0E       		.uleb128 0xe
ARM GAS  C:\Users\Jarik\AppData\Local\Temp\ccwQdLRK.s 			page 7


 259 000b 55       		.uleb128 0x55
 260 000c 17       		.uleb128 0x17
 261 000d 11       		.uleb128 0x11
 262 000e 01       		.uleb128 0x1
 263 000f 10       		.uleb128 0x10
 264 0010 17       		.uleb128 0x17
 265 0011 00       		.byte	0
 266 0012 00       		.byte	0
 267 0013 02       		.uleb128 0x2
 268 0014 24       		.uleb128 0x24
 269 0015 00       		.byte	0
 270 0016 0B       		.uleb128 0xb
 271 0017 0B       		.uleb128 0xb
 272 0018 3E       		.uleb128 0x3e
 273 0019 0B       		.uleb128 0xb
 274 001a 03       		.uleb128 0x3
 275 001b 0E       		.uleb128 0xe
 276 001c 00       		.byte	0
 277 001d 00       		.byte	0
 278 001e 03       		.uleb128 0x3
 279 001f 24       		.uleb128 0x24
 280 0020 00       		.byte	0
 281 0021 0B       		.uleb128 0xb
 282 0022 0B       		.uleb128 0xb
 283 0023 3E       		.uleb128 0x3e
 284 0024 0B       		.uleb128 0xb
 285 0025 03       		.uleb128 0x3
 286 0026 08       		.uleb128 0x8
 287 0027 00       		.byte	0
 288 0028 00       		.byte	0
 289 0029 04       		.uleb128 0x4
 290 002a 16       		.uleb128 0x16
 291 002b 00       		.byte	0
 292 002c 03       		.uleb128 0x3
 293 002d 0E       		.uleb128 0xe
 294 002e 3A       		.uleb128 0x3a
 295 002f 0B       		.uleb128 0xb
 296 0030 3B       		.uleb128 0x3b
 297 0031 0B       		.uleb128 0xb
 298 0032 49       		.uleb128 0x49
 299 0033 13       		.uleb128 0x13
 300 0034 00       		.byte	0
 301 0035 00       		.byte	0
 302 0036 05       		.uleb128 0x5
 303 0037 35       		.uleb128 0x35
 304 0038 00       		.byte	0
 305 0039 49       		.uleb128 0x49
 306 003a 13       		.uleb128 0x13
 307 003b 00       		.byte	0
 308 003c 00       		.byte	0
 309 003d 06       		.uleb128 0x6
 310 003e 2E       		.uleb128 0x2e
 311 003f 01       		.byte	0x1
 312 0040 3F       		.uleb128 0x3f
 313 0041 19       		.uleb128 0x19
 314 0042 03       		.uleb128 0x3
 315 0043 0E       		.uleb128 0xe
ARM GAS  C:\Users\Jarik\AppData\Local\Temp\ccwQdLRK.s 			page 8


 316 0044 3A       		.uleb128 0x3a
 317 0045 0B       		.uleb128 0xb
 318 0046 3B       		.uleb128 0x3b
 319 0047 0B       		.uleb128 0xb
 320 0048 27       		.uleb128 0x27
 321 0049 19       		.uleb128 0x19
 322 004a 11       		.uleb128 0x11
 323 004b 01       		.uleb128 0x1
 324 004c 12       		.uleb128 0x12
 325 004d 06       		.uleb128 0x6
 326 004e 40       		.uleb128 0x40
 327 004f 18       		.uleb128 0x18
 328 0050 9742     		.uleb128 0x2117
 329 0052 19       		.uleb128 0x19
 330 0053 01       		.uleb128 0x1
 331 0054 13       		.uleb128 0x13
 332 0055 00       		.byte	0
 333 0056 00       		.byte	0
 334 0057 07       		.uleb128 0x7
 335 0058 05       		.uleb128 0x5
 336 0059 00       		.byte	0
 337 005a 03       		.uleb128 0x3
 338 005b 0E       		.uleb128 0xe
 339 005c 3A       		.uleb128 0x3a
 340 005d 0B       		.uleb128 0xb
 341 005e 3B       		.uleb128 0x3b
 342 005f 0B       		.uleb128 0xb
 343 0060 49       		.uleb128 0x49
 344 0061 13       		.uleb128 0x13
 345 0062 02       		.uleb128 0x2
 346 0063 18       		.uleb128 0x18
 347 0064 00       		.byte	0
 348 0065 00       		.byte	0
 349 0066 08       		.uleb128 0x8
 350 0067 05       		.uleb128 0x5
 351 0068 00       		.byte	0
 352 0069 03       		.uleb128 0x3
 353 006a 0E       		.uleb128 0xe
 354 006b 3A       		.uleb128 0x3a
 355 006c 0B       		.uleb128 0xb
 356 006d 3B       		.uleb128 0x3b
 357 006e 0B       		.uleb128 0xb
 358 006f 49       		.uleb128 0x49
 359 0070 13       		.uleb128 0x13
 360 0071 02       		.uleb128 0x2
 361 0072 17       		.uleb128 0x17
 362 0073 00       		.byte	0
 363 0074 00       		.byte	0
 364 0075 09       		.uleb128 0x9
 365 0076 34       		.uleb128 0x34
 366 0077 00       		.byte	0
 367 0078 03       		.uleb128 0x3
 368 0079 0E       		.uleb128 0xe
 369 007a 3A       		.uleb128 0x3a
 370 007b 0B       		.uleb128 0xb
 371 007c 3B       		.uleb128 0x3b
 372 007d 0B       		.uleb128 0xb
ARM GAS  C:\Users\Jarik\AppData\Local\Temp\ccwQdLRK.s 			page 9


 373 007e 49       		.uleb128 0x49
 374 007f 13       		.uleb128 0x13
 375 0080 02       		.uleb128 0x2
 376 0081 18       		.uleb128 0x18
 377 0082 00       		.byte	0
 378 0083 00       		.byte	0
 379 0084 0A       		.uleb128 0xa
 380 0085 0F       		.uleb128 0xf
 381 0086 00       		.byte	0
 382 0087 0B       		.uleb128 0xb
 383 0088 0B       		.uleb128 0xb
 384 0089 49       		.uleb128 0x49
 385 008a 13       		.uleb128 0x13
 386 008b 00       		.byte	0
 387 008c 00       		.byte	0
 388 008d 0B       		.uleb128 0xb
 389 008e 2E       		.uleb128 0x2e
 390 008f 01       		.byte	0x1
 391 0090 3F       		.uleb128 0x3f
 392 0091 19       		.uleb128 0x19
 393 0092 03       		.uleb128 0x3
 394 0093 0E       		.uleb128 0xe
 395 0094 3A       		.uleb128 0x3a
 396 0095 0B       		.uleb128 0xb
 397 0096 3B       		.uleb128 0x3b
 398 0097 0B       		.uleb128 0xb
 399 0098 27       		.uleb128 0x27
 400 0099 19       		.uleb128 0x19
 401 009a 49       		.uleb128 0x49
 402 009b 13       		.uleb128 0x13
 403 009c 11       		.uleb128 0x11
 404 009d 01       		.uleb128 0x1
 405 009e 12       		.uleb128 0x12
 406 009f 06       		.uleb128 0x6
 407 00a0 40       		.uleb128 0x40
 408 00a1 18       		.uleb128 0x18
 409 00a2 9742     		.uleb128 0x2117
 410 00a4 19       		.uleb128 0x19
 411 00a5 01       		.uleb128 0x1
 412 00a6 13       		.uleb128 0x13
 413 00a7 00       		.byte	0
 414 00a8 00       		.byte	0
 415 00a9 0C       		.uleb128 0xc
 416 00aa 34       		.uleb128 0x34
 417 00ab 00       		.byte	0
 418 00ac 03       		.uleb128 0x3
 419 00ad 0E       		.uleb128 0xe
 420 00ae 3A       		.uleb128 0x3a
 421 00af 0B       		.uleb128 0xb
 422 00b0 3B       		.uleb128 0x3b
 423 00b1 0B       		.uleb128 0xb
 424 00b2 49       		.uleb128 0x49
 425 00b3 13       		.uleb128 0x13
 426 00b4 02       		.uleb128 0x2
 427 00b5 17       		.uleb128 0x17
 428 00b6 00       		.byte	0
 429 00b7 00       		.byte	0
ARM GAS  C:\Users\Jarik\AppData\Local\Temp\ccwQdLRK.s 			page 10


 430 00b8 0D       		.uleb128 0xd
 431 00b9 26       		.uleb128 0x26
 432 00ba 00       		.byte	0
 433 00bb 49       		.uleb128 0x49
 434 00bc 13       		.uleb128 0x13
 435 00bd 00       		.byte	0
 436 00be 00       		.byte	0
 437 00bf 00       		.byte	0
 438              		.section	.debug_loc,"",%progbits
 439              	.Ldebug_loc0:
 440              	.LLST0:
 441 0000 00000000 		.4byte	.LVL0
 442 0004 08000000 		.4byte	.LVL1
 443 0008 0100     		.2byte	0x1
 444 000a 51       		.byte	0x51
 445 000b 08000000 		.4byte	.LVL1
 446 000f 12000000 		.4byte	.LFE0
 447 0013 0400     		.2byte	0x4
 448 0015 F3       		.byte	0xf3
 449 0016 01       		.uleb128 0x1
 450 0017 51       		.byte	0x51
 451 0018 9F       		.byte	0x9f
 452 0019 00000000 		.4byte	0
 453 001d 00000000 		.4byte	0
 454              	.LLST1:
 455 0021 00000000 		.4byte	.LVL2
 456 0025 06000000 		.4byte	.LVL4
 457 0029 0100     		.2byte	0x1
 458 002b 50       		.byte	0x50
 459 002c 06000000 		.4byte	.LVL4
 460 0030 08000000 		.4byte	.LVL5
 461 0034 0100     		.2byte	0x1
 462 0036 53       		.byte	0x53
 463 0037 08000000 		.4byte	.LVL5
 464 003b 12000000 		.4byte	.LFE1
 465 003f 0400     		.2byte	0x4
 466 0041 F3       		.byte	0xf3
 467 0042 01       		.uleb128 0x1
 468 0043 50       		.byte	0x50
 469 0044 9F       		.byte	0x9f
 470 0045 00000000 		.4byte	0
 471 0049 00000000 		.4byte	0
 472              	.LLST3:
 473 004d 04000000 		.4byte	.LVL3
 474 0051 06000000 		.4byte	.LVL4
 475 0055 0100     		.2byte	0x1
 476 0057 52       		.byte	0x52
 477 0058 06000000 		.4byte	.LVL4
 478 005c 08000000 		.4byte	.LVL5
 479 0060 0800     		.2byte	0x8
 480 0062 70       		.byte	0x70
 481 0063 00       		.sleb128 0
 482 0064 38       		.byte	0x38
 483 0065 24       		.byte	0x24
 484 0066 72       		.byte	0x72
 485 0067 00       		.sleb128 0
 486 0068 21       		.byte	0x21
ARM GAS  C:\Users\Jarik\AppData\Local\Temp\ccwQdLRK.s 			page 11


 487 0069 9F       		.byte	0x9f
 488 006a 08000000 		.4byte	.LVL5
 489 006e 0A000000 		.4byte	.LVL6
 490 0072 1300     		.2byte	0x13
 491 0074 70       		.byte	0x70
 492 0075 00       		.sleb128 0
 493 0076 08       		.byte	0x8
 494 0077 FF       		.byte	0xff
 495 0078 1A       		.byte	0x1a
 496 0079 38       		.byte	0x38
 497 007a 24       		.byte	0x24
 498 007b 73       		.byte	0x73
 499 007c 00       		.sleb128 0
 500 007d 08       		.byte	0x8
 501 007e FF       		.byte	0xff
 502 007f 1A       		.byte	0x1a
 503 0080 40       		.byte	0x40
 504 0081 24       		.byte	0x24
 505 0082 21       		.byte	0x21
 506 0083 72       		.byte	0x72
 507 0084 00       		.sleb128 0
 508 0085 21       		.byte	0x21
 509 0086 9F       		.byte	0x9f
 510 0087 00000000 		.4byte	0
 511 008b 00000000 		.4byte	0
 512              		.section	.debug_aranges,"",%progbits
 513 0000 24000000 		.4byte	0x24
 514 0004 0200     		.2byte	0x2
 515 0006 00000000 		.4byte	.Ldebug_info0
 516 000a 04       		.byte	0x4
 517 000b 00       		.byte	0
 518 000c 0000     		.2byte	0
 519 000e 0000     		.2byte	0
 520 0010 00000000 		.4byte	.LFB0
 521 0014 12000000 		.4byte	.LFE0-.LFB0
 522 0018 00000000 		.4byte	.LFB1
 523 001c 12000000 		.4byte	.LFE1-.LFB1
 524 0020 00000000 		.4byte	0
 525 0024 00000000 		.4byte	0
 526              		.section	.debug_ranges,"",%progbits
 527              	.Ldebug_ranges0:
 528 0000 00000000 		.4byte	.LFB0
 529 0004 12000000 		.4byte	.LFE0
 530 0008 00000000 		.4byte	.LFB1
 531 000c 12000000 		.4byte	.LFE1
 532 0010 00000000 		.4byte	0
 533 0014 00000000 		.4byte	0
 534              		.section	.debug_line,"",%progbits
 535              	.Ldebug_line0:
 536 0000 7B000000 		.section	.debug_str,"MS",%progbits,1
 536      02004600 
 536      00000201 
 536      FB0E0D00 
 536      01010101 
 537              	.LASF17:
 538 0000 474E5520 		.ascii	"GNU C 4.9.3 20150303 (release) [ARM/embedded-4_9-br"
 538      4320342E 
ARM GAS  C:\Users\Jarik\AppData\Local\Temp\ccwQdLRK.s 			page 12


 538      392E3320 
 538      32303135 
 538      30333033 
 539 0033 616E6368 		.ascii	"anch revision 221220] -mcpu=cortex-m0 -mthumb -g -O"
 539      20726576 
 539      6973696F 
 539      6E203232 
 539      31323230 
 540 0066 73202D66 		.ascii	"s -ffunction-sections -ffat-lto-objects\000"
 540      66756E63 
 540      74696F6E 
 540      2D736563 
 540      74696F6E 
 541              	.LASF15:
 542 008e 76616C75 		.ascii	"value\000"
 542      6500
 543              	.LASF21:
 544 0094 43794765 		.ascii	"CyGetReg24\000"
 544      74526567 
 544      323400
 545              	.LASF20:
 546 009f 43795365 		.ascii	"CySetReg24\000"
 546      74526567 
 546      323400
 547              	.LASF14:
 548 00aa 61646472 		.ascii	"addr\000"
 548      00
 549              	.LASF11:
 550 00af 666C6F61 		.ascii	"float\000"
 550      7400
 551              	.LASF1:
 552 00b5 756E7369 		.ascii	"unsigned char\000"
 552      676E6564 
 552      20636861 
 552      7200
 553              	.LASF16:
 554 00c3 746D7041 		.ascii	"tmpAddr\000"
 554      64647200 
 555              	.LASF5:
 556 00cb 6C6F6E67 		.ascii	"long unsigned int\000"
 556      20756E73 
 556      69676E65 
 556      6420696E 
 556      7400
 557              	.LASF3:
 558 00dd 73686F72 		.ascii	"short unsigned int\000"
 558      7420756E 
 558      7369676E 
 558      65642069 
 558      6E7400
 559              	.LASF18:
 560 00f0 2E5C4765 		.ascii	".\\Generated_Source\\PSoC4\\cyutils.c\000"
 560      6E657261 
 560      7465645F 
 560      536F7572 
 560      63655C50 
 561              	.LASF12:
ARM GAS  C:\Users\Jarik\AppData\Local\Temp\ccwQdLRK.s 			page 13


 562 0113 646F7562 		.ascii	"double\000"
 562      6C6500
 563              	.LASF10:
 564 011a 75696E74 		.ascii	"uint32\000"
 564      333200
 565              	.LASF8:
 566 0121 756E7369 		.ascii	"unsigned int\000"
 566      676E6564 
 566      20696E74 
 566      00
 567              	.LASF7:
 568 012e 6C6F6E67 		.ascii	"long long unsigned int\000"
 568      206C6F6E 
 568      6720756E 
 568      7369676E 
 568      65642069 
 569              	.LASF6:
 570 0145 6C6F6E67 		.ascii	"long long int\000"
 570      206C6F6E 
 570      6720696E 
 570      7400
 571              	.LASF13:
 572 0153 63686172 		.ascii	"char\000"
 572      00
 573              	.LASF2:
 574 0158 73686F72 		.ascii	"short int\000"
 574      7420696E 
 574      7400
 575              	.LASF9:
 576 0162 75696E74 		.ascii	"uint8\000"
 576      3800
 577              	.LASF4:
 578 0168 6C6F6E67 		.ascii	"long int\000"
 578      20696E74 
 578      00
 579              	.LASF19:
 580 0171 453A5C68 		.ascii	"E:\\home\\jarik\\src\\psoc\\mpi_rom_emu\\mpi_rom_em"
 580      6F6D655C 
 580      6A617269 
 580      6B5C7372 
 580      635C7073 
 581 019e 752E6379 		.ascii	"u.cydsn\000"
 581      64736E00 
 582              	.LASF0:
 583 01a6 7369676E 		.ascii	"signed char\000"
 583      65642063 
 583      68617200 
 584              		.ident	"GCC: (GNU Tools for ARM Embedded Processors) 4.9.3 20150303 (release) [ARM/embedded-4_9-br
