ARM GAS  C:\Users\Jarik\AppData\Local\Temp\ccvAZYm3.s 			page 1


   1              		.cpu cortex-m0
   2              		.fpu softvfp
   3              		.eabi_attribute 20, 1
   4              		.eabi_attribute 21, 1
   5              		.eabi_attribute 23, 3
   6              		.eabi_attribute 24, 1
   7              		.eabi_attribute 25, 1
   8              		.eabi_attribute 26, 1
   9              		.eabi_attribute 30, 4
  10              		.eabi_attribute 34, 0
  11              		.eabi_attribute 18, 4
  12              		.code	16
  13              		.file	"isr_1.c"
  14              		.text
  15              	.Ltext0:
  16              		.cfi_sections	.debug_frame
  17              		.section	.text.isr_1_Interrupt,"ax",%progbits
  18              		.align	1
  19              		.global	isr_1_Interrupt
  20              		.code	16
  21              		.thumb_func
  22              		.type	isr_1_Interrupt, %function
  23              	isr_1_Interrupt:
  24              	.LFB3:
  25              		.file 1 ".\\Generated_Source\\PSoC4\\isr_1.c"
   1:.\Generated_Source\PSoC4/isr_1.c **** /*******************************************************************************
   2:.\Generated_Source\PSoC4/isr_1.c **** * File Name: isr_1.c  
   3:.\Generated_Source\PSoC4/isr_1.c **** * Version 1.70
   4:.\Generated_Source\PSoC4/isr_1.c **** *
   5:.\Generated_Source\PSoC4/isr_1.c **** *  Description:
   6:.\Generated_Source\PSoC4/isr_1.c **** *   API for controlling the state of an interrupt.
   7:.\Generated_Source\PSoC4/isr_1.c **** *
   8:.\Generated_Source\PSoC4/isr_1.c **** *
   9:.\Generated_Source\PSoC4/isr_1.c **** *  Note:
  10:.\Generated_Source\PSoC4/isr_1.c **** *
  11:.\Generated_Source\PSoC4/isr_1.c **** ********************************************************************************
  12:.\Generated_Source\PSoC4/isr_1.c **** * Copyright 2008-2015, Cypress Semiconductor Corporation.  All rights reserved.
  13:.\Generated_Source\PSoC4/isr_1.c **** * You may use this file only in accordance with the license, terms, conditions, 
  14:.\Generated_Source\PSoC4/isr_1.c **** * disclaimers, and limitations in the end user license agreement accompanying 
  15:.\Generated_Source\PSoC4/isr_1.c **** * the software package with which this file was provided.
  16:.\Generated_Source\PSoC4/isr_1.c **** *******************************************************************************/
  17:.\Generated_Source\PSoC4/isr_1.c **** 
  18:.\Generated_Source\PSoC4/isr_1.c **** 
  19:.\Generated_Source\PSoC4/isr_1.c **** #include <cydevice_trm.h>
  20:.\Generated_Source\PSoC4/isr_1.c **** #include <CyLib.h>
  21:.\Generated_Source\PSoC4/isr_1.c **** #include <isr_1.h>
  22:.\Generated_Source\PSoC4/isr_1.c **** 
  23:.\Generated_Source\PSoC4/isr_1.c **** 
  24:.\Generated_Source\PSoC4/isr_1.c **** #if !defined(isr_1__REMOVED) /* Check for removal by optimization */
  25:.\Generated_Source\PSoC4/isr_1.c **** 
  26:.\Generated_Source\PSoC4/isr_1.c **** /*******************************************************************************
  27:.\Generated_Source\PSoC4/isr_1.c **** *  Place your includes, defines and code here 
  28:.\Generated_Source\PSoC4/isr_1.c **** ********************************************************************************/
  29:.\Generated_Source\PSoC4/isr_1.c **** /* `#START isr_1_intc` */
  30:.\Generated_Source\PSoC4/isr_1.c **** 
  31:.\Generated_Source\PSoC4/isr_1.c **** /* `#END` */
  32:.\Generated_Source\PSoC4/isr_1.c **** 
ARM GAS  C:\Users\Jarik\AppData\Local\Temp\ccvAZYm3.s 			page 2


  33:.\Generated_Source\PSoC4/isr_1.c **** extern cyisraddress CyRamVectors[CYINT_IRQ_BASE + CY_NUM_INTERRUPTS];
  34:.\Generated_Source\PSoC4/isr_1.c **** 
  35:.\Generated_Source\PSoC4/isr_1.c **** /* Declared in startup, used to set unused interrupts to. */
  36:.\Generated_Source\PSoC4/isr_1.c **** CY_ISR_PROTO(IntDefaultHandler);
  37:.\Generated_Source\PSoC4/isr_1.c **** 
  38:.\Generated_Source\PSoC4/isr_1.c **** 
  39:.\Generated_Source\PSoC4/isr_1.c **** /*******************************************************************************
  40:.\Generated_Source\PSoC4/isr_1.c **** * Function Name: isr_1_Start
  41:.\Generated_Source\PSoC4/isr_1.c **** ********************************************************************************
  42:.\Generated_Source\PSoC4/isr_1.c **** *
  43:.\Generated_Source\PSoC4/isr_1.c **** * Summary:
  44:.\Generated_Source\PSoC4/isr_1.c **** *  Set up the interrupt and enable it. This function disables the interrupt, 
  45:.\Generated_Source\PSoC4/isr_1.c **** *  sets the default interrupt vector, sets the priority from the value in the
  46:.\Generated_Source\PSoC4/isr_1.c **** *  Design Wide Resources Interrupt Editor, then enables the interrupt to the 
  47:.\Generated_Source\PSoC4/isr_1.c **** *  interrupt controller.
  48:.\Generated_Source\PSoC4/isr_1.c **** *
  49:.\Generated_Source\PSoC4/isr_1.c **** * Parameters:  
  50:.\Generated_Source\PSoC4/isr_1.c **** *   None
  51:.\Generated_Source\PSoC4/isr_1.c **** *
  52:.\Generated_Source\PSoC4/isr_1.c **** * Return:
  53:.\Generated_Source\PSoC4/isr_1.c **** *   None
  54:.\Generated_Source\PSoC4/isr_1.c **** *
  55:.\Generated_Source\PSoC4/isr_1.c **** *******************************************************************************/
  56:.\Generated_Source\PSoC4/isr_1.c **** void isr_1_Start(void)
  57:.\Generated_Source\PSoC4/isr_1.c **** {
  58:.\Generated_Source\PSoC4/isr_1.c ****     /* For all we know the interrupt is active. */
  59:.\Generated_Source\PSoC4/isr_1.c ****     isr_1_Disable();
  60:.\Generated_Source\PSoC4/isr_1.c **** 
  61:.\Generated_Source\PSoC4/isr_1.c ****     /* Set the ISR to point to the isr_1 Interrupt. */
  62:.\Generated_Source\PSoC4/isr_1.c ****     isr_1_SetVector(&isr_1_Interrupt);
  63:.\Generated_Source\PSoC4/isr_1.c **** 
  64:.\Generated_Source\PSoC4/isr_1.c ****     /* Set the priority. */
  65:.\Generated_Source\PSoC4/isr_1.c ****     isr_1_SetPriority((uint8)isr_1_INTC_PRIOR_NUMBER);
  66:.\Generated_Source\PSoC4/isr_1.c **** 
  67:.\Generated_Source\PSoC4/isr_1.c ****     /* Enable it. */
  68:.\Generated_Source\PSoC4/isr_1.c ****     isr_1_Enable();
  69:.\Generated_Source\PSoC4/isr_1.c **** }
  70:.\Generated_Source\PSoC4/isr_1.c **** 
  71:.\Generated_Source\PSoC4/isr_1.c **** 
  72:.\Generated_Source\PSoC4/isr_1.c **** /*******************************************************************************
  73:.\Generated_Source\PSoC4/isr_1.c **** * Function Name: isr_1_StartEx
  74:.\Generated_Source\PSoC4/isr_1.c **** ********************************************************************************
  75:.\Generated_Source\PSoC4/isr_1.c **** *
  76:.\Generated_Source\PSoC4/isr_1.c **** * Summary:
  77:.\Generated_Source\PSoC4/isr_1.c **** *  Sets up the interrupt and enables it. This function disables the interrupt,
  78:.\Generated_Source\PSoC4/isr_1.c **** *  sets the interrupt vector based on the address passed in, sets the priority 
  79:.\Generated_Source\PSoC4/isr_1.c **** *  from the value in the Design Wide Resources Interrupt Editor, then enables 
  80:.\Generated_Source\PSoC4/isr_1.c **** *  the interrupt to the interrupt controller.
  81:.\Generated_Source\PSoC4/isr_1.c **** *  
  82:.\Generated_Source\PSoC4/isr_1.c **** *  When defining ISR functions, the CY_ISR and CY_ISR_PROTO macros should be 
  83:.\Generated_Source\PSoC4/isr_1.c **** *  used to provide consistent definition across compilers:
  84:.\Generated_Source\PSoC4/isr_1.c **** *  
  85:.\Generated_Source\PSoC4/isr_1.c **** *  Function definition example:
  86:.\Generated_Source\PSoC4/isr_1.c **** *   CY_ISR(MyISR)
  87:.\Generated_Source\PSoC4/isr_1.c **** *   {
  88:.\Generated_Source\PSoC4/isr_1.c **** *   }
  89:.\Generated_Source\PSoC4/isr_1.c **** *   Function prototype example:
ARM GAS  C:\Users\Jarik\AppData\Local\Temp\ccvAZYm3.s 			page 3


  90:.\Generated_Source\PSoC4/isr_1.c **** *   CY_ISR_PROTO(MyISR);
  91:.\Generated_Source\PSoC4/isr_1.c **** *
  92:.\Generated_Source\PSoC4/isr_1.c **** * Parameters:  
  93:.\Generated_Source\PSoC4/isr_1.c **** *   address: Address of the ISR to set in the interrupt vector table.
  94:.\Generated_Source\PSoC4/isr_1.c **** *
  95:.\Generated_Source\PSoC4/isr_1.c **** * Return:
  96:.\Generated_Source\PSoC4/isr_1.c **** *   None
  97:.\Generated_Source\PSoC4/isr_1.c **** *
  98:.\Generated_Source\PSoC4/isr_1.c **** *******************************************************************************/
  99:.\Generated_Source\PSoC4/isr_1.c **** void isr_1_StartEx(cyisraddress address)
 100:.\Generated_Source\PSoC4/isr_1.c **** {
 101:.\Generated_Source\PSoC4/isr_1.c ****     /* For all we know the interrupt is active. */
 102:.\Generated_Source\PSoC4/isr_1.c ****     isr_1_Disable();
 103:.\Generated_Source\PSoC4/isr_1.c **** 
 104:.\Generated_Source\PSoC4/isr_1.c ****     /* Set the ISR to point to the isr_1 Interrupt. */
 105:.\Generated_Source\PSoC4/isr_1.c ****     isr_1_SetVector(address);
 106:.\Generated_Source\PSoC4/isr_1.c **** 
 107:.\Generated_Source\PSoC4/isr_1.c ****     /* Set the priority. */
 108:.\Generated_Source\PSoC4/isr_1.c ****     isr_1_SetPriority((uint8)isr_1_INTC_PRIOR_NUMBER);
 109:.\Generated_Source\PSoC4/isr_1.c **** 
 110:.\Generated_Source\PSoC4/isr_1.c ****     /* Enable it. */
 111:.\Generated_Source\PSoC4/isr_1.c ****     isr_1_Enable();
 112:.\Generated_Source\PSoC4/isr_1.c **** }
 113:.\Generated_Source\PSoC4/isr_1.c **** 
 114:.\Generated_Source\PSoC4/isr_1.c **** 
 115:.\Generated_Source\PSoC4/isr_1.c **** /*******************************************************************************
 116:.\Generated_Source\PSoC4/isr_1.c **** * Function Name: isr_1_Stop
 117:.\Generated_Source\PSoC4/isr_1.c **** ********************************************************************************
 118:.\Generated_Source\PSoC4/isr_1.c **** *
 119:.\Generated_Source\PSoC4/isr_1.c **** * Summary:
 120:.\Generated_Source\PSoC4/isr_1.c **** *   Disables and removes the interrupt.
 121:.\Generated_Source\PSoC4/isr_1.c **** *
 122:.\Generated_Source\PSoC4/isr_1.c **** * Parameters:  
 123:.\Generated_Source\PSoC4/isr_1.c **** *   None
 124:.\Generated_Source\PSoC4/isr_1.c **** *
 125:.\Generated_Source\PSoC4/isr_1.c **** * Return:
 126:.\Generated_Source\PSoC4/isr_1.c **** *   None
 127:.\Generated_Source\PSoC4/isr_1.c **** *
 128:.\Generated_Source\PSoC4/isr_1.c **** *******************************************************************************/
 129:.\Generated_Source\PSoC4/isr_1.c **** void isr_1_Stop(void)
 130:.\Generated_Source\PSoC4/isr_1.c **** {
 131:.\Generated_Source\PSoC4/isr_1.c ****     /* Disable this interrupt. */
 132:.\Generated_Source\PSoC4/isr_1.c ****     isr_1_Disable();
 133:.\Generated_Source\PSoC4/isr_1.c **** 
 134:.\Generated_Source\PSoC4/isr_1.c ****     /* Set the ISR to point to the passive one. */
 135:.\Generated_Source\PSoC4/isr_1.c ****     isr_1_SetVector(&IntDefaultHandler);
 136:.\Generated_Source\PSoC4/isr_1.c **** }
 137:.\Generated_Source\PSoC4/isr_1.c **** 
 138:.\Generated_Source\PSoC4/isr_1.c **** 
 139:.\Generated_Source\PSoC4/isr_1.c **** /*******************************************************************************
 140:.\Generated_Source\PSoC4/isr_1.c **** * Function Name: isr_1_Interrupt
 141:.\Generated_Source\PSoC4/isr_1.c **** ********************************************************************************
 142:.\Generated_Source\PSoC4/isr_1.c **** *
 143:.\Generated_Source\PSoC4/isr_1.c **** * Summary:
 144:.\Generated_Source\PSoC4/isr_1.c **** *   The default Interrupt Service Routine for isr_1.
 145:.\Generated_Source\PSoC4/isr_1.c **** *
 146:.\Generated_Source\PSoC4/isr_1.c **** *   Add custom code between the START and END comments to keep the next version
ARM GAS  C:\Users\Jarik\AppData\Local\Temp\ccvAZYm3.s 			page 4


 147:.\Generated_Source\PSoC4/isr_1.c **** *   of this file from over-writing your code.
 148:.\Generated_Source\PSoC4/isr_1.c **** *
 149:.\Generated_Source\PSoC4/isr_1.c **** *   Note You may use either the default ISR by using this API, or you may define
 150:.\Generated_Source\PSoC4/isr_1.c **** *   your own separate ISR through ISR_StartEx().
 151:.\Generated_Source\PSoC4/isr_1.c **** *
 152:.\Generated_Source\PSoC4/isr_1.c **** * Parameters:  
 153:.\Generated_Source\PSoC4/isr_1.c **** *   None
 154:.\Generated_Source\PSoC4/isr_1.c **** *
 155:.\Generated_Source\PSoC4/isr_1.c **** * Return:
 156:.\Generated_Source\PSoC4/isr_1.c **** *   None
 157:.\Generated_Source\PSoC4/isr_1.c **** *
 158:.\Generated_Source\PSoC4/isr_1.c **** *******************************************************************************/
 159:.\Generated_Source\PSoC4/isr_1.c **** CY_ISR(isr_1_Interrupt)
 160:.\Generated_Source\PSoC4/isr_1.c **** {
  26              		.loc 1 160 0
  27              		.cfi_startproc
 161:.\Generated_Source\PSoC4/isr_1.c ****     #ifdef isr_1_INTERRUPT_INTERRUPT_CALLBACK
 162:.\Generated_Source\PSoC4/isr_1.c ****         isr_1_Interrupt_InterruptCallback();
 163:.\Generated_Source\PSoC4/isr_1.c ****     #endif /* isr_1_INTERRUPT_INTERRUPT_CALLBACK */ 
 164:.\Generated_Source\PSoC4/isr_1.c **** 
 165:.\Generated_Source\PSoC4/isr_1.c ****     /*  Place your Interrupt code here. */
 166:.\Generated_Source\PSoC4/isr_1.c ****     /* `#START isr_1_Interrupt` */
 167:.\Generated_Source\PSoC4/isr_1.c **** 
 168:.\Generated_Source\PSoC4/isr_1.c ****     /* `#END` */
 169:.\Generated_Source\PSoC4/isr_1.c **** }
  28              		.loc 1 169 0
  29              		@ sp needed
  30 0000 7047     		bx	lr
  31              		.cfi_endproc
  32              	.LFE3:
  33              		.size	isr_1_Interrupt, .-isr_1_Interrupt
  34              		.section	.text.isr_1_Stop,"ax",%progbits
  35              		.align	1
  36              		.global	isr_1_Stop
  37              		.code	16
  38              		.thumb_func
  39              		.type	isr_1_Stop, %function
  40              	isr_1_Stop:
  41              	.LFB2:
 130:.\Generated_Source\PSoC4/isr_1.c ****     /* Disable this interrupt. */
  42              		.loc 1 130 0
  43              		.cfi_startproc
  44              	.LBB18:
  45              	.LBB19:
 170:.\Generated_Source\PSoC4/isr_1.c **** 
 171:.\Generated_Source\PSoC4/isr_1.c **** 
 172:.\Generated_Source\PSoC4/isr_1.c **** /*******************************************************************************
 173:.\Generated_Source\PSoC4/isr_1.c **** * Function Name: isr_1_SetVector
 174:.\Generated_Source\PSoC4/isr_1.c **** ********************************************************************************
 175:.\Generated_Source\PSoC4/isr_1.c **** *
 176:.\Generated_Source\PSoC4/isr_1.c **** * Summary:
 177:.\Generated_Source\PSoC4/isr_1.c **** *   Change the ISR vector for the Interrupt. Note calling isr_1_Start
 178:.\Generated_Source\PSoC4/isr_1.c **** *   will override any effect this method would have had. To set the vector 
 179:.\Generated_Source\PSoC4/isr_1.c **** *   before the component has been started use isr_1_StartEx instead.
 180:.\Generated_Source\PSoC4/isr_1.c **** * 
 181:.\Generated_Source\PSoC4/isr_1.c **** *   When defining ISR functions, the CY_ISR and CY_ISR_PROTO macros should be 
 182:.\Generated_Source\PSoC4/isr_1.c **** *   used to provide consistent definition across compilers:
ARM GAS  C:\Users\Jarik\AppData\Local\Temp\ccvAZYm3.s 			page 5


 183:.\Generated_Source\PSoC4/isr_1.c **** *
 184:.\Generated_Source\PSoC4/isr_1.c **** *   Function definition example:
 185:.\Generated_Source\PSoC4/isr_1.c **** *   CY_ISR(MyISR)
 186:.\Generated_Source\PSoC4/isr_1.c **** *   {
 187:.\Generated_Source\PSoC4/isr_1.c **** *   }
 188:.\Generated_Source\PSoC4/isr_1.c **** *
 189:.\Generated_Source\PSoC4/isr_1.c **** *   Function prototype example:
 190:.\Generated_Source\PSoC4/isr_1.c **** *     CY_ISR_PROTO(MyISR);
 191:.\Generated_Source\PSoC4/isr_1.c **** *
 192:.\Generated_Source\PSoC4/isr_1.c **** * Parameters:
 193:.\Generated_Source\PSoC4/isr_1.c **** *   address: Address of the ISR to set in the interrupt vector table.
 194:.\Generated_Source\PSoC4/isr_1.c **** *
 195:.\Generated_Source\PSoC4/isr_1.c **** * Return:
 196:.\Generated_Source\PSoC4/isr_1.c **** *   None
 197:.\Generated_Source\PSoC4/isr_1.c **** *
 198:.\Generated_Source\PSoC4/isr_1.c **** *******************************************************************************/
 199:.\Generated_Source\PSoC4/isr_1.c **** void isr_1_SetVector(cyisraddress address)
 200:.\Generated_Source\PSoC4/isr_1.c **** {
 201:.\Generated_Source\PSoC4/isr_1.c ****     CyRamVectors[CYINT_IRQ_BASE + isr_1__INTC_NUMBER] = address;
 202:.\Generated_Source\PSoC4/isr_1.c **** }
 203:.\Generated_Source\PSoC4/isr_1.c **** 
 204:.\Generated_Source\PSoC4/isr_1.c **** 
 205:.\Generated_Source\PSoC4/isr_1.c **** /*******************************************************************************
 206:.\Generated_Source\PSoC4/isr_1.c **** * Function Name: isr_1_GetVector
 207:.\Generated_Source\PSoC4/isr_1.c **** ********************************************************************************
 208:.\Generated_Source\PSoC4/isr_1.c **** *
 209:.\Generated_Source\PSoC4/isr_1.c **** * Summary:
 210:.\Generated_Source\PSoC4/isr_1.c **** *   Gets the "address" of the current ISR vector for the Interrupt.
 211:.\Generated_Source\PSoC4/isr_1.c **** *
 212:.\Generated_Source\PSoC4/isr_1.c **** * Parameters:
 213:.\Generated_Source\PSoC4/isr_1.c **** *   None
 214:.\Generated_Source\PSoC4/isr_1.c **** *
 215:.\Generated_Source\PSoC4/isr_1.c **** * Return:
 216:.\Generated_Source\PSoC4/isr_1.c **** *   Address of the ISR in the interrupt vector table.
 217:.\Generated_Source\PSoC4/isr_1.c **** *
 218:.\Generated_Source\PSoC4/isr_1.c **** *******************************************************************************/
 219:.\Generated_Source\PSoC4/isr_1.c **** cyisraddress isr_1_GetVector(void)
 220:.\Generated_Source\PSoC4/isr_1.c **** {
 221:.\Generated_Source\PSoC4/isr_1.c ****     return CyRamVectors[CYINT_IRQ_BASE + isr_1__INTC_NUMBER];
 222:.\Generated_Source\PSoC4/isr_1.c **** }
 223:.\Generated_Source\PSoC4/isr_1.c **** 
 224:.\Generated_Source\PSoC4/isr_1.c **** 
 225:.\Generated_Source\PSoC4/isr_1.c **** /*******************************************************************************
 226:.\Generated_Source\PSoC4/isr_1.c **** * Function Name: isr_1_SetPriority
 227:.\Generated_Source\PSoC4/isr_1.c **** ********************************************************************************
 228:.\Generated_Source\PSoC4/isr_1.c **** *
 229:.\Generated_Source\PSoC4/isr_1.c **** * Summary:
 230:.\Generated_Source\PSoC4/isr_1.c **** *   Sets the Priority of the Interrupt. 
 231:.\Generated_Source\PSoC4/isr_1.c **** *
 232:.\Generated_Source\PSoC4/isr_1.c **** *   Note calling isr_1_Start or isr_1_StartEx will 
 233:.\Generated_Source\PSoC4/isr_1.c **** *   override any effect this API would have had. This API should only be called
 234:.\Generated_Source\PSoC4/isr_1.c **** *   after isr_1_Start or isr_1_StartEx has been called. 
 235:.\Generated_Source\PSoC4/isr_1.c **** *   To set the initial priority for the component, use the Design-Wide Resources
 236:.\Generated_Source\PSoC4/isr_1.c **** *   Interrupt Editor.
 237:.\Generated_Source\PSoC4/isr_1.c **** *
 238:.\Generated_Source\PSoC4/isr_1.c **** *   Note This API has no effect on Non-maskable interrupt NMI).
 239:.\Generated_Source\PSoC4/isr_1.c **** *
ARM GAS  C:\Users\Jarik\AppData\Local\Temp\ccvAZYm3.s 			page 6


 240:.\Generated_Source\PSoC4/isr_1.c **** * Parameters:
 241:.\Generated_Source\PSoC4/isr_1.c **** *   priority: Priority of the interrupt, 0 being the highest priority
 242:.\Generated_Source\PSoC4/isr_1.c **** *             PSoC 3 and PSoC 5LP: Priority is from 0 to 7.
 243:.\Generated_Source\PSoC4/isr_1.c **** *             PSoC 4: Priority is from 0 to 3.
 244:.\Generated_Source\PSoC4/isr_1.c **** *
 245:.\Generated_Source\PSoC4/isr_1.c **** * Return:
 246:.\Generated_Source\PSoC4/isr_1.c **** *   None
 247:.\Generated_Source\PSoC4/isr_1.c **** *
 248:.\Generated_Source\PSoC4/isr_1.c **** *******************************************************************************/
 249:.\Generated_Source\PSoC4/isr_1.c **** void isr_1_SetPriority(uint8 priority)
 250:.\Generated_Source\PSoC4/isr_1.c **** {
 251:.\Generated_Source\PSoC4/isr_1.c **** 	uint8 interruptState;
 252:.\Generated_Source\PSoC4/isr_1.c ****     uint32 priorityOffset = ((isr_1__INTC_NUMBER % 4u) * 8u) + 6u;
 253:.\Generated_Source\PSoC4/isr_1.c ****     
 254:.\Generated_Source\PSoC4/isr_1.c **** 	interruptState = CyEnterCriticalSection();
 255:.\Generated_Source\PSoC4/isr_1.c ****     *isr_1_INTC_PRIOR = (*isr_1_INTC_PRIOR & (uint32)(~isr_1__INTC_PRIOR_MASK)) |
 256:.\Generated_Source\PSoC4/isr_1.c ****                                     ((uint32)priority << priorityOffset);
 257:.\Generated_Source\PSoC4/isr_1.c **** 	CyExitCriticalSection(interruptState);
 258:.\Generated_Source\PSoC4/isr_1.c **** }
 259:.\Generated_Source\PSoC4/isr_1.c **** 
 260:.\Generated_Source\PSoC4/isr_1.c **** 
 261:.\Generated_Source\PSoC4/isr_1.c **** /*******************************************************************************
 262:.\Generated_Source\PSoC4/isr_1.c **** * Function Name: isr_1_GetPriority
 263:.\Generated_Source\PSoC4/isr_1.c **** ********************************************************************************
 264:.\Generated_Source\PSoC4/isr_1.c **** *
 265:.\Generated_Source\PSoC4/isr_1.c **** * Summary:
 266:.\Generated_Source\PSoC4/isr_1.c **** *   Gets the Priority of the Interrupt.
 267:.\Generated_Source\PSoC4/isr_1.c **** *
 268:.\Generated_Source\PSoC4/isr_1.c **** * Parameters:
 269:.\Generated_Source\PSoC4/isr_1.c **** *   None
 270:.\Generated_Source\PSoC4/isr_1.c **** *
 271:.\Generated_Source\PSoC4/isr_1.c **** * Return:
 272:.\Generated_Source\PSoC4/isr_1.c **** *   Priority of the interrupt, 0 being the highest priority
 273:.\Generated_Source\PSoC4/isr_1.c **** *    PSoC 3 and PSoC 5LP: Priority is from 0 to 7.
 274:.\Generated_Source\PSoC4/isr_1.c **** *    PSoC 4: Priority is from 0 to 3.
 275:.\Generated_Source\PSoC4/isr_1.c **** *
 276:.\Generated_Source\PSoC4/isr_1.c **** *******************************************************************************/
 277:.\Generated_Source\PSoC4/isr_1.c **** uint8 isr_1_GetPriority(void)
 278:.\Generated_Source\PSoC4/isr_1.c **** {
 279:.\Generated_Source\PSoC4/isr_1.c ****     uint32 priority;
 280:.\Generated_Source\PSoC4/isr_1.c **** 	uint32 priorityOffset = ((isr_1__INTC_NUMBER % 4u) * 8u) + 6u;
 281:.\Generated_Source\PSoC4/isr_1.c **** 
 282:.\Generated_Source\PSoC4/isr_1.c ****     priority = (*isr_1_INTC_PRIOR & isr_1__INTC_PRIOR_MASK) >> priorityOffset;
 283:.\Generated_Source\PSoC4/isr_1.c **** 
 284:.\Generated_Source\PSoC4/isr_1.c ****     return (uint8)priority;
 285:.\Generated_Source\PSoC4/isr_1.c **** }
 286:.\Generated_Source\PSoC4/isr_1.c **** 
 287:.\Generated_Source\PSoC4/isr_1.c **** 
 288:.\Generated_Source\PSoC4/isr_1.c **** /*******************************************************************************
 289:.\Generated_Source\PSoC4/isr_1.c **** * Function Name: isr_1_Enable
 290:.\Generated_Source\PSoC4/isr_1.c **** ********************************************************************************
 291:.\Generated_Source\PSoC4/isr_1.c **** *
 292:.\Generated_Source\PSoC4/isr_1.c **** * Summary:
 293:.\Generated_Source\PSoC4/isr_1.c **** *   Enables the interrupt to the interrupt controller. Do not call this function
 294:.\Generated_Source\PSoC4/isr_1.c **** *   unless ISR_Start() has been called or the functionality of the ISR_Start() 
 295:.\Generated_Source\PSoC4/isr_1.c **** *   function, which sets the vector and the priority, has been called.
 296:.\Generated_Source\PSoC4/isr_1.c **** *
ARM GAS  C:\Users\Jarik\AppData\Local\Temp\ccvAZYm3.s 			page 7


 297:.\Generated_Source\PSoC4/isr_1.c **** * Parameters:
 298:.\Generated_Source\PSoC4/isr_1.c **** *   None
 299:.\Generated_Source\PSoC4/isr_1.c **** *
 300:.\Generated_Source\PSoC4/isr_1.c **** * Return:
 301:.\Generated_Source\PSoC4/isr_1.c **** *   None
 302:.\Generated_Source\PSoC4/isr_1.c **** *
 303:.\Generated_Source\PSoC4/isr_1.c **** *******************************************************************************/
 304:.\Generated_Source\PSoC4/isr_1.c **** void isr_1_Enable(void)
 305:.\Generated_Source\PSoC4/isr_1.c **** {
 306:.\Generated_Source\PSoC4/isr_1.c ****     /* Enable the general interrupt. */
 307:.\Generated_Source\PSoC4/isr_1.c ****     *isr_1_INTC_SET_EN = isr_1__INTC_MASK;
 308:.\Generated_Source\PSoC4/isr_1.c **** }
 309:.\Generated_Source\PSoC4/isr_1.c **** 
 310:.\Generated_Source\PSoC4/isr_1.c **** 
 311:.\Generated_Source\PSoC4/isr_1.c **** /*******************************************************************************
 312:.\Generated_Source\PSoC4/isr_1.c **** * Function Name: isr_1_GetState
 313:.\Generated_Source\PSoC4/isr_1.c **** ********************************************************************************
 314:.\Generated_Source\PSoC4/isr_1.c **** *
 315:.\Generated_Source\PSoC4/isr_1.c **** * Summary:
 316:.\Generated_Source\PSoC4/isr_1.c **** *   Gets the state (enabled, disabled) of the Interrupt.
 317:.\Generated_Source\PSoC4/isr_1.c **** *
 318:.\Generated_Source\PSoC4/isr_1.c **** * Parameters:
 319:.\Generated_Source\PSoC4/isr_1.c **** *   None
 320:.\Generated_Source\PSoC4/isr_1.c **** *
 321:.\Generated_Source\PSoC4/isr_1.c **** * Return:
 322:.\Generated_Source\PSoC4/isr_1.c **** *   1 if enabled, 0 if disabled.
 323:.\Generated_Source\PSoC4/isr_1.c **** *
 324:.\Generated_Source\PSoC4/isr_1.c **** *******************************************************************************/
 325:.\Generated_Source\PSoC4/isr_1.c **** uint8 isr_1_GetState(void)
 326:.\Generated_Source\PSoC4/isr_1.c **** {
 327:.\Generated_Source\PSoC4/isr_1.c ****     /* Get the state of the general interrupt. */
 328:.\Generated_Source\PSoC4/isr_1.c ****     return ((*isr_1_INTC_SET_EN & (uint32)isr_1__INTC_MASK) != 0u) ? 1u:0u;
 329:.\Generated_Source\PSoC4/isr_1.c **** }
 330:.\Generated_Source\PSoC4/isr_1.c **** 
 331:.\Generated_Source\PSoC4/isr_1.c **** 
 332:.\Generated_Source\PSoC4/isr_1.c **** /*******************************************************************************
 333:.\Generated_Source\PSoC4/isr_1.c **** * Function Name: isr_1_Disable
 334:.\Generated_Source\PSoC4/isr_1.c **** ********************************************************************************
 335:.\Generated_Source\PSoC4/isr_1.c **** *
 336:.\Generated_Source\PSoC4/isr_1.c **** * Summary:
 337:.\Generated_Source\PSoC4/isr_1.c **** *   Disables the Interrupt in the interrupt controller.
 338:.\Generated_Source\PSoC4/isr_1.c **** *
 339:.\Generated_Source\PSoC4/isr_1.c **** * Parameters:
 340:.\Generated_Source\PSoC4/isr_1.c **** *   None
 341:.\Generated_Source\PSoC4/isr_1.c **** *
 342:.\Generated_Source\PSoC4/isr_1.c **** * Return:
 343:.\Generated_Source\PSoC4/isr_1.c **** *   None
 344:.\Generated_Source\PSoC4/isr_1.c **** *
 345:.\Generated_Source\PSoC4/isr_1.c **** *******************************************************************************/
 346:.\Generated_Source\PSoC4/isr_1.c **** void isr_1_Disable(void)
 347:.\Generated_Source\PSoC4/isr_1.c **** {
 348:.\Generated_Source\PSoC4/isr_1.c ****     /* Disable the general interrupt. */
 349:.\Generated_Source\PSoC4/isr_1.c ****     *isr_1_INTC_CLR_EN = isr_1__INTC_MASK;
  46              		.loc 1 349 0
  47 0000 0222     		mov	r2, #2
  48 0002 034B     		ldr	r3, .L3
  49              	.LBE19:
ARM GAS  C:\Users\Jarik\AppData\Local\Temp\ccvAZYm3.s 			page 8


  50              	.LBE18:
 136:.\Generated_Source\PSoC4/isr_1.c **** 
  51              		.loc 1 136 0
  52              		@ sp needed
  53              	.LBB21:
  54              	.LBB20:
  55              		.loc 1 349 0
  56 0004 1A60     		str	r2, [r3]
  57              	.LVL0:
  58              	.LBE20:
  59              	.LBE21:
  60              	.LBB22:
  61              	.LBB23:
 201:.\Generated_Source\PSoC4/isr_1.c **** }
  62              		.loc 1 201 0
  63 0006 034A     		ldr	r2, .L3+4
  64 0008 034B     		ldr	r3, .L3+8
  65 000a 5A64     		str	r2, [r3, #68]
  66              	.LBE23:
  67              	.LBE22:
 136:.\Generated_Source\PSoC4/isr_1.c **** 
  68              		.loc 1 136 0
  69 000c 7047     		bx	lr
  70              	.L4:
  71 000e C046     		.align	2
  72              	.L3:
  73 0010 80E100E0 		.word	-536813184
  74 0014 00000000 		.word	IntDefaultHandler
  75 0018 00000000 		.word	CyRamVectors
  76              		.cfi_endproc
  77              	.LFE2:
  78              		.size	isr_1_Stop, .-isr_1_Stop
  79              		.section	.text.isr_1_SetVector,"ax",%progbits
  80              		.align	1
  81              		.global	isr_1_SetVector
  82              		.code	16
  83              		.thumb_func
  84              		.type	isr_1_SetVector, %function
  85              	isr_1_SetVector:
  86              	.LFB4:
 200:.\Generated_Source\PSoC4/isr_1.c ****     CyRamVectors[CYINT_IRQ_BASE + isr_1__INTC_NUMBER] = address;
  87              		.loc 1 200 0
  88              		.cfi_startproc
  89              	.LVL1:
 201:.\Generated_Source\PSoC4/isr_1.c **** }
  90              		.loc 1 201 0
  91 0000 014B     		ldr	r3, .L6
 202:.\Generated_Source\PSoC4/isr_1.c **** 
  92              		.loc 1 202 0
  93              		@ sp needed
 201:.\Generated_Source\PSoC4/isr_1.c **** }
  94              		.loc 1 201 0
  95 0002 5864     		str	r0, [r3, #68]
 202:.\Generated_Source\PSoC4/isr_1.c **** 
  96              		.loc 1 202 0
  97 0004 7047     		bx	lr
  98              	.L7:
ARM GAS  C:\Users\Jarik\AppData\Local\Temp\ccvAZYm3.s 			page 9


  99 0006 C046     		.align	2
 100              	.L6:
 101 0008 00000000 		.word	CyRamVectors
 102              		.cfi_endproc
 103              	.LFE4:
 104              		.size	isr_1_SetVector, .-isr_1_SetVector
 105              		.section	.text.isr_1_GetVector,"ax",%progbits
 106              		.align	1
 107              		.global	isr_1_GetVector
 108              		.code	16
 109              		.thumb_func
 110              		.type	isr_1_GetVector, %function
 111              	isr_1_GetVector:
 112              	.LFB5:
 220:.\Generated_Source\PSoC4/isr_1.c ****     return CyRamVectors[CYINT_IRQ_BASE + isr_1__INTC_NUMBER];
 113              		.loc 1 220 0
 114              		.cfi_startproc
 221:.\Generated_Source\PSoC4/isr_1.c **** }
 115              		.loc 1 221 0
 116 0000 014B     		ldr	r3, .L9
 222:.\Generated_Source\PSoC4/isr_1.c **** 
 117              		.loc 1 222 0
 118              		@ sp needed
 221:.\Generated_Source\PSoC4/isr_1.c **** }
 119              		.loc 1 221 0
 120 0002 586C     		ldr	r0, [r3, #68]
 222:.\Generated_Source\PSoC4/isr_1.c **** 
 121              		.loc 1 222 0
 122 0004 7047     		bx	lr
 123              	.L10:
 124 0006 C046     		.align	2
 125              	.L9:
 126 0008 00000000 		.word	CyRamVectors
 127              		.cfi_endproc
 128              	.LFE5:
 129              		.size	isr_1_GetVector, .-isr_1_GetVector
 130              		.section	.text.isr_1_SetPriority,"ax",%progbits
 131              		.align	1
 132              		.global	isr_1_SetPriority
 133              		.code	16
 134              		.thumb_func
 135              		.type	isr_1_SetPriority, %function
 136              	isr_1_SetPriority:
 137              	.LFB6:
 250:.\Generated_Source\PSoC4/isr_1.c **** 	uint8 interruptState;
 138              		.loc 1 250 0
 139              		.cfi_startproc
 140              	.LVL2:
 141 0000 10B5     		push	{r4, lr}
 142              		.cfi_def_cfa_offset 8
 143              		.cfi_offset 4, -8
 144              		.cfi_offset 14, -4
 250:.\Generated_Source\PSoC4/isr_1.c **** 	uint8 interruptState;
 145              		.loc 1 250 0
 146 0002 041C     		mov	r4, r0
 254:.\Generated_Source\PSoC4/isr_1.c ****     *isr_1_INTC_PRIOR = (*isr_1_INTC_PRIOR & (uint32)(~isr_1__INTC_PRIOR_MASK)) |
 147              		.loc 1 254 0
ARM GAS  C:\Users\Jarik\AppData\Local\Temp\ccvAZYm3.s 			page 10


 148 0004 FFF7FEFF 		bl	CyEnterCriticalSection
 149              	.LVL3:
 255:.\Generated_Source\PSoC4/isr_1.c ****                                     ((uint32)priority << priorityOffset);
 150              		.loc 1 255 0
 151 0008 0449     		ldr	r1, .L12
 152 000a 054A     		ldr	r2, .L12+4
 153 000c 0B68     		ldr	r3, [r1]
 256:.\Generated_Source\PSoC4/isr_1.c **** 	CyExitCriticalSection(interruptState);
 154              		.loc 1 256 0
 155 000e A403     		lsl	r4, r4, #14
 255:.\Generated_Source\PSoC4/isr_1.c ****                                     ((uint32)priority << priorityOffset);
 156              		.loc 1 255 0
 157 0010 1340     		and	r3, r2
 158 0012 2343     		orr	r3, r4
 159 0014 0B60     		str	r3, [r1]
 257:.\Generated_Source\PSoC4/isr_1.c **** }
 160              		.loc 1 257 0
 161 0016 FFF7FEFF 		bl	CyExitCriticalSection
 162              	.LVL4:
 258:.\Generated_Source\PSoC4/isr_1.c **** 
 163              		.loc 1 258 0
 164              		@ sp needed
 165 001a 10BD     		pop	{r4, pc}
 166              	.L13:
 167              		.align	2
 168              	.L12:
 169 001c 00E400E0 		.word	-536812544
 170 0020 FF3FFFFF 		.word	-49153
 171              		.cfi_endproc
 172              	.LFE6:
 173              		.size	isr_1_SetPriority, .-isr_1_SetPriority
 174              		.section	.text.isr_1_Start,"ax",%progbits
 175              		.align	1
 176              		.global	isr_1_Start
 177              		.code	16
 178              		.thumb_func
 179              		.type	isr_1_Start, %function
 180              	isr_1_Start:
 181              	.LFB0:
  57:.\Generated_Source\PSoC4/isr_1.c ****     /* For all we know the interrupt is active. */
 182              		.loc 1 57 0
 183              		.cfi_startproc
 184 0000 10B5     		push	{r4, lr}
 185              		.cfi_def_cfa_offset 8
 186              		.cfi_offset 4, -8
 187              		.cfi_offset 14, -4
 188              	.LBB24:
 189              	.LBB25:
 190              		.loc 1 349 0
 191 0002 0224     		mov	r4, #2
 192 0004 054B     		ldr	r3, .L15
 193              	.LBE25:
 194              	.LBE24:
 195              	.LBB27:
 196              	.LBB28:
 201:.\Generated_Source\PSoC4/isr_1.c **** }
 197              		.loc 1 201 0
ARM GAS  C:\Users\Jarik\AppData\Local\Temp\ccvAZYm3.s 			page 11


 198 0006 064A     		ldr	r2, .L15+4
 199              	.LBE28:
 200              	.LBE27:
 201              	.LBB31:
 202              	.LBB26:
 203              		.loc 1 349 0
 204 0008 1C60     		str	r4, [r3]
 205              	.LVL5:
 206              	.LBE26:
 207              	.LBE31:
 208              	.LBB32:
 209              	.LBB29:
 201:.\Generated_Source\PSoC4/isr_1.c **** }
 210              		.loc 1 201 0
 211 000a 064B     		ldr	r3, .L15+8
 212              	.LBE29:
 213              	.LBE32:
  65:.\Generated_Source\PSoC4/isr_1.c **** 
 214              		.loc 1 65 0
 215 000c 0320     		mov	r0, #3
 216              	.LBB33:
 217              	.LBB30:
 201:.\Generated_Source\PSoC4/isr_1.c **** }
 218              		.loc 1 201 0
 219 000e 5A64     		str	r2, [r3, #68]
 220              	.LBE30:
 221              	.LBE33:
  65:.\Generated_Source\PSoC4/isr_1.c **** 
 222              		.loc 1 65 0
 223 0010 FFF7FEFF 		bl	isr_1_SetPriority
 224              	.LVL6:
 225              	.LBB34:
 226              	.LBB35:
 307:.\Generated_Source\PSoC4/isr_1.c **** }
 227              		.loc 1 307 0
 228 0014 044B     		ldr	r3, .L15+12
 229              	.LBE35:
 230              	.LBE34:
  69:.\Generated_Source\PSoC4/isr_1.c **** 
 231              		.loc 1 69 0
 232              		@ sp needed
 233              	.LBB37:
 234              	.LBB36:
 307:.\Generated_Source\PSoC4/isr_1.c **** }
 235              		.loc 1 307 0
 236 0016 1C60     		str	r4, [r3]
 237              	.LBE36:
 238              	.LBE37:
  69:.\Generated_Source\PSoC4/isr_1.c **** 
 239              		.loc 1 69 0
 240 0018 10BD     		pop	{r4, pc}
 241              	.L16:
 242 001a C046     		.align	2
 243              	.L15:
 244 001c 80E100E0 		.word	-536813184
 245 0020 00000000 		.word	isr_1_Interrupt
 246 0024 00000000 		.word	CyRamVectors
ARM GAS  C:\Users\Jarik\AppData\Local\Temp\ccvAZYm3.s 			page 12


 247 0028 00E100E0 		.word	-536813312
 248              		.cfi_endproc
 249              	.LFE0:
 250              		.size	isr_1_Start, .-isr_1_Start
 251              		.section	.text.isr_1_StartEx,"ax",%progbits
 252              		.align	1
 253              		.global	isr_1_StartEx
 254              		.code	16
 255              		.thumb_func
 256              		.type	isr_1_StartEx, %function
 257              	isr_1_StartEx:
 258              	.LFB1:
 100:.\Generated_Source\PSoC4/isr_1.c ****     /* For all we know the interrupt is active. */
 259              		.loc 1 100 0
 260              		.cfi_startproc
 261              	.LVL7:
 262 0000 10B5     		push	{r4, lr}
 263              		.cfi_def_cfa_offset 8
 264              		.cfi_offset 4, -8
 265              		.cfi_offset 14, -4
 266              	.LBB38:
 267              	.LBB39:
 268              		.loc 1 349 0
 269 0002 0224     		mov	r4, #2
 270 0004 044B     		ldr	r3, .L18
 271              	.LBE39:
 272              	.LBE38:
 112:.\Generated_Source\PSoC4/isr_1.c **** 
 273              		.loc 1 112 0
 274              		@ sp needed
 275              	.LBB41:
 276              	.LBB40:
 277              		.loc 1 349 0
 278 0006 1C60     		str	r4, [r3]
 279              	.LVL8:
 280              	.LBE40:
 281              	.LBE41:
 282              	.LBB42:
 283              	.LBB43:
 201:.\Generated_Source\PSoC4/isr_1.c **** }
 284              		.loc 1 201 0
 285 0008 044B     		ldr	r3, .L18+4
 286 000a 5864     		str	r0, [r3, #68]
 287              	.LBE43:
 288              	.LBE42:
 108:.\Generated_Source\PSoC4/isr_1.c **** 
 289              		.loc 1 108 0
 290 000c 0320     		mov	r0, #3
 291              	.LVL9:
 292 000e FFF7FEFF 		bl	isr_1_SetPriority
 293              	.LVL10:
 294              	.LBB44:
 295              	.LBB45:
 307:.\Generated_Source\PSoC4/isr_1.c **** }
 296              		.loc 1 307 0
 297 0012 034B     		ldr	r3, .L18+8
 298 0014 1C60     		str	r4, [r3]
ARM GAS  C:\Users\Jarik\AppData\Local\Temp\ccvAZYm3.s 			page 13


 299              	.LBE45:
 300              	.LBE44:
 112:.\Generated_Source\PSoC4/isr_1.c **** 
 301              		.loc 1 112 0
 302 0016 10BD     		pop	{r4, pc}
 303              	.L19:
 304              		.align	2
 305              	.L18:
 306 0018 80E100E0 		.word	-536813184
 307 001c 00000000 		.word	CyRamVectors
 308 0020 00E100E0 		.word	-536813312
 309              		.cfi_endproc
 310              	.LFE1:
 311              		.size	isr_1_StartEx, .-isr_1_StartEx
 312              		.section	.text.isr_1_GetPriority,"ax",%progbits
 313              		.align	1
 314              		.global	isr_1_GetPriority
 315              		.code	16
 316              		.thumb_func
 317              		.type	isr_1_GetPriority, %function
 318              	isr_1_GetPriority:
 319              	.LFB7:
 278:.\Generated_Source\PSoC4/isr_1.c ****     uint32 priority;
 320              		.loc 1 278 0
 321              		.cfi_startproc
 322              	.LVL11:
 282:.\Generated_Source\PSoC4/isr_1.c **** 
 323              		.loc 1 282 0
 324 0000 024B     		ldr	r3, .L21
 285:.\Generated_Source\PSoC4/isr_1.c **** 
 325              		.loc 1 285 0
 326              		@ sp needed
 282:.\Generated_Source\PSoC4/isr_1.c **** 
 327              		.loc 1 282 0
 328 0002 1868     		ldr	r0, [r3]
 329              	.LVL12:
 330 0004 0004     		lsl	r0, r0, #16
 331              	.LVL13:
 284:.\Generated_Source\PSoC4/isr_1.c **** }
 332              		.loc 1 284 0
 333 0006 800F     		lsr	r0, r0, #30
 285:.\Generated_Source\PSoC4/isr_1.c **** 
 334              		.loc 1 285 0
 335 0008 7047     		bx	lr
 336              	.L22:
 337 000a C046     		.align	2
 338              	.L21:
 339 000c 00E400E0 		.word	-536812544
 340              		.cfi_endproc
 341              	.LFE7:
 342              		.size	isr_1_GetPriority, .-isr_1_GetPriority
 343              		.section	.text.isr_1_Enable,"ax",%progbits
 344              		.align	1
 345              		.global	isr_1_Enable
 346              		.code	16
 347              		.thumb_func
 348              		.type	isr_1_Enable, %function
ARM GAS  C:\Users\Jarik\AppData\Local\Temp\ccvAZYm3.s 			page 14


 349              	isr_1_Enable:
 350              	.LFB8:
 305:.\Generated_Source\PSoC4/isr_1.c ****     /* Enable the general interrupt. */
 351              		.loc 1 305 0
 352              		.cfi_startproc
 307:.\Generated_Source\PSoC4/isr_1.c **** }
 353              		.loc 1 307 0
 354 0000 0222     		mov	r2, #2
 355 0002 014B     		ldr	r3, .L24
 308:.\Generated_Source\PSoC4/isr_1.c **** 
 356              		.loc 1 308 0
 357              		@ sp needed
 307:.\Generated_Source\PSoC4/isr_1.c **** }
 358              		.loc 1 307 0
 359 0004 1A60     		str	r2, [r3]
 308:.\Generated_Source\PSoC4/isr_1.c **** 
 360              		.loc 1 308 0
 361 0006 7047     		bx	lr
 362              	.L25:
 363              		.align	2
 364              	.L24:
 365 0008 00E100E0 		.word	-536813312
 366              		.cfi_endproc
 367              	.LFE8:
 368              		.size	isr_1_Enable, .-isr_1_Enable
 369              		.section	.text.isr_1_GetState,"ax",%progbits
 370              		.align	1
 371              		.global	isr_1_GetState
 372              		.code	16
 373              		.thumb_func
 374              		.type	isr_1_GetState, %function
 375              	isr_1_GetState:
 376              	.LFB9:
 326:.\Generated_Source\PSoC4/isr_1.c ****     /* Get the state of the general interrupt. */
 377              		.loc 1 326 0
 378              		.cfi_startproc
 328:.\Generated_Source\PSoC4/isr_1.c **** }
 379              		.loc 1 328 0
 380 0000 024B     		ldr	r3, .L27
 329:.\Generated_Source\PSoC4/isr_1.c **** 
 381              		.loc 1 329 0
 382              		@ sp needed
 328:.\Generated_Source\PSoC4/isr_1.c **** }
 383              		.loc 1 328 0
 384 0002 1868     		ldr	r0, [r3]
 385 0004 8007     		lsl	r0, r0, #30
 386 0006 C00F     		lsr	r0, r0, #31
 329:.\Generated_Source\PSoC4/isr_1.c **** 
 387              		.loc 1 329 0
 388 0008 7047     		bx	lr
 389              	.L28:
 390 000a C046     		.align	2
 391              	.L27:
 392 000c 00E100E0 		.word	-536813312
 393              		.cfi_endproc
 394              	.LFE9:
 395              		.size	isr_1_GetState, .-isr_1_GetState
ARM GAS  C:\Users\Jarik\AppData\Local\Temp\ccvAZYm3.s 			page 15


 396              		.section	.text.isr_1_Disable,"ax",%progbits
 397              		.align	1
 398              		.global	isr_1_Disable
 399              		.code	16
 400              		.thumb_func
 401              		.type	isr_1_Disable, %function
 402              	isr_1_Disable:
 403              	.LFB10:
 347:.\Generated_Source\PSoC4/isr_1.c ****     /* Disable the general interrupt. */
 404              		.loc 1 347 0
 405              		.cfi_startproc
 406              		.loc 1 349 0
 407 0000 0222     		mov	r2, #2
 408 0002 014B     		ldr	r3, .L30
 350:.\Generated_Source\PSoC4/isr_1.c **** }
 409              		.loc 1 350 0
 410              		@ sp needed
 349:.\Generated_Source\PSoC4/isr_1.c **** }
 411              		.loc 1 349 0
 412 0004 1A60     		str	r2, [r3]
 413              		.loc 1 350 0
 414 0006 7047     		bx	lr
 415              	.L31:
 416              		.align	2
 417              	.L30:
 418 0008 80E100E0 		.word	-536813184
 419              		.cfi_endproc
 420              	.LFE10:
 421              		.size	isr_1_Disable, .-isr_1_Disable
 422              		.section	.text.isr_1_SetPending,"ax",%progbits
 423              		.align	1
 424              		.global	isr_1_SetPending
 425              		.code	16
 426              		.thumb_func
 427              		.type	isr_1_SetPending, %function
 428              	isr_1_SetPending:
 429              	.LFB11:
 351:.\Generated_Source\PSoC4/isr_1.c **** 
 352:.\Generated_Source\PSoC4/isr_1.c **** 
 353:.\Generated_Source\PSoC4/isr_1.c **** /*******************************************************************************
 354:.\Generated_Source\PSoC4/isr_1.c **** * Function Name: isr_1_SetPending
 355:.\Generated_Source\PSoC4/isr_1.c **** ********************************************************************************
 356:.\Generated_Source\PSoC4/isr_1.c **** *
 357:.\Generated_Source\PSoC4/isr_1.c **** * Summary:
 358:.\Generated_Source\PSoC4/isr_1.c **** *   Causes the Interrupt to enter the pending state, a software method of
 359:.\Generated_Source\PSoC4/isr_1.c **** *   generating the interrupt.
 360:.\Generated_Source\PSoC4/isr_1.c **** *
 361:.\Generated_Source\PSoC4/isr_1.c **** * Parameters:
 362:.\Generated_Source\PSoC4/isr_1.c **** *   None
 363:.\Generated_Source\PSoC4/isr_1.c **** *
 364:.\Generated_Source\PSoC4/isr_1.c **** * Return:
 365:.\Generated_Source\PSoC4/isr_1.c **** *   None
 366:.\Generated_Source\PSoC4/isr_1.c **** *
 367:.\Generated_Source\PSoC4/isr_1.c **** * Side Effects:
 368:.\Generated_Source\PSoC4/isr_1.c **** *   If interrupts are enabled and the interrupt is set up properly, the ISR is
 369:.\Generated_Source\PSoC4/isr_1.c **** *   entered (depending on the priority of this interrupt and other pending 
 370:.\Generated_Source\PSoC4/isr_1.c **** *   interrupts).
ARM GAS  C:\Users\Jarik\AppData\Local\Temp\ccvAZYm3.s 			page 16


 371:.\Generated_Source\PSoC4/isr_1.c **** *
 372:.\Generated_Source\PSoC4/isr_1.c **** *******************************************************************************/
 373:.\Generated_Source\PSoC4/isr_1.c **** void isr_1_SetPending(void)
 374:.\Generated_Source\PSoC4/isr_1.c **** {
 430              		.loc 1 374 0
 431              		.cfi_startproc
 375:.\Generated_Source\PSoC4/isr_1.c ****     *isr_1_INTC_SET_PD = isr_1__INTC_MASK;
 432              		.loc 1 375 0
 433 0000 0222     		mov	r2, #2
 434 0002 014B     		ldr	r3, .L33
 376:.\Generated_Source\PSoC4/isr_1.c **** }
 435              		.loc 1 376 0
 436              		@ sp needed
 375:.\Generated_Source\PSoC4/isr_1.c ****     *isr_1_INTC_SET_PD = isr_1__INTC_MASK;
 437              		.loc 1 375 0
 438 0004 1A60     		str	r2, [r3]
 439              		.loc 1 376 0
 440 0006 7047     		bx	lr
 441              	.L34:
 442              		.align	2
 443              	.L33:
 444 0008 00E200E0 		.word	-536813056
 445              		.cfi_endproc
 446              	.LFE11:
 447              		.size	isr_1_SetPending, .-isr_1_SetPending
 448              		.section	.text.isr_1_ClearPending,"ax",%progbits
 449              		.align	1
 450              		.global	isr_1_ClearPending
 451              		.code	16
 452              		.thumb_func
 453              		.type	isr_1_ClearPending, %function
 454              	isr_1_ClearPending:
 455              	.LFB12:
 377:.\Generated_Source\PSoC4/isr_1.c **** 
 378:.\Generated_Source\PSoC4/isr_1.c **** 
 379:.\Generated_Source\PSoC4/isr_1.c **** /*******************************************************************************
 380:.\Generated_Source\PSoC4/isr_1.c **** * Function Name: isr_1_ClearPending
 381:.\Generated_Source\PSoC4/isr_1.c **** ********************************************************************************
 382:.\Generated_Source\PSoC4/isr_1.c **** *
 383:.\Generated_Source\PSoC4/isr_1.c **** * Summary:
 384:.\Generated_Source\PSoC4/isr_1.c **** *   Clears a pending interrupt in the interrupt controller.
 385:.\Generated_Source\PSoC4/isr_1.c **** *
 386:.\Generated_Source\PSoC4/isr_1.c **** *   Note Some interrupt sources are clear-on-read and require the block 
 387:.\Generated_Source\PSoC4/isr_1.c **** *   interrupt/status register to be read/cleared with the appropriate block API 
 388:.\Generated_Source\PSoC4/isr_1.c **** *   (GPIO, UART, and so on). Otherwise the ISR will continue to remain in 
 389:.\Generated_Source\PSoC4/isr_1.c **** *   pending state even though the interrupt itself is cleared using this API.
 390:.\Generated_Source\PSoC4/isr_1.c **** *
 391:.\Generated_Source\PSoC4/isr_1.c **** * Parameters:
 392:.\Generated_Source\PSoC4/isr_1.c **** *   None
 393:.\Generated_Source\PSoC4/isr_1.c **** *
 394:.\Generated_Source\PSoC4/isr_1.c **** * Return:
 395:.\Generated_Source\PSoC4/isr_1.c **** *   None
 396:.\Generated_Source\PSoC4/isr_1.c **** *
 397:.\Generated_Source\PSoC4/isr_1.c **** *******************************************************************************/
 398:.\Generated_Source\PSoC4/isr_1.c **** void isr_1_ClearPending(void)
 399:.\Generated_Source\PSoC4/isr_1.c **** {
 456              		.loc 1 399 0
ARM GAS  C:\Users\Jarik\AppData\Local\Temp\ccvAZYm3.s 			page 17


 457              		.cfi_startproc
 400:.\Generated_Source\PSoC4/isr_1.c ****     *isr_1_INTC_CLR_PD = isr_1__INTC_MASK;
 458              		.loc 1 400 0
 459 0000 0222     		mov	r2, #2
 460 0002 014B     		ldr	r3, .L36
 401:.\Generated_Source\PSoC4/isr_1.c **** }
 461              		.loc 1 401 0
 462              		@ sp needed
 400:.\Generated_Source\PSoC4/isr_1.c ****     *isr_1_INTC_CLR_PD = isr_1__INTC_MASK;
 463              		.loc 1 400 0
 464 0004 1A60     		str	r2, [r3]
 465              		.loc 1 401 0
 466 0006 7047     		bx	lr
 467              	.L37:
 468              		.align	2
 469              	.L36:
 470 0008 80E200E0 		.word	-536812928
 471              		.cfi_endproc
 472              	.LFE12:
 473              		.size	isr_1_ClearPending, .-isr_1_ClearPending
 474              		.text
 475              	.Letext0:
 476              		.file 2 "Generated_Source\\PSoC4/cytypes.h"
 477              		.file 3 "Generated_Source\\PSoC4/CyLib.h"
 478              		.section	.debug_info,"",%progbits
 479              	.Ldebug_info0:
 480 0000 4A030000 		.4byte	0x34a
 481 0004 0400     		.2byte	0x4
 482 0006 00000000 		.4byte	.Ldebug_abbrev0
 483 000a 04       		.byte	0x4
 484 000b 01       		.uleb128 0x1
 485 000c 2A000000 		.4byte	.LASF32
 486 0010 01       		.byte	0x1
 487 0011 F1010000 		.4byte	.LASF33
 488 0015 74020000 		.4byte	.LASF34
 489 0019 80000000 		.4byte	.Ldebug_ranges0+0x80
 490 001d 00000000 		.4byte	0
 491 0021 00000000 		.4byte	.Ldebug_line0
 492 0025 02       		.uleb128 0x2
 493 0026 01       		.byte	0x1
 494 0027 06       		.byte	0x6
 495 0028 A9020000 		.4byte	.LASF0
 496 002c 02       		.uleb128 0x2
 497 002d 01       		.byte	0x1
 498 002e 08       		.byte	0x8
 499 002f 3B010000 		.4byte	.LASF1
 500 0033 02       		.uleb128 0x2
 501 0034 02       		.byte	0x2
 502 0035 05       		.byte	0x5
 503 0036 32020000 		.4byte	.LASF2
 504 003a 02       		.uleb128 0x2
 505 003b 02       		.byte	0x2
 506 003c 07       		.byte	0x7
 507 003d F9000000 		.4byte	.LASF3
 508 0041 02       		.uleb128 0x2
 509 0042 04       		.byte	0x4
 510 0043 05       		.byte	0x5
ARM GAS  C:\Users\Jarik\AppData\Local\Temp\ccvAZYm3.s 			page 18


 511 0044 6B020000 		.4byte	.LASF4
 512 0048 02       		.uleb128 0x2
 513 0049 04       		.byte	0x4
 514 004a 07       		.byte	0x7
 515 004b 58010000 		.4byte	.LASF5
 516 004f 02       		.uleb128 0x2
 517 0050 08       		.byte	0x8
 518 0051 05       		.byte	0x5
 519 0052 12020000 		.4byte	.LASF6
 520 0056 02       		.uleb128 0x2
 521 0057 08       		.byte	0x8
 522 0058 07       		.byte	0x7
 523 0059 24010000 		.4byte	.LASF7
 524 005d 03       		.uleb128 0x3
 525 005e 04       		.byte	0x4
 526 005f 05       		.byte	0x5
 527 0060 696E7400 		.ascii	"int\000"
 528 0064 02       		.uleb128 0x2
 529 0065 04       		.byte	0x4
 530 0066 07       		.byte	0x7
 531 0067 B0010000 		.4byte	.LASF8
 532 006b 04       		.uleb128 0x4
 533 006c 6A010000 		.4byte	.LASF9
 534 0070 02       		.byte	0x2
 535 0071 C2       		.byte	0xc2
 536 0072 2C000000 		.4byte	0x2c
 537 0076 04       		.uleb128 0x4
 538 0077 92010000 		.4byte	.LASF10
 539 007b 02       		.byte	0x2
 540 007c C4       		.byte	0xc4
 541 007d 48000000 		.4byte	0x48
 542 0081 02       		.uleb128 0x2
 543 0082 04       		.byte	0x4
 544 0083 04       		.byte	0x4
 545 0084 1E010000 		.4byte	.LASF11
 546 0088 02       		.uleb128 0x2
 547 0089 08       		.byte	0x8
 548 008a 04       		.byte	0x4
 549 008b 79010000 		.4byte	.LASF12
 550 008f 02       		.uleb128 0x2
 551 0090 01       		.byte	0x1
 552 0091 08       		.byte	0x8
 553 0092 2D020000 		.4byte	.LASF13
 554 0096 05       		.uleb128 0x5
 555 0097 13000000 		.4byte	.LASF14
 556 009b 02       		.byte	0x2
 557 009c 6E01     		.2byte	0x16e
 558 009e A2000000 		.4byte	0xa2
 559 00a2 06       		.uleb128 0x6
 560 00a3 76000000 		.4byte	0x76
 561 00a7 05       		.uleb128 0x5
 562 00a8 DB010000 		.4byte	.LASF15
 563 00ac 02       		.byte	0x2
 564 00ad 7E01     		.2byte	0x17e
 565 00af B3000000 		.4byte	0xb3
 566 00b3 07       		.uleb128 0x7
 567 00b4 04       		.byte	0x4
ARM GAS  C:\Users\Jarik\AppData\Local\Temp\ccvAZYm3.s 			page 19


 568 00b5 B9000000 		.4byte	0xb9
 569 00b9 08       		.uleb128 0x8
 570 00ba 02       		.uleb128 0x2
 571 00bb 04       		.byte	0x4
 572 00bc 07       		.byte	0x7
 573 00bd E8010000 		.4byte	.LASF16
 574 00c1 09       		.uleb128 0x9
 575 00c2 D4000000 		.4byte	.LASF17
 576 00c6 01       		.byte	0x1
 577 00c7 5A01     		.2byte	0x15a
 578 00c9 01       		.byte	0x1
 579 00ca 0A       		.uleb128 0xa
 580 00cb C3020000 		.4byte	.LASF35
 581 00cf 01       		.byte	0x1
 582 00d0 C7       		.byte	0xc7
 583 00d1 01       		.byte	0x1
 584 00d2 E2000000 		.4byte	0xe2
 585 00d6 0B       		.uleb128 0xb
 586 00d7 BD010000 		.4byte	.LASF26
 587 00db 01       		.byte	0x1
 588 00dc C7       		.byte	0xc7
 589 00dd A7000000 		.4byte	0xa7
 590 00e1 00       		.byte	0
 591 00e2 09       		.uleb128 0x9
 592 00e3 20020000 		.4byte	.LASF18
 593 00e7 01       		.byte	0x1
 594 00e8 3001     		.2byte	0x130
 595 00ea 01       		.byte	0x1
 596 00eb 0C       		.uleb128 0xc
 597 00ec 4C020000 		.4byte	.LASF29
 598 00f0 01       		.byte	0x1
 599 00f1 9F       		.byte	0x9f
 600 00f2 00000000 		.4byte	.LFB3
 601 00f6 02000000 		.4byte	.LFE3-.LFB3
 602 00fa 01       		.uleb128 0x1
 603 00fb 9C       		.byte	0x9c
 604 00fc 0D       		.uleb128 0xd
 605 00fd E2000000 		.4byte	.LASF19
 606 0101 01       		.byte	0x1
 607 0102 81       		.byte	0x81
 608 0103 00000000 		.4byte	.LFB2
 609 0107 1C000000 		.4byte	.LFE2-.LFB2
 610 010b 01       		.uleb128 0x1
 611 010c 9C       		.byte	0x9c
 612 010d 36010000 		.4byte	0x136
 613 0111 0E       		.uleb128 0xe
 614 0112 C1000000 		.4byte	0xc1
 615 0116 00000000 		.4byte	.LBB18
 616 011a 00000000 		.4byte	.Ldebug_ranges0+0
 617 011e 01       		.byte	0x1
 618 011f 84       		.byte	0x84
 619 0120 0F       		.uleb128 0xf
 620 0121 CA000000 		.4byte	0xca
 621 0125 06000000 		.4byte	.LBB22
 622 0129 06000000 		.4byte	.LBE22-.LBB22
 623 012d 01       		.byte	0x1
 624 012e 87       		.byte	0x87
ARM GAS  C:\Users\Jarik\AppData\Local\Temp\ccvAZYm3.s 			page 20


 625 012f 10       		.uleb128 0x10
 626 0130 D6000000 		.4byte	0xd6
 627 0134 00       		.byte	0
 628 0135 00       		.byte	0
 629 0136 11       		.uleb128 0x11
 630 0137 CA000000 		.4byte	0xca
 631 013b 00000000 		.4byte	.LFB4
 632 013f 0C000000 		.4byte	.LFE4-.LFB4
 633 0143 01       		.uleb128 0x1
 634 0144 9C       		.byte	0x9c
 635 0145 51010000 		.4byte	0x151
 636 0149 12       		.uleb128 0x12
 637 014a D6000000 		.4byte	0xd6
 638 014e 01       		.uleb128 0x1
 639 014f 50       		.byte	0x50
 640 0150 00       		.byte	0
 641 0151 13       		.uleb128 0x13
 642 0152 3C020000 		.4byte	.LASF27
 643 0156 01       		.byte	0x1
 644 0157 DB       		.byte	0xdb
 645 0158 A7000000 		.4byte	0xa7
 646 015c 00000000 		.4byte	.LFB5
 647 0160 0C000000 		.4byte	.LFE5-.LFB5
 648 0164 01       		.uleb128 0x1
 649 0165 9C       		.byte	0x9c
 650 0166 0D       		.uleb128 0xd
 651 0167 80010000 		.4byte	.LASF20
 652 016b 01       		.byte	0x1
 653 016c F9       		.byte	0xf9
 654 016d 00000000 		.4byte	.LFB6
 655 0171 24000000 		.4byte	.LFE6-.LFB6
 656 0175 01       		.uleb128 0x1
 657 0176 9C       		.byte	0x9c
 658 0177 B8010000 		.4byte	0x1b8
 659 017b 14       		.uleb128 0x14
 660 017c 70010000 		.4byte	.LASF25
 661 0180 01       		.byte	0x1
 662 0181 F9       		.byte	0xf9
 663 0182 6B000000 		.4byte	0x6b
 664 0186 00000000 		.4byte	.LLST0
 665 018a 15       		.uleb128 0x15
 666 018b 49010000 		.4byte	.LASF21
 667 018f 01       		.byte	0x1
 668 0190 FB       		.byte	0xfb
 669 0191 6B000000 		.4byte	0x6b
 670 0195 21000000 		.4byte	.LLST1
 671 0199 16       		.uleb128 0x16
 672 019a 5C020000 		.4byte	.LASF22
 673 019e 01       		.byte	0x1
 674 019f FC       		.byte	0xfc
 675 01a0 76000000 		.4byte	0x76
 676 01a4 0E       		.byte	0xe
 677 01a5 17       		.uleb128 0x17
 678 01a6 08000000 		.4byte	.LVL3
 679 01aa 35030000 		.4byte	0x335
 680 01ae 17       		.uleb128 0x17
 681 01af 1A000000 		.4byte	.LVL4
ARM GAS  C:\Users\Jarik\AppData\Local\Temp\ccvAZYm3.s 			page 21


 682 01b3 40030000 		.4byte	0x340
 683 01b7 00       		.byte	0
 684 01b8 0D       		.uleb128 0xd
 685 01b9 ED000000 		.4byte	.LASF23
 686 01bd 01       		.byte	0x1
 687 01be 38       		.byte	0x38
 688 01bf 00000000 		.4byte	.LFB0
 689 01c3 2C000000 		.4byte	.LFE0-.LFB0
 690 01c7 01       		.uleb128 0x1
 691 01c8 9C       		.byte	0x9c
 692 01c9 1B020000 		.4byte	0x21b
 693 01cd 0E       		.uleb128 0xe
 694 01ce C1000000 		.4byte	0xc1
 695 01d2 02000000 		.4byte	.LBB24
 696 01d6 18000000 		.4byte	.Ldebug_ranges0+0x18
 697 01da 01       		.byte	0x1
 698 01db 3B       		.byte	0x3b
 699 01dc 18       		.uleb128 0x18
 700 01dd CA000000 		.4byte	0xca
 701 01e1 06000000 		.4byte	.LBB27
 702 01e5 30000000 		.4byte	.Ldebug_ranges0+0x30
 703 01e9 01       		.byte	0x1
 704 01ea 3E       		.byte	0x3e
 705 01eb FC010000 		.4byte	0x1fc
 706 01ef 12       		.uleb128 0x12
 707 01f0 D6000000 		.4byte	0xd6
 708 01f4 06       		.uleb128 0x6
 709 01f5 03       		.byte	0x3
 710 01f6 00000000 		.4byte	isr_1_Interrupt
 711 01fa 9F       		.byte	0x9f
 712 01fb 00       		.byte	0
 713 01fc 0E       		.uleb128 0xe
 714 01fd E2000000 		.4byte	0xe2
 715 0201 14000000 		.4byte	.LBB34
 716 0205 50000000 		.4byte	.Ldebug_ranges0+0x50
 717 0209 01       		.byte	0x1
 718 020a 44       		.byte	0x44
 719 020b 19       		.uleb128 0x19
 720 020c 14000000 		.4byte	.LVL6
 721 0210 66010000 		.4byte	0x166
 722 0214 1A       		.uleb128 0x1a
 723 0215 01       		.uleb128 0x1
 724 0216 50       		.byte	0x50
 725 0217 01       		.uleb128 0x1
 726 0218 33       		.byte	0x33
 727 0219 00       		.byte	0
 728 021a 00       		.byte	0
 729 021b 0D       		.uleb128 0xd
 730 021c B5020000 		.4byte	.LASF24
 731 0220 01       		.byte	0x1
 732 0221 63       		.byte	0x63
 733 0222 00000000 		.4byte	.LFB1
 734 0226 24000000 		.4byte	.LFE1-.LFB1
 735 022a 01       		.uleb128 0x1
 736 022b 9C       		.byte	0x9c
 737 022c 8A020000 		.4byte	0x28a
 738 0230 14       		.uleb128 0x14
ARM GAS  C:\Users\Jarik\AppData\Local\Temp\ccvAZYm3.s 			page 22


 739 0231 BD010000 		.4byte	.LASF26
 740 0235 01       		.byte	0x1
 741 0236 63       		.byte	0x63
 742 0237 A7000000 		.4byte	0xa7
 743 023b 34000000 		.4byte	.LLST2
 744 023f 0E       		.uleb128 0xe
 745 0240 C1000000 		.4byte	0xc1
 746 0244 02000000 		.4byte	.LBB38
 747 0248 68000000 		.4byte	.Ldebug_ranges0+0x68
 748 024c 01       		.byte	0x1
 749 024d 66       		.byte	0x66
 750 024e 1B       		.uleb128 0x1b
 751 024f CA000000 		.4byte	0xca
 752 0253 08000000 		.4byte	.LBB42
 753 0257 04000000 		.4byte	.LBE42-.LBB42
 754 025b 01       		.byte	0x1
 755 025c 69       		.byte	0x69
 756 025d 6B020000 		.4byte	0x26b
 757 0261 1C       		.uleb128 0x1c
 758 0262 D6000000 		.4byte	0xd6
 759 0266 62000000 		.4byte	.LLST3
 760 026a 00       		.byte	0
 761 026b 1D       		.uleb128 0x1d
 762 026c E2000000 		.4byte	0xe2
 763 0270 12000000 		.4byte	.LBB44
 764 0274 04000000 		.4byte	.LBE44-.LBB44
 765 0278 01       		.byte	0x1
 766 0279 6F       		.byte	0x6f
 767 027a 19       		.uleb128 0x19
 768 027b 12000000 		.4byte	.LVL10
 769 027f 66010000 		.4byte	0x166
 770 0283 1A       		.uleb128 0x1a
 771 0284 01       		.uleb128 0x1
 772 0285 50       		.byte	0x50
 773 0286 01       		.uleb128 0x1
 774 0287 33       		.byte	0x33
 775 0288 00       		.byte	0
 776 0289 00       		.byte	0
 777 028a 1E       		.uleb128 0x1e
 778 028b 0C010000 		.4byte	.LASF36
 779 028f 01       		.byte	0x1
 780 0290 1501     		.2byte	0x115
 781 0292 6B000000 		.4byte	0x6b
 782 0296 00000000 		.4byte	.LFB7
 783 029a 10000000 		.4byte	.LFE7-.LFB7
 784 029e 01       		.uleb128 0x1
 785 029f 9C       		.byte	0x9c
 786 02a0 C2020000 		.4byte	0x2c2
 787 02a4 1F       		.uleb128 0x1f
 788 02a5 70010000 		.4byte	.LASF25
 789 02a9 01       		.byte	0x1
 790 02aa 1701     		.2byte	0x117
 791 02ac 76000000 		.4byte	0x76
 792 02b0 90000000 		.4byte	.LLST4
 793 02b4 20       		.uleb128 0x20
 794 02b5 5C020000 		.4byte	.LASF22
 795 02b9 01       		.byte	0x1
ARM GAS  C:\Users\Jarik\AppData\Local\Temp\ccvAZYm3.s 			page 23


 796 02ba 1801     		.2byte	0x118
 797 02bc 76000000 		.4byte	0x76
 798 02c0 0E       		.byte	0xe
 799 02c1 00       		.byte	0
 800 02c2 21       		.uleb128 0x21
 801 02c3 E2000000 		.4byte	0xe2
 802 02c7 00000000 		.4byte	.LFB8
 803 02cb 0C000000 		.4byte	.LFE8-.LFB8
 804 02cf 01       		.uleb128 0x1
 805 02d0 9C       		.byte	0x9c
 806 02d1 22       		.uleb128 0x22
 807 02d2 B8000000 		.4byte	.LASF28
 808 02d6 01       		.byte	0x1
 809 02d7 4501     		.2byte	0x145
 810 02d9 6B000000 		.4byte	0x6b
 811 02dd 00000000 		.4byte	.LFB9
 812 02e1 10000000 		.4byte	.LFE9-.LFB9
 813 02e5 01       		.uleb128 0x1
 814 02e6 9C       		.byte	0x9c
 815 02e7 21       		.uleb128 0x21
 816 02e8 C1000000 		.4byte	0xc1
 817 02ec 00000000 		.4byte	.LFB10
 818 02f0 0C000000 		.4byte	.LFE10-.LFB10
 819 02f4 01       		.uleb128 0x1
 820 02f5 9C       		.byte	0x9c
 821 02f6 23       		.uleb128 0x23
 822 02f7 19000000 		.4byte	.LASF30
 823 02fb 01       		.byte	0x1
 824 02fc 7501     		.2byte	0x175
 825 02fe 00000000 		.4byte	.LFB11
 826 0302 0C000000 		.4byte	.LFE11-.LFB11
 827 0306 01       		.uleb128 0x1
 828 0307 9C       		.byte	0x9c
 829 0308 23       		.uleb128 0x23
 830 0309 00000000 		.4byte	.LASF31
 831 030d 01       		.byte	0x1
 832 030e 8E01     		.2byte	0x18e
 833 0310 00000000 		.4byte	.LFB12
 834 0314 0C000000 		.4byte	.LFE12-.LFB12
 835 0318 01       		.uleb128 0x1
 836 0319 9C       		.byte	0x9c
 837 031a 24       		.uleb128 0x24
 838 031b A7000000 		.4byte	0xa7
 839 031f 2A030000 		.4byte	0x32a
 840 0323 25       		.uleb128 0x25
 841 0324 BA000000 		.4byte	0xba
 842 0328 2F       		.byte	0x2f
 843 0329 00       		.byte	0
 844 032a 26       		.uleb128 0x26
 845 032b C7000000 		.4byte	.LASF37
 846 032f 01       		.byte	0x1
 847 0330 21       		.byte	0x21
 848 0331 1A030000 		.4byte	0x31a
 849 0335 27       		.uleb128 0x27
 850 0336 99010000 		.4byte	.LASF38
 851 033a 03       		.byte	0x3
 852 033b 5E       		.byte	0x5e
ARM GAS  C:\Users\Jarik\AppData\Local\Temp\ccvAZYm3.s 			page 24


 853 033c 6B000000 		.4byte	0x6b
 854 0340 28       		.uleb128 0x28
 855 0341 C5010000 		.4byte	.LASF39
 856 0345 03       		.byte	0x3
 857 0346 5F       		.byte	0x5f
 858 0347 29       		.uleb128 0x29
 859 0348 6B000000 		.4byte	0x6b
 860 034c 00       		.byte	0
 861 034d 00       		.byte	0
 862              		.section	.debug_abbrev,"",%progbits
 863              	.Ldebug_abbrev0:
 864 0000 01       		.uleb128 0x1
 865 0001 11       		.uleb128 0x11
 866 0002 01       		.byte	0x1
 867 0003 25       		.uleb128 0x25
 868 0004 0E       		.uleb128 0xe
 869 0005 13       		.uleb128 0x13
 870 0006 0B       		.uleb128 0xb
 871 0007 03       		.uleb128 0x3
 872 0008 0E       		.uleb128 0xe
 873 0009 1B       		.uleb128 0x1b
 874 000a 0E       		.uleb128 0xe
 875 000b 55       		.uleb128 0x55
 876 000c 17       		.uleb128 0x17
 877 000d 11       		.uleb128 0x11
 878 000e 01       		.uleb128 0x1
 879 000f 10       		.uleb128 0x10
 880 0010 17       		.uleb128 0x17
 881 0011 00       		.byte	0
 882 0012 00       		.byte	0
 883 0013 02       		.uleb128 0x2
 884 0014 24       		.uleb128 0x24
 885 0015 00       		.byte	0
 886 0016 0B       		.uleb128 0xb
 887 0017 0B       		.uleb128 0xb
 888 0018 3E       		.uleb128 0x3e
 889 0019 0B       		.uleb128 0xb
 890 001a 03       		.uleb128 0x3
 891 001b 0E       		.uleb128 0xe
 892 001c 00       		.byte	0
 893 001d 00       		.byte	0
 894 001e 03       		.uleb128 0x3
 895 001f 24       		.uleb128 0x24
 896 0020 00       		.byte	0
 897 0021 0B       		.uleb128 0xb
 898 0022 0B       		.uleb128 0xb
 899 0023 3E       		.uleb128 0x3e
 900 0024 0B       		.uleb128 0xb
 901 0025 03       		.uleb128 0x3
 902 0026 08       		.uleb128 0x8
 903 0027 00       		.byte	0
 904 0028 00       		.byte	0
 905 0029 04       		.uleb128 0x4
 906 002a 16       		.uleb128 0x16
 907 002b 00       		.byte	0
 908 002c 03       		.uleb128 0x3
 909 002d 0E       		.uleb128 0xe
ARM GAS  C:\Users\Jarik\AppData\Local\Temp\ccvAZYm3.s 			page 25


 910 002e 3A       		.uleb128 0x3a
 911 002f 0B       		.uleb128 0xb
 912 0030 3B       		.uleb128 0x3b
 913 0031 0B       		.uleb128 0xb
 914 0032 49       		.uleb128 0x49
 915 0033 13       		.uleb128 0x13
 916 0034 00       		.byte	0
 917 0035 00       		.byte	0
 918 0036 05       		.uleb128 0x5
 919 0037 16       		.uleb128 0x16
 920 0038 00       		.byte	0
 921 0039 03       		.uleb128 0x3
 922 003a 0E       		.uleb128 0xe
 923 003b 3A       		.uleb128 0x3a
 924 003c 0B       		.uleb128 0xb
 925 003d 3B       		.uleb128 0x3b
 926 003e 05       		.uleb128 0x5
 927 003f 49       		.uleb128 0x49
 928 0040 13       		.uleb128 0x13
 929 0041 00       		.byte	0
 930 0042 00       		.byte	0
 931 0043 06       		.uleb128 0x6
 932 0044 35       		.uleb128 0x35
 933 0045 00       		.byte	0
 934 0046 49       		.uleb128 0x49
 935 0047 13       		.uleb128 0x13
 936 0048 00       		.byte	0
 937 0049 00       		.byte	0
 938 004a 07       		.uleb128 0x7
 939 004b 0F       		.uleb128 0xf
 940 004c 00       		.byte	0
 941 004d 0B       		.uleb128 0xb
 942 004e 0B       		.uleb128 0xb
 943 004f 49       		.uleb128 0x49
 944 0050 13       		.uleb128 0x13
 945 0051 00       		.byte	0
 946 0052 00       		.byte	0
 947 0053 08       		.uleb128 0x8
 948 0054 15       		.uleb128 0x15
 949 0055 00       		.byte	0
 950 0056 27       		.uleb128 0x27
 951 0057 19       		.uleb128 0x19
 952 0058 00       		.byte	0
 953 0059 00       		.byte	0
 954 005a 09       		.uleb128 0x9
 955 005b 2E       		.uleb128 0x2e
 956 005c 00       		.byte	0
 957 005d 3F       		.uleb128 0x3f
 958 005e 19       		.uleb128 0x19
 959 005f 03       		.uleb128 0x3
 960 0060 0E       		.uleb128 0xe
 961 0061 3A       		.uleb128 0x3a
 962 0062 0B       		.uleb128 0xb
 963 0063 3B       		.uleb128 0x3b
 964 0064 05       		.uleb128 0x5
 965 0065 27       		.uleb128 0x27
 966 0066 19       		.uleb128 0x19
ARM GAS  C:\Users\Jarik\AppData\Local\Temp\ccvAZYm3.s 			page 26


 967 0067 20       		.uleb128 0x20
 968 0068 0B       		.uleb128 0xb
 969 0069 00       		.byte	0
 970 006a 00       		.byte	0
 971 006b 0A       		.uleb128 0xa
 972 006c 2E       		.uleb128 0x2e
 973 006d 01       		.byte	0x1
 974 006e 3F       		.uleb128 0x3f
 975 006f 19       		.uleb128 0x19
 976 0070 03       		.uleb128 0x3
 977 0071 0E       		.uleb128 0xe
 978 0072 3A       		.uleb128 0x3a
 979 0073 0B       		.uleb128 0xb
 980 0074 3B       		.uleb128 0x3b
 981 0075 0B       		.uleb128 0xb
 982 0076 27       		.uleb128 0x27
 983 0077 19       		.uleb128 0x19
 984 0078 20       		.uleb128 0x20
 985 0079 0B       		.uleb128 0xb
 986 007a 01       		.uleb128 0x1
 987 007b 13       		.uleb128 0x13
 988 007c 00       		.byte	0
 989 007d 00       		.byte	0
 990 007e 0B       		.uleb128 0xb
 991 007f 05       		.uleb128 0x5
 992 0080 00       		.byte	0
 993 0081 03       		.uleb128 0x3
 994 0082 0E       		.uleb128 0xe
 995 0083 3A       		.uleb128 0x3a
 996 0084 0B       		.uleb128 0xb
 997 0085 3B       		.uleb128 0x3b
 998 0086 0B       		.uleb128 0xb
 999 0087 49       		.uleb128 0x49
 1000 0088 13       		.uleb128 0x13
 1001 0089 00       		.byte	0
 1002 008a 00       		.byte	0
 1003 008b 0C       		.uleb128 0xc
 1004 008c 2E       		.uleb128 0x2e
 1005 008d 00       		.byte	0
 1006 008e 3F       		.uleb128 0x3f
 1007 008f 19       		.uleb128 0x19
 1008 0090 03       		.uleb128 0x3
 1009 0091 0E       		.uleb128 0xe
 1010 0092 3A       		.uleb128 0x3a
 1011 0093 0B       		.uleb128 0xb
 1012 0094 3B       		.uleb128 0x3b
 1013 0095 0B       		.uleb128 0xb
 1014 0096 27       		.uleb128 0x27
 1015 0097 19       		.uleb128 0x19
 1016 0098 11       		.uleb128 0x11
 1017 0099 01       		.uleb128 0x1
 1018 009a 12       		.uleb128 0x12
 1019 009b 06       		.uleb128 0x6
 1020 009c 40       		.uleb128 0x40
 1021 009d 18       		.uleb128 0x18
 1022 009e 9742     		.uleb128 0x2117
 1023 00a0 19       		.uleb128 0x19
ARM GAS  C:\Users\Jarik\AppData\Local\Temp\ccvAZYm3.s 			page 27


 1024 00a1 00       		.byte	0
 1025 00a2 00       		.byte	0
 1026 00a3 0D       		.uleb128 0xd
 1027 00a4 2E       		.uleb128 0x2e
 1028 00a5 01       		.byte	0x1
 1029 00a6 3F       		.uleb128 0x3f
 1030 00a7 19       		.uleb128 0x19
 1031 00a8 03       		.uleb128 0x3
 1032 00a9 0E       		.uleb128 0xe
 1033 00aa 3A       		.uleb128 0x3a
 1034 00ab 0B       		.uleb128 0xb
 1035 00ac 3B       		.uleb128 0x3b
 1036 00ad 0B       		.uleb128 0xb
 1037 00ae 27       		.uleb128 0x27
 1038 00af 19       		.uleb128 0x19
 1039 00b0 11       		.uleb128 0x11
 1040 00b1 01       		.uleb128 0x1
 1041 00b2 12       		.uleb128 0x12
 1042 00b3 06       		.uleb128 0x6
 1043 00b4 40       		.uleb128 0x40
 1044 00b5 18       		.uleb128 0x18
 1045 00b6 9742     		.uleb128 0x2117
 1046 00b8 19       		.uleb128 0x19
 1047 00b9 01       		.uleb128 0x1
 1048 00ba 13       		.uleb128 0x13
 1049 00bb 00       		.byte	0
 1050 00bc 00       		.byte	0
 1051 00bd 0E       		.uleb128 0xe
 1052 00be 1D       		.uleb128 0x1d
 1053 00bf 00       		.byte	0
 1054 00c0 31       		.uleb128 0x31
 1055 00c1 13       		.uleb128 0x13
 1056 00c2 52       		.uleb128 0x52
 1057 00c3 01       		.uleb128 0x1
 1058 00c4 55       		.uleb128 0x55
 1059 00c5 17       		.uleb128 0x17
 1060 00c6 58       		.uleb128 0x58
 1061 00c7 0B       		.uleb128 0xb
 1062 00c8 59       		.uleb128 0x59
 1063 00c9 0B       		.uleb128 0xb
 1064 00ca 00       		.byte	0
 1065 00cb 00       		.byte	0
 1066 00cc 0F       		.uleb128 0xf
 1067 00cd 1D       		.uleb128 0x1d
 1068 00ce 01       		.byte	0x1
 1069 00cf 31       		.uleb128 0x31
 1070 00d0 13       		.uleb128 0x13
 1071 00d1 11       		.uleb128 0x11
 1072 00d2 01       		.uleb128 0x1
 1073 00d3 12       		.uleb128 0x12
 1074 00d4 06       		.uleb128 0x6
 1075 00d5 58       		.uleb128 0x58
 1076 00d6 0B       		.uleb128 0xb
 1077 00d7 59       		.uleb128 0x59
 1078 00d8 0B       		.uleb128 0xb
 1079 00d9 00       		.byte	0
 1080 00da 00       		.byte	0
ARM GAS  C:\Users\Jarik\AppData\Local\Temp\ccvAZYm3.s 			page 28


 1081 00db 10       		.uleb128 0x10
 1082 00dc 05       		.uleb128 0x5
 1083 00dd 00       		.byte	0
 1084 00de 31       		.uleb128 0x31
 1085 00df 13       		.uleb128 0x13
 1086 00e0 00       		.byte	0
 1087 00e1 00       		.byte	0
 1088 00e2 11       		.uleb128 0x11
 1089 00e3 2E       		.uleb128 0x2e
 1090 00e4 01       		.byte	0x1
 1091 00e5 31       		.uleb128 0x31
 1092 00e6 13       		.uleb128 0x13
 1093 00e7 11       		.uleb128 0x11
 1094 00e8 01       		.uleb128 0x1
 1095 00e9 12       		.uleb128 0x12
 1096 00ea 06       		.uleb128 0x6
 1097 00eb 40       		.uleb128 0x40
 1098 00ec 18       		.uleb128 0x18
 1099 00ed 9742     		.uleb128 0x2117
 1100 00ef 19       		.uleb128 0x19
 1101 00f0 01       		.uleb128 0x1
 1102 00f1 13       		.uleb128 0x13
 1103 00f2 00       		.byte	0
 1104 00f3 00       		.byte	0
 1105 00f4 12       		.uleb128 0x12
 1106 00f5 05       		.uleb128 0x5
 1107 00f6 00       		.byte	0
 1108 00f7 31       		.uleb128 0x31
 1109 00f8 13       		.uleb128 0x13
 1110 00f9 02       		.uleb128 0x2
 1111 00fa 18       		.uleb128 0x18
 1112 00fb 00       		.byte	0
 1113 00fc 00       		.byte	0
 1114 00fd 13       		.uleb128 0x13
 1115 00fe 2E       		.uleb128 0x2e
 1116 00ff 00       		.byte	0
 1117 0100 3F       		.uleb128 0x3f
 1118 0101 19       		.uleb128 0x19
 1119 0102 03       		.uleb128 0x3
 1120 0103 0E       		.uleb128 0xe
 1121 0104 3A       		.uleb128 0x3a
 1122 0105 0B       		.uleb128 0xb
 1123 0106 3B       		.uleb128 0x3b
 1124 0107 0B       		.uleb128 0xb
 1125 0108 27       		.uleb128 0x27
 1126 0109 19       		.uleb128 0x19
 1127 010a 49       		.uleb128 0x49
 1128 010b 13       		.uleb128 0x13
 1129 010c 11       		.uleb128 0x11
 1130 010d 01       		.uleb128 0x1
 1131 010e 12       		.uleb128 0x12
 1132 010f 06       		.uleb128 0x6
 1133 0110 40       		.uleb128 0x40
 1134 0111 18       		.uleb128 0x18
 1135 0112 9742     		.uleb128 0x2117
 1136 0114 19       		.uleb128 0x19
 1137 0115 00       		.byte	0
ARM GAS  C:\Users\Jarik\AppData\Local\Temp\ccvAZYm3.s 			page 29


 1138 0116 00       		.byte	0
 1139 0117 14       		.uleb128 0x14
 1140 0118 05       		.uleb128 0x5
 1141 0119 00       		.byte	0
 1142 011a 03       		.uleb128 0x3
 1143 011b 0E       		.uleb128 0xe
 1144 011c 3A       		.uleb128 0x3a
 1145 011d 0B       		.uleb128 0xb
 1146 011e 3B       		.uleb128 0x3b
 1147 011f 0B       		.uleb128 0xb
 1148 0120 49       		.uleb128 0x49
 1149 0121 13       		.uleb128 0x13
 1150 0122 02       		.uleb128 0x2
 1151 0123 17       		.uleb128 0x17
 1152 0124 00       		.byte	0
 1153 0125 00       		.byte	0
 1154 0126 15       		.uleb128 0x15
 1155 0127 34       		.uleb128 0x34
 1156 0128 00       		.byte	0
 1157 0129 03       		.uleb128 0x3
 1158 012a 0E       		.uleb128 0xe
 1159 012b 3A       		.uleb128 0x3a
 1160 012c 0B       		.uleb128 0xb
 1161 012d 3B       		.uleb128 0x3b
 1162 012e 0B       		.uleb128 0xb
 1163 012f 49       		.uleb128 0x49
 1164 0130 13       		.uleb128 0x13
 1165 0131 02       		.uleb128 0x2
 1166 0132 17       		.uleb128 0x17
 1167 0133 00       		.byte	0
 1168 0134 00       		.byte	0
 1169 0135 16       		.uleb128 0x16
 1170 0136 34       		.uleb128 0x34
 1171 0137 00       		.byte	0
 1172 0138 03       		.uleb128 0x3
 1173 0139 0E       		.uleb128 0xe
 1174 013a 3A       		.uleb128 0x3a
 1175 013b 0B       		.uleb128 0xb
 1176 013c 3B       		.uleb128 0x3b
 1177 013d 0B       		.uleb128 0xb
 1178 013e 49       		.uleb128 0x49
 1179 013f 13       		.uleb128 0x13
 1180 0140 1C       		.uleb128 0x1c
 1181 0141 0B       		.uleb128 0xb
 1182 0142 00       		.byte	0
 1183 0143 00       		.byte	0
 1184 0144 17       		.uleb128 0x17
 1185 0145 898201   		.uleb128 0x4109
 1186 0148 00       		.byte	0
 1187 0149 11       		.uleb128 0x11
 1188 014a 01       		.uleb128 0x1
 1189 014b 31       		.uleb128 0x31
 1190 014c 13       		.uleb128 0x13
 1191 014d 00       		.byte	0
 1192 014e 00       		.byte	0
 1193 014f 18       		.uleb128 0x18
 1194 0150 1D       		.uleb128 0x1d
ARM GAS  C:\Users\Jarik\AppData\Local\Temp\ccvAZYm3.s 			page 30


 1195 0151 01       		.byte	0x1
 1196 0152 31       		.uleb128 0x31
 1197 0153 13       		.uleb128 0x13
 1198 0154 52       		.uleb128 0x52
 1199 0155 01       		.uleb128 0x1
 1200 0156 55       		.uleb128 0x55
 1201 0157 17       		.uleb128 0x17
 1202 0158 58       		.uleb128 0x58
 1203 0159 0B       		.uleb128 0xb
 1204 015a 59       		.uleb128 0x59
 1205 015b 0B       		.uleb128 0xb
 1206 015c 01       		.uleb128 0x1
 1207 015d 13       		.uleb128 0x13
 1208 015e 00       		.byte	0
 1209 015f 00       		.byte	0
 1210 0160 19       		.uleb128 0x19
 1211 0161 898201   		.uleb128 0x4109
 1212 0164 01       		.byte	0x1
 1213 0165 11       		.uleb128 0x11
 1214 0166 01       		.uleb128 0x1
 1215 0167 31       		.uleb128 0x31
 1216 0168 13       		.uleb128 0x13
 1217 0169 00       		.byte	0
 1218 016a 00       		.byte	0
 1219 016b 1A       		.uleb128 0x1a
 1220 016c 8A8201   		.uleb128 0x410a
 1221 016f 00       		.byte	0
 1222 0170 02       		.uleb128 0x2
 1223 0171 18       		.uleb128 0x18
 1224 0172 9142     		.uleb128 0x2111
 1225 0174 18       		.uleb128 0x18
 1226 0175 00       		.byte	0
 1227 0176 00       		.byte	0
 1228 0177 1B       		.uleb128 0x1b
 1229 0178 1D       		.uleb128 0x1d
 1230 0179 01       		.byte	0x1
 1231 017a 31       		.uleb128 0x31
 1232 017b 13       		.uleb128 0x13
 1233 017c 11       		.uleb128 0x11
 1234 017d 01       		.uleb128 0x1
 1235 017e 12       		.uleb128 0x12
 1236 017f 06       		.uleb128 0x6
 1237 0180 58       		.uleb128 0x58
 1238 0181 0B       		.uleb128 0xb
 1239 0182 59       		.uleb128 0x59
 1240 0183 0B       		.uleb128 0xb
 1241 0184 01       		.uleb128 0x1
 1242 0185 13       		.uleb128 0x13
 1243 0186 00       		.byte	0
 1244 0187 00       		.byte	0
 1245 0188 1C       		.uleb128 0x1c
 1246 0189 05       		.uleb128 0x5
 1247 018a 00       		.byte	0
 1248 018b 31       		.uleb128 0x31
 1249 018c 13       		.uleb128 0x13
 1250 018d 02       		.uleb128 0x2
 1251 018e 17       		.uleb128 0x17
ARM GAS  C:\Users\Jarik\AppData\Local\Temp\ccvAZYm3.s 			page 31


 1252 018f 00       		.byte	0
 1253 0190 00       		.byte	0
 1254 0191 1D       		.uleb128 0x1d
 1255 0192 1D       		.uleb128 0x1d
 1256 0193 00       		.byte	0
 1257 0194 31       		.uleb128 0x31
 1258 0195 13       		.uleb128 0x13
 1259 0196 11       		.uleb128 0x11
 1260 0197 01       		.uleb128 0x1
 1261 0198 12       		.uleb128 0x12
 1262 0199 06       		.uleb128 0x6
 1263 019a 58       		.uleb128 0x58
 1264 019b 0B       		.uleb128 0xb
 1265 019c 59       		.uleb128 0x59
 1266 019d 0B       		.uleb128 0xb
 1267 019e 00       		.byte	0
 1268 019f 00       		.byte	0
 1269 01a0 1E       		.uleb128 0x1e
 1270 01a1 2E       		.uleb128 0x2e
 1271 01a2 01       		.byte	0x1
 1272 01a3 3F       		.uleb128 0x3f
 1273 01a4 19       		.uleb128 0x19
 1274 01a5 03       		.uleb128 0x3
 1275 01a6 0E       		.uleb128 0xe
 1276 01a7 3A       		.uleb128 0x3a
 1277 01a8 0B       		.uleb128 0xb
 1278 01a9 3B       		.uleb128 0x3b
 1279 01aa 05       		.uleb128 0x5
 1280 01ab 27       		.uleb128 0x27
 1281 01ac 19       		.uleb128 0x19
 1282 01ad 49       		.uleb128 0x49
 1283 01ae 13       		.uleb128 0x13
 1284 01af 11       		.uleb128 0x11
 1285 01b0 01       		.uleb128 0x1
 1286 01b1 12       		.uleb128 0x12
 1287 01b2 06       		.uleb128 0x6
 1288 01b3 40       		.uleb128 0x40
 1289 01b4 18       		.uleb128 0x18
 1290 01b5 9742     		.uleb128 0x2117
 1291 01b7 19       		.uleb128 0x19
 1292 01b8 01       		.uleb128 0x1
 1293 01b9 13       		.uleb128 0x13
 1294 01ba 00       		.byte	0
 1295 01bb 00       		.byte	0
 1296 01bc 1F       		.uleb128 0x1f
 1297 01bd 34       		.uleb128 0x34
 1298 01be 00       		.byte	0
 1299 01bf 03       		.uleb128 0x3
 1300 01c0 0E       		.uleb128 0xe
 1301 01c1 3A       		.uleb128 0x3a
 1302 01c2 0B       		.uleb128 0xb
 1303 01c3 3B       		.uleb128 0x3b
 1304 01c4 05       		.uleb128 0x5
 1305 01c5 49       		.uleb128 0x49
 1306 01c6 13       		.uleb128 0x13
 1307 01c7 02       		.uleb128 0x2
 1308 01c8 17       		.uleb128 0x17
ARM GAS  C:\Users\Jarik\AppData\Local\Temp\ccvAZYm3.s 			page 32


 1309 01c9 00       		.byte	0
 1310 01ca 00       		.byte	0
 1311 01cb 20       		.uleb128 0x20
 1312 01cc 34       		.uleb128 0x34
 1313 01cd 00       		.byte	0
 1314 01ce 03       		.uleb128 0x3
 1315 01cf 0E       		.uleb128 0xe
 1316 01d0 3A       		.uleb128 0x3a
 1317 01d1 0B       		.uleb128 0xb
 1318 01d2 3B       		.uleb128 0x3b
 1319 01d3 05       		.uleb128 0x5
 1320 01d4 49       		.uleb128 0x49
 1321 01d5 13       		.uleb128 0x13
 1322 01d6 1C       		.uleb128 0x1c
 1323 01d7 0B       		.uleb128 0xb
 1324 01d8 00       		.byte	0
 1325 01d9 00       		.byte	0
 1326 01da 21       		.uleb128 0x21
 1327 01db 2E       		.uleb128 0x2e
 1328 01dc 00       		.byte	0
 1329 01dd 31       		.uleb128 0x31
 1330 01de 13       		.uleb128 0x13
 1331 01df 11       		.uleb128 0x11
 1332 01e0 01       		.uleb128 0x1
 1333 01e1 12       		.uleb128 0x12
 1334 01e2 06       		.uleb128 0x6
 1335 01e3 40       		.uleb128 0x40
 1336 01e4 18       		.uleb128 0x18
 1337 01e5 9742     		.uleb128 0x2117
 1338 01e7 19       		.uleb128 0x19
 1339 01e8 00       		.byte	0
 1340 01e9 00       		.byte	0
 1341 01ea 22       		.uleb128 0x22
 1342 01eb 2E       		.uleb128 0x2e
 1343 01ec 00       		.byte	0
 1344 01ed 3F       		.uleb128 0x3f
 1345 01ee 19       		.uleb128 0x19
 1346 01ef 03       		.uleb128 0x3
 1347 01f0 0E       		.uleb128 0xe
 1348 01f1 3A       		.uleb128 0x3a
 1349 01f2 0B       		.uleb128 0xb
 1350 01f3 3B       		.uleb128 0x3b
 1351 01f4 05       		.uleb128 0x5
 1352 01f5 27       		.uleb128 0x27
 1353 01f6 19       		.uleb128 0x19
 1354 01f7 49       		.uleb128 0x49
 1355 01f8 13       		.uleb128 0x13
 1356 01f9 11       		.uleb128 0x11
 1357 01fa 01       		.uleb128 0x1
 1358 01fb 12       		.uleb128 0x12
 1359 01fc 06       		.uleb128 0x6
 1360 01fd 40       		.uleb128 0x40
 1361 01fe 18       		.uleb128 0x18
 1362 01ff 9742     		.uleb128 0x2117
 1363 0201 19       		.uleb128 0x19
 1364 0202 00       		.byte	0
 1365 0203 00       		.byte	0
ARM GAS  C:\Users\Jarik\AppData\Local\Temp\ccvAZYm3.s 			page 33


 1366 0204 23       		.uleb128 0x23
 1367 0205 2E       		.uleb128 0x2e
 1368 0206 00       		.byte	0
 1369 0207 3F       		.uleb128 0x3f
 1370 0208 19       		.uleb128 0x19
 1371 0209 03       		.uleb128 0x3
 1372 020a 0E       		.uleb128 0xe
 1373 020b 3A       		.uleb128 0x3a
 1374 020c 0B       		.uleb128 0xb
 1375 020d 3B       		.uleb128 0x3b
 1376 020e 05       		.uleb128 0x5
 1377 020f 27       		.uleb128 0x27
 1378 0210 19       		.uleb128 0x19
 1379 0211 11       		.uleb128 0x11
 1380 0212 01       		.uleb128 0x1
 1381 0213 12       		.uleb128 0x12
 1382 0214 06       		.uleb128 0x6
 1383 0215 40       		.uleb128 0x40
 1384 0216 18       		.uleb128 0x18
 1385 0217 9742     		.uleb128 0x2117
 1386 0219 19       		.uleb128 0x19
 1387 021a 00       		.byte	0
 1388 021b 00       		.byte	0
 1389 021c 24       		.uleb128 0x24
 1390 021d 01       		.uleb128 0x1
 1391 021e 01       		.byte	0x1
 1392 021f 49       		.uleb128 0x49
 1393 0220 13       		.uleb128 0x13
 1394 0221 01       		.uleb128 0x1
 1395 0222 13       		.uleb128 0x13
 1396 0223 00       		.byte	0
 1397 0224 00       		.byte	0
 1398 0225 25       		.uleb128 0x25
 1399 0226 21       		.uleb128 0x21
 1400 0227 00       		.byte	0
 1401 0228 49       		.uleb128 0x49
 1402 0229 13       		.uleb128 0x13
 1403 022a 2F       		.uleb128 0x2f
 1404 022b 0B       		.uleb128 0xb
 1405 022c 00       		.byte	0
 1406 022d 00       		.byte	0
 1407 022e 26       		.uleb128 0x26
 1408 022f 34       		.uleb128 0x34
 1409 0230 00       		.byte	0
 1410 0231 03       		.uleb128 0x3
 1411 0232 0E       		.uleb128 0xe
 1412 0233 3A       		.uleb128 0x3a
 1413 0234 0B       		.uleb128 0xb
 1414 0235 3B       		.uleb128 0x3b
 1415 0236 0B       		.uleb128 0xb
 1416 0237 49       		.uleb128 0x49
 1417 0238 13       		.uleb128 0x13
 1418 0239 3F       		.uleb128 0x3f
 1419 023a 19       		.uleb128 0x19
 1420 023b 3C       		.uleb128 0x3c
 1421 023c 19       		.uleb128 0x19
 1422 023d 00       		.byte	0
ARM GAS  C:\Users\Jarik\AppData\Local\Temp\ccvAZYm3.s 			page 34


 1423 023e 00       		.byte	0
 1424 023f 27       		.uleb128 0x27
 1425 0240 2E       		.uleb128 0x2e
 1426 0241 00       		.byte	0
 1427 0242 3F       		.uleb128 0x3f
 1428 0243 19       		.uleb128 0x19
 1429 0244 03       		.uleb128 0x3
 1430 0245 0E       		.uleb128 0xe
 1431 0246 3A       		.uleb128 0x3a
 1432 0247 0B       		.uleb128 0xb
 1433 0248 3B       		.uleb128 0x3b
 1434 0249 0B       		.uleb128 0xb
 1435 024a 27       		.uleb128 0x27
 1436 024b 19       		.uleb128 0x19
 1437 024c 49       		.uleb128 0x49
 1438 024d 13       		.uleb128 0x13
 1439 024e 3C       		.uleb128 0x3c
 1440 024f 19       		.uleb128 0x19
 1441 0250 00       		.byte	0
 1442 0251 00       		.byte	0
 1443 0252 28       		.uleb128 0x28
 1444 0253 2E       		.uleb128 0x2e
 1445 0254 01       		.byte	0x1
 1446 0255 3F       		.uleb128 0x3f
 1447 0256 19       		.uleb128 0x19
 1448 0257 03       		.uleb128 0x3
 1449 0258 0E       		.uleb128 0xe
 1450 0259 3A       		.uleb128 0x3a
 1451 025a 0B       		.uleb128 0xb
 1452 025b 3B       		.uleb128 0x3b
 1453 025c 0B       		.uleb128 0xb
 1454 025d 27       		.uleb128 0x27
 1455 025e 19       		.uleb128 0x19
 1456 025f 3C       		.uleb128 0x3c
 1457 0260 19       		.uleb128 0x19
 1458 0261 00       		.byte	0
 1459 0262 00       		.byte	0
 1460 0263 29       		.uleb128 0x29
 1461 0264 05       		.uleb128 0x5
 1462 0265 00       		.byte	0
 1463 0266 49       		.uleb128 0x49
 1464 0267 13       		.uleb128 0x13
 1465 0268 00       		.byte	0
 1466 0269 00       		.byte	0
 1467 026a 00       		.byte	0
 1468              		.section	.debug_loc,"",%progbits
 1469              	.Ldebug_loc0:
 1470              	.LLST0:
 1471 0000 00000000 		.4byte	.LVL2
 1472 0004 07000000 		.4byte	.LVL3-1
 1473 0008 0100     		.2byte	0x1
 1474 000a 50       		.byte	0x50
 1475 000b 07000000 		.4byte	.LVL3-1
 1476 000f 24000000 		.4byte	.LFE6
 1477 0013 0400     		.2byte	0x4
 1478 0015 F3       		.byte	0xf3
 1479 0016 01       		.uleb128 0x1
ARM GAS  C:\Users\Jarik\AppData\Local\Temp\ccvAZYm3.s 			page 35


 1480 0017 50       		.byte	0x50
 1481 0018 9F       		.byte	0x9f
 1482 0019 00000000 		.4byte	0
 1483 001d 00000000 		.4byte	0
 1484              	.LLST1:
 1485 0021 08000000 		.4byte	.LVL3
 1486 0025 19000000 		.4byte	.LVL4-1
 1487 0029 0100     		.2byte	0x1
 1488 002b 50       		.byte	0x50
 1489 002c 00000000 		.4byte	0
 1490 0030 00000000 		.4byte	0
 1491              	.LLST2:
 1492 0034 00000000 		.4byte	.LVL7
 1493 0038 0E000000 		.4byte	.LVL9
 1494 003c 0100     		.2byte	0x1
 1495 003e 50       		.byte	0x50
 1496 003f 0E000000 		.4byte	.LVL9
 1497 0043 11000000 		.4byte	.LVL10-1
 1498 0047 0300     		.2byte	0x3
 1499 0049 73       		.byte	0x73
 1500 004a C400     		.sleb128 68
 1501 004c 11000000 		.4byte	.LVL10-1
 1502 0050 24000000 		.4byte	.LFE1
 1503 0054 0400     		.2byte	0x4
 1504 0056 F3       		.byte	0xf3
 1505 0057 01       		.uleb128 0x1
 1506 0058 50       		.byte	0x50
 1507 0059 9F       		.byte	0x9f
 1508 005a 00000000 		.4byte	0
 1509 005e 00000000 		.4byte	0
 1510              	.LLST3:
 1511 0062 08000000 		.4byte	.LVL8
 1512 0066 0E000000 		.4byte	.LVL9
 1513 006a 0100     		.2byte	0x1
 1514 006c 50       		.byte	0x50
 1515 006d 0E000000 		.4byte	.LVL9
 1516 0071 11000000 		.4byte	.LVL10-1
 1517 0075 0300     		.2byte	0x3
 1518 0077 73       		.byte	0x73
 1519 0078 C400     		.sleb128 68
 1520 007a 11000000 		.4byte	.LVL10-1
 1521 007e 24000000 		.4byte	.LFE1
 1522 0082 0400     		.2byte	0x4
 1523 0084 F3       		.byte	0xf3
 1524 0085 01       		.uleb128 0x1
 1525 0086 50       		.byte	0x50
 1526 0087 9F       		.byte	0x9f
 1527 0088 00000000 		.4byte	0
 1528 008c 00000000 		.4byte	0
 1529              	.LLST4:
 1530 0090 04000000 		.4byte	.LVL12
 1531 0094 06000000 		.4byte	.LVL13
 1532 0098 0900     		.2byte	0x9
 1533 009a 70       		.byte	0x70
 1534 009b 00       		.sleb128 0
 1535 009c 0A       		.byte	0xa
 1536 009d 00C0     		.2byte	0xc000
ARM GAS  C:\Users\Jarik\AppData\Local\Temp\ccvAZYm3.s 			page 36


 1537 009f 1A       		.byte	0x1a
 1538 00a0 3E       		.byte	0x3e
 1539 00a1 25       		.byte	0x25
 1540 00a2 9F       		.byte	0x9f
 1541 00a3 00000000 		.4byte	0
 1542 00a7 00000000 		.4byte	0
 1543              		.section	.debug_aranges,"",%progbits
 1544 0000 7C000000 		.4byte	0x7c
 1545 0004 0200     		.2byte	0x2
 1546 0006 00000000 		.4byte	.Ldebug_info0
 1547 000a 04       		.byte	0x4
 1548 000b 00       		.byte	0
 1549 000c 0000     		.2byte	0
 1550 000e 0000     		.2byte	0
 1551 0010 00000000 		.4byte	.LFB3
 1552 0014 02000000 		.4byte	.LFE3-.LFB3
 1553 0018 00000000 		.4byte	.LFB2
 1554 001c 1C000000 		.4byte	.LFE2-.LFB2
 1555 0020 00000000 		.4byte	.LFB4
 1556 0024 0C000000 		.4byte	.LFE4-.LFB4
 1557 0028 00000000 		.4byte	.LFB5
 1558 002c 0C000000 		.4byte	.LFE5-.LFB5
 1559 0030 00000000 		.4byte	.LFB6
 1560 0034 24000000 		.4byte	.LFE6-.LFB6
 1561 0038 00000000 		.4byte	.LFB0
 1562 003c 2C000000 		.4byte	.LFE0-.LFB0
 1563 0040 00000000 		.4byte	.LFB1
 1564 0044 24000000 		.4byte	.LFE1-.LFB1
 1565 0048 00000000 		.4byte	.LFB7
 1566 004c 10000000 		.4byte	.LFE7-.LFB7
 1567 0050 00000000 		.4byte	.LFB8
 1568 0054 0C000000 		.4byte	.LFE8-.LFB8
 1569 0058 00000000 		.4byte	.LFB9
 1570 005c 10000000 		.4byte	.LFE9-.LFB9
 1571 0060 00000000 		.4byte	.LFB10
 1572 0064 0C000000 		.4byte	.LFE10-.LFB10
 1573 0068 00000000 		.4byte	.LFB11
 1574 006c 0C000000 		.4byte	.LFE11-.LFB11
 1575 0070 00000000 		.4byte	.LFB12
 1576 0074 0C000000 		.4byte	.LFE12-.LFB12
 1577 0078 00000000 		.4byte	0
 1578 007c 00000000 		.4byte	0
 1579              		.section	.debug_ranges,"",%progbits
 1580              	.Ldebug_ranges0:
 1581 0000 00000000 		.4byte	.LBB18
 1582 0004 04000000 		.4byte	.LBE18
 1583 0008 04000000 		.4byte	.LBB21
 1584 000c 06000000 		.4byte	.LBE21
 1585 0010 00000000 		.4byte	0
 1586 0014 00000000 		.4byte	0
 1587 0018 02000000 		.4byte	.LBB24
 1588 001c 06000000 		.4byte	.LBE24
 1589 0020 08000000 		.4byte	.LBB31
 1590 0024 0A000000 		.4byte	.LBE31
 1591 0028 00000000 		.4byte	0
 1592 002c 00000000 		.4byte	0
 1593 0030 06000000 		.4byte	.LBB27
ARM GAS  C:\Users\Jarik\AppData\Local\Temp\ccvAZYm3.s 			page 37


 1594 0034 08000000 		.4byte	.LBE27
 1595 0038 0A000000 		.4byte	.LBB32
 1596 003c 0C000000 		.4byte	.LBE32
 1597 0040 0E000000 		.4byte	.LBB33
 1598 0044 10000000 		.4byte	.LBE33
 1599 0048 00000000 		.4byte	0
 1600 004c 00000000 		.4byte	0
 1601 0050 14000000 		.4byte	.LBB34
 1602 0054 16000000 		.4byte	.LBE34
 1603 0058 16000000 		.4byte	.LBB37
 1604 005c 18000000 		.4byte	.LBE37
 1605 0060 00000000 		.4byte	0
 1606 0064 00000000 		.4byte	0
 1607 0068 02000000 		.4byte	.LBB38
 1608 006c 06000000 		.4byte	.LBE38
 1609 0070 06000000 		.4byte	.LBB41
 1610 0074 08000000 		.4byte	.LBE41
 1611 0078 00000000 		.4byte	0
 1612 007c 00000000 		.4byte	0
 1613 0080 00000000 		.4byte	.LFB3
 1614 0084 02000000 		.4byte	.LFE3
 1615 0088 00000000 		.4byte	.LFB2
 1616 008c 1C000000 		.4byte	.LFE2
 1617 0090 00000000 		.4byte	.LFB4
 1618 0094 0C000000 		.4byte	.LFE4
 1619 0098 00000000 		.4byte	.LFB5
 1620 009c 0C000000 		.4byte	.LFE5
 1621 00a0 00000000 		.4byte	.LFB6
 1622 00a4 24000000 		.4byte	.LFE6
 1623 00a8 00000000 		.4byte	.LFB0
 1624 00ac 2C000000 		.4byte	.LFE0
 1625 00b0 00000000 		.4byte	.LFB1
 1626 00b4 24000000 		.4byte	.LFE1
 1627 00b8 00000000 		.4byte	.LFB7
 1628 00bc 10000000 		.4byte	.LFE7
 1629 00c0 00000000 		.4byte	.LFB8
 1630 00c4 0C000000 		.4byte	.LFE8
 1631 00c8 00000000 		.4byte	.LFB9
 1632 00cc 10000000 		.4byte	.LFE9
 1633 00d0 00000000 		.4byte	.LFB10
 1634 00d4 0C000000 		.4byte	.LFE10
 1635 00d8 00000000 		.4byte	.LFB11
 1636 00dc 0C000000 		.4byte	.LFE11
 1637 00e0 00000000 		.4byte	.LFB12
 1638 00e4 0C000000 		.4byte	.LFE12
 1639 00e8 00000000 		.4byte	0
 1640 00ec 00000000 		.4byte	0
 1641              		.section	.debug_line,"",%progbits
 1642              	.Ldebug_line0:
 1643 0000 C2010000 		.section	.debug_str,"MS",%progbits,1
 1643      02006600 
 1643      00000201 
 1643      FB0E0D00 
 1643      01010101 
 1644              	.LASF31:
 1645 0000 6973725F 		.ascii	"isr_1_ClearPending\000"
 1645      315F436C 
ARM GAS  C:\Users\Jarik\AppData\Local\Temp\ccvAZYm3.s 			page 38


 1645      65617250 
 1645      656E6469 
 1645      6E6700
 1646              	.LASF14:
 1647 0013 72656733 		.ascii	"reg32\000"
 1647      3200
 1648              	.LASF30:
 1649 0019 6973725F 		.ascii	"isr_1_SetPending\000"
 1649      315F5365 
 1649      7450656E 
 1649      64696E67 
 1649      00
 1650              	.LASF32:
 1651 002a 474E5520 		.ascii	"GNU C 4.9.3 20150303 (release) [ARM/embedded-4_9-br"
 1651      4320342E 
 1651      392E3320 
 1651      32303135 
 1651      30333033 
 1652 005d 616E6368 		.ascii	"anch revision 221220] -mcpu=cortex-m0 -mthumb -g -O"
 1652      20726576 
 1652      6973696F 
 1652      6E203232 
 1652      31323230 
 1653 0090 73202D66 		.ascii	"s -ffunction-sections -ffat-lto-objects\000"
 1653      66756E63 
 1653      74696F6E 
 1653      2D736563 
 1653      74696F6E 
 1654              	.LASF28:
 1655 00b8 6973725F 		.ascii	"isr_1_GetState\000"
 1655      315F4765 
 1655      74537461 
 1655      746500
 1656              	.LASF37:
 1657 00c7 43795261 		.ascii	"CyRamVectors\000"
 1657      6D566563 
 1657      746F7273 
 1657      00
 1658              	.LASF17:
 1659 00d4 6973725F 		.ascii	"isr_1_Disable\000"
 1659      315F4469 
 1659      7361626C 
 1659      6500
 1660              	.LASF19:
 1661 00e2 6973725F 		.ascii	"isr_1_Stop\000"
 1661      315F5374 
 1661      6F7000
 1662              	.LASF23:
 1663 00ed 6973725F 		.ascii	"isr_1_Start\000"
 1663      315F5374 
 1663      61727400 
 1664              	.LASF3:
 1665 00f9 73686F72 		.ascii	"short unsigned int\000"
 1665      7420756E 
 1665      7369676E 
 1665      65642069 
 1665      6E7400
ARM GAS  C:\Users\Jarik\AppData\Local\Temp\ccvAZYm3.s 			page 39


 1666              	.LASF36:
 1667 010c 6973725F 		.ascii	"isr_1_GetPriority\000"
 1667      315F4765 
 1667      74507269 
 1667      6F726974 
 1667      7900
 1668              	.LASF11:
 1669 011e 666C6F61 		.ascii	"float\000"
 1669      7400
 1670              	.LASF7:
 1671 0124 6C6F6E67 		.ascii	"long long unsigned int\000"
 1671      206C6F6E 
 1671      6720756E 
 1671      7369676E 
 1671      65642069 
 1672              	.LASF1:
 1673 013b 756E7369 		.ascii	"unsigned char\000"
 1673      676E6564 
 1673      20636861 
 1673      7200
 1674              	.LASF21:
 1675 0149 696E7465 		.ascii	"interruptState\000"
 1675      72727570 
 1675      74537461 
 1675      746500
 1676              	.LASF5:
 1677 0158 6C6F6E67 		.ascii	"long unsigned int\000"
 1677      20756E73 
 1677      69676E65 
 1677      6420696E 
 1677      7400
 1678              	.LASF9:
 1679 016a 75696E74 		.ascii	"uint8\000"
 1679      3800
 1680              	.LASF25:
 1681 0170 7072696F 		.ascii	"priority\000"
 1681      72697479 
 1681      00
 1682              	.LASF12:
 1683 0179 646F7562 		.ascii	"double\000"
 1683      6C6500
 1684              	.LASF20:
 1685 0180 6973725F 		.ascii	"isr_1_SetPriority\000"
 1685      315F5365 
 1685      74507269 
 1685      6F726974 
 1685      7900
 1686              	.LASF10:
 1687 0192 75696E74 		.ascii	"uint32\000"
 1687      333200
 1688              	.LASF38:
 1689 0199 4379456E 		.ascii	"CyEnterCriticalSection\000"
 1689      74657243 
 1689      72697469 
 1689      63616C53 
 1689      65637469 
 1690              	.LASF8:
ARM GAS  C:\Users\Jarik\AppData\Local\Temp\ccvAZYm3.s 			page 40


 1691 01b0 756E7369 		.ascii	"unsigned int\000"
 1691      676E6564 
 1691      20696E74 
 1691      00
 1692              	.LASF26:
 1693 01bd 61646472 		.ascii	"address\000"
 1693      65737300 
 1694              	.LASF39:
 1695 01c5 43794578 		.ascii	"CyExitCriticalSection\000"
 1695      69744372 
 1695      69746963 
 1695      616C5365 
 1695      6374696F 
 1696              	.LASF15:
 1697 01db 63796973 		.ascii	"cyisraddress\000"
 1697      72616464 
 1697      72657373 
 1697      00
 1698              	.LASF16:
 1699 01e8 73697A65 		.ascii	"sizetype\000"
 1699      74797065 
 1699      00
 1700              	.LASF33:
 1701 01f1 2E5C4765 		.ascii	".\\Generated_Source\\PSoC4\\isr_1.c\000"
 1701      6E657261 
 1701      7465645F 
 1701      536F7572 
 1701      63655C50 
 1702              	.LASF6:
 1703 0212 6C6F6E67 		.ascii	"long long int\000"
 1703      206C6F6E 
 1703      6720696E 
 1703      7400
 1704              	.LASF18:
 1705 0220 6973725F 		.ascii	"isr_1_Enable\000"
 1705      315F456E 
 1705      61626C65 
 1705      00
 1706              	.LASF13:
 1707 022d 63686172 		.ascii	"char\000"
 1707      00
 1708              	.LASF2:
 1709 0232 73686F72 		.ascii	"short int\000"
 1709      7420696E 
 1709      7400
 1710              	.LASF27:
 1711 023c 6973725F 		.ascii	"isr_1_GetVector\000"
 1711      315F4765 
 1711      74566563 
 1711      746F7200 
 1712              	.LASF29:
 1713 024c 6973725F 		.ascii	"isr_1_Interrupt\000"
 1713      315F496E 
 1713      74657272 
 1713      75707400 
 1714              	.LASF22:
 1715 025c 7072696F 		.ascii	"priorityOffset\000"
ARM GAS  C:\Users\Jarik\AppData\Local\Temp\ccvAZYm3.s 			page 41


 1715      72697479 
 1715      4F666673 
 1715      657400
 1716              	.LASF4:
 1717 026b 6C6F6E67 		.ascii	"long int\000"
 1717      20696E74 
 1717      00
 1718              	.LASF34:
 1719 0274 453A5C68 		.ascii	"E:\\home\\jarik\\src\\psoc\\mpi_rom_emu\\mpi_rom_em"
 1719      6F6D655C 
 1719      6A617269 
 1719      6B5C7372 
 1719      635C7073 
 1720 02a1 752E6379 		.ascii	"u.cydsn\000"
 1720      64736E00 
 1721              	.LASF0:
 1722 02a9 7369676E 		.ascii	"signed char\000"
 1722      65642063 
 1722      68617200 
 1723              	.LASF24:
 1724 02b5 6973725F 		.ascii	"isr_1_StartEx\000"
 1724      315F5374 
 1724      61727445 
 1724      7800
 1725              	.LASF35:
 1726 02c3 6973725F 		.ascii	"isr_1_SetVector\000"
 1726      315F5365 
 1726      74566563 
 1726      746F7200 
 1727              		.ident	"GCC: (GNU Tools for ARM Embedded Processors) 4.9.3 20150303 (release) [ARM/embedded-4_9-br
