ARM GAS  C:\Users\Jarik\AppData\Local\Temp\ccmLCwIO.s 			page 1


   1              		.cpu cortex-m0
   2              		.fpu softvfp
   3              		.eabi_attribute 20, 1
   4              		.eabi_attribute 21, 1
   5              		.eabi_attribute 23, 3
   6              		.eabi_attribute 24, 1
   7              		.eabi_attribute 25, 1
   8              		.eabi_attribute 26, 1
   9              		.eabi_attribute 30, 4
  10              		.eabi_attribute 34, 0
  11              		.eabi_attribute 18, 4
  12              		.code	16
  13              		.file	"SE1.c"
  14              		.text
  15              	.Ltext0:
  16              		.cfi_sections	.debug_frame
  17              		.section	.text.SE1_Write,"ax",%progbits
  18              		.align	1
  19              		.global	SE1_Write
  20              		.code	16
  21              		.thumb_func
  22              		.type	SE1_Write, %function
  23              	SE1_Write:
  24              	.LFB0:
  25              		.file 1 ".\\Generated_Source\\PSoC4\\SE1.c"
   1:.\Generated_Source\PSoC4/SE1.c **** /*******************************************************************************
   2:.\Generated_Source\PSoC4/SE1.c **** * File Name: SE1.c  
   3:.\Generated_Source\PSoC4/SE1.c **** * Version 2.10
   4:.\Generated_Source\PSoC4/SE1.c **** *
   5:.\Generated_Source\PSoC4/SE1.c **** * Description:
   6:.\Generated_Source\PSoC4/SE1.c **** *  This file contains API to enable firmware control of a Pins component.
   7:.\Generated_Source\PSoC4/SE1.c **** *
   8:.\Generated_Source\PSoC4/SE1.c **** * Note:
   9:.\Generated_Source\PSoC4/SE1.c **** *
  10:.\Generated_Source\PSoC4/SE1.c **** ********************************************************************************
  11:.\Generated_Source\PSoC4/SE1.c **** * Copyright 2008-2014, Cypress Semiconductor Corporation.  All rights reserved.
  12:.\Generated_Source\PSoC4/SE1.c **** * You may use this file only in accordance with the license, terms, conditions, 
  13:.\Generated_Source\PSoC4/SE1.c **** * disclaimers, and limitations in the end user license agreement accompanying 
  14:.\Generated_Source\PSoC4/SE1.c **** * the software package with which this file was provided.
  15:.\Generated_Source\PSoC4/SE1.c **** *******************************************************************************/
  16:.\Generated_Source\PSoC4/SE1.c **** 
  17:.\Generated_Source\PSoC4/SE1.c **** #include "cytypes.h"
  18:.\Generated_Source\PSoC4/SE1.c **** #include "SE1.h"
  19:.\Generated_Source\PSoC4/SE1.c **** 
  20:.\Generated_Source\PSoC4/SE1.c **** #define SetP4PinDriveMode(shift, mode)  \
  21:.\Generated_Source\PSoC4/SE1.c ****     do { \
  22:.\Generated_Source\PSoC4/SE1.c ****         SE1_PC =   (SE1_PC & \
  23:.\Generated_Source\PSoC4/SE1.c ****                                 (uint32)(~(uint32)(SE1_DRIVE_MODE_IND_MASK << (SE1_DRIVE_MODE_BITS 
  24:.\Generated_Source\PSoC4/SE1.c ****                                 (uint32)((uint32)(mode) << (SE1_DRIVE_MODE_BITS * (shift))); \
  25:.\Generated_Source\PSoC4/SE1.c ****     } while (0)
  26:.\Generated_Source\PSoC4/SE1.c **** 
  27:.\Generated_Source\PSoC4/SE1.c **** 
  28:.\Generated_Source\PSoC4/SE1.c **** /*******************************************************************************
  29:.\Generated_Source\PSoC4/SE1.c **** * Function Name: SE1_Write
  30:.\Generated_Source\PSoC4/SE1.c **** ********************************************************************************
  31:.\Generated_Source\PSoC4/SE1.c **** *
  32:.\Generated_Source\PSoC4/SE1.c **** * Summary:
ARM GAS  C:\Users\Jarik\AppData\Local\Temp\ccmLCwIO.s 			page 2


  33:.\Generated_Source\PSoC4/SE1.c **** *  Assign a new value to the digital port's data output register.  
  34:.\Generated_Source\PSoC4/SE1.c **** *
  35:.\Generated_Source\PSoC4/SE1.c **** * Parameters:  
  36:.\Generated_Source\PSoC4/SE1.c **** *  prtValue:  The value to be assigned to the Digital Port. 
  37:.\Generated_Source\PSoC4/SE1.c **** *
  38:.\Generated_Source\PSoC4/SE1.c **** * Return: 
  39:.\Generated_Source\PSoC4/SE1.c **** *  None 
  40:.\Generated_Source\PSoC4/SE1.c **** *  
  41:.\Generated_Source\PSoC4/SE1.c **** *******************************************************************************/
  42:.\Generated_Source\PSoC4/SE1.c **** void SE1_Write(uint8 value) 
  43:.\Generated_Source\PSoC4/SE1.c **** {
  26              		.loc 1 43 0
  27              		.cfi_startproc
  28              	.LVL0:
  44:.\Generated_Source\PSoC4/SE1.c ****     uint8 drVal = (uint8)(SE1_DR & (uint8)(~SE1_MASK));
  29              		.loc 1 44 0
  30 0000 0123     		mov	r3, #1
  31 0002 0449     		ldr	r1, .L2
  45:.\Generated_Source\PSoC4/SE1.c ****     drVal = (drVal | ((uint8)(value << SE1_SHIFT) & SE1_MASK));
  46:.\Generated_Source\PSoC4/SE1.c ****     SE1_DR = (uint32)drVal;
  47:.\Generated_Source\PSoC4/SE1.c **** }
  32              		.loc 1 47 0
  33              		@ sp needed
  44:.\Generated_Source\PSoC4/SE1.c ****     uint8 drVal = (uint8)(SE1_DR & (uint8)(~SE1_MASK));
  34              		.loc 1 44 0
  35 0004 0A68     		ldr	r2, [r1]
  36 0006 9A43     		bic	r2, r3
  37 0008 D2B2     		uxtb	r2, r2
  38              	.LVL1:
  45:.\Generated_Source\PSoC4/SE1.c ****     drVal = (drVal | ((uint8)(value << SE1_SHIFT) & SE1_MASK));
  39              		.loc 1 45 0
  40 000a 0340     		and	r3, r0
  46:.\Generated_Source\PSoC4/SE1.c **** }
  41              		.loc 1 46 0
  42 000c 1343     		orr	r3, r2
  43 000e 0B60     		str	r3, [r1]
  44              		.loc 1 47 0
  45 0010 7047     		bx	lr
  46              	.L3:
  47 0012 C046     		.align	2
  48              	.L2:
  49 0014 00030440 		.word	1074004736
  50              		.cfi_endproc
  51              	.LFE0:
  52              		.size	SE1_Write, .-SE1_Write
  53              		.section	.text.SE1_SetDriveMode,"ax",%progbits
  54              		.align	1
  55              		.global	SE1_SetDriveMode
  56              		.code	16
  57              		.thumb_func
  58              		.type	SE1_SetDriveMode, %function
  59              	SE1_SetDriveMode:
  60              	.LFB1:
  48:.\Generated_Source\PSoC4/SE1.c **** 
  49:.\Generated_Source\PSoC4/SE1.c **** 
  50:.\Generated_Source\PSoC4/SE1.c **** /*******************************************************************************
  51:.\Generated_Source\PSoC4/SE1.c **** * Function Name: SE1_SetDriveMode
ARM GAS  C:\Users\Jarik\AppData\Local\Temp\ccmLCwIO.s 			page 3


  52:.\Generated_Source\PSoC4/SE1.c **** ********************************************************************************
  53:.\Generated_Source\PSoC4/SE1.c **** *
  54:.\Generated_Source\PSoC4/SE1.c **** * Summary:
  55:.\Generated_Source\PSoC4/SE1.c **** *  Change the drive mode on the pins of the port.
  56:.\Generated_Source\PSoC4/SE1.c **** * 
  57:.\Generated_Source\PSoC4/SE1.c **** * Parameters:  
  58:.\Generated_Source\PSoC4/SE1.c **** *  mode:  Change the pins to one of the following drive modes.
  59:.\Generated_Source\PSoC4/SE1.c **** *
  60:.\Generated_Source\PSoC4/SE1.c **** *  SE1_DM_STRONG     Strong Drive 
  61:.\Generated_Source\PSoC4/SE1.c **** *  SE1_DM_OD_HI      Open Drain, Drives High 
  62:.\Generated_Source\PSoC4/SE1.c **** *  SE1_DM_OD_LO      Open Drain, Drives Low 
  63:.\Generated_Source\PSoC4/SE1.c **** *  SE1_DM_RES_UP     Resistive Pull Up 
  64:.\Generated_Source\PSoC4/SE1.c **** *  SE1_DM_RES_DWN    Resistive Pull Down 
  65:.\Generated_Source\PSoC4/SE1.c **** *  SE1_DM_RES_UPDWN  Resistive Pull Up/Down 
  66:.\Generated_Source\PSoC4/SE1.c **** *  SE1_DM_DIG_HIZ    High Impedance Digital 
  67:.\Generated_Source\PSoC4/SE1.c **** *  SE1_DM_ALG_HIZ    High Impedance Analog 
  68:.\Generated_Source\PSoC4/SE1.c **** *
  69:.\Generated_Source\PSoC4/SE1.c **** * Return: 
  70:.\Generated_Source\PSoC4/SE1.c **** *  None
  71:.\Generated_Source\PSoC4/SE1.c **** *
  72:.\Generated_Source\PSoC4/SE1.c **** *******************************************************************************/
  73:.\Generated_Source\PSoC4/SE1.c **** void SE1_SetDriveMode(uint8 mode) 
  74:.\Generated_Source\PSoC4/SE1.c **** {
  61              		.loc 1 74 0
  62              		.cfi_startproc
  63              	.LVL2:
  75:.\Generated_Source\PSoC4/SE1.c **** 	SetP4PinDriveMode(SE1__0__SHIFT, mode);
  64              		.loc 1 75 0
  65 0000 0721     		mov	r1, #7
  66 0002 034A     		ldr	r2, .L5
  76:.\Generated_Source\PSoC4/SE1.c **** }
  67              		.loc 1 76 0
  68              		@ sp needed
  75:.\Generated_Source\PSoC4/SE1.c **** 	SetP4PinDriveMode(SE1__0__SHIFT, mode);
  69              		.loc 1 75 0
  70 0004 1368     		ldr	r3, [r2]
  71 0006 8B43     		bic	r3, r1
  72 0008 1843     		orr	r0, r3
  73              	.LVL3:
  74 000a 1060     		str	r0, [r2]
  75              		.loc 1 76 0
  76 000c 7047     		bx	lr
  77              	.L6:
  78 000e C046     		.align	2
  79              	.L5:
  80 0010 08030440 		.word	1074004744
  81              		.cfi_endproc
  82              	.LFE1:
  83              		.size	SE1_SetDriveMode, .-SE1_SetDriveMode
  84              		.section	.text.SE1_Read,"ax",%progbits
  85              		.align	1
  86              		.global	SE1_Read
  87              		.code	16
  88              		.thumb_func
  89              		.type	SE1_Read, %function
  90              	SE1_Read:
  91              	.LFB2:
ARM GAS  C:\Users\Jarik\AppData\Local\Temp\ccmLCwIO.s 			page 4


  77:.\Generated_Source\PSoC4/SE1.c **** 
  78:.\Generated_Source\PSoC4/SE1.c **** 
  79:.\Generated_Source\PSoC4/SE1.c **** /*******************************************************************************
  80:.\Generated_Source\PSoC4/SE1.c **** * Function Name: SE1_Read
  81:.\Generated_Source\PSoC4/SE1.c **** ********************************************************************************
  82:.\Generated_Source\PSoC4/SE1.c **** *
  83:.\Generated_Source\PSoC4/SE1.c **** * Summary:
  84:.\Generated_Source\PSoC4/SE1.c **** *  Read the current value on the pins of the Digital Port in right justified 
  85:.\Generated_Source\PSoC4/SE1.c **** *  form.
  86:.\Generated_Source\PSoC4/SE1.c **** *
  87:.\Generated_Source\PSoC4/SE1.c **** * Parameters:  
  88:.\Generated_Source\PSoC4/SE1.c **** *  None 
  89:.\Generated_Source\PSoC4/SE1.c **** *
  90:.\Generated_Source\PSoC4/SE1.c **** * Return: 
  91:.\Generated_Source\PSoC4/SE1.c **** *  Returns the current value of the Digital Port as a right justified number
  92:.\Generated_Source\PSoC4/SE1.c **** *  
  93:.\Generated_Source\PSoC4/SE1.c **** * Note:
  94:.\Generated_Source\PSoC4/SE1.c **** *  Macro SE1_ReadPS calls this function. 
  95:.\Generated_Source\PSoC4/SE1.c **** *  
  96:.\Generated_Source\PSoC4/SE1.c **** *******************************************************************************/
  97:.\Generated_Source\PSoC4/SE1.c **** uint8 SE1_Read(void) 
  98:.\Generated_Source\PSoC4/SE1.c **** {
  92              		.loc 1 98 0
  93              		.cfi_startproc
  99:.\Generated_Source\PSoC4/SE1.c ****     return (uint8)((SE1_PS & SE1_MASK) >> SE1_SHIFT);
  94              		.loc 1 99 0
  95 0000 024B     		ldr	r3, .L8
 100:.\Generated_Source\PSoC4/SE1.c **** }
  96              		.loc 1 100 0
  97              		@ sp needed
  99:.\Generated_Source\PSoC4/SE1.c ****     return (uint8)((SE1_PS & SE1_MASK) >> SE1_SHIFT);
  98              		.loc 1 99 0
  99 0002 1868     		ldr	r0, [r3]
 100 0004 0123     		mov	r3, #1
 101 0006 1840     		and	r0, r3
 102              		.loc 1 100 0
 103 0008 7047     		bx	lr
 104              	.L9:
 105 000a C046     		.align	2
 106              	.L8:
 107 000c 04030440 		.word	1074004740
 108              		.cfi_endproc
 109              	.LFE2:
 110              		.size	SE1_Read, .-SE1_Read
 111              		.section	.text.SE1_ReadDataReg,"ax",%progbits
 112              		.align	1
 113              		.global	SE1_ReadDataReg
 114              		.code	16
 115              		.thumb_func
 116              		.type	SE1_ReadDataReg, %function
 117              	SE1_ReadDataReg:
 118              	.LFB3:
 101:.\Generated_Source\PSoC4/SE1.c **** 
 102:.\Generated_Source\PSoC4/SE1.c **** 
 103:.\Generated_Source\PSoC4/SE1.c **** /*******************************************************************************
 104:.\Generated_Source\PSoC4/SE1.c **** * Function Name: SE1_ReadDataReg
 105:.\Generated_Source\PSoC4/SE1.c **** ********************************************************************************
ARM GAS  C:\Users\Jarik\AppData\Local\Temp\ccmLCwIO.s 			page 5


 106:.\Generated_Source\PSoC4/SE1.c **** *
 107:.\Generated_Source\PSoC4/SE1.c **** * Summary:
 108:.\Generated_Source\PSoC4/SE1.c **** *  Read the current value assigned to a Digital Port's data output register
 109:.\Generated_Source\PSoC4/SE1.c **** *
 110:.\Generated_Source\PSoC4/SE1.c **** * Parameters:  
 111:.\Generated_Source\PSoC4/SE1.c **** *  None 
 112:.\Generated_Source\PSoC4/SE1.c **** *
 113:.\Generated_Source\PSoC4/SE1.c **** * Return: 
 114:.\Generated_Source\PSoC4/SE1.c **** *  Returns the current value assigned to the Digital Port's data output register
 115:.\Generated_Source\PSoC4/SE1.c **** *  
 116:.\Generated_Source\PSoC4/SE1.c **** *******************************************************************************/
 117:.\Generated_Source\PSoC4/SE1.c **** uint8 SE1_ReadDataReg(void) 
 118:.\Generated_Source\PSoC4/SE1.c **** {
 119              		.loc 1 118 0
 120              		.cfi_startproc
 119:.\Generated_Source\PSoC4/SE1.c ****     return (uint8)((SE1_DR & SE1_MASK) >> SE1_SHIFT);
 121              		.loc 1 119 0
 122 0000 024B     		ldr	r3, .L11
 120:.\Generated_Source\PSoC4/SE1.c **** }
 123              		.loc 1 120 0
 124              		@ sp needed
 119:.\Generated_Source\PSoC4/SE1.c ****     return (uint8)((SE1_DR & SE1_MASK) >> SE1_SHIFT);
 125              		.loc 1 119 0
 126 0002 1868     		ldr	r0, [r3]
 127 0004 0123     		mov	r3, #1
 128 0006 1840     		and	r0, r3
 129              		.loc 1 120 0
 130 0008 7047     		bx	lr
 131              	.L12:
 132 000a C046     		.align	2
 133              	.L11:
 134 000c 00030440 		.word	1074004736
 135              		.cfi_endproc
 136              	.LFE3:
 137              		.size	SE1_ReadDataReg, .-SE1_ReadDataReg
 138              		.section	.text.SE1_ClearInterrupt,"ax",%progbits
 139              		.align	1
 140              		.global	SE1_ClearInterrupt
 141              		.code	16
 142              		.thumb_func
 143              		.type	SE1_ClearInterrupt, %function
 144              	SE1_ClearInterrupt:
 145              	.LFB4:
 121:.\Generated_Source\PSoC4/SE1.c **** 
 122:.\Generated_Source\PSoC4/SE1.c **** 
 123:.\Generated_Source\PSoC4/SE1.c **** /* If Interrupts Are Enabled for this Pins component */ 
 124:.\Generated_Source\PSoC4/SE1.c **** #if defined(SE1_INTSTAT) 
 125:.\Generated_Source\PSoC4/SE1.c **** 
 126:.\Generated_Source\PSoC4/SE1.c ****     /*******************************************************************************
 127:.\Generated_Source\PSoC4/SE1.c ****     * Function Name: SE1_ClearInterrupt
 128:.\Generated_Source\PSoC4/SE1.c ****     ********************************************************************************
 129:.\Generated_Source\PSoC4/SE1.c ****     *
 130:.\Generated_Source\PSoC4/SE1.c ****     * Summary:
 131:.\Generated_Source\PSoC4/SE1.c ****     *  Clears any active interrupts attached to port and returns the value of the 
 132:.\Generated_Source\PSoC4/SE1.c ****     *  interrupt status register.
 133:.\Generated_Source\PSoC4/SE1.c ****     *
 134:.\Generated_Source\PSoC4/SE1.c ****     * Parameters:  
ARM GAS  C:\Users\Jarik\AppData\Local\Temp\ccmLCwIO.s 			page 6


 135:.\Generated_Source\PSoC4/SE1.c ****     *  None 
 136:.\Generated_Source\PSoC4/SE1.c ****     *
 137:.\Generated_Source\PSoC4/SE1.c ****     * Return: 
 138:.\Generated_Source\PSoC4/SE1.c ****     *  Returns the value of the interrupt status register
 139:.\Generated_Source\PSoC4/SE1.c ****     *  
 140:.\Generated_Source\PSoC4/SE1.c ****     *******************************************************************************/
 141:.\Generated_Source\PSoC4/SE1.c ****     uint8 SE1_ClearInterrupt(void) 
 142:.\Generated_Source\PSoC4/SE1.c ****     {
 146              		.loc 1 142 0
 147              		.cfi_startproc
 143:.\Generated_Source\PSoC4/SE1.c **** 		uint8 maskedStatus = (uint8)(SE1_INTSTAT & SE1_MASK);
 148              		.loc 1 143 0
 149 0000 0123     		mov	r3, #1
 150 0002 024A     		ldr	r2, .L14
 144:.\Generated_Source\PSoC4/SE1.c **** 		SE1_INTSTAT = maskedStatus;
 145:.\Generated_Source\PSoC4/SE1.c ****         return maskedStatus >> SE1_SHIFT;
 146:.\Generated_Source\PSoC4/SE1.c ****     }
 151              		.loc 1 146 0
 152              		@ sp needed
 143:.\Generated_Source\PSoC4/SE1.c **** 		uint8 maskedStatus = (uint8)(SE1_INTSTAT & SE1_MASK);
 153              		.loc 1 143 0
 154 0004 1068     		ldr	r0, [r2]
 155 0006 1840     		and	r0, r3
 156              	.LVL4:
 144:.\Generated_Source\PSoC4/SE1.c **** 		SE1_INTSTAT = maskedStatus;
 157              		.loc 1 144 0
 158 0008 1060     		str	r0, [r2]
 159              		.loc 1 146 0
 160 000a 7047     		bx	lr
 161              	.L15:
 162              		.align	2
 163              	.L14:
 164 000c 10030440 		.word	1074004752
 165              		.cfi_endproc
 166              	.LFE4:
 167              		.size	SE1_ClearInterrupt, .-SE1_ClearInterrupt
 168              		.text
 169              	.Letext0:
 170              		.file 2 ".\\Generated_Source\\PSoC4\\cytypes.h"
 171              		.section	.debug_info,"",%progbits
 172              	.Ldebug_info0:
 173 0000 4D010000 		.4byte	0x14d
 174 0004 0400     		.2byte	0x4
 175 0006 00000000 		.4byte	.Ldebug_abbrev0
 176 000a 04       		.byte	0x4
 177 000b 01       		.uleb128 0x1
 178 000c 06000000 		.4byte	.LASF24
 179 0010 01       		.byte	0x1
 180 0011 10010000 		.4byte	.LASF25
 181 0015 AF010000 		.4byte	.LASF26
 182 0019 00000000 		.4byte	.Ldebug_ranges0+0
 183 001d 00000000 		.4byte	0
 184 0021 00000000 		.4byte	.Ldebug_line0
 185 0025 02       		.uleb128 0x2
 186 0026 01       		.byte	0x1
 187 0027 06       		.byte	0x6
 188 0028 E4010000 		.4byte	.LASF0
ARM GAS  C:\Users\Jarik\AppData\Local\Temp\ccmLCwIO.s 			page 7


 189 002c 02       		.uleb128 0x2
 190 002d 01       		.byte	0x1
 191 002e 08       		.byte	0x8
 192 002f B3000000 		.4byte	.LASF1
 193 0033 02       		.uleb128 0x2
 194 0034 02       		.byte	0x2
 195 0035 05       		.byte	0x5
 196 0036 96010000 		.4byte	.LASF2
 197 003a 02       		.uleb128 0x2
 198 003b 02       		.byte	0x2
 199 003c 07       		.byte	0x7
 200 003d D9000000 		.4byte	.LASF3
 201 0041 02       		.uleb128 0x2
 202 0042 04       		.byte	0x4
 203 0043 05       		.byte	0x5
 204 0044 A6010000 		.4byte	.LASF4
 205 0048 02       		.uleb128 0x2
 206 0049 04       		.byte	0x4
 207 004a 07       		.byte	0x7
 208 004b C7000000 		.4byte	.LASF5
 209 004f 02       		.uleb128 0x2
 210 0050 08       		.byte	0x8
 211 0051 05       		.byte	0x5
 212 0052 76010000 		.4byte	.LASF6
 213 0056 02       		.uleb128 0x2
 214 0057 08       		.byte	0x8
 215 0058 07       		.byte	0x7
 216 0059 5A010000 		.4byte	.LASF7
 217 005d 03       		.uleb128 0x3
 218 005e 04       		.byte	0x4
 219 005f 05       		.byte	0x5
 220 0060 696E7400 		.ascii	"int\000"
 221 0064 02       		.uleb128 0x2
 222 0065 04       		.byte	0x4
 223 0066 07       		.byte	0x7
 224 0067 4D010000 		.4byte	.LASF8
 225 006b 04       		.uleb128 0x4
 226 006c A0010000 		.4byte	.LASF9
 227 0070 02       		.byte	0x2
 228 0071 C2       		.byte	0xc2
 229 0072 2C000000 		.4byte	0x2c
 230 0076 04       		.uleb128 0x4
 231 0077 36010000 		.4byte	.LASF10
 232 007b 02       		.byte	0x2
 233 007c C4       		.byte	0xc4
 234 007d 48000000 		.4byte	0x48
 235 0081 02       		.uleb128 0x2
 236 0082 04       		.byte	0x4
 237 0083 04       		.byte	0x4
 238 0084 AD000000 		.4byte	.LASF11
 239 0088 02       		.uleb128 0x2
 240 0089 08       		.byte	0x8
 241 008a 04       		.byte	0x4
 242 008b 2F010000 		.4byte	.LASF12
 243 008f 02       		.uleb128 0x2
 244 0090 01       		.byte	0x1
 245 0091 08       		.byte	0x8
ARM GAS  C:\Users\Jarik\AppData\Local\Temp\ccmLCwIO.s 			page 8


 246 0092 91010000 		.4byte	.LASF13
 247 0096 05       		.uleb128 0x5
 248 0097 00000000 		.4byte	.LASF14
 249 009b 02       		.byte	0x2
 250 009c 6E01     		.2byte	0x16e
 251 009e A2000000 		.4byte	0xa2
 252 00a2 06       		.uleb128 0x6
 253 00a3 76000000 		.4byte	0x76
 254 00a7 07       		.uleb128 0x7
 255 00a8 9D000000 		.4byte	.LASF15
 256 00ac 01       		.byte	0x1
 257 00ad 2A       		.byte	0x2a
 258 00ae 00000000 		.4byte	.LFB0
 259 00b2 18000000 		.4byte	.LFE0-.LFB0
 260 00b6 01       		.uleb128 0x1
 261 00b7 9C       		.byte	0x9c
 262 00b8 DE000000 		.4byte	0xde
 263 00bc 08       		.uleb128 0x8
 264 00bd A7000000 		.4byte	.LASF17
 265 00c1 01       		.byte	0x1
 266 00c2 2A       		.byte	0x2a
 267 00c3 6B000000 		.4byte	0x6b
 268 00c7 01       		.uleb128 0x1
 269 00c8 50       		.byte	0x50
 270 00c9 09       		.uleb128 0x9
 271 00ca C1000000 		.4byte	.LASF22
 272 00ce 01       		.byte	0x1
 273 00cf 2C       		.byte	0x2c
 274 00d0 6B000000 		.4byte	0x6b
 275 00d4 08       		.uleb128 0x8
 276 00d5 70       		.byte	0x70
 277 00d6 00       		.sleb128 0
 278 00d7 31       		.byte	0x31
 279 00d8 1A       		.byte	0x1a
 280 00d9 72       		.byte	0x72
 281 00da 00       		.sleb128 0
 282 00db 21       		.byte	0x21
 283 00dc 9F       		.byte	0x9f
 284 00dd 00       		.byte	0
 285 00de 07       		.uleb128 0x7
 286 00df FF000000 		.4byte	.LASF16
 287 00e3 01       		.byte	0x1
 288 00e4 49       		.byte	0x49
 289 00e5 00000000 		.4byte	.LFB1
 290 00e9 14000000 		.4byte	.LFE1-.LFB1
 291 00ed 01       		.uleb128 0x1
 292 00ee 9C       		.byte	0x9c
 293 00ef 03010000 		.4byte	0x103
 294 00f3 0A       		.uleb128 0xa
 295 00f4 71010000 		.4byte	.LASF18
 296 00f8 01       		.byte	0x1
 297 00f9 49       		.byte	0x49
 298 00fa 6B000000 		.4byte	0x6b
 299 00fe 00000000 		.4byte	.LLST0
 300 0102 00       		.byte	0
 301 0103 0B       		.uleb128 0xb
 302 0104 94000000 		.4byte	.LASF19
ARM GAS  C:\Users\Jarik\AppData\Local\Temp\ccmLCwIO.s 			page 9


 303 0108 01       		.byte	0x1
 304 0109 61       		.byte	0x61
 305 010a 6B000000 		.4byte	0x6b
 306 010e 00000000 		.4byte	.LFB2
 307 0112 10000000 		.4byte	.LFE2-.LFB2
 308 0116 01       		.uleb128 0x1
 309 0117 9C       		.byte	0x9c
 310 0118 0B       		.uleb128 0xb
 311 0119 3D010000 		.4byte	.LASF20
 312 011d 01       		.byte	0x1
 313 011e 75       		.byte	0x75
 314 011f 6B000000 		.4byte	0x6b
 315 0123 00000000 		.4byte	.LFB3
 316 0127 10000000 		.4byte	.LFE3-.LFB3
 317 012b 01       		.uleb128 0x1
 318 012c 9C       		.byte	0x9c
 319 012d 0C       		.uleb128 0xc
 320 012e EC000000 		.4byte	.LASF21
 321 0132 01       		.byte	0x1
 322 0133 8D       		.byte	0x8d
 323 0134 6B000000 		.4byte	0x6b
 324 0138 00000000 		.4byte	.LFB4
 325 013c 10000000 		.4byte	.LFE4-.LFB4
 326 0140 01       		.uleb128 0x1
 327 0141 9C       		.byte	0x9c
 328 0142 09       		.uleb128 0x9
 329 0143 84010000 		.4byte	.LASF23
 330 0147 01       		.byte	0x1
 331 0148 8F       		.byte	0x8f
 332 0149 6B000000 		.4byte	0x6b
 333 014d 01       		.uleb128 0x1
 334 014e 50       		.byte	0x50
 335 014f 00       		.byte	0
 336 0150 00       		.byte	0
 337              		.section	.debug_abbrev,"",%progbits
 338              	.Ldebug_abbrev0:
 339 0000 01       		.uleb128 0x1
 340 0001 11       		.uleb128 0x11
 341 0002 01       		.byte	0x1
 342 0003 25       		.uleb128 0x25
 343 0004 0E       		.uleb128 0xe
 344 0005 13       		.uleb128 0x13
 345 0006 0B       		.uleb128 0xb
 346 0007 03       		.uleb128 0x3
 347 0008 0E       		.uleb128 0xe
 348 0009 1B       		.uleb128 0x1b
 349 000a 0E       		.uleb128 0xe
 350 000b 55       		.uleb128 0x55
 351 000c 17       		.uleb128 0x17
 352 000d 11       		.uleb128 0x11
 353 000e 01       		.uleb128 0x1
 354 000f 10       		.uleb128 0x10
 355 0010 17       		.uleb128 0x17
 356 0011 00       		.byte	0
 357 0012 00       		.byte	0
 358 0013 02       		.uleb128 0x2
 359 0014 24       		.uleb128 0x24
ARM GAS  C:\Users\Jarik\AppData\Local\Temp\ccmLCwIO.s 			page 10


 360 0015 00       		.byte	0
 361 0016 0B       		.uleb128 0xb
 362 0017 0B       		.uleb128 0xb
 363 0018 3E       		.uleb128 0x3e
 364 0019 0B       		.uleb128 0xb
 365 001a 03       		.uleb128 0x3
 366 001b 0E       		.uleb128 0xe
 367 001c 00       		.byte	0
 368 001d 00       		.byte	0
 369 001e 03       		.uleb128 0x3
 370 001f 24       		.uleb128 0x24
 371 0020 00       		.byte	0
 372 0021 0B       		.uleb128 0xb
 373 0022 0B       		.uleb128 0xb
 374 0023 3E       		.uleb128 0x3e
 375 0024 0B       		.uleb128 0xb
 376 0025 03       		.uleb128 0x3
 377 0026 08       		.uleb128 0x8
 378 0027 00       		.byte	0
 379 0028 00       		.byte	0
 380 0029 04       		.uleb128 0x4
 381 002a 16       		.uleb128 0x16
 382 002b 00       		.byte	0
 383 002c 03       		.uleb128 0x3
 384 002d 0E       		.uleb128 0xe
 385 002e 3A       		.uleb128 0x3a
 386 002f 0B       		.uleb128 0xb
 387 0030 3B       		.uleb128 0x3b
 388 0031 0B       		.uleb128 0xb
 389 0032 49       		.uleb128 0x49
 390 0033 13       		.uleb128 0x13
 391 0034 00       		.byte	0
 392 0035 00       		.byte	0
 393 0036 05       		.uleb128 0x5
 394 0037 16       		.uleb128 0x16
 395 0038 00       		.byte	0
 396 0039 03       		.uleb128 0x3
 397 003a 0E       		.uleb128 0xe
 398 003b 3A       		.uleb128 0x3a
 399 003c 0B       		.uleb128 0xb
 400 003d 3B       		.uleb128 0x3b
 401 003e 05       		.uleb128 0x5
 402 003f 49       		.uleb128 0x49
 403 0040 13       		.uleb128 0x13
 404 0041 00       		.byte	0
 405 0042 00       		.byte	0
 406 0043 06       		.uleb128 0x6
 407 0044 35       		.uleb128 0x35
 408 0045 00       		.byte	0
 409 0046 49       		.uleb128 0x49
 410 0047 13       		.uleb128 0x13
 411 0048 00       		.byte	0
 412 0049 00       		.byte	0
 413 004a 07       		.uleb128 0x7
 414 004b 2E       		.uleb128 0x2e
 415 004c 01       		.byte	0x1
 416 004d 3F       		.uleb128 0x3f
ARM GAS  C:\Users\Jarik\AppData\Local\Temp\ccmLCwIO.s 			page 11


 417 004e 19       		.uleb128 0x19
 418 004f 03       		.uleb128 0x3
 419 0050 0E       		.uleb128 0xe
 420 0051 3A       		.uleb128 0x3a
 421 0052 0B       		.uleb128 0xb
 422 0053 3B       		.uleb128 0x3b
 423 0054 0B       		.uleb128 0xb
 424 0055 27       		.uleb128 0x27
 425 0056 19       		.uleb128 0x19
 426 0057 11       		.uleb128 0x11
 427 0058 01       		.uleb128 0x1
 428 0059 12       		.uleb128 0x12
 429 005a 06       		.uleb128 0x6
 430 005b 40       		.uleb128 0x40
 431 005c 18       		.uleb128 0x18
 432 005d 9742     		.uleb128 0x2117
 433 005f 19       		.uleb128 0x19
 434 0060 01       		.uleb128 0x1
 435 0061 13       		.uleb128 0x13
 436 0062 00       		.byte	0
 437 0063 00       		.byte	0
 438 0064 08       		.uleb128 0x8
 439 0065 05       		.uleb128 0x5
 440 0066 00       		.byte	0
 441 0067 03       		.uleb128 0x3
 442 0068 0E       		.uleb128 0xe
 443 0069 3A       		.uleb128 0x3a
 444 006a 0B       		.uleb128 0xb
 445 006b 3B       		.uleb128 0x3b
 446 006c 0B       		.uleb128 0xb
 447 006d 49       		.uleb128 0x49
 448 006e 13       		.uleb128 0x13
 449 006f 02       		.uleb128 0x2
 450 0070 18       		.uleb128 0x18
 451 0071 00       		.byte	0
 452 0072 00       		.byte	0
 453 0073 09       		.uleb128 0x9
 454 0074 34       		.uleb128 0x34
 455 0075 00       		.byte	0
 456 0076 03       		.uleb128 0x3
 457 0077 0E       		.uleb128 0xe
 458 0078 3A       		.uleb128 0x3a
 459 0079 0B       		.uleb128 0xb
 460 007a 3B       		.uleb128 0x3b
 461 007b 0B       		.uleb128 0xb
 462 007c 49       		.uleb128 0x49
 463 007d 13       		.uleb128 0x13
 464 007e 02       		.uleb128 0x2
 465 007f 18       		.uleb128 0x18
 466 0080 00       		.byte	0
 467 0081 00       		.byte	0
 468 0082 0A       		.uleb128 0xa
 469 0083 05       		.uleb128 0x5
 470 0084 00       		.byte	0
 471 0085 03       		.uleb128 0x3
 472 0086 0E       		.uleb128 0xe
 473 0087 3A       		.uleb128 0x3a
ARM GAS  C:\Users\Jarik\AppData\Local\Temp\ccmLCwIO.s 			page 12


 474 0088 0B       		.uleb128 0xb
 475 0089 3B       		.uleb128 0x3b
 476 008a 0B       		.uleb128 0xb
 477 008b 49       		.uleb128 0x49
 478 008c 13       		.uleb128 0x13
 479 008d 02       		.uleb128 0x2
 480 008e 17       		.uleb128 0x17
 481 008f 00       		.byte	0
 482 0090 00       		.byte	0
 483 0091 0B       		.uleb128 0xb
 484 0092 2E       		.uleb128 0x2e
 485 0093 00       		.byte	0
 486 0094 3F       		.uleb128 0x3f
 487 0095 19       		.uleb128 0x19
 488 0096 03       		.uleb128 0x3
 489 0097 0E       		.uleb128 0xe
 490 0098 3A       		.uleb128 0x3a
 491 0099 0B       		.uleb128 0xb
 492 009a 3B       		.uleb128 0x3b
 493 009b 0B       		.uleb128 0xb
 494 009c 27       		.uleb128 0x27
 495 009d 19       		.uleb128 0x19
 496 009e 49       		.uleb128 0x49
 497 009f 13       		.uleb128 0x13
 498 00a0 11       		.uleb128 0x11
 499 00a1 01       		.uleb128 0x1
 500 00a2 12       		.uleb128 0x12
 501 00a3 06       		.uleb128 0x6
 502 00a4 40       		.uleb128 0x40
 503 00a5 18       		.uleb128 0x18
 504 00a6 9742     		.uleb128 0x2117
 505 00a8 19       		.uleb128 0x19
 506 00a9 00       		.byte	0
 507 00aa 00       		.byte	0
 508 00ab 0C       		.uleb128 0xc
 509 00ac 2E       		.uleb128 0x2e
 510 00ad 01       		.byte	0x1
 511 00ae 3F       		.uleb128 0x3f
 512 00af 19       		.uleb128 0x19
 513 00b0 03       		.uleb128 0x3
 514 00b1 0E       		.uleb128 0xe
 515 00b2 3A       		.uleb128 0x3a
 516 00b3 0B       		.uleb128 0xb
 517 00b4 3B       		.uleb128 0x3b
 518 00b5 0B       		.uleb128 0xb
 519 00b6 27       		.uleb128 0x27
 520 00b7 19       		.uleb128 0x19
 521 00b8 49       		.uleb128 0x49
 522 00b9 13       		.uleb128 0x13
 523 00ba 11       		.uleb128 0x11
 524 00bb 01       		.uleb128 0x1
 525 00bc 12       		.uleb128 0x12
 526 00bd 06       		.uleb128 0x6
 527 00be 40       		.uleb128 0x40
 528 00bf 18       		.uleb128 0x18
 529 00c0 9742     		.uleb128 0x2117
 530 00c2 19       		.uleb128 0x19
ARM GAS  C:\Users\Jarik\AppData\Local\Temp\ccmLCwIO.s 			page 13


 531 00c3 00       		.byte	0
 532 00c4 00       		.byte	0
 533 00c5 00       		.byte	0
 534              		.section	.debug_loc,"",%progbits
 535              	.Ldebug_loc0:
 536              	.LLST0:
 537 0000 00000000 		.4byte	.LVL2
 538 0004 0A000000 		.4byte	.LVL3
 539 0008 0100     		.2byte	0x1
 540 000a 50       		.byte	0x50
 541 000b 0A000000 		.4byte	.LVL3
 542 000f 14000000 		.4byte	.LFE1
 543 0013 0400     		.2byte	0x4
 544 0015 F3       		.byte	0xf3
 545 0016 01       		.uleb128 0x1
 546 0017 50       		.byte	0x50
 547 0018 9F       		.byte	0x9f
 548 0019 00000000 		.4byte	0
 549 001d 00000000 		.4byte	0
 550              		.section	.debug_aranges,"",%progbits
 551 0000 3C000000 		.4byte	0x3c
 552 0004 0200     		.2byte	0x2
 553 0006 00000000 		.4byte	.Ldebug_info0
 554 000a 04       		.byte	0x4
 555 000b 00       		.byte	0
 556 000c 0000     		.2byte	0
 557 000e 0000     		.2byte	0
 558 0010 00000000 		.4byte	.LFB0
 559 0014 18000000 		.4byte	.LFE0-.LFB0
 560 0018 00000000 		.4byte	.LFB1
 561 001c 14000000 		.4byte	.LFE1-.LFB1
 562 0020 00000000 		.4byte	.LFB2
 563 0024 10000000 		.4byte	.LFE2-.LFB2
 564 0028 00000000 		.4byte	.LFB3
 565 002c 10000000 		.4byte	.LFE3-.LFB3
 566 0030 00000000 		.4byte	.LFB4
 567 0034 10000000 		.4byte	.LFE4-.LFB4
 568 0038 00000000 		.4byte	0
 569 003c 00000000 		.4byte	0
 570              		.section	.debug_ranges,"",%progbits
 571              	.Ldebug_ranges0:
 572 0000 00000000 		.4byte	.LFB0
 573 0004 18000000 		.4byte	.LFE0
 574 0008 00000000 		.4byte	.LFB1
 575 000c 14000000 		.4byte	.LFE1
 576 0010 00000000 		.4byte	.LFB2
 577 0014 10000000 		.4byte	.LFE2
 578 0018 00000000 		.4byte	.LFB3
 579 001c 10000000 		.4byte	.LFE3
 580 0020 00000000 		.4byte	.LFB4
 581 0024 10000000 		.4byte	.LFE4
 582 0028 00000000 		.4byte	0
 583 002c 00000000 		.4byte	0
 584              		.section	.debug_line,"",%progbits
 585              	.Ldebug_line0:
 586 0000 AE000000 		.section	.debug_str,"MS",%progbits,1
 586      02004200 
ARM GAS  C:\Users\Jarik\AppData\Local\Temp\ccmLCwIO.s 			page 14


 586      00000201 
 586      FB0E0D00 
 586      01010101 
 587              	.LASF14:
 588 0000 72656733 		.ascii	"reg32\000"
 588      3200
 589              	.LASF24:
 590 0006 474E5520 		.ascii	"GNU C 4.9.3 20150303 (release) [ARM/embedded-4_9-br"
 590      4320342E 
 590      392E3320 
 590      32303135 
 590      30333033 
 591 0039 616E6368 		.ascii	"anch revision 221220] -mcpu=cortex-m0 -mthumb -g -O"
 591      20726576 
 591      6973696F 
 591      6E203232 
 591      31323230 
 592 006c 73202D66 		.ascii	"s -ffunction-sections -ffat-lto-objects\000"
 592      66756E63 
 592      74696F6E 
 592      2D736563 
 592      74696F6E 
 593              	.LASF19:
 594 0094 5345315F 		.ascii	"SE1_Read\000"
 594      52656164 
 594      00
 595              	.LASF15:
 596 009d 5345315F 		.ascii	"SE1_Write\000"
 596      57726974 
 596      6500
 597              	.LASF17:
 598 00a7 76616C75 		.ascii	"value\000"
 598      6500
 599              	.LASF11:
 600 00ad 666C6F61 		.ascii	"float\000"
 600      7400
 601              	.LASF1:
 602 00b3 756E7369 		.ascii	"unsigned char\000"
 602      676E6564 
 602      20636861 
 602      7200
 603              	.LASF22:
 604 00c1 64725661 		.ascii	"drVal\000"
 604      6C00
 605              	.LASF5:
 606 00c7 6C6F6E67 		.ascii	"long unsigned int\000"
 606      20756E73 
 606      69676E65 
 606      6420696E 
 606      7400
 607              	.LASF3:
 608 00d9 73686F72 		.ascii	"short unsigned int\000"
 608      7420756E 
 608      7369676E 
 608      65642069 
 608      6E7400
 609              	.LASF21:
ARM GAS  C:\Users\Jarik\AppData\Local\Temp\ccmLCwIO.s 			page 15


 610 00ec 5345315F 		.ascii	"SE1_ClearInterrupt\000"
 610      436C6561 
 610      72496E74 
 610      65727275 
 610      707400
 611              	.LASF16:
 612 00ff 5345315F 		.ascii	"SE1_SetDriveMode\000"
 612      53657444 
 612      72697665 
 612      4D6F6465 
 612      00
 613              	.LASF25:
 614 0110 2E5C4765 		.ascii	".\\Generated_Source\\PSoC4\\SE1.c\000"
 614      6E657261 
 614      7465645F 
 614      536F7572 
 614      63655C50 
 615              	.LASF12:
 616 012f 646F7562 		.ascii	"double\000"
 616      6C6500
 617              	.LASF10:
 618 0136 75696E74 		.ascii	"uint32\000"
 618      333200
 619              	.LASF20:
 620 013d 5345315F 		.ascii	"SE1_ReadDataReg\000"
 620      52656164 
 620      44617461 
 620      52656700 
 621              	.LASF8:
 622 014d 756E7369 		.ascii	"unsigned int\000"
 622      676E6564 
 622      20696E74 
 622      00
 623              	.LASF7:
 624 015a 6C6F6E67 		.ascii	"long long unsigned int\000"
 624      206C6F6E 
 624      6720756E 
 624      7369676E 
 624      65642069 
 625              	.LASF18:
 626 0171 6D6F6465 		.ascii	"mode\000"
 626      00
 627              	.LASF6:
 628 0176 6C6F6E67 		.ascii	"long long int\000"
 628      206C6F6E 
 628      6720696E 
 628      7400
 629              	.LASF23:
 630 0184 6D61736B 		.ascii	"maskedStatus\000"
 630      65645374 
 630      61747573 
 630      00
 631              	.LASF13:
 632 0191 63686172 		.ascii	"char\000"
 632      00
 633              	.LASF2:
 634 0196 73686F72 		.ascii	"short int\000"
ARM GAS  C:\Users\Jarik\AppData\Local\Temp\ccmLCwIO.s 			page 16


 634      7420696E 
 634      7400
 635              	.LASF9:
 636 01a0 75696E74 		.ascii	"uint8\000"
 636      3800
 637              	.LASF4:
 638 01a6 6C6F6E67 		.ascii	"long int\000"
 638      20696E74 
 638      00
 639              	.LASF26:
 640 01af 453A5C68 		.ascii	"E:\\home\\jarik\\src\\psoc\\mpi_rom_emu\\mpi_rom_em"
 640      6F6D655C 
 640      6A617269 
 640      6B5C7372 
 640      635C7073 
 641 01dc 752E6379 		.ascii	"u.cydsn\000"
 641      64736E00 
 642              	.LASF0:
 643 01e4 7369676E 		.ascii	"signed char\000"
 643      65642063 
 643      68617200 
 644              		.ident	"GCC: (GNU Tools for ARM Embedded Processors) 4.9.3 20150303 (release) [ARM/embedded-4_9-br
