ARM GAS  C:\Users\Jarik\AppData\Local\Temp\ccHp260f.s 			page 1


   1              		.cpu cortex-m0
   2              		.fpu softvfp
   3              		.eabi_attribute 20, 1
   4              		.eabi_attribute 21, 1
   5              		.eabi_attribute 23, 3
   6              		.eabi_attribute 24, 1
   7              		.eabi_attribute 25, 1
   8              		.eabi_attribute 26, 1
   9              		.eabi_attribute 30, 4
  10              		.eabi_attribute 34, 0
  11              		.eabi_attribute 18, 4
  12              		.code	16
  13              		.file	"SPI_routines.c"
  14              		.text
  15              	.Ltext0:
  16              		.cfi_sections	.debug_frame
  17              		.section	.text.spi_init,"ax",%progbits
  18              		.align	1
  19              		.global	spi_init
  20              		.code	16
  21              		.thumb_func
  22              		.type	spi_init, %function
  23              	spi_init:
  24              	.LFB33:
  25              		.file 1 ".\\sd\\SPI_routines.c"
   1:.\sd/SPI_routines.c **** //**************************************************************
   2:.\sd/SPI_routines.c **** // ****** FUNCTIONS FOR SPI COMMUNICATION *******
   3:.\sd/SPI_routines.c **** //**************************************************************
   4:.\sd/SPI_routines.c **** //**************************************************
   5:.\sd/SPI_routines.c **** // ***** SOURCE FILE : SPI_routines.c ******
   6:.\sd/SPI_routines.c **** //**************************************************
   7:.\sd/SPI_routines.c **** #include <project.h>
   8:.\sd/SPI_routines.c **** #include "sd/SPI_routines.h"
   9:.\sd/SPI_routines.c **** 
  10:.\sd/SPI_routines.c **** //SPI initialize for SD card
  11:.\sd/SPI_routines.c **** 
  12:.\sd/SPI_routines.c **** void spi_init(void)
  13:.\sd/SPI_routines.c **** {
  26              		.loc 1 13 0
  27              		.cfi_startproc
  28 0000 08B5     		push	{r3, lr}
  29              		.cfi_def_cfa_offset 8
  30              		.cfi_offset 3, -8
  31              		.cfi_offset 14, -4
  14:.\sd/SPI_routines.c **** 	SPI_1_Start();
  32              		.loc 1 14 0
  33 0002 FFF7FEFF 		bl	SPI_1_Start
  34              	.LVL0:
  15:.\sd/SPI_routines.c ****     
  16:.\sd/SPI_routines.c **** }
  35              		.loc 1 16 0
  36              		@ sp needed
  37 0006 08BD     		pop	{r3, pc}
  38              		.cfi_endproc
  39              	.LFE33:
  40              		.size	spi_init, .-spi_init
  41              		.section	.text.SPI_transmit,"ax",%progbits
ARM GAS  C:\Users\Jarik\AppData\Local\Temp\ccHp260f.s 			page 2


  42              		.align	1
  43              		.global	SPI_transmit
  44              		.code	16
  45              		.thumb_func
  46              		.type	SPI_transmit, %function
  47              	SPI_transmit:
  48              	.LFB34:
  17:.\sd/SPI_routines.c **** 
  18:.\sd/SPI_routines.c **** unsigned char SPI_transmit(unsigned char data)
  19:.\sd/SPI_routines.c **** {
  49              		.loc 1 19 0
  50              		.cfi_startproc
  51              	.LVL1:
  52 0000 08B5     		push	{r3, lr}
  53              		.cfi_def_cfa_offset 8
  54              		.cfi_offset 3, -8
  55              		.cfi_offset 14, -4
  20:.\sd/SPI_routines.c ****     SPI_1_SpiUartWriteTxData(data);
  56              		.loc 1 20 0
  57 0002 FFF7FEFF 		bl	SPI_1_SpiUartWriteTxData
  58              	.LVL2:
  59              	.L3:
  21:.\sd/SPI_routines.c ****     while(SPI_1_SpiUartGetTxBufferSize()!=0);
  60              		.loc 1 21 0 discriminator 1
  61 0006 FFF7FEFF 		bl	SPI_1_SpiUartGetTxBufferSize
  62              	.LVL3:
  63 000a 0028     		cmp	r0, #0
  64 000c FBD1     		bne	.L3
  65              	.L4:
  22:.\sd/SPI_routines.c ****     while(SPI_1_SpiUartGetRxBufferSize()==0);
  66              		.loc 1 22 0 discriminator 1
  67 000e FFF7FEFF 		bl	SPI_1_SpiUartGetRxBufferSize
  68              	.LVL4:
  69 0012 0028     		cmp	r0, #0
  70 0014 FBD0     		beq	.L4
  23:.\sd/SPI_routines.c ****     return SPI_1_SpiUartReadRxData();
  71              		.loc 1 23 0
  72 0016 FFF7FEFF 		bl	SPI_1_SpiUartReadRxData
  73              	.LVL5:
  24:.\sd/SPI_routines.c **** }
  74              		.loc 1 24 0
  75              		@ sp needed
  23:.\sd/SPI_routines.c ****     return SPI_1_SpiUartReadRxData();
  76              		.loc 1 23 0
  77 001a C0B2     		uxtb	r0, r0
  78              		.loc 1 24 0
  79 001c 08BD     		pop	{r3, pc}
  80              		.cfi_endproc
  81              	.LFE34:
  82              		.size	SPI_transmit, .-SPI_transmit
  83              		.section	.text.SPI_receive,"ax",%progbits
  84              		.align	1
  85              		.global	SPI_receive
  86              		.code	16
  87              		.thumb_func
  88              		.type	SPI_receive, %function
  89              	SPI_receive:
ARM GAS  C:\Users\Jarik\AppData\Local\Temp\ccHp260f.s 			page 3


  90              	.LFB35:
  25:.\sd/SPI_routines.c **** 
  26:.\sd/SPI_routines.c **** unsigned char SPI_receive(void)
  27:.\sd/SPI_routines.c **** {
  91              		.loc 1 27 0
  92              		.cfi_startproc
  93 0000 08B5     		push	{r3, lr}
  94              		.cfi_def_cfa_offset 8
  95              		.cfi_offset 3, -8
  96              		.cfi_offset 14, -4
  28:.\sd/SPI_routines.c ****    return  SPI_transmit(0xff);
  97              		.loc 1 28 0
  98 0002 FF20     		mov	r0, #255
  99 0004 FFF7FEFF 		bl	SPI_transmit
 100              	.LVL6:
  29:.\sd/SPI_routines.c **** }
 101              		.loc 1 29 0
 102              		@ sp needed
 103 0008 08BD     		pop	{r3, pc}
 104              		.cfi_endproc
 105              	.LFE35:
 106              		.size	SPI_receive, .-SPI_receive
 107              		.text
 108              	.Letext0:
 109              		.file 2 "Generated_Source\\PSoC4/SPI_1_SPI_UART.h"
 110              		.file 3 "Generated_Source\\PSoC4/cytypes.h"
 111              		.file 4 "Generated_Source\\PSoC4/SPI_1.h"
 112              		.section	.debug_info,"",%progbits
 113              	.Ldebug_info0:
 114 0000 62010000 		.4byte	0x162
 115 0004 0400     		.2byte	0x4
 116 0006 00000000 		.4byte	.Ldebug_abbrev0
 117 000a 04       		.byte	0x4
 118 000b 01       		.uleb128 0x1
 119 000c 4B000000 		.4byte	.LASF18
 120 0010 01       		.byte	0x1
 121 0011 02010000 		.4byte	.LASF19
 122 0015 47010000 		.4byte	.LASF20
 123 0019 00000000 		.4byte	.Ldebug_ranges0+0
 124 001d 00000000 		.4byte	0
 125 0021 00000000 		.4byte	.Ldebug_line0
 126 0025 02       		.uleb128 0x2
 127 0026 01       		.byte	0x1
 128 0027 06       		.byte	0x6
 129 0028 C4010000 		.4byte	.LASF0
 130 002c 02       		.uleb128 0x2
 131 002d 01       		.byte	0x1
 132 002e 08       		.byte	0x8
 133 002f 81010000 		.4byte	.LASF1
 134 0033 02       		.uleb128 0x2
 135 0034 02       		.byte	0x2
 136 0035 05       		.byte	0x5
 137 0036 DF010000 		.4byte	.LASF2
 138 003a 02       		.uleb128 0x2
 139 003b 02       		.byte	0x2
 140 003c 07       		.byte	0x7
 141 003d B1010000 		.4byte	.LASF3
ARM GAS  C:\Users\Jarik\AppData\Local\Temp\ccHp260f.s 			page 4


 142 0041 02       		.uleb128 0x2
 143 0042 04       		.byte	0x4
 144 0043 05       		.byte	0x5
 145 0044 94010000 		.4byte	.LASF4
 146 0048 02       		.uleb128 0x2
 147 0049 04       		.byte	0x4
 148 004a 07       		.byte	0x7
 149 004b D9000000 		.4byte	.LASF5
 150 004f 02       		.uleb128 0x2
 151 0050 08       		.byte	0x8
 152 0051 05       		.byte	0x5
 153 0052 00000000 		.4byte	.LASF6
 154 0056 02       		.uleb128 0x2
 155 0057 08       		.byte	0x8
 156 0058 07       		.byte	0x7
 157 0059 EB000000 		.4byte	.LASF7
 158 005d 03       		.uleb128 0x3
 159 005e 04       		.byte	0x4
 160 005f 05       		.byte	0x5
 161 0060 696E7400 		.ascii	"int\000"
 162 0064 02       		.uleb128 0x2
 163 0065 04       		.byte	0x4
 164 0066 07       		.byte	0x7
 165 0067 15000000 		.4byte	.LASF8
 166 006b 04       		.uleb128 0x4
 167 006c 0E000000 		.4byte	.LASF21
 168 0070 03       		.byte	0x3
 169 0071 C4       		.byte	0xc4
 170 0072 48000000 		.4byte	0x48
 171 0076 02       		.uleb128 0x2
 172 0077 04       		.byte	0x4
 173 0078 04       		.byte	0x4
 174 0079 D9010000 		.4byte	.LASF9
 175 007d 02       		.uleb128 0x2
 176 007e 08       		.byte	0x8
 177 007f 04       		.byte	0x4
 178 0080 9D010000 		.4byte	.LASF10
 179 0084 02       		.uleb128 0x2
 180 0085 01       		.byte	0x1
 181 0086 08       		.byte	0x8
 182 0087 7C010000 		.4byte	.LASF11
 183 008b 02       		.uleb128 0x2
 184 008c 04       		.byte	0x4
 185 008d 07       		.byte	0x7
 186 008e E9010000 		.4byte	.LASF12
 187 0092 05       		.uleb128 0x5
 188 0093 D0010000 		.4byte	.LASF22
 189 0097 01       		.byte	0x1
 190 0098 0C       		.byte	0xc
 191 0099 00000000 		.4byte	.LFB33
 192 009d 08000000 		.4byte	.LFE33-.LFB33
 193 00a1 01       		.uleb128 0x1
 194 00a2 9C       		.byte	0x9c
 195 00a3 B1000000 		.4byte	0xb1
 196 00a7 06       		.uleb128 0x6
 197 00a8 06000000 		.4byte	.LVL0
 198 00ac 28010000 		.4byte	0x128
ARM GAS  C:\Users\Jarik\AppData\Local\Temp\ccHp260f.s 			page 5


 199 00b0 00       		.byte	0
 200 00b1 07       		.uleb128 0x7
 201 00b2 A4010000 		.4byte	.LASF13
 202 00b6 01       		.byte	0x1
 203 00b7 12       		.byte	0x12
 204 00b8 2C000000 		.4byte	0x2c
 205 00bc 00000000 		.4byte	.LFB34
 206 00c0 1E000000 		.4byte	.LFE34-.LFB34
 207 00c4 01       		.uleb128 0x1
 208 00c5 9C       		.byte	0x9c
 209 00c6 FE000000 		.4byte	0xfe
 210 00ca 08       		.uleb128 0x8
 211 00cb 8F010000 		.4byte	.LASF23
 212 00cf 01       		.byte	0x1
 213 00d0 12       		.byte	0x12
 214 00d1 2C000000 		.4byte	0x2c
 215 00d5 00000000 		.4byte	.LLST0
 216 00d9 06       		.uleb128 0x6
 217 00da 06000000 		.4byte	.LVL2
 218 00de 2F010000 		.4byte	0x12f
 219 00e2 06       		.uleb128 0x6
 220 00e3 0A000000 		.4byte	.LVL3
 221 00e7 41010000 		.4byte	0x141
 222 00eb 06       		.uleb128 0x6
 223 00ec 12000000 		.4byte	.LVL4
 224 00f0 4D010000 		.4byte	0x14d
 225 00f4 06       		.uleb128 0x6
 226 00f5 1A000000 		.4byte	.LVL5
 227 00f9 59010000 		.4byte	0x159
 228 00fd 00       		.byte	0
 229 00fe 07       		.uleb128 0x7
 230 00ff 0F020000 		.4byte	.LASF14
 231 0103 01       		.byte	0x1
 232 0104 1A       		.byte	0x1a
 233 0105 2C000000 		.4byte	0x2c
 234 0109 00000000 		.4byte	.LFB35
 235 010d 0A000000 		.4byte	.LFE35-.LFB35
 236 0111 01       		.uleb128 0x1
 237 0112 9C       		.byte	0x9c
 238 0113 28010000 		.4byte	0x128
 239 0117 09       		.uleb128 0x9
 240 0118 08000000 		.4byte	.LVL6
 241 011c B1000000 		.4byte	0xb1
 242 0120 0A       		.uleb128 0xa
 243 0121 01       		.uleb128 0x1
 244 0122 50       		.byte	0x50
 245 0123 02       		.uleb128 0x2
 246 0124 09       		.byte	0x9
 247 0125 FF       		.byte	0xff
 248 0126 00       		.byte	0
 249 0127 00       		.byte	0
 250 0128 0B       		.uleb128 0xb
 251 0129 3F000000 		.4byte	.LASF24
 252 012d 04       		.byte	0x4
 253 012e 68       		.byte	0x68
 254 012f 0C       		.uleb128 0xc
 255 0130 2E010000 		.4byte	.LASF25
ARM GAS  C:\Users\Jarik\AppData\Local\Temp\ccHp260f.s 			page 6


 256 0134 02       		.byte	0x2
 257 0135 8C01     		.2byte	0x18c
 258 0137 41010000 		.4byte	0x141
 259 013b 0D       		.uleb128 0xd
 260 013c 6B000000 		.4byte	0x6b
 261 0140 00       		.byte	0
 262 0141 0E       		.uleb128 0xe
 263 0142 22000000 		.4byte	.LASF15
 264 0146 02       		.byte	0x2
 265 0147 8E01     		.2byte	0x18e
 266 0149 6B000000 		.4byte	0x6b
 267 014d 0E       		.uleb128 0xe
 268 014e F2010000 		.4byte	.LASF16
 269 0152 02       		.byte	0x2
 270 0153 8601     		.2byte	0x186
 271 0155 6B000000 		.4byte	0x6b
 272 0159 0E       		.uleb128 0xe
 273 015a 16010000 		.4byte	.LASF17
 274 015e 02       		.byte	0x2
 275 015f 8501     		.2byte	0x185
 276 0161 6B000000 		.4byte	0x6b
 277 0165 00       		.byte	0
 278              		.section	.debug_abbrev,"",%progbits
 279              	.Ldebug_abbrev0:
 280 0000 01       		.uleb128 0x1
 281 0001 11       		.uleb128 0x11
 282 0002 01       		.byte	0x1
 283 0003 25       		.uleb128 0x25
 284 0004 0E       		.uleb128 0xe
 285 0005 13       		.uleb128 0x13
 286 0006 0B       		.uleb128 0xb
 287 0007 03       		.uleb128 0x3
 288 0008 0E       		.uleb128 0xe
 289 0009 1B       		.uleb128 0x1b
 290 000a 0E       		.uleb128 0xe
 291 000b 55       		.uleb128 0x55
 292 000c 17       		.uleb128 0x17
 293 000d 11       		.uleb128 0x11
 294 000e 01       		.uleb128 0x1
 295 000f 10       		.uleb128 0x10
 296 0010 17       		.uleb128 0x17
 297 0011 00       		.byte	0
 298 0012 00       		.byte	0
 299 0013 02       		.uleb128 0x2
 300 0014 24       		.uleb128 0x24
 301 0015 00       		.byte	0
 302 0016 0B       		.uleb128 0xb
 303 0017 0B       		.uleb128 0xb
 304 0018 3E       		.uleb128 0x3e
 305 0019 0B       		.uleb128 0xb
 306 001a 03       		.uleb128 0x3
 307 001b 0E       		.uleb128 0xe
 308 001c 00       		.byte	0
 309 001d 00       		.byte	0
 310 001e 03       		.uleb128 0x3
 311 001f 24       		.uleb128 0x24
 312 0020 00       		.byte	0
ARM GAS  C:\Users\Jarik\AppData\Local\Temp\ccHp260f.s 			page 7


 313 0021 0B       		.uleb128 0xb
 314 0022 0B       		.uleb128 0xb
 315 0023 3E       		.uleb128 0x3e
 316 0024 0B       		.uleb128 0xb
 317 0025 03       		.uleb128 0x3
 318 0026 08       		.uleb128 0x8
 319 0027 00       		.byte	0
 320 0028 00       		.byte	0
 321 0029 04       		.uleb128 0x4
 322 002a 16       		.uleb128 0x16
 323 002b 00       		.byte	0
 324 002c 03       		.uleb128 0x3
 325 002d 0E       		.uleb128 0xe
 326 002e 3A       		.uleb128 0x3a
 327 002f 0B       		.uleb128 0xb
 328 0030 3B       		.uleb128 0x3b
 329 0031 0B       		.uleb128 0xb
 330 0032 49       		.uleb128 0x49
 331 0033 13       		.uleb128 0x13
 332 0034 00       		.byte	0
 333 0035 00       		.byte	0
 334 0036 05       		.uleb128 0x5
 335 0037 2E       		.uleb128 0x2e
 336 0038 01       		.byte	0x1
 337 0039 3F       		.uleb128 0x3f
 338 003a 19       		.uleb128 0x19
 339 003b 03       		.uleb128 0x3
 340 003c 0E       		.uleb128 0xe
 341 003d 3A       		.uleb128 0x3a
 342 003e 0B       		.uleb128 0xb
 343 003f 3B       		.uleb128 0x3b
 344 0040 0B       		.uleb128 0xb
 345 0041 27       		.uleb128 0x27
 346 0042 19       		.uleb128 0x19
 347 0043 11       		.uleb128 0x11
 348 0044 01       		.uleb128 0x1
 349 0045 12       		.uleb128 0x12
 350 0046 06       		.uleb128 0x6
 351 0047 40       		.uleb128 0x40
 352 0048 18       		.uleb128 0x18
 353 0049 9742     		.uleb128 0x2117
 354 004b 19       		.uleb128 0x19
 355 004c 01       		.uleb128 0x1
 356 004d 13       		.uleb128 0x13
 357 004e 00       		.byte	0
 358 004f 00       		.byte	0
 359 0050 06       		.uleb128 0x6
 360 0051 898201   		.uleb128 0x4109
 361 0054 00       		.byte	0
 362 0055 11       		.uleb128 0x11
 363 0056 01       		.uleb128 0x1
 364 0057 31       		.uleb128 0x31
 365 0058 13       		.uleb128 0x13
 366 0059 00       		.byte	0
 367 005a 00       		.byte	0
 368 005b 07       		.uleb128 0x7
 369 005c 2E       		.uleb128 0x2e
ARM GAS  C:\Users\Jarik\AppData\Local\Temp\ccHp260f.s 			page 8


 370 005d 01       		.byte	0x1
 371 005e 3F       		.uleb128 0x3f
 372 005f 19       		.uleb128 0x19
 373 0060 03       		.uleb128 0x3
 374 0061 0E       		.uleb128 0xe
 375 0062 3A       		.uleb128 0x3a
 376 0063 0B       		.uleb128 0xb
 377 0064 3B       		.uleb128 0x3b
 378 0065 0B       		.uleb128 0xb
 379 0066 27       		.uleb128 0x27
 380 0067 19       		.uleb128 0x19
 381 0068 49       		.uleb128 0x49
 382 0069 13       		.uleb128 0x13
 383 006a 11       		.uleb128 0x11
 384 006b 01       		.uleb128 0x1
 385 006c 12       		.uleb128 0x12
 386 006d 06       		.uleb128 0x6
 387 006e 40       		.uleb128 0x40
 388 006f 18       		.uleb128 0x18
 389 0070 9742     		.uleb128 0x2117
 390 0072 19       		.uleb128 0x19
 391 0073 01       		.uleb128 0x1
 392 0074 13       		.uleb128 0x13
 393 0075 00       		.byte	0
 394 0076 00       		.byte	0
 395 0077 08       		.uleb128 0x8
 396 0078 05       		.uleb128 0x5
 397 0079 00       		.byte	0
 398 007a 03       		.uleb128 0x3
 399 007b 0E       		.uleb128 0xe
 400 007c 3A       		.uleb128 0x3a
 401 007d 0B       		.uleb128 0xb
 402 007e 3B       		.uleb128 0x3b
 403 007f 0B       		.uleb128 0xb
 404 0080 49       		.uleb128 0x49
 405 0081 13       		.uleb128 0x13
 406 0082 02       		.uleb128 0x2
 407 0083 17       		.uleb128 0x17
 408 0084 00       		.byte	0
 409 0085 00       		.byte	0
 410 0086 09       		.uleb128 0x9
 411 0087 898201   		.uleb128 0x4109
 412 008a 01       		.byte	0x1
 413 008b 11       		.uleb128 0x11
 414 008c 01       		.uleb128 0x1
 415 008d 31       		.uleb128 0x31
 416 008e 13       		.uleb128 0x13
 417 008f 00       		.byte	0
 418 0090 00       		.byte	0
 419 0091 0A       		.uleb128 0xa
 420 0092 8A8201   		.uleb128 0x410a
 421 0095 00       		.byte	0
 422 0096 02       		.uleb128 0x2
 423 0097 18       		.uleb128 0x18
 424 0098 9142     		.uleb128 0x2111
 425 009a 18       		.uleb128 0x18
 426 009b 00       		.byte	0
ARM GAS  C:\Users\Jarik\AppData\Local\Temp\ccHp260f.s 			page 9


 427 009c 00       		.byte	0
 428 009d 0B       		.uleb128 0xb
 429 009e 2E       		.uleb128 0x2e
 430 009f 00       		.byte	0
 431 00a0 3F       		.uleb128 0x3f
 432 00a1 19       		.uleb128 0x19
 433 00a2 03       		.uleb128 0x3
 434 00a3 0E       		.uleb128 0xe
 435 00a4 3A       		.uleb128 0x3a
 436 00a5 0B       		.uleb128 0xb
 437 00a6 3B       		.uleb128 0x3b
 438 00a7 0B       		.uleb128 0xb
 439 00a8 27       		.uleb128 0x27
 440 00a9 19       		.uleb128 0x19
 441 00aa 3C       		.uleb128 0x3c
 442 00ab 19       		.uleb128 0x19
 443 00ac 00       		.byte	0
 444 00ad 00       		.byte	0
 445 00ae 0C       		.uleb128 0xc
 446 00af 2E       		.uleb128 0x2e
 447 00b0 01       		.byte	0x1
 448 00b1 3F       		.uleb128 0x3f
 449 00b2 19       		.uleb128 0x19
 450 00b3 03       		.uleb128 0x3
 451 00b4 0E       		.uleb128 0xe
 452 00b5 3A       		.uleb128 0x3a
 453 00b6 0B       		.uleb128 0xb
 454 00b7 3B       		.uleb128 0x3b
 455 00b8 05       		.uleb128 0x5
 456 00b9 27       		.uleb128 0x27
 457 00ba 19       		.uleb128 0x19
 458 00bb 3C       		.uleb128 0x3c
 459 00bc 19       		.uleb128 0x19
 460 00bd 01       		.uleb128 0x1
 461 00be 13       		.uleb128 0x13
 462 00bf 00       		.byte	0
 463 00c0 00       		.byte	0
 464 00c1 0D       		.uleb128 0xd
 465 00c2 05       		.uleb128 0x5
 466 00c3 00       		.byte	0
 467 00c4 49       		.uleb128 0x49
 468 00c5 13       		.uleb128 0x13
 469 00c6 00       		.byte	0
 470 00c7 00       		.byte	0
 471 00c8 0E       		.uleb128 0xe
 472 00c9 2E       		.uleb128 0x2e
 473 00ca 00       		.byte	0
 474 00cb 3F       		.uleb128 0x3f
 475 00cc 19       		.uleb128 0x19
 476 00cd 03       		.uleb128 0x3
 477 00ce 0E       		.uleb128 0xe
 478 00cf 3A       		.uleb128 0x3a
 479 00d0 0B       		.uleb128 0xb
 480 00d1 3B       		.uleb128 0x3b
 481 00d2 05       		.uleb128 0x5
 482 00d3 27       		.uleb128 0x27
 483 00d4 19       		.uleb128 0x19
ARM GAS  C:\Users\Jarik\AppData\Local\Temp\ccHp260f.s 			page 10


 484 00d5 49       		.uleb128 0x49
 485 00d6 13       		.uleb128 0x13
 486 00d7 3C       		.uleb128 0x3c
 487 00d8 19       		.uleb128 0x19
 488 00d9 00       		.byte	0
 489 00da 00       		.byte	0
 490 00db 00       		.byte	0
 491              		.section	.debug_loc,"",%progbits
 492              	.Ldebug_loc0:
 493              	.LLST0:
 494 0000 00000000 		.4byte	.LVL1
 495 0004 05000000 		.4byte	.LVL2-1
 496 0008 0100     		.2byte	0x1
 497 000a 50       		.byte	0x50
 498 000b 05000000 		.4byte	.LVL2-1
 499 000f 1E000000 		.4byte	.LFE34
 500 0013 0400     		.2byte	0x4
 501 0015 F3       		.byte	0xf3
 502 0016 01       		.uleb128 0x1
 503 0017 50       		.byte	0x50
 504 0018 9F       		.byte	0x9f
 505 0019 00000000 		.4byte	0
 506 001d 00000000 		.4byte	0
 507              		.section	.debug_aranges,"",%progbits
 508 0000 2C000000 		.4byte	0x2c
 509 0004 0200     		.2byte	0x2
 510 0006 00000000 		.4byte	.Ldebug_info0
 511 000a 04       		.byte	0x4
 512 000b 00       		.byte	0
 513 000c 0000     		.2byte	0
 514 000e 0000     		.2byte	0
 515 0010 00000000 		.4byte	.LFB33
 516 0014 08000000 		.4byte	.LFE33-.LFB33
 517 0018 00000000 		.4byte	.LFB34
 518 001c 1E000000 		.4byte	.LFE34-.LFB34
 519 0020 00000000 		.4byte	.LFB35
 520 0024 0A000000 		.4byte	.LFE35-.LFB35
 521 0028 00000000 		.4byte	0
 522 002c 00000000 		.4byte	0
 523              		.section	.debug_ranges,"",%progbits
 524              	.Ldebug_ranges0:
 525 0000 00000000 		.4byte	.LFB33
 526 0004 08000000 		.4byte	.LFE33
 527 0008 00000000 		.4byte	.LFB34
 528 000c 1E000000 		.4byte	.LFE34
 529 0010 00000000 		.4byte	.LFB35
 530 0014 0A000000 		.4byte	.LFE35
 531 0018 00000000 		.4byte	0
 532 001c 00000000 		.4byte	0
 533              		.section	.debug_line,"",%progbits
 534              	.Ldebug_line0:
 535 0000 B3000000 		.section	.debug_str,"MS",%progbits,1
 535      02006D00 
 535      00000201 
 535      FB0E0D00 
 535      01010101 
 536              	.LASF6:
ARM GAS  C:\Users\Jarik\AppData\Local\Temp\ccHp260f.s 			page 11


 537 0000 6C6F6E67 		.ascii	"long long int\000"
 537      206C6F6E 
 537      6720696E 
 537      7400
 538              	.LASF21:
 539 000e 75696E74 		.ascii	"uint32\000"
 539      333200
 540              	.LASF8:
 541 0015 756E7369 		.ascii	"unsigned int\000"
 541      676E6564 
 541      20696E74 
 541      00
 542              	.LASF15:
 543 0022 5350495F 		.ascii	"SPI_1_SpiUartGetTxBufferSize\000"
 543      315F5370 
 543      69556172 
 543      74476574 
 543      54784275 
 544              	.LASF24:
 545 003f 5350495F 		.ascii	"SPI_1_Start\000"
 545      315F5374 
 545      61727400 
 546              	.LASF18:
 547 004b 474E5520 		.ascii	"GNU C 4.9.3 20150303 (release) [ARM/embedded-4_9-br"
 547      4320342E 
 547      392E3320 
 547      32303135 
 547      30333033 
 548 007e 616E6368 		.ascii	"anch revision 221220] -mcpu=cortex-m0 -mthumb -g -O"
 548      20726576 
 548      6973696F 
 548      6E203232 
 548      31323230 
 549 00b1 73202D66 		.ascii	"s -ffunction-sections -ffat-lto-objects\000"
 549      66756E63 
 549      74696F6E 
 549      2D736563 
 549      74696F6E 
 550              	.LASF5:
 551 00d9 6C6F6E67 		.ascii	"long unsigned int\000"
 551      20756E73 
 551      69676E65 
 551      6420696E 
 551      7400
 552              	.LASF7:
 553 00eb 6C6F6E67 		.ascii	"long long unsigned int\000"
 553      206C6F6E 
 553      6720756E 
 553      7369676E 
 553      65642069 
 554              	.LASF19:
 555 0102 2E5C7364 		.ascii	".\\sd\\SPI_routines.c\000"
 555      5C535049 
 555      5F726F75 
 555      74696E65 
 555      732E6300 
 556              	.LASF17:
ARM GAS  C:\Users\Jarik\AppData\Local\Temp\ccHp260f.s 			page 12


 557 0116 5350495F 		.ascii	"SPI_1_SpiUartReadRxData\000"
 557      315F5370 
 557      69556172 
 557      74526561 
 557      64527844 
 558              	.LASF25:
 559 012e 5350495F 		.ascii	"SPI_1_SpiUartWriteTxData\000"
 559      315F5370 
 559      69556172 
 559      74577269 
 559      74655478 
 560              	.LASF20:
 561 0147 453A5C68 		.ascii	"E:\\home\\jarik\\src\\psoc\\mpi_rom_emu\\mpi_rom_em"
 561      6F6D655C 
 561      6A617269 
 561      6B5C7372 
 561      635C7073 
 562 0174 752E6379 		.ascii	"u.cydsn\000"
 562      64736E00 
 563              	.LASF11:
 564 017c 63686172 		.ascii	"char\000"
 564      00
 565              	.LASF1:
 566 0181 756E7369 		.ascii	"unsigned char\000"
 566      676E6564 
 566      20636861 
 566      7200
 567              	.LASF23:
 568 018f 64617461 		.ascii	"data\000"
 568      00
 569              	.LASF4:
 570 0194 6C6F6E67 		.ascii	"long int\000"
 570      20696E74 
 570      00
 571              	.LASF10:
 572 019d 646F7562 		.ascii	"double\000"
 572      6C6500
 573              	.LASF13:
 574 01a4 5350495F 		.ascii	"SPI_transmit\000"
 574      7472616E 
 574      736D6974 
 574      00
 575              	.LASF3:
 576 01b1 73686F72 		.ascii	"short unsigned int\000"
 576      7420756E 
 576      7369676E 
 576      65642069 
 576      6E7400
 577              	.LASF0:
 578 01c4 7369676E 		.ascii	"signed char\000"
 578      65642063 
 578      68617200 
 579              	.LASF22:
 580 01d0 7370695F 		.ascii	"spi_init\000"
 580      696E6974 
 580      00
 581              	.LASF9:
ARM GAS  C:\Users\Jarik\AppData\Local\Temp\ccHp260f.s 			page 13


 582 01d9 666C6F61 		.ascii	"float\000"
 582      7400
 583              	.LASF2:
 584 01df 73686F72 		.ascii	"short int\000"
 584      7420696E 
 584      7400
 585              	.LASF12:
 586 01e9 73697A65 		.ascii	"sizetype\000"
 586      74797065 
 586      00
 587              	.LASF16:
 588 01f2 5350495F 		.ascii	"SPI_1_SpiUartGetRxBufferSize\000"
 588      315F5370 
 588      69556172 
 588      74476574 
 588      52784275 
 589              	.LASF14:
 590 020f 5350495F 		.ascii	"SPI_receive\000"
 590      72656365 
 590      69766500 
 591              		.ident	"GCC: (GNU Tools for ARM Embedded Processors) 4.9.3 20150303 (release) [ARM/embedded-4_9-br
