ARM GAS  C:\Users\Jarik\AppData\Local\Temp\ccwF8Rll.s 			page 1


   1              		.cpu cortex-m0
   2              		.fpu softvfp
   3              		.eabi_attribute 20, 1
   4              		.eabi_attribute 21, 1
   5              		.eabi_attribute 23, 3
   6              		.eabi_attribute 24, 1
   7              		.eabi_attribute 25, 1
   8              		.eabi_attribute 26, 1
   9              		.eabi_attribute 30, 4
  10              		.eabi_attribute 34, 0
  11              		.eabi_attribute 18, 4
  12              		.code	16
  13              		.file	"SPI_1_SPI_UART.c"
  14              		.text
  15              	.Ltext0:
  16              		.cfi_sections	.debug_frame
  17              		.section	.text.SPI_1_SpiUartReadRxData,"ax",%progbits
  18              		.align	1
  19              		.global	SPI_1_SpiUartReadRxData
  20              		.code	16
  21              		.thumb_func
  22              		.type	SPI_1_SpiUartReadRxData, %function
  23              	SPI_1_SpiUartReadRxData:
  24              	.LFB0:
  25              		.file 1 ".\\Generated_Source\\PSoC4\\SPI_1_SPI_UART.c"
   1:.\Generated_Source\PSoC4/SPI_1_SPI_UART.c **** /*******************************************************************************
   2:.\Generated_Source\PSoC4/SPI_1_SPI_UART.c **** * File Name: SPI_1_SPI_UART.c
   3:.\Generated_Source\PSoC4/SPI_1_SPI_UART.c **** * Version 3.10
   4:.\Generated_Source\PSoC4/SPI_1_SPI_UART.c **** *
   5:.\Generated_Source\PSoC4/SPI_1_SPI_UART.c **** * Description:
   6:.\Generated_Source\PSoC4/SPI_1_SPI_UART.c **** *  This file provides the source code to the API for the SCB Component in
   7:.\Generated_Source\PSoC4/SPI_1_SPI_UART.c **** *  SPI and UART modes.
   8:.\Generated_Source\PSoC4/SPI_1_SPI_UART.c **** *
   9:.\Generated_Source\PSoC4/SPI_1_SPI_UART.c **** * Note:
  10:.\Generated_Source\PSoC4/SPI_1_SPI_UART.c **** *
  11:.\Generated_Source\PSoC4/SPI_1_SPI_UART.c **** *******************************************************************************
  12:.\Generated_Source\PSoC4/SPI_1_SPI_UART.c **** * Copyright 2013-2015, Cypress Semiconductor Corporation.  All rights reserved.
  13:.\Generated_Source\PSoC4/SPI_1_SPI_UART.c **** * You may use this file only in accordance with the license, terms, conditions,
  14:.\Generated_Source\PSoC4/SPI_1_SPI_UART.c **** * disclaimers, and limitations in the end user license agreement accompanying
  15:.\Generated_Source\PSoC4/SPI_1_SPI_UART.c **** * the software package with which this file was provided.
  16:.\Generated_Source\PSoC4/SPI_1_SPI_UART.c **** *******************************************************************************/
  17:.\Generated_Source\PSoC4/SPI_1_SPI_UART.c **** 
  18:.\Generated_Source\PSoC4/SPI_1_SPI_UART.c **** #include "SPI_1_PVT.h"
  19:.\Generated_Source\PSoC4/SPI_1_SPI_UART.c **** #include "SPI_1_SPI_UART_PVT.h"
  20:.\Generated_Source\PSoC4/SPI_1_SPI_UART.c **** 
  21:.\Generated_Source\PSoC4/SPI_1_SPI_UART.c **** /***************************************
  22:.\Generated_Source\PSoC4/SPI_1_SPI_UART.c **** *        SPI/UART Private Vars
  23:.\Generated_Source\PSoC4/SPI_1_SPI_UART.c **** ***************************************/
  24:.\Generated_Source\PSoC4/SPI_1_SPI_UART.c **** 
  25:.\Generated_Source\PSoC4/SPI_1_SPI_UART.c **** #if(SPI_1_INTERNAL_RX_SW_BUFFER_CONST)
  26:.\Generated_Source\PSoC4/SPI_1_SPI_UART.c ****     volatile uint32 SPI_1_rxBufferHead;
  27:.\Generated_Source\PSoC4/SPI_1_SPI_UART.c ****     volatile uint32 SPI_1_rxBufferTail;
  28:.\Generated_Source\PSoC4/SPI_1_SPI_UART.c ****     volatile uint8  SPI_1_rxBufferOverflow;
  29:.\Generated_Source\PSoC4/SPI_1_SPI_UART.c **** #endif /* (SPI_1_INTERNAL_RX_SW_BUFFER_CONST) */
  30:.\Generated_Source\PSoC4/SPI_1_SPI_UART.c **** 
  31:.\Generated_Source\PSoC4/SPI_1_SPI_UART.c **** #if(SPI_1_INTERNAL_TX_SW_BUFFER_CONST)
  32:.\Generated_Source\PSoC4/SPI_1_SPI_UART.c ****     volatile uint32 SPI_1_txBufferHead;
ARM GAS  C:\Users\Jarik\AppData\Local\Temp\ccwF8Rll.s 			page 2


  33:.\Generated_Source\PSoC4/SPI_1_SPI_UART.c ****     volatile uint32 SPI_1_txBufferTail;
  34:.\Generated_Source\PSoC4/SPI_1_SPI_UART.c **** #endif /* (SPI_1_INTERNAL_TX_SW_BUFFER_CONST) */
  35:.\Generated_Source\PSoC4/SPI_1_SPI_UART.c **** 
  36:.\Generated_Source\PSoC4/SPI_1_SPI_UART.c **** #if(SPI_1_INTERNAL_RX_SW_BUFFER)
  37:.\Generated_Source\PSoC4/SPI_1_SPI_UART.c ****     /* Add one element to the buffer to receive full packet. One byte in receive buffer is always e
  38:.\Generated_Source\PSoC4/SPI_1_SPI_UART.c ****     volatile uint8 SPI_1_rxBufferInternal[SPI_1_INTERNAL_RX_BUFFER_SIZE];
  39:.\Generated_Source\PSoC4/SPI_1_SPI_UART.c **** #endif /* (SPI_1_INTERNAL_RX_SW_BUFFER) */
  40:.\Generated_Source\PSoC4/SPI_1_SPI_UART.c **** 
  41:.\Generated_Source\PSoC4/SPI_1_SPI_UART.c **** #if(SPI_1_INTERNAL_TX_SW_BUFFER)
  42:.\Generated_Source\PSoC4/SPI_1_SPI_UART.c ****     volatile uint8 SPI_1_txBufferInternal[SPI_1_TX_BUFFER_SIZE];
  43:.\Generated_Source\PSoC4/SPI_1_SPI_UART.c **** #endif /* (SPI_1_INTERNAL_TX_SW_BUFFER) */
  44:.\Generated_Source\PSoC4/SPI_1_SPI_UART.c **** 
  45:.\Generated_Source\PSoC4/SPI_1_SPI_UART.c **** 
  46:.\Generated_Source\PSoC4/SPI_1_SPI_UART.c **** #if(SPI_1_RX_DIRECTION)
  47:.\Generated_Source\PSoC4/SPI_1_SPI_UART.c ****     /*******************************************************************************
  48:.\Generated_Source\PSoC4/SPI_1_SPI_UART.c ****     * Function Name: SPI_1_SpiUartReadRxData
  49:.\Generated_Source\PSoC4/SPI_1_SPI_UART.c ****     ********************************************************************************
  50:.\Generated_Source\PSoC4/SPI_1_SPI_UART.c ****     *
  51:.\Generated_Source\PSoC4/SPI_1_SPI_UART.c ****     * Summary:
  52:.\Generated_Source\PSoC4/SPI_1_SPI_UART.c ****     *  Retrieves the next data element from the receive buffer.
  53:.\Generated_Source\PSoC4/SPI_1_SPI_UART.c ****     *   - RX software buffer is disabled: Returns data element retrieved from
  54:.\Generated_Source\PSoC4/SPI_1_SPI_UART.c ****     *     RX FIFO. Undefined data will be returned if the RX FIFO is empty.
  55:.\Generated_Source\PSoC4/SPI_1_SPI_UART.c ****     *   - RX software buffer is enabled: Returns data element from the software
  56:.\Generated_Source\PSoC4/SPI_1_SPI_UART.c ****     *     receive buffer. Zero value is returned if the software receive buffer
  57:.\Generated_Source\PSoC4/SPI_1_SPI_UART.c ****     *     is empty.
  58:.\Generated_Source\PSoC4/SPI_1_SPI_UART.c ****     *
  59:.\Generated_Source\PSoC4/SPI_1_SPI_UART.c ****     * Parameters:
  60:.\Generated_Source\PSoC4/SPI_1_SPI_UART.c ****     *  None
  61:.\Generated_Source\PSoC4/SPI_1_SPI_UART.c ****     *
  62:.\Generated_Source\PSoC4/SPI_1_SPI_UART.c ****     * Return:
  63:.\Generated_Source\PSoC4/SPI_1_SPI_UART.c ****     *  Next data element from the receive buffer.
  64:.\Generated_Source\PSoC4/SPI_1_SPI_UART.c ****     *
  65:.\Generated_Source\PSoC4/SPI_1_SPI_UART.c ****     * Global Variables:
  66:.\Generated_Source\PSoC4/SPI_1_SPI_UART.c ****     *  Look into SPI_1_SpiInit for description.
  67:.\Generated_Source\PSoC4/SPI_1_SPI_UART.c ****     *
  68:.\Generated_Source\PSoC4/SPI_1_SPI_UART.c ****     *******************************************************************************/
  69:.\Generated_Source\PSoC4/SPI_1_SPI_UART.c ****     uint32 SPI_1_SpiUartReadRxData(void)
  70:.\Generated_Source\PSoC4/SPI_1_SPI_UART.c ****     {
  26              		.loc 1 70 0
  27              		.cfi_startproc
  28              	.LVL0:
  71:.\Generated_Source\PSoC4/SPI_1_SPI_UART.c ****         uint32 rxData = 0u;
  72:.\Generated_Source\PSoC4/SPI_1_SPI_UART.c **** 
  73:.\Generated_Source\PSoC4/SPI_1_SPI_UART.c ****     #if (SPI_1_INTERNAL_RX_SW_BUFFER_CONST)
  74:.\Generated_Source\PSoC4/SPI_1_SPI_UART.c ****         uint32 locTail;
  75:.\Generated_Source\PSoC4/SPI_1_SPI_UART.c ****     #endif /* (SPI_1_INTERNAL_RX_SW_BUFFER_CONST) */
  76:.\Generated_Source\PSoC4/SPI_1_SPI_UART.c **** 
  77:.\Generated_Source\PSoC4/SPI_1_SPI_UART.c ****         #if (SPI_1_CHECK_RX_SW_BUFFER)
  78:.\Generated_Source\PSoC4/SPI_1_SPI_UART.c ****         {
  79:.\Generated_Source\PSoC4/SPI_1_SPI_UART.c ****             if (SPI_1_rxBufferHead != SPI_1_rxBufferTail)
  80:.\Generated_Source\PSoC4/SPI_1_SPI_UART.c ****             {
  81:.\Generated_Source\PSoC4/SPI_1_SPI_UART.c ****                 /* There is data in RX software buffer */
  82:.\Generated_Source\PSoC4/SPI_1_SPI_UART.c **** 
  83:.\Generated_Source\PSoC4/SPI_1_SPI_UART.c ****                 /* Calculate index to read from */
  84:.\Generated_Source\PSoC4/SPI_1_SPI_UART.c ****                 locTail = (SPI_1_rxBufferTail + 1u);
  85:.\Generated_Source\PSoC4/SPI_1_SPI_UART.c **** 
  86:.\Generated_Source\PSoC4/SPI_1_SPI_UART.c ****                 if (SPI_1_INTERNAL_RX_BUFFER_SIZE == locTail)
ARM GAS  C:\Users\Jarik\AppData\Local\Temp\ccwF8Rll.s 			page 3


  87:.\Generated_Source\PSoC4/SPI_1_SPI_UART.c ****                 {
  88:.\Generated_Source\PSoC4/SPI_1_SPI_UART.c ****                     locTail = 0u;
  89:.\Generated_Source\PSoC4/SPI_1_SPI_UART.c ****                 }
  90:.\Generated_Source\PSoC4/SPI_1_SPI_UART.c **** 
  91:.\Generated_Source\PSoC4/SPI_1_SPI_UART.c ****                 /* Get data from RX software buffer */
  92:.\Generated_Source\PSoC4/SPI_1_SPI_UART.c ****                 rxData = SPI_1_GetWordFromRxBuffer(locTail);
  93:.\Generated_Source\PSoC4/SPI_1_SPI_UART.c **** 
  94:.\Generated_Source\PSoC4/SPI_1_SPI_UART.c ****                 /* Change index in the buffer */
  95:.\Generated_Source\PSoC4/SPI_1_SPI_UART.c ****                 SPI_1_rxBufferTail = locTail;
  96:.\Generated_Source\PSoC4/SPI_1_SPI_UART.c **** 
  97:.\Generated_Source\PSoC4/SPI_1_SPI_UART.c ****                 #if (SPI_1_CHECK_UART_RTS_CONTROL_FLOW)
  98:.\Generated_Source\PSoC4/SPI_1_SPI_UART.c ****                 {
  99:.\Generated_Source\PSoC4/SPI_1_SPI_UART.c ****                     /* Check if RX Not Empty is disabled in the interrupt */
 100:.\Generated_Source\PSoC4/SPI_1_SPI_UART.c ****                     if (0u == (SPI_1_INTR_RX_MASK_REG & SPI_1_INTR_RX_NOT_EMPTY))
 101:.\Generated_Source\PSoC4/SPI_1_SPI_UART.c ****                     {
 102:.\Generated_Source\PSoC4/SPI_1_SPI_UART.c ****                         /* Enable RX Not Empty interrupt source to continue
 103:.\Generated_Source\PSoC4/SPI_1_SPI_UART.c ****                         * receiving data into software buffer.
 104:.\Generated_Source\PSoC4/SPI_1_SPI_UART.c ****                         */
 105:.\Generated_Source\PSoC4/SPI_1_SPI_UART.c ****                         SPI_1_INTR_RX_MASK_REG |= SPI_1_INTR_RX_NOT_EMPTY;
 106:.\Generated_Source\PSoC4/SPI_1_SPI_UART.c ****                     }
 107:.\Generated_Source\PSoC4/SPI_1_SPI_UART.c ****                 }
 108:.\Generated_Source\PSoC4/SPI_1_SPI_UART.c ****                 #endif
 109:.\Generated_Source\PSoC4/SPI_1_SPI_UART.c **** 
 110:.\Generated_Source\PSoC4/SPI_1_SPI_UART.c ****             }
 111:.\Generated_Source\PSoC4/SPI_1_SPI_UART.c ****         }
 112:.\Generated_Source\PSoC4/SPI_1_SPI_UART.c ****         #else
 113:.\Generated_Source\PSoC4/SPI_1_SPI_UART.c ****         {
 114:.\Generated_Source\PSoC4/SPI_1_SPI_UART.c ****             /* Read data from RX FIFO */
 115:.\Generated_Source\PSoC4/SPI_1_SPI_UART.c ****             rxData = SPI_1_RX_FIFO_RD_REG;
  29              		.loc 1 115 0
  30 0000 014B     		ldr	r3, .L2
 116:.\Generated_Source\PSoC4/SPI_1_SPI_UART.c ****         }
 117:.\Generated_Source\PSoC4/SPI_1_SPI_UART.c ****         #endif
 118:.\Generated_Source\PSoC4/SPI_1_SPI_UART.c **** 
 119:.\Generated_Source\PSoC4/SPI_1_SPI_UART.c ****         return (rxData);
 120:.\Generated_Source\PSoC4/SPI_1_SPI_UART.c ****     }
  31              		.loc 1 120 0
  32              		@ sp needed
 115:.\Generated_Source\PSoC4/SPI_1_SPI_UART.c ****         }
  33              		.loc 1 115 0
  34 0002 1868     		ldr	r0, [r3]
  35              	.LVL1:
  36              		.loc 1 120 0
  37 0004 7047     		bx	lr
  38              	.L3:
  39 0006 C046     		.align	2
  40              	.L2:
  41 0008 40030640 		.word	1074135872
  42              		.cfi_endproc
  43              	.LFE0:
  44              		.size	SPI_1_SpiUartReadRxData, .-SPI_1_SpiUartReadRxData
  45              		.section	.text.SPI_1_SpiUartGetRxBufferSize,"ax",%progbits
  46              		.align	1
  47              		.global	SPI_1_SpiUartGetRxBufferSize
  48              		.code	16
  49              		.thumb_func
  50              		.type	SPI_1_SpiUartGetRxBufferSize, %function
ARM GAS  C:\Users\Jarik\AppData\Local\Temp\ccwF8Rll.s 			page 4


  51              	SPI_1_SpiUartGetRxBufferSize:
  52              	.LFB1:
 121:.\Generated_Source\PSoC4/SPI_1_SPI_UART.c **** 
 122:.\Generated_Source\PSoC4/SPI_1_SPI_UART.c **** 
 123:.\Generated_Source\PSoC4/SPI_1_SPI_UART.c ****     /*******************************************************************************
 124:.\Generated_Source\PSoC4/SPI_1_SPI_UART.c ****     * Function Name: SPI_1_SpiUartGetRxBufferSize
 125:.\Generated_Source\PSoC4/SPI_1_SPI_UART.c ****     ********************************************************************************
 126:.\Generated_Source\PSoC4/SPI_1_SPI_UART.c ****     *
 127:.\Generated_Source\PSoC4/SPI_1_SPI_UART.c ****     * Summary:
 128:.\Generated_Source\PSoC4/SPI_1_SPI_UART.c ****     *  Returns the number of received data elements in the receive buffer.
 129:.\Generated_Source\PSoC4/SPI_1_SPI_UART.c ****     *   - RX software buffer disabled: returns the number of used entries in
 130:.\Generated_Source\PSoC4/SPI_1_SPI_UART.c ****     *     RX FIFO.
 131:.\Generated_Source\PSoC4/SPI_1_SPI_UART.c ****     *   - RX software buffer enabled: returns the number of elements which were
 132:.\Generated_Source\PSoC4/SPI_1_SPI_UART.c ****     *     placed in the receive buffer. This does not include the hardware RX FIFO.
 133:.\Generated_Source\PSoC4/SPI_1_SPI_UART.c ****     *
 134:.\Generated_Source\PSoC4/SPI_1_SPI_UART.c ****     * Parameters:
 135:.\Generated_Source\PSoC4/SPI_1_SPI_UART.c ****     *  None
 136:.\Generated_Source\PSoC4/SPI_1_SPI_UART.c ****     *
 137:.\Generated_Source\PSoC4/SPI_1_SPI_UART.c ****     * Return:
 138:.\Generated_Source\PSoC4/SPI_1_SPI_UART.c ****     *  Number of received data elements
 139:.\Generated_Source\PSoC4/SPI_1_SPI_UART.c ****     *
 140:.\Generated_Source\PSoC4/SPI_1_SPI_UART.c ****     *******************************************************************************/
 141:.\Generated_Source\PSoC4/SPI_1_SPI_UART.c ****     uint32 SPI_1_SpiUartGetRxBufferSize(void)
 142:.\Generated_Source\PSoC4/SPI_1_SPI_UART.c ****     {
  53              		.loc 1 142 0
  54              		.cfi_startproc
 143:.\Generated_Source\PSoC4/SPI_1_SPI_UART.c ****         uint32 size;
 144:.\Generated_Source\PSoC4/SPI_1_SPI_UART.c ****     #if (SPI_1_INTERNAL_RX_SW_BUFFER_CONST)
 145:.\Generated_Source\PSoC4/SPI_1_SPI_UART.c ****         uint32 locHead;
 146:.\Generated_Source\PSoC4/SPI_1_SPI_UART.c ****     #endif /* (SPI_1_INTERNAL_RX_SW_BUFFER_CONST) */
 147:.\Generated_Source\PSoC4/SPI_1_SPI_UART.c **** 
 148:.\Generated_Source\PSoC4/SPI_1_SPI_UART.c ****         #if (SPI_1_CHECK_RX_SW_BUFFER)
 149:.\Generated_Source\PSoC4/SPI_1_SPI_UART.c ****         {
 150:.\Generated_Source\PSoC4/SPI_1_SPI_UART.c ****             locHead = SPI_1_rxBufferHead;
 151:.\Generated_Source\PSoC4/SPI_1_SPI_UART.c **** 
 152:.\Generated_Source\PSoC4/SPI_1_SPI_UART.c ****             if(locHead >= SPI_1_rxBufferTail)
 153:.\Generated_Source\PSoC4/SPI_1_SPI_UART.c ****             {
 154:.\Generated_Source\PSoC4/SPI_1_SPI_UART.c ****                 size = (locHead - SPI_1_rxBufferTail);
 155:.\Generated_Source\PSoC4/SPI_1_SPI_UART.c ****             }
 156:.\Generated_Source\PSoC4/SPI_1_SPI_UART.c ****             else
 157:.\Generated_Source\PSoC4/SPI_1_SPI_UART.c ****             {
 158:.\Generated_Source\PSoC4/SPI_1_SPI_UART.c ****                 size = (locHead + (SPI_1_INTERNAL_RX_BUFFER_SIZE - SPI_1_rxBufferTail));
 159:.\Generated_Source\PSoC4/SPI_1_SPI_UART.c ****             }
 160:.\Generated_Source\PSoC4/SPI_1_SPI_UART.c ****         }
 161:.\Generated_Source\PSoC4/SPI_1_SPI_UART.c ****         #else
 162:.\Generated_Source\PSoC4/SPI_1_SPI_UART.c ****         {
 163:.\Generated_Source\PSoC4/SPI_1_SPI_UART.c ****             size = SPI_1_GET_RX_FIFO_ENTRIES;
  55              		.loc 1 163 0
  56 0000 024B     		ldr	r3, .L5
 164:.\Generated_Source\PSoC4/SPI_1_SPI_UART.c ****         }
 165:.\Generated_Source\PSoC4/SPI_1_SPI_UART.c ****         #endif
 166:.\Generated_Source\PSoC4/SPI_1_SPI_UART.c **** 
 167:.\Generated_Source\PSoC4/SPI_1_SPI_UART.c ****         return (size);
 168:.\Generated_Source\PSoC4/SPI_1_SPI_UART.c ****     }
  57              		.loc 1 168 0
  58              		@ sp needed
 163:.\Generated_Source\PSoC4/SPI_1_SPI_UART.c ****         }
ARM GAS  C:\Users\Jarik\AppData\Local\Temp\ccwF8Rll.s 			page 5


  59              		.loc 1 163 0
  60 0002 1868     		ldr	r0, [r3]
  61              	.LVL2:
  62 0004 0F23     		mov	r3, #15
  63 0006 1840     		and	r0, r3
  64              	.LVL3:
  65              		.loc 1 168 0
  66 0008 7047     		bx	lr
  67              	.L6:
  68 000a C046     		.align	2
  69              	.L5:
  70 000c 08030640 		.word	1074135816
  71              		.cfi_endproc
  72              	.LFE1:
  73              		.size	SPI_1_SpiUartGetRxBufferSize, .-SPI_1_SpiUartGetRxBufferSize
  74              		.section	.text.SPI_1_SpiUartClearRxBuffer,"ax",%progbits
  75              		.align	1
  76              		.global	SPI_1_SpiUartClearRxBuffer
  77              		.code	16
  78              		.thumb_func
  79              		.type	SPI_1_SpiUartClearRxBuffer, %function
  80              	SPI_1_SpiUartClearRxBuffer:
  81              	.LFB2:
 169:.\Generated_Source\PSoC4/SPI_1_SPI_UART.c **** 
 170:.\Generated_Source\PSoC4/SPI_1_SPI_UART.c **** 
 171:.\Generated_Source\PSoC4/SPI_1_SPI_UART.c ****     /*******************************************************************************
 172:.\Generated_Source\PSoC4/SPI_1_SPI_UART.c ****     * Function Name: SPI_1_SpiUartClearRxBuffer
 173:.\Generated_Source\PSoC4/SPI_1_SPI_UART.c ****     ********************************************************************************
 174:.\Generated_Source\PSoC4/SPI_1_SPI_UART.c ****     *
 175:.\Generated_Source\PSoC4/SPI_1_SPI_UART.c ****     * Summary:
 176:.\Generated_Source\PSoC4/SPI_1_SPI_UART.c ****     *  Clears the receive buffer and RX FIFO.
 177:.\Generated_Source\PSoC4/SPI_1_SPI_UART.c ****     *
 178:.\Generated_Source\PSoC4/SPI_1_SPI_UART.c ****     * Parameters:
 179:.\Generated_Source\PSoC4/SPI_1_SPI_UART.c ****     *  None
 180:.\Generated_Source\PSoC4/SPI_1_SPI_UART.c ****     *
 181:.\Generated_Source\PSoC4/SPI_1_SPI_UART.c ****     * Return:
 182:.\Generated_Source\PSoC4/SPI_1_SPI_UART.c ****     *  None
 183:.\Generated_Source\PSoC4/SPI_1_SPI_UART.c ****     *
 184:.\Generated_Source\PSoC4/SPI_1_SPI_UART.c ****     *******************************************************************************/
 185:.\Generated_Source\PSoC4/SPI_1_SPI_UART.c ****     void SPI_1_SpiUartClearRxBuffer(void)
 186:.\Generated_Source\PSoC4/SPI_1_SPI_UART.c ****     {
  82              		.loc 1 186 0
  83              		.cfi_startproc
 187:.\Generated_Source\PSoC4/SPI_1_SPI_UART.c ****         #if (SPI_1_CHECK_RX_SW_BUFFER)
 188:.\Generated_Source\PSoC4/SPI_1_SPI_UART.c ****         {
 189:.\Generated_Source\PSoC4/SPI_1_SPI_UART.c ****             /* Lock from component interruption */
 190:.\Generated_Source\PSoC4/SPI_1_SPI_UART.c ****             SPI_1_DisableInt();
 191:.\Generated_Source\PSoC4/SPI_1_SPI_UART.c **** 
 192:.\Generated_Source\PSoC4/SPI_1_SPI_UART.c ****             /* Flush RX software buffer */
 193:.\Generated_Source\PSoC4/SPI_1_SPI_UART.c ****             SPI_1_rxBufferHead = SPI_1_rxBufferTail;
 194:.\Generated_Source\PSoC4/SPI_1_SPI_UART.c ****             SPI_1_rxBufferOverflow = 0u;
 195:.\Generated_Source\PSoC4/SPI_1_SPI_UART.c **** 
 196:.\Generated_Source\PSoC4/SPI_1_SPI_UART.c ****             SPI_1_CLEAR_RX_FIFO;
 197:.\Generated_Source\PSoC4/SPI_1_SPI_UART.c ****             SPI_1_ClearRxInterruptSource(SPI_1_INTR_RX_ALL);
 198:.\Generated_Source\PSoC4/SPI_1_SPI_UART.c **** 
 199:.\Generated_Source\PSoC4/SPI_1_SPI_UART.c ****             #if (SPI_1_CHECK_UART_RTS_CONTROL_FLOW)
 200:.\Generated_Source\PSoC4/SPI_1_SPI_UART.c ****             {
ARM GAS  C:\Users\Jarik\AppData\Local\Temp\ccwF8Rll.s 			page 6


 201:.\Generated_Source\PSoC4/SPI_1_SPI_UART.c ****                 /* Enable RX Not Empty interrupt source to continue receiving
 202:.\Generated_Source\PSoC4/SPI_1_SPI_UART.c ****                 * data into software buffer.
 203:.\Generated_Source\PSoC4/SPI_1_SPI_UART.c ****                 */
 204:.\Generated_Source\PSoC4/SPI_1_SPI_UART.c ****                 SPI_1_INTR_RX_MASK_REG |= SPI_1_INTR_RX_NOT_EMPTY;
 205:.\Generated_Source\PSoC4/SPI_1_SPI_UART.c ****             }
 206:.\Generated_Source\PSoC4/SPI_1_SPI_UART.c ****             #endif
 207:.\Generated_Source\PSoC4/SPI_1_SPI_UART.c **** 
 208:.\Generated_Source\PSoC4/SPI_1_SPI_UART.c ****             /* Release lock */
 209:.\Generated_Source\PSoC4/SPI_1_SPI_UART.c ****             SPI_1_EnableInt();
 210:.\Generated_Source\PSoC4/SPI_1_SPI_UART.c ****         }
 211:.\Generated_Source\PSoC4/SPI_1_SPI_UART.c ****         #else
 212:.\Generated_Source\PSoC4/SPI_1_SPI_UART.c ****         {
 213:.\Generated_Source\PSoC4/SPI_1_SPI_UART.c ****             SPI_1_CLEAR_RX_FIFO;
  84              		.loc 1 213 0
  85 0000 8021     		mov	r1, #128
  86 0002 054B     		ldr	r3, .L8
  87 0004 4902     		lsl	r1, r1, #9
  88 0006 1A68     		ldr	r2, [r3]
 214:.\Generated_Source\PSoC4/SPI_1_SPI_UART.c ****         }
 215:.\Generated_Source\PSoC4/SPI_1_SPI_UART.c ****         #endif
 216:.\Generated_Source\PSoC4/SPI_1_SPI_UART.c ****     }
  89              		.loc 1 216 0
  90              		@ sp needed
 213:.\Generated_Source\PSoC4/SPI_1_SPI_UART.c ****         }
  91              		.loc 1 213 0
  92 0008 0A43     		orr	r2, r1
  93 000a 1A60     		str	r2, [r3]
  94 000c 1968     		ldr	r1, [r3]
  95 000e 034A     		ldr	r2, .L8+4
  96 0010 0A40     		and	r2, r1
  97 0012 1A60     		str	r2, [r3]
  98              		.loc 1 216 0
  99 0014 7047     		bx	lr
 100              	.L9:
 101 0016 C046     		.align	2
 102              	.L8:
 103 0018 04030640 		.word	1074135812
 104 001c FFFFFEFF 		.word	-65537
 105              		.cfi_endproc
 106              	.LFE2:
 107              		.size	SPI_1_SpiUartClearRxBuffer, .-SPI_1_SpiUartClearRxBuffer
 108              		.section	.text.SPI_1_SpiUartWriteTxData,"ax",%progbits
 109              		.align	1
 110              		.global	SPI_1_SpiUartWriteTxData
 111              		.code	16
 112              		.thumb_func
 113              		.type	SPI_1_SpiUartWriteTxData, %function
 114              	SPI_1_SpiUartWriteTxData:
 115              	.LFB3:
 217:.\Generated_Source\PSoC4/SPI_1_SPI_UART.c **** 
 218:.\Generated_Source\PSoC4/SPI_1_SPI_UART.c **** #endif /* (SPI_1_RX_DIRECTION) */
 219:.\Generated_Source\PSoC4/SPI_1_SPI_UART.c **** 
 220:.\Generated_Source\PSoC4/SPI_1_SPI_UART.c **** 
 221:.\Generated_Source\PSoC4/SPI_1_SPI_UART.c **** #if(SPI_1_TX_DIRECTION)
 222:.\Generated_Source\PSoC4/SPI_1_SPI_UART.c ****     /*******************************************************************************
 223:.\Generated_Source\PSoC4/SPI_1_SPI_UART.c ****     * Function Name: SPI_1_SpiUartWriteTxData
 224:.\Generated_Source\PSoC4/SPI_1_SPI_UART.c ****     ********************************************************************************
ARM GAS  C:\Users\Jarik\AppData\Local\Temp\ccwF8Rll.s 			page 7


 225:.\Generated_Source\PSoC4/SPI_1_SPI_UART.c ****     *
 226:.\Generated_Source\PSoC4/SPI_1_SPI_UART.c ****     * Summary:
 227:.\Generated_Source\PSoC4/SPI_1_SPI_UART.c ****     *  Places a data entry into the transmit buffer to be sent at the next available
 228:.\Generated_Source\PSoC4/SPI_1_SPI_UART.c ****     *  bus time.
 229:.\Generated_Source\PSoC4/SPI_1_SPI_UART.c ****     *  This function is blocking and waits until there is space available to put the
 230:.\Generated_Source\PSoC4/SPI_1_SPI_UART.c ****     *  requested data in the transmit buffer.
 231:.\Generated_Source\PSoC4/SPI_1_SPI_UART.c ****     *
 232:.\Generated_Source\PSoC4/SPI_1_SPI_UART.c ****     * Parameters:
 233:.\Generated_Source\PSoC4/SPI_1_SPI_UART.c ****     *  txDataByte: the data to be transmitted.
 234:.\Generated_Source\PSoC4/SPI_1_SPI_UART.c ****     *
 235:.\Generated_Source\PSoC4/SPI_1_SPI_UART.c ****     * Return:
 236:.\Generated_Source\PSoC4/SPI_1_SPI_UART.c ****     *  None
 237:.\Generated_Source\PSoC4/SPI_1_SPI_UART.c ****     *
 238:.\Generated_Source\PSoC4/SPI_1_SPI_UART.c ****     *******************************************************************************/
 239:.\Generated_Source\PSoC4/SPI_1_SPI_UART.c ****     void SPI_1_SpiUartWriteTxData(uint32 txData)
 240:.\Generated_Source\PSoC4/SPI_1_SPI_UART.c ****     {
 116              		.loc 1 240 0
 117              		.cfi_startproc
 118              	.LVL4:
 119              	.L11:
 241:.\Generated_Source\PSoC4/SPI_1_SPI_UART.c ****     #if (SPI_1_INTERNAL_TX_SW_BUFFER_CONST)
 242:.\Generated_Source\PSoC4/SPI_1_SPI_UART.c ****         uint32 locHead;
 243:.\Generated_Source\PSoC4/SPI_1_SPI_UART.c ****     #endif /* (SPI_1_INTERNAL_TX_SW_BUFFER_CONST) */
 244:.\Generated_Source\PSoC4/SPI_1_SPI_UART.c **** 
 245:.\Generated_Source\PSoC4/SPI_1_SPI_UART.c ****         #if (SPI_1_CHECK_TX_SW_BUFFER)
 246:.\Generated_Source\PSoC4/SPI_1_SPI_UART.c ****         {
 247:.\Generated_Source\PSoC4/SPI_1_SPI_UART.c ****             /* Put data directly into the TX FIFO */
 248:.\Generated_Source\PSoC4/SPI_1_SPI_UART.c ****             if ((SPI_1_txBufferHead == SPI_1_txBufferTail) &&
 249:.\Generated_Source\PSoC4/SPI_1_SPI_UART.c ****                 (SPI_1_SPI_UART_FIFO_SIZE != SPI_1_GET_TX_FIFO_ENTRIES))
 250:.\Generated_Source\PSoC4/SPI_1_SPI_UART.c ****             {
 251:.\Generated_Source\PSoC4/SPI_1_SPI_UART.c ****                 /* TX software buffer is empty: put data directly in TX FIFO */
 252:.\Generated_Source\PSoC4/SPI_1_SPI_UART.c ****                 SPI_1_TX_FIFO_WR_REG = txData;
 253:.\Generated_Source\PSoC4/SPI_1_SPI_UART.c ****             }
 254:.\Generated_Source\PSoC4/SPI_1_SPI_UART.c ****             /* Put data into TX software buffer */
 255:.\Generated_Source\PSoC4/SPI_1_SPI_UART.c ****             else
 256:.\Generated_Source\PSoC4/SPI_1_SPI_UART.c ****             {
 257:.\Generated_Source\PSoC4/SPI_1_SPI_UART.c ****                 /* Head index to put data */
 258:.\Generated_Source\PSoC4/SPI_1_SPI_UART.c ****                 locHead = (SPI_1_txBufferHead + 1u);
 259:.\Generated_Source\PSoC4/SPI_1_SPI_UART.c **** 
 260:.\Generated_Source\PSoC4/SPI_1_SPI_UART.c ****                 /* Adjust TX software buffer index */
 261:.\Generated_Source\PSoC4/SPI_1_SPI_UART.c ****                 if (SPI_1_TX_BUFFER_SIZE == locHead)
 262:.\Generated_Source\PSoC4/SPI_1_SPI_UART.c ****                 {
 263:.\Generated_Source\PSoC4/SPI_1_SPI_UART.c ****                     locHead = 0u;
 264:.\Generated_Source\PSoC4/SPI_1_SPI_UART.c ****                 }
 265:.\Generated_Source\PSoC4/SPI_1_SPI_UART.c **** 
 266:.\Generated_Source\PSoC4/SPI_1_SPI_UART.c ****                 /* Wait for space in TX software buffer */
 267:.\Generated_Source\PSoC4/SPI_1_SPI_UART.c ****                 while (locHead == SPI_1_txBufferTail)
 268:.\Generated_Source\PSoC4/SPI_1_SPI_UART.c ****                 {
 269:.\Generated_Source\PSoC4/SPI_1_SPI_UART.c ****                 }
 270:.\Generated_Source\PSoC4/SPI_1_SPI_UART.c **** 
 271:.\Generated_Source\PSoC4/SPI_1_SPI_UART.c ****                 /* TX software buffer has at least one room */
 272:.\Generated_Source\PSoC4/SPI_1_SPI_UART.c **** 
 273:.\Generated_Source\PSoC4/SPI_1_SPI_UART.c ****                 /* Clear old status of INTR_TX_NOT_FULL. It sets at the end of transfer when TX FIF
 274:.\Generated_Source\PSoC4/SPI_1_SPI_UART.c ****                 SPI_1_ClearTxInterruptSource(SPI_1_INTR_TX_NOT_FULL);
 275:.\Generated_Source\PSoC4/SPI_1_SPI_UART.c **** 
 276:.\Generated_Source\PSoC4/SPI_1_SPI_UART.c ****                 SPI_1_PutWordInTxBuffer(locHead, txData);
 277:.\Generated_Source\PSoC4/SPI_1_SPI_UART.c **** 
ARM GAS  C:\Users\Jarik\AppData\Local\Temp\ccwF8Rll.s 			page 8


 278:.\Generated_Source\PSoC4/SPI_1_SPI_UART.c ****                 SPI_1_txBufferHead = locHead;
 279:.\Generated_Source\PSoC4/SPI_1_SPI_UART.c **** 
 280:.\Generated_Source\PSoC4/SPI_1_SPI_UART.c ****                 /* Check if TX Not Full is disabled in interrupt */
 281:.\Generated_Source\PSoC4/SPI_1_SPI_UART.c ****                 if (0u == (SPI_1_INTR_TX_MASK_REG & SPI_1_INTR_TX_NOT_FULL))
 282:.\Generated_Source\PSoC4/SPI_1_SPI_UART.c ****                 {
 283:.\Generated_Source\PSoC4/SPI_1_SPI_UART.c ****                     /* Enable TX Not Full interrupt source to transmit from software buffer */
 284:.\Generated_Source\PSoC4/SPI_1_SPI_UART.c ****                     SPI_1_INTR_TX_MASK_REG |= (uint32) SPI_1_INTR_TX_NOT_FULL;
 285:.\Generated_Source\PSoC4/SPI_1_SPI_UART.c ****                 }
 286:.\Generated_Source\PSoC4/SPI_1_SPI_UART.c ****             }
 287:.\Generated_Source\PSoC4/SPI_1_SPI_UART.c ****         }
 288:.\Generated_Source\PSoC4/SPI_1_SPI_UART.c ****         #else
 289:.\Generated_Source\PSoC4/SPI_1_SPI_UART.c ****         {
 290:.\Generated_Source\PSoC4/SPI_1_SPI_UART.c ****             /* Wait until TX FIFO has space to put data element */
 291:.\Generated_Source\PSoC4/SPI_1_SPI_UART.c ****             while (SPI_1_SPI_UART_FIFO_SIZE == SPI_1_GET_TX_FIFO_ENTRIES)
 120              		.loc 1 291 0 discriminator 1
 121 0000 044B     		ldr	r3, .L14
 122 0002 1A68     		ldr	r2, [r3]
 123 0004 0F23     		mov	r3, #15
 124 0006 1340     		and	r3, r2
 125 0008 082B     		cmp	r3, #8
 126 000a F9D0     		beq	.L11
 292:.\Generated_Source\PSoC4/SPI_1_SPI_UART.c ****             {
 293:.\Generated_Source\PSoC4/SPI_1_SPI_UART.c ****             }
 294:.\Generated_Source\PSoC4/SPI_1_SPI_UART.c **** 
 295:.\Generated_Source\PSoC4/SPI_1_SPI_UART.c ****             SPI_1_TX_FIFO_WR_REG = txData;
 127              		.loc 1 295 0
 128 000c 024B     		ldr	r3, .L14+4
 296:.\Generated_Source\PSoC4/SPI_1_SPI_UART.c ****         }
 297:.\Generated_Source\PSoC4/SPI_1_SPI_UART.c ****         #endif
 298:.\Generated_Source\PSoC4/SPI_1_SPI_UART.c ****     }
 129              		.loc 1 298 0
 130              		@ sp needed
 295:.\Generated_Source\PSoC4/SPI_1_SPI_UART.c ****         }
 131              		.loc 1 295 0
 132 000e 1860     		str	r0, [r3]
 133              		.loc 1 298 0
 134 0010 7047     		bx	lr
 135              	.L15:
 136 0012 C046     		.align	2
 137              	.L14:
 138 0014 08020640 		.word	1074135560
 139 0018 40020640 		.word	1074135616
 140              		.cfi_endproc
 141              	.LFE3:
 142              		.size	SPI_1_SpiUartWriteTxData, .-SPI_1_SpiUartWriteTxData
 143              		.section	.text.SPI_1_SpiUartPutArray,"ax",%progbits
 144              		.align	1
 145              		.global	SPI_1_SpiUartPutArray
 146              		.code	16
 147              		.thumb_func
 148              		.type	SPI_1_SpiUartPutArray, %function
 149              	SPI_1_SpiUartPutArray:
 150              	.LFB4:
 299:.\Generated_Source\PSoC4/SPI_1_SPI_UART.c **** 
 300:.\Generated_Source\PSoC4/SPI_1_SPI_UART.c **** 
 301:.\Generated_Source\PSoC4/SPI_1_SPI_UART.c ****     /*******************************************************************************
 302:.\Generated_Source\PSoC4/SPI_1_SPI_UART.c ****     * Function Name: SPI_1_SpiUartPutArray
ARM GAS  C:\Users\Jarik\AppData\Local\Temp\ccwF8Rll.s 			page 9


 303:.\Generated_Source\PSoC4/SPI_1_SPI_UART.c ****     ********************************************************************************
 304:.\Generated_Source\PSoC4/SPI_1_SPI_UART.c ****     *
 305:.\Generated_Source\PSoC4/SPI_1_SPI_UART.c ****     * Summary:
 306:.\Generated_Source\PSoC4/SPI_1_SPI_UART.c ****     *  Places an array of data into the transmit buffer to be sent.
 307:.\Generated_Source\PSoC4/SPI_1_SPI_UART.c ****     *  This function is blocking and waits until there is a space available to put
 308:.\Generated_Source\PSoC4/SPI_1_SPI_UART.c ****     *  all the requested data in the transmit buffer. The array size can be greater
 309:.\Generated_Source\PSoC4/SPI_1_SPI_UART.c ****     *  than transmit buffer size.
 310:.\Generated_Source\PSoC4/SPI_1_SPI_UART.c ****     *
 311:.\Generated_Source\PSoC4/SPI_1_SPI_UART.c ****     * Parameters:
 312:.\Generated_Source\PSoC4/SPI_1_SPI_UART.c ****     *  wrBuf:  pointer to an array with data to be placed in transmit buffer.
 313:.\Generated_Source\PSoC4/SPI_1_SPI_UART.c ****     *  count:  number of data elements to be placed in the transmit buffer.
 314:.\Generated_Source\PSoC4/SPI_1_SPI_UART.c ****     *
 315:.\Generated_Source\PSoC4/SPI_1_SPI_UART.c ****     * Return:
 316:.\Generated_Source\PSoC4/SPI_1_SPI_UART.c ****     *  None
 317:.\Generated_Source\PSoC4/SPI_1_SPI_UART.c ****     *
 318:.\Generated_Source\PSoC4/SPI_1_SPI_UART.c ****     *******************************************************************************/
 319:.\Generated_Source\PSoC4/SPI_1_SPI_UART.c ****     void SPI_1_SpiUartPutArray(const uint8 wrBuf[], uint32 count)
 320:.\Generated_Source\PSoC4/SPI_1_SPI_UART.c ****     {
 151              		.loc 1 320 0
 152              		.cfi_startproc
 153              	.LVL5:
 154 0000 38B5     		push	{r3, r4, r5, lr}
 155              		.cfi_def_cfa_offset 16
 156              		.cfi_offset 3, -16
 157              		.cfi_offset 4, -12
 158              		.cfi_offset 5, -8
 159              		.cfi_offset 14, -4
 160 0002 041C     		mov	r4, r0
 161 0004 4518     		add	r5, r0, r1
 162              	.LVL6:
 163              	.L17:
 321:.\Generated_Source\PSoC4/SPI_1_SPI_UART.c ****         uint32 i;
 322:.\Generated_Source\PSoC4/SPI_1_SPI_UART.c **** 
 323:.\Generated_Source\PSoC4/SPI_1_SPI_UART.c ****         for (i=0u; i < count; i++)
 164              		.loc 1 323 0 discriminator 1
 165 0006 AC42     		cmp	r4, r5
 166 0008 04D0     		beq	.L19
 324:.\Generated_Source\PSoC4/SPI_1_SPI_UART.c ****         {
 325:.\Generated_Source\PSoC4/SPI_1_SPI_UART.c ****             SPI_1_SpiUartWriteTxData((uint32) wrBuf[i]);
 167              		.loc 1 325 0 discriminator 3
 168 000a 2078     		ldrb	r0, [r4]
 169 000c FFF7FEFF 		bl	SPI_1_SpiUartWriteTxData
 170              	.LVL7:
 171 0010 0134     		add	r4, r4, #1
 172              	.LVL8:
 173 0012 F8E7     		b	.L17
 174              	.L19:
 326:.\Generated_Source\PSoC4/SPI_1_SPI_UART.c ****         }
 327:.\Generated_Source\PSoC4/SPI_1_SPI_UART.c ****     }
 175              		.loc 1 327 0
 176              		@ sp needed
 177              	.LVL9:
 178 0014 38BD     		pop	{r3, r4, r5, pc}
 179              		.cfi_endproc
 180              	.LFE4:
 181              		.size	SPI_1_SpiUartPutArray, .-SPI_1_SpiUartPutArray
 182              		.section	.text.SPI_1_SpiUartGetTxBufferSize,"ax",%progbits
ARM GAS  C:\Users\Jarik\AppData\Local\Temp\ccwF8Rll.s 			page 10


 183              		.align	1
 184              		.global	SPI_1_SpiUartGetTxBufferSize
 185              		.code	16
 186              		.thumb_func
 187              		.type	SPI_1_SpiUartGetTxBufferSize, %function
 188              	SPI_1_SpiUartGetTxBufferSize:
 189              	.LFB5:
 328:.\Generated_Source\PSoC4/SPI_1_SPI_UART.c **** 
 329:.\Generated_Source\PSoC4/SPI_1_SPI_UART.c **** 
 330:.\Generated_Source\PSoC4/SPI_1_SPI_UART.c ****     /*******************************************************************************
 331:.\Generated_Source\PSoC4/SPI_1_SPI_UART.c ****     * Function Name: SPI_1_SpiUartGetTxBufferSize
 332:.\Generated_Source\PSoC4/SPI_1_SPI_UART.c ****     ********************************************************************************
 333:.\Generated_Source\PSoC4/SPI_1_SPI_UART.c ****     *
 334:.\Generated_Source\PSoC4/SPI_1_SPI_UART.c ****     * Summary:
 335:.\Generated_Source\PSoC4/SPI_1_SPI_UART.c ****     * Returns the number of elements currently in the transmit buffer.
 336:.\Generated_Source\PSoC4/SPI_1_SPI_UART.c ****     *  - TX software buffer is disabled: returns the number of used entries in
 337:.\Generated_Source\PSoC4/SPI_1_SPI_UART.c ****     *    TX FIFO.
 338:.\Generated_Source\PSoC4/SPI_1_SPI_UART.c ****     *  - TX software buffer is enabled: returns the number of elements currently
 339:.\Generated_Source\PSoC4/SPI_1_SPI_UART.c ****     *    used in the transmit buffer. This number does not include used entries in
 340:.\Generated_Source\PSoC4/SPI_1_SPI_UART.c ****     *    the TX FIFO. The transmit buffer size is zero until the TX FIFO is
 341:.\Generated_Source\PSoC4/SPI_1_SPI_UART.c ****     *    not full.
 342:.\Generated_Source\PSoC4/SPI_1_SPI_UART.c ****     *
 343:.\Generated_Source\PSoC4/SPI_1_SPI_UART.c ****     * Parameters:
 344:.\Generated_Source\PSoC4/SPI_1_SPI_UART.c ****     *  None
 345:.\Generated_Source\PSoC4/SPI_1_SPI_UART.c ****     *
 346:.\Generated_Source\PSoC4/SPI_1_SPI_UART.c ****     * Return:
 347:.\Generated_Source\PSoC4/SPI_1_SPI_UART.c ****     *  Number of data elements ready to transmit.
 348:.\Generated_Source\PSoC4/SPI_1_SPI_UART.c ****     *
 349:.\Generated_Source\PSoC4/SPI_1_SPI_UART.c ****     *******************************************************************************/
 350:.\Generated_Source\PSoC4/SPI_1_SPI_UART.c ****     uint32 SPI_1_SpiUartGetTxBufferSize(void)
 351:.\Generated_Source\PSoC4/SPI_1_SPI_UART.c ****     {
 190              		.loc 1 351 0
 191              		.cfi_startproc
 352:.\Generated_Source\PSoC4/SPI_1_SPI_UART.c ****         uint32 size;
 353:.\Generated_Source\PSoC4/SPI_1_SPI_UART.c ****     #if (SPI_1_INTERNAL_TX_SW_BUFFER_CONST)
 354:.\Generated_Source\PSoC4/SPI_1_SPI_UART.c ****         uint32 locTail;
 355:.\Generated_Source\PSoC4/SPI_1_SPI_UART.c ****     #endif /* (SPI_1_INTERNAL_TX_SW_BUFFER_CONST) */
 356:.\Generated_Source\PSoC4/SPI_1_SPI_UART.c **** 
 357:.\Generated_Source\PSoC4/SPI_1_SPI_UART.c ****         #if (SPI_1_CHECK_TX_SW_BUFFER)
 358:.\Generated_Source\PSoC4/SPI_1_SPI_UART.c ****         {
 359:.\Generated_Source\PSoC4/SPI_1_SPI_UART.c ****             /* Get current Tail index */
 360:.\Generated_Source\PSoC4/SPI_1_SPI_UART.c ****             locTail = SPI_1_txBufferTail;
 361:.\Generated_Source\PSoC4/SPI_1_SPI_UART.c **** 
 362:.\Generated_Source\PSoC4/SPI_1_SPI_UART.c ****             if (SPI_1_txBufferHead >= locTail)
 363:.\Generated_Source\PSoC4/SPI_1_SPI_UART.c ****             {
 364:.\Generated_Source\PSoC4/SPI_1_SPI_UART.c ****                 size = (SPI_1_txBufferHead - locTail);
 365:.\Generated_Source\PSoC4/SPI_1_SPI_UART.c ****             }
 366:.\Generated_Source\PSoC4/SPI_1_SPI_UART.c ****             else
 367:.\Generated_Source\PSoC4/SPI_1_SPI_UART.c ****             {
 368:.\Generated_Source\PSoC4/SPI_1_SPI_UART.c ****                 size = (SPI_1_txBufferHead + (SPI_1_TX_BUFFER_SIZE - locTail));
 369:.\Generated_Source\PSoC4/SPI_1_SPI_UART.c ****             }
 370:.\Generated_Source\PSoC4/SPI_1_SPI_UART.c ****         }
 371:.\Generated_Source\PSoC4/SPI_1_SPI_UART.c ****         #else
 372:.\Generated_Source\PSoC4/SPI_1_SPI_UART.c ****         {
 373:.\Generated_Source\PSoC4/SPI_1_SPI_UART.c ****             size = SPI_1_GET_TX_FIFO_ENTRIES;
 192              		.loc 1 373 0
 193 0000 024B     		ldr	r3, .L21
ARM GAS  C:\Users\Jarik\AppData\Local\Temp\ccwF8Rll.s 			page 11


 374:.\Generated_Source\PSoC4/SPI_1_SPI_UART.c ****         }
 375:.\Generated_Source\PSoC4/SPI_1_SPI_UART.c ****         #endif
 376:.\Generated_Source\PSoC4/SPI_1_SPI_UART.c **** 
 377:.\Generated_Source\PSoC4/SPI_1_SPI_UART.c ****         return (size);
 378:.\Generated_Source\PSoC4/SPI_1_SPI_UART.c ****     }
 194              		.loc 1 378 0
 195              		@ sp needed
 373:.\Generated_Source\PSoC4/SPI_1_SPI_UART.c ****         }
 196              		.loc 1 373 0
 197 0002 1868     		ldr	r0, [r3]
 198              	.LVL10:
 199 0004 0F23     		mov	r3, #15
 200 0006 1840     		and	r0, r3
 201              	.LVL11:
 202              		.loc 1 378 0
 203 0008 7047     		bx	lr
 204              	.L22:
 205 000a C046     		.align	2
 206              	.L21:
 207 000c 08020640 		.word	1074135560
 208              		.cfi_endproc
 209              	.LFE5:
 210              		.size	SPI_1_SpiUartGetTxBufferSize, .-SPI_1_SpiUartGetTxBufferSize
 211              		.section	.text.SPI_1_SpiUartClearTxBuffer,"ax",%progbits
 212              		.align	1
 213              		.global	SPI_1_SpiUartClearTxBuffer
 214              		.code	16
 215              		.thumb_func
 216              		.type	SPI_1_SpiUartClearTxBuffer, %function
 217              	SPI_1_SpiUartClearTxBuffer:
 218              	.LFB6:
 379:.\Generated_Source\PSoC4/SPI_1_SPI_UART.c **** 
 380:.\Generated_Source\PSoC4/SPI_1_SPI_UART.c **** 
 381:.\Generated_Source\PSoC4/SPI_1_SPI_UART.c ****     /*******************************************************************************
 382:.\Generated_Source\PSoC4/SPI_1_SPI_UART.c ****     * Function Name: SPI_1_SpiUartClearTxBuffer
 383:.\Generated_Source\PSoC4/SPI_1_SPI_UART.c ****     ********************************************************************************
 384:.\Generated_Source\PSoC4/SPI_1_SPI_UART.c ****     *
 385:.\Generated_Source\PSoC4/SPI_1_SPI_UART.c ****     * Summary:
 386:.\Generated_Source\PSoC4/SPI_1_SPI_UART.c ****     *  Clears the transmit buffer and TX FIFO.
 387:.\Generated_Source\PSoC4/SPI_1_SPI_UART.c ****     *
 388:.\Generated_Source\PSoC4/SPI_1_SPI_UART.c ****     * Parameters:
 389:.\Generated_Source\PSoC4/SPI_1_SPI_UART.c ****     *  None
 390:.\Generated_Source\PSoC4/SPI_1_SPI_UART.c ****     *
 391:.\Generated_Source\PSoC4/SPI_1_SPI_UART.c ****     * Return:
 392:.\Generated_Source\PSoC4/SPI_1_SPI_UART.c ****     *  None
 393:.\Generated_Source\PSoC4/SPI_1_SPI_UART.c ****     *
 394:.\Generated_Source\PSoC4/SPI_1_SPI_UART.c ****     *******************************************************************************/
 395:.\Generated_Source\PSoC4/SPI_1_SPI_UART.c ****     void SPI_1_SpiUartClearTxBuffer(void)
 396:.\Generated_Source\PSoC4/SPI_1_SPI_UART.c ****     {
 219              		.loc 1 396 0
 220              		.cfi_startproc
 397:.\Generated_Source\PSoC4/SPI_1_SPI_UART.c ****         #if (SPI_1_CHECK_TX_SW_BUFFER)
 398:.\Generated_Source\PSoC4/SPI_1_SPI_UART.c ****         {
 399:.\Generated_Source\PSoC4/SPI_1_SPI_UART.c ****             /* Lock from component interruption */
 400:.\Generated_Source\PSoC4/SPI_1_SPI_UART.c ****             SPI_1_DisableInt();
 401:.\Generated_Source\PSoC4/SPI_1_SPI_UART.c **** 
 402:.\Generated_Source\PSoC4/SPI_1_SPI_UART.c ****             /* Flush TX software buffer */
ARM GAS  C:\Users\Jarik\AppData\Local\Temp\ccwF8Rll.s 			page 12


 403:.\Generated_Source\PSoC4/SPI_1_SPI_UART.c ****             SPI_1_txBufferHead = SPI_1_txBufferTail;
 404:.\Generated_Source\PSoC4/SPI_1_SPI_UART.c **** 
 405:.\Generated_Source\PSoC4/SPI_1_SPI_UART.c ****             SPI_1_INTR_TX_MASK_REG &= (uint32) ~SPI_1_INTR_TX_NOT_FULL;
 406:.\Generated_Source\PSoC4/SPI_1_SPI_UART.c ****             SPI_1_CLEAR_TX_FIFO;
 407:.\Generated_Source\PSoC4/SPI_1_SPI_UART.c ****             SPI_1_ClearTxInterruptSource(SPI_1_INTR_TX_ALL);
 408:.\Generated_Source\PSoC4/SPI_1_SPI_UART.c **** 
 409:.\Generated_Source\PSoC4/SPI_1_SPI_UART.c ****             /* Release lock */
 410:.\Generated_Source\PSoC4/SPI_1_SPI_UART.c ****             SPI_1_EnableInt();
 411:.\Generated_Source\PSoC4/SPI_1_SPI_UART.c ****         }
 412:.\Generated_Source\PSoC4/SPI_1_SPI_UART.c ****         #else
 413:.\Generated_Source\PSoC4/SPI_1_SPI_UART.c ****         {
 414:.\Generated_Source\PSoC4/SPI_1_SPI_UART.c ****             SPI_1_CLEAR_TX_FIFO;
 221              		.loc 1 414 0
 222 0000 8021     		mov	r1, #128
 223 0002 054B     		ldr	r3, .L24
 224 0004 4902     		lsl	r1, r1, #9
 225 0006 1A68     		ldr	r2, [r3]
 415:.\Generated_Source\PSoC4/SPI_1_SPI_UART.c ****         }
 416:.\Generated_Source\PSoC4/SPI_1_SPI_UART.c ****         #endif
 417:.\Generated_Source\PSoC4/SPI_1_SPI_UART.c ****     }
 226              		.loc 1 417 0
 227              		@ sp needed
 414:.\Generated_Source\PSoC4/SPI_1_SPI_UART.c ****         }
 228              		.loc 1 414 0
 229 0008 0A43     		orr	r2, r1
 230 000a 1A60     		str	r2, [r3]
 231 000c 1968     		ldr	r1, [r3]
 232 000e 034A     		ldr	r2, .L24+4
 233 0010 0A40     		and	r2, r1
 234 0012 1A60     		str	r2, [r3]
 235              		.loc 1 417 0
 236 0014 7047     		bx	lr
 237              	.L25:
 238 0016 C046     		.align	2
 239              	.L24:
 240 0018 04020640 		.word	1074135556
 241 001c FFFFFEFF 		.word	-65537
 242              		.cfi_endproc
 243              	.LFE6:
 244              		.size	SPI_1_SpiUartClearTxBuffer, .-SPI_1_SpiUartClearTxBuffer
 245              		.section	.text.SPI_1_SpiUartDisableIntRx,"ax",%progbits
 246              		.align	1
 247              		.global	SPI_1_SpiUartDisableIntRx
 248              		.code	16
 249              		.thumb_func
 250              		.type	SPI_1_SpiUartDisableIntRx, %function
 251              	SPI_1_SpiUartDisableIntRx:
 252              	.LFB7:
 418:.\Generated_Source\PSoC4/SPI_1_SPI_UART.c **** 
 419:.\Generated_Source\PSoC4/SPI_1_SPI_UART.c **** #endif /* (SPI_1_TX_DIRECTION) */
 420:.\Generated_Source\PSoC4/SPI_1_SPI_UART.c **** 
 421:.\Generated_Source\PSoC4/SPI_1_SPI_UART.c **** 
 422:.\Generated_Source\PSoC4/SPI_1_SPI_UART.c **** /*******************************************************************************
 423:.\Generated_Source\PSoC4/SPI_1_SPI_UART.c **** * Function Name: SPI_1_SpiUartDisableIntRx
 424:.\Generated_Source\PSoC4/SPI_1_SPI_UART.c **** ********************************************************************************
 425:.\Generated_Source\PSoC4/SPI_1_SPI_UART.c **** *
 426:.\Generated_Source\PSoC4/SPI_1_SPI_UART.c **** * Summary:
ARM GAS  C:\Users\Jarik\AppData\Local\Temp\ccwF8Rll.s 			page 13


 427:.\Generated_Source\PSoC4/SPI_1_SPI_UART.c **** *  Disables the RX interrupt sources.
 428:.\Generated_Source\PSoC4/SPI_1_SPI_UART.c **** *
 429:.\Generated_Source\PSoC4/SPI_1_SPI_UART.c **** * Parameters:
 430:.\Generated_Source\PSoC4/SPI_1_SPI_UART.c **** *  None
 431:.\Generated_Source\PSoC4/SPI_1_SPI_UART.c **** *
 432:.\Generated_Source\PSoC4/SPI_1_SPI_UART.c **** * Return:
 433:.\Generated_Source\PSoC4/SPI_1_SPI_UART.c **** *  Returns the RX interrupt sources enabled before the function call.
 434:.\Generated_Source\PSoC4/SPI_1_SPI_UART.c **** *
 435:.\Generated_Source\PSoC4/SPI_1_SPI_UART.c **** *******************************************************************************/
 436:.\Generated_Source\PSoC4/SPI_1_SPI_UART.c **** uint32 SPI_1_SpiUartDisableIntRx(void)
 437:.\Generated_Source\PSoC4/SPI_1_SPI_UART.c **** {
 253              		.loc 1 437 0
 254              		.cfi_startproc
 438:.\Generated_Source\PSoC4/SPI_1_SPI_UART.c ****     uint32 intSource;
 439:.\Generated_Source\PSoC4/SPI_1_SPI_UART.c **** 
 440:.\Generated_Source\PSoC4/SPI_1_SPI_UART.c ****     intSource = SPI_1_GetRxInterruptMode();
 441:.\Generated_Source\PSoC4/SPI_1_SPI_UART.c **** 
 442:.\Generated_Source\PSoC4/SPI_1_SPI_UART.c ****     SPI_1_SetRxInterruptMode(SPI_1_NO_INTR_SOURCES);
 255              		.loc 1 442 0
 256 0000 0022     		mov	r2, #0
 440:.\Generated_Source\PSoC4/SPI_1_SPI_UART.c **** 
 257              		.loc 1 440 0
 258 0002 024B     		ldr	r3, .L27
 443:.\Generated_Source\PSoC4/SPI_1_SPI_UART.c **** 
 444:.\Generated_Source\PSoC4/SPI_1_SPI_UART.c ****     return (intSource);
 445:.\Generated_Source\PSoC4/SPI_1_SPI_UART.c **** }
 259              		.loc 1 445 0
 260              		@ sp needed
 440:.\Generated_Source\PSoC4/SPI_1_SPI_UART.c **** 
 261              		.loc 1 440 0
 262 0004 1868     		ldr	r0, [r3]
 263              	.LVL12:
 442:.\Generated_Source\PSoC4/SPI_1_SPI_UART.c **** 
 264              		.loc 1 442 0
 265 0006 1A60     		str	r2, [r3]
 266              		.loc 1 445 0
 267 0008 7047     		bx	lr
 268              	.L28:
 269 000a C046     		.align	2
 270              	.L27:
 271 000c C80F0640 		.word	1074139080
 272              		.cfi_endproc
 273              	.LFE7:
 274              		.size	SPI_1_SpiUartDisableIntRx, .-SPI_1_SpiUartDisableIntRx
 275              		.section	.text.SPI_1_SpiUartDisableIntTx,"ax",%progbits
 276              		.align	1
 277              		.global	SPI_1_SpiUartDisableIntTx
 278              		.code	16
 279              		.thumb_func
 280              		.type	SPI_1_SpiUartDisableIntTx, %function
 281              	SPI_1_SpiUartDisableIntTx:
 282              	.LFB8:
 446:.\Generated_Source\PSoC4/SPI_1_SPI_UART.c **** 
 447:.\Generated_Source\PSoC4/SPI_1_SPI_UART.c **** 
 448:.\Generated_Source\PSoC4/SPI_1_SPI_UART.c **** /*******************************************************************************
 449:.\Generated_Source\PSoC4/SPI_1_SPI_UART.c **** * Function Name: SPI_1_SpiUartDisableIntTx
 450:.\Generated_Source\PSoC4/SPI_1_SPI_UART.c **** ********************************************************************************
ARM GAS  C:\Users\Jarik\AppData\Local\Temp\ccwF8Rll.s 			page 14


 451:.\Generated_Source\PSoC4/SPI_1_SPI_UART.c **** *
 452:.\Generated_Source\PSoC4/SPI_1_SPI_UART.c **** * Summary:
 453:.\Generated_Source\PSoC4/SPI_1_SPI_UART.c **** *  Disables TX interrupt sources.
 454:.\Generated_Source\PSoC4/SPI_1_SPI_UART.c **** *
 455:.\Generated_Source\PSoC4/SPI_1_SPI_UART.c **** * Parameters:
 456:.\Generated_Source\PSoC4/SPI_1_SPI_UART.c **** *  None
 457:.\Generated_Source\PSoC4/SPI_1_SPI_UART.c **** *
 458:.\Generated_Source\PSoC4/SPI_1_SPI_UART.c **** * Return:
 459:.\Generated_Source\PSoC4/SPI_1_SPI_UART.c **** *  Returns TX interrupt sources enabled before function call.
 460:.\Generated_Source\PSoC4/SPI_1_SPI_UART.c **** *
 461:.\Generated_Source\PSoC4/SPI_1_SPI_UART.c **** *******************************************************************************/
 462:.\Generated_Source\PSoC4/SPI_1_SPI_UART.c **** uint32 SPI_1_SpiUartDisableIntTx(void)
 463:.\Generated_Source\PSoC4/SPI_1_SPI_UART.c **** {
 283              		.loc 1 463 0
 284              		.cfi_startproc
 464:.\Generated_Source\PSoC4/SPI_1_SPI_UART.c ****     uint32 intSourceMask;
 465:.\Generated_Source\PSoC4/SPI_1_SPI_UART.c **** 
 466:.\Generated_Source\PSoC4/SPI_1_SPI_UART.c ****     intSourceMask = SPI_1_GetTxInterruptMode();
 467:.\Generated_Source\PSoC4/SPI_1_SPI_UART.c **** 
 468:.\Generated_Source\PSoC4/SPI_1_SPI_UART.c ****     SPI_1_SetTxInterruptMode(SPI_1_NO_INTR_SOURCES);
 285              		.loc 1 468 0
 286 0000 0022     		mov	r2, #0
 466:.\Generated_Source\PSoC4/SPI_1_SPI_UART.c **** 
 287              		.loc 1 466 0
 288 0002 024B     		ldr	r3, .L30
 469:.\Generated_Source\PSoC4/SPI_1_SPI_UART.c **** 
 470:.\Generated_Source\PSoC4/SPI_1_SPI_UART.c ****     return (intSourceMask);
 471:.\Generated_Source\PSoC4/SPI_1_SPI_UART.c **** }
 289              		.loc 1 471 0
 290              		@ sp needed
 466:.\Generated_Source\PSoC4/SPI_1_SPI_UART.c **** 
 291              		.loc 1 466 0
 292 0004 1868     		ldr	r0, [r3]
 293              	.LVL13:
 468:.\Generated_Source\PSoC4/SPI_1_SPI_UART.c **** 
 294              		.loc 1 468 0
 295 0006 1A60     		str	r2, [r3]
 296              		.loc 1 471 0
 297 0008 7047     		bx	lr
 298              	.L31:
 299 000a C046     		.align	2
 300              	.L30:
 301 000c 880F0640 		.word	1074139016
 302              		.cfi_endproc
 303              	.LFE8:
 304              		.size	SPI_1_SpiUartDisableIntTx, .-SPI_1_SpiUartDisableIntTx
 305              		.text
 306              	.Letext0:
 307              		.file 2 "Generated_Source\\PSoC4/cytypes.h"
 308              		.section	.debug_info,"",%progbits
 309              	.Ldebug_info0:
 310 0000 17020000 		.4byte	0x217
 311 0004 0400     		.2byte	0x4
 312 0006 00000000 		.4byte	.Ldebug_abbrev0
 313 000a 04       		.byte	0x4
 314 000b 01       		.uleb128 0x1
 315 000c 06000000 		.4byte	.LASF32
ARM GAS  C:\Users\Jarik\AppData\Local\Temp\ccwF8Rll.s 			page 15


 316 0010 01       		.byte	0x1
 317 0011 F6000000 		.4byte	.LASF33
 318 0015 35020000 		.4byte	.LASF34
 319 0019 00000000 		.4byte	.Ldebug_ranges0+0
 320 001d 00000000 		.4byte	0
 321 0021 00000000 		.4byte	.Ldebug_line0
 322 0025 02       		.uleb128 0x2
 323 0026 01       		.byte	0x1
 324 0027 06       		.byte	0x6
 325 0028 9F020000 		.4byte	.LASF0
 326 002c 02       		.uleb128 0x2
 327 002d 01       		.byte	0x1
 328 002e 08       		.byte	0x8
 329 002f 87010000 		.4byte	.LASF1
 330 0033 02       		.uleb128 0x2
 331 0034 02       		.byte	0x2
 332 0035 05       		.byte	0x5
 333 0036 09020000 		.4byte	.LASF2
 334 003a 02       		.uleb128 0x2
 335 003b 02       		.byte	0x2
 336 003c 07       		.byte	0x7
 337 003d BE000000 		.4byte	.LASF3
 338 0041 02       		.uleb128 0x2
 339 0042 04       		.byte	0x4
 340 0043 05       		.byte	0x5
 341 0044 2C020000 		.4byte	.LASF4
 342 0048 02       		.uleb128 0x2
 343 0049 04       		.byte	0x4
 344 004a 07       		.byte	0x7
 345 004b 48010000 		.4byte	.LASF5
 346 004f 02       		.uleb128 0x2
 347 0050 08       		.byte	0x8
 348 0051 05       		.byte	0x5
 349 0052 F6010000 		.4byte	.LASF6
 350 0056 02       		.uleb128 0x2
 351 0057 08       		.byte	0x8
 352 0058 07       		.byte	0x7
 353 0059 D6010000 		.4byte	.LASF7
 354 005d 03       		.uleb128 0x3
 355 005e 04       		.byte	0x4
 356 005f 05       		.byte	0x5
 357 0060 696E7400 		.ascii	"int\000"
 358 0064 02       		.uleb128 0x2
 359 0065 04       		.byte	0x4
 360 0066 07       		.byte	0x7
 361 0067 D1000000 		.4byte	.LASF8
 362 006b 04       		.uleb128 0x4
 363 006c 5A010000 		.4byte	.LASF9
 364 0070 02       		.byte	0x2
 365 0071 3801     		.2byte	0x138
 366 0073 2C000000 		.4byte	0x2c
 367 0077 04       		.uleb128 0x4
 368 0078 9C010000 		.4byte	.LASF10
 369 007c 02       		.byte	0x2
 370 007d 3A01     		.2byte	0x13a
 371 007f 48000000 		.4byte	0x48
 372 0083 02       		.uleb128 0x2
ARM GAS  C:\Users\Jarik\AppData\Local\Temp\ccwF8Rll.s 			page 16


 373 0084 04       		.byte	0x4
 374 0085 04       		.byte	0x4
 375 0086 3D010000 		.4byte	.LASF11
 376 008a 02       		.uleb128 0x2
 377 008b 08       		.byte	0x8
 378 008c 04       		.byte	0x4
 379 008d 95010000 		.4byte	.LASF12
 380 0091 02       		.uleb128 0x2
 381 0092 01       		.byte	0x1
 382 0093 08       		.byte	0x8
 383 0094 04020000 		.4byte	.LASF13
 384 0098 04       		.uleb128 0x4
 385 0099 00000000 		.4byte	.LASF14
 386 009d 02       		.byte	0x2
 387 009e E401     		.2byte	0x1e4
 388 00a0 A4000000 		.4byte	0xa4
 389 00a4 05       		.uleb128 0x5
 390 00a5 77000000 		.4byte	0x77
 391 00a9 02       		.uleb128 0x2
 392 00aa 04       		.byte	0x4
 393 00ab 07       		.byte	0x7
 394 00ac ED010000 		.4byte	.LASF15
 395 00b0 06       		.uleb128 0x6
 396 00b1 DE000000 		.4byte	.LASF16
 397 00b5 01       		.byte	0x1
 398 00b6 45       		.byte	0x45
 399 00b7 77000000 		.4byte	0x77
 400 00bb 00000000 		.4byte	.LFB0
 401 00bf 0C000000 		.4byte	.LFE0-.LFB0
 402 00c3 01       		.uleb128 0x1
 403 00c4 9C       		.byte	0x9c
 404 00c5 D9000000 		.4byte	0xd9
 405 00c9 07       		.uleb128 0x7
 406 00ca 7A010000 		.4byte	.LASF18
 407 00ce 01       		.byte	0x1
 408 00cf 47       		.byte	0x47
 409 00d0 77000000 		.4byte	0x77
 410 00d4 00000000 		.4byte	.LLST0
 411 00d8 00       		.byte	0
 412 00d9 06       		.uleb128 0x6
 413 00da 20010000 		.4byte	.LASF17
 414 00de 01       		.byte	0x1
 415 00df 8D       		.byte	0x8d
 416 00e0 77000000 		.4byte	0x77
 417 00e4 00000000 		.4byte	.LFB1
 418 00e8 10000000 		.4byte	.LFE1-.LFB1
 419 00ec 01       		.uleb128 0x1
 420 00ed 9C       		.byte	0x9c
 421 00ee 02010000 		.4byte	0x102
 422 00f2 07       		.uleb128 0x7
 423 00f3 43010000 		.4byte	.LASF19
 424 00f7 01       		.byte	0x1
 425 00f8 8F       		.byte	0x8f
 426 00f9 77000000 		.4byte	0x77
 427 00fd 1F000000 		.4byte	.LLST1
 428 0101 00       		.byte	0
 429 0102 08       		.uleb128 0x8
ARM GAS  C:\Users\Jarik\AppData\Local\Temp\ccwF8Rll.s 			page 17


 430 0103 6A020000 		.4byte	.LASF26
 431 0107 01       		.byte	0x1
 432 0108 B9       		.byte	0xb9
 433 0109 00000000 		.4byte	.LFB2
 434 010d 20000000 		.4byte	.LFE2-.LFB2
 435 0111 01       		.uleb128 0x1
 436 0112 9C       		.byte	0x9c
 437 0113 09       		.uleb128 0x9
 438 0114 13020000 		.4byte	.LASF20
 439 0118 01       		.byte	0x1
 440 0119 EF       		.byte	0xef
 441 011a 00000000 		.4byte	.LFB3
 442 011e 1C000000 		.4byte	.LFE3-.LFB3
 443 0122 01       		.uleb128 0x1
 444 0123 9C       		.byte	0x9c
 445 0124 36010000 		.4byte	0x136
 446 0128 0A       		.uleb128 0xa
 447 0129 B7000000 		.4byte	.LASF22
 448 012d 01       		.byte	0x1
 449 012e EF       		.byte	0xef
 450 012f 77000000 		.4byte	0x77
 451 0133 01       		.uleb128 0x1
 452 0134 50       		.byte	0x50
 453 0135 00       		.byte	0
 454 0136 0B       		.uleb128 0xb
 455 0137 AB020000 		.4byte	.LASF21
 456 013b 01       		.byte	0x1
 457 013c 3F01     		.2byte	0x13f
 458 013e 00000000 		.4byte	.LFB4
 459 0142 16000000 		.4byte	.LFE4-.LFB4
 460 0146 01       		.uleb128 0x1
 461 0147 9C       		.byte	0x9c
 462 0148 84010000 		.4byte	0x184
 463 014c 0C       		.uleb128 0xc
 464 014d 81010000 		.4byte	.LASF23
 465 0151 01       		.byte	0x1
 466 0152 3F01     		.2byte	0x13f
 467 0154 84010000 		.4byte	0x184
 468 0158 41000000 		.4byte	.LLST2
 469 015c 0C       		.uleb128 0xc
 470 015d B1000000 		.4byte	.LASF24
 471 0161 01       		.byte	0x1
 472 0162 3F01     		.2byte	0x13f
 473 0164 77000000 		.4byte	0x77
 474 0168 62000000 		.4byte	.LLST3
 475 016c 0D       		.uleb128 0xd
 476 016d 6900     		.ascii	"i\000"
 477 016f 01       		.byte	0x1
 478 0170 4101     		.2byte	0x141
 479 0172 77000000 		.4byte	0x77
 480 0176 83000000 		.4byte	.LLST4
 481 017a 0E       		.uleb128 0xe
 482 017b 10000000 		.4byte	.LVL7
 483 017f 13010000 		.4byte	0x113
 484 0183 00       		.byte	0
 485 0184 0F       		.uleb128 0xf
 486 0185 04       		.byte	0x4
ARM GAS  C:\Users\Jarik\AppData\Local\Temp\ccwF8Rll.s 			page 18


 487 0186 8A010000 		.4byte	0x18a
 488 018a 10       		.uleb128 0x10
 489 018b 6B000000 		.4byte	0x6b
 490 018f 11       		.uleb128 0x11
 491 0190 94000000 		.4byte	.LASF25
 492 0194 01       		.byte	0x1
 493 0195 5E01     		.2byte	0x15e
 494 0197 77000000 		.4byte	0x77
 495 019b 00000000 		.4byte	.LFB5
 496 019f 10000000 		.4byte	.LFE5-.LFB5
 497 01a3 01       		.uleb128 0x1
 498 01a4 9C       		.byte	0x9c
 499 01a5 BA010000 		.4byte	0x1ba
 500 01a9 12       		.uleb128 0x12
 501 01aa 43010000 		.4byte	.LASF19
 502 01ae 01       		.byte	0x1
 503 01af 6001     		.2byte	0x160
 504 01b1 77000000 		.4byte	0x77
 505 01b5 CC000000 		.4byte	.LLST5
 506 01b9 00       		.byte	0
 507 01ba 13       		.uleb128 0x13
 508 01bb A3010000 		.4byte	.LASF27
 509 01bf 01       		.byte	0x1
 510 01c0 8B01     		.2byte	0x18b
 511 01c2 00000000 		.4byte	.LFB6
 512 01c6 20000000 		.4byte	.LFE6-.LFB6
 513 01ca 01       		.uleb128 0x1
 514 01cb 9C       		.byte	0x9c
 515 01cc 11       		.uleb128 0x11
 516 01cd 60010000 		.4byte	.LASF28
 517 01d1 01       		.byte	0x1
 518 01d2 B401     		.2byte	0x1b4
 519 01d4 77000000 		.4byte	0x77
 520 01d8 00000000 		.4byte	.LFB7
 521 01dc 10000000 		.4byte	.LFE7-.LFB7
 522 01e0 01       		.uleb128 0x1
 523 01e1 9C       		.byte	0x9c
 524 01e2 F5010000 		.4byte	0x1f5
 525 01e6 14       		.uleb128 0x14
 526 01e7 CC010000 		.4byte	.LASF29
 527 01eb 01       		.byte	0x1
 528 01ec B601     		.2byte	0x1b6
 529 01ee 77000000 		.4byte	0x77
 530 01f2 01       		.uleb128 0x1
 531 01f3 50       		.byte	0x50
 532 01f4 00       		.byte	0
 533 01f5 15       		.uleb128 0x15
 534 01f6 85020000 		.4byte	.LASF30
 535 01fa 01       		.byte	0x1
 536 01fb CE01     		.2byte	0x1ce
 537 01fd 77000000 		.4byte	0x77
 538 0201 00000000 		.4byte	.LFB8
 539 0205 10000000 		.4byte	.LFE8-.LFB8
 540 0209 01       		.uleb128 0x1
 541 020a 9C       		.byte	0x9c
 542 020b 14       		.uleb128 0x14
 543 020c BE010000 		.4byte	.LASF31
ARM GAS  C:\Users\Jarik\AppData\Local\Temp\ccwF8Rll.s 			page 19


 544 0210 01       		.byte	0x1
 545 0211 D001     		.2byte	0x1d0
 546 0213 77000000 		.4byte	0x77
 547 0217 01       		.uleb128 0x1
 548 0218 50       		.byte	0x50
 549 0219 00       		.byte	0
 550 021a 00       		.byte	0
 551              		.section	.debug_abbrev,"",%progbits
 552              	.Ldebug_abbrev0:
 553 0000 01       		.uleb128 0x1
 554 0001 11       		.uleb128 0x11
 555 0002 01       		.byte	0x1
 556 0003 25       		.uleb128 0x25
 557 0004 0E       		.uleb128 0xe
 558 0005 13       		.uleb128 0x13
 559 0006 0B       		.uleb128 0xb
 560 0007 03       		.uleb128 0x3
 561 0008 0E       		.uleb128 0xe
 562 0009 1B       		.uleb128 0x1b
 563 000a 0E       		.uleb128 0xe
 564 000b 55       		.uleb128 0x55
 565 000c 17       		.uleb128 0x17
 566 000d 11       		.uleb128 0x11
 567 000e 01       		.uleb128 0x1
 568 000f 10       		.uleb128 0x10
 569 0010 17       		.uleb128 0x17
 570 0011 00       		.byte	0
 571 0012 00       		.byte	0
 572 0013 02       		.uleb128 0x2
 573 0014 24       		.uleb128 0x24
 574 0015 00       		.byte	0
 575 0016 0B       		.uleb128 0xb
 576 0017 0B       		.uleb128 0xb
 577 0018 3E       		.uleb128 0x3e
 578 0019 0B       		.uleb128 0xb
 579 001a 03       		.uleb128 0x3
 580 001b 0E       		.uleb128 0xe
 581 001c 00       		.byte	0
 582 001d 00       		.byte	0
 583 001e 03       		.uleb128 0x3
 584 001f 24       		.uleb128 0x24
 585 0020 00       		.byte	0
 586 0021 0B       		.uleb128 0xb
 587 0022 0B       		.uleb128 0xb
 588 0023 3E       		.uleb128 0x3e
 589 0024 0B       		.uleb128 0xb
 590 0025 03       		.uleb128 0x3
 591 0026 08       		.uleb128 0x8
 592 0027 00       		.byte	0
 593 0028 00       		.byte	0
 594 0029 04       		.uleb128 0x4
 595 002a 16       		.uleb128 0x16
 596 002b 00       		.byte	0
 597 002c 03       		.uleb128 0x3
 598 002d 0E       		.uleb128 0xe
 599 002e 3A       		.uleb128 0x3a
 600 002f 0B       		.uleb128 0xb
ARM GAS  C:\Users\Jarik\AppData\Local\Temp\ccwF8Rll.s 			page 20


 601 0030 3B       		.uleb128 0x3b
 602 0031 05       		.uleb128 0x5
 603 0032 49       		.uleb128 0x49
 604 0033 13       		.uleb128 0x13
 605 0034 00       		.byte	0
 606 0035 00       		.byte	0
 607 0036 05       		.uleb128 0x5
 608 0037 35       		.uleb128 0x35
 609 0038 00       		.byte	0
 610 0039 49       		.uleb128 0x49
 611 003a 13       		.uleb128 0x13
 612 003b 00       		.byte	0
 613 003c 00       		.byte	0
 614 003d 06       		.uleb128 0x6
 615 003e 2E       		.uleb128 0x2e
 616 003f 01       		.byte	0x1
 617 0040 3F       		.uleb128 0x3f
 618 0041 19       		.uleb128 0x19
 619 0042 03       		.uleb128 0x3
 620 0043 0E       		.uleb128 0xe
 621 0044 3A       		.uleb128 0x3a
 622 0045 0B       		.uleb128 0xb
 623 0046 3B       		.uleb128 0x3b
 624 0047 0B       		.uleb128 0xb
 625 0048 27       		.uleb128 0x27
 626 0049 19       		.uleb128 0x19
 627 004a 49       		.uleb128 0x49
 628 004b 13       		.uleb128 0x13
 629 004c 11       		.uleb128 0x11
 630 004d 01       		.uleb128 0x1
 631 004e 12       		.uleb128 0x12
 632 004f 06       		.uleb128 0x6
 633 0050 40       		.uleb128 0x40
 634 0051 18       		.uleb128 0x18
 635 0052 9742     		.uleb128 0x2117
 636 0054 19       		.uleb128 0x19
 637 0055 01       		.uleb128 0x1
 638 0056 13       		.uleb128 0x13
 639 0057 00       		.byte	0
 640 0058 00       		.byte	0
 641 0059 07       		.uleb128 0x7
 642 005a 34       		.uleb128 0x34
 643 005b 00       		.byte	0
 644 005c 03       		.uleb128 0x3
 645 005d 0E       		.uleb128 0xe
 646 005e 3A       		.uleb128 0x3a
 647 005f 0B       		.uleb128 0xb
 648 0060 3B       		.uleb128 0x3b
 649 0061 0B       		.uleb128 0xb
 650 0062 49       		.uleb128 0x49
 651 0063 13       		.uleb128 0x13
 652 0064 02       		.uleb128 0x2
 653 0065 17       		.uleb128 0x17
 654 0066 00       		.byte	0
 655 0067 00       		.byte	0
 656 0068 08       		.uleb128 0x8
 657 0069 2E       		.uleb128 0x2e
ARM GAS  C:\Users\Jarik\AppData\Local\Temp\ccwF8Rll.s 			page 21


 658 006a 00       		.byte	0
 659 006b 3F       		.uleb128 0x3f
 660 006c 19       		.uleb128 0x19
 661 006d 03       		.uleb128 0x3
 662 006e 0E       		.uleb128 0xe
 663 006f 3A       		.uleb128 0x3a
 664 0070 0B       		.uleb128 0xb
 665 0071 3B       		.uleb128 0x3b
 666 0072 0B       		.uleb128 0xb
 667 0073 27       		.uleb128 0x27
 668 0074 19       		.uleb128 0x19
 669 0075 11       		.uleb128 0x11
 670 0076 01       		.uleb128 0x1
 671 0077 12       		.uleb128 0x12
 672 0078 06       		.uleb128 0x6
 673 0079 40       		.uleb128 0x40
 674 007a 18       		.uleb128 0x18
 675 007b 9742     		.uleb128 0x2117
 676 007d 19       		.uleb128 0x19
 677 007e 00       		.byte	0
 678 007f 00       		.byte	0
 679 0080 09       		.uleb128 0x9
 680 0081 2E       		.uleb128 0x2e
 681 0082 01       		.byte	0x1
 682 0083 3F       		.uleb128 0x3f
 683 0084 19       		.uleb128 0x19
 684 0085 03       		.uleb128 0x3
 685 0086 0E       		.uleb128 0xe
 686 0087 3A       		.uleb128 0x3a
 687 0088 0B       		.uleb128 0xb
 688 0089 3B       		.uleb128 0x3b
 689 008a 0B       		.uleb128 0xb
 690 008b 27       		.uleb128 0x27
 691 008c 19       		.uleb128 0x19
 692 008d 11       		.uleb128 0x11
 693 008e 01       		.uleb128 0x1
 694 008f 12       		.uleb128 0x12
 695 0090 06       		.uleb128 0x6
 696 0091 40       		.uleb128 0x40
 697 0092 18       		.uleb128 0x18
 698 0093 9742     		.uleb128 0x2117
 699 0095 19       		.uleb128 0x19
 700 0096 01       		.uleb128 0x1
 701 0097 13       		.uleb128 0x13
 702 0098 00       		.byte	0
 703 0099 00       		.byte	0
 704 009a 0A       		.uleb128 0xa
 705 009b 05       		.uleb128 0x5
 706 009c 00       		.byte	0
 707 009d 03       		.uleb128 0x3
 708 009e 0E       		.uleb128 0xe
 709 009f 3A       		.uleb128 0x3a
 710 00a0 0B       		.uleb128 0xb
 711 00a1 3B       		.uleb128 0x3b
 712 00a2 0B       		.uleb128 0xb
 713 00a3 49       		.uleb128 0x49
 714 00a4 13       		.uleb128 0x13
ARM GAS  C:\Users\Jarik\AppData\Local\Temp\ccwF8Rll.s 			page 22


 715 00a5 02       		.uleb128 0x2
 716 00a6 18       		.uleb128 0x18
 717 00a7 00       		.byte	0
 718 00a8 00       		.byte	0
 719 00a9 0B       		.uleb128 0xb
 720 00aa 2E       		.uleb128 0x2e
 721 00ab 01       		.byte	0x1
 722 00ac 3F       		.uleb128 0x3f
 723 00ad 19       		.uleb128 0x19
 724 00ae 03       		.uleb128 0x3
 725 00af 0E       		.uleb128 0xe
 726 00b0 3A       		.uleb128 0x3a
 727 00b1 0B       		.uleb128 0xb
 728 00b2 3B       		.uleb128 0x3b
 729 00b3 05       		.uleb128 0x5
 730 00b4 27       		.uleb128 0x27
 731 00b5 19       		.uleb128 0x19
 732 00b6 11       		.uleb128 0x11
 733 00b7 01       		.uleb128 0x1
 734 00b8 12       		.uleb128 0x12
 735 00b9 06       		.uleb128 0x6
 736 00ba 40       		.uleb128 0x40
 737 00bb 18       		.uleb128 0x18
 738 00bc 9742     		.uleb128 0x2117
 739 00be 19       		.uleb128 0x19
 740 00bf 01       		.uleb128 0x1
 741 00c0 13       		.uleb128 0x13
 742 00c1 00       		.byte	0
 743 00c2 00       		.byte	0
 744 00c3 0C       		.uleb128 0xc
 745 00c4 05       		.uleb128 0x5
 746 00c5 00       		.byte	0
 747 00c6 03       		.uleb128 0x3
 748 00c7 0E       		.uleb128 0xe
 749 00c8 3A       		.uleb128 0x3a
 750 00c9 0B       		.uleb128 0xb
 751 00ca 3B       		.uleb128 0x3b
 752 00cb 05       		.uleb128 0x5
 753 00cc 49       		.uleb128 0x49
 754 00cd 13       		.uleb128 0x13
 755 00ce 02       		.uleb128 0x2
 756 00cf 17       		.uleb128 0x17
 757 00d0 00       		.byte	0
 758 00d1 00       		.byte	0
 759 00d2 0D       		.uleb128 0xd
 760 00d3 34       		.uleb128 0x34
 761 00d4 00       		.byte	0
 762 00d5 03       		.uleb128 0x3
 763 00d6 08       		.uleb128 0x8
 764 00d7 3A       		.uleb128 0x3a
 765 00d8 0B       		.uleb128 0xb
 766 00d9 3B       		.uleb128 0x3b
 767 00da 05       		.uleb128 0x5
 768 00db 49       		.uleb128 0x49
 769 00dc 13       		.uleb128 0x13
 770 00dd 02       		.uleb128 0x2
 771 00de 17       		.uleb128 0x17
ARM GAS  C:\Users\Jarik\AppData\Local\Temp\ccwF8Rll.s 			page 23


 772 00df 00       		.byte	0
 773 00e0 00       		.byte	0
 774 00e1 0E       		.uleb128 0xe
 775 00e2 898201   		.uleb128 0x4109
 776 00e5 00       		.byte	0
 777 00e6 11       		.uleb128 0x11
 778 00e7 01       		.uleb128 0x1
 779 00e8 31       		.uleb128 0x31
 780 00e9 13       		.uleb128 0x13
 781 00ea 00       		.byte	0
 782 00eb 00       		.byte	0
 783 00ec 0F       		.uleb128 0xf
 784 00ed 0F       		.uleb128 0xf
 785 00ee 00       		.byte	0
 786 00ef 0B       		.uleb128 0xb
 787 00f0 0B       		.uleb128 0xb
 788 00f1 49       		.uleb128 0x49
 789 00f2 13       		.uleb128 0x13
 790 00f3 00       		.byte	0
 791 00f4 00       		.byte	0
 792 00f5 10       		.uleb128 0x10
 793 00f6 26       		.uleb128 0x26
 794 00f7 00       		.byte	0
 795 00f8 49       		.uleb128 0x49
 796 00f9 13       		.uleb128 0x13
 797 00fa 00       		.byte	0
 798 00fb 00       		.byte	0
 799 00fc 11       		.uleb128 0x11
 800 00fd 2E       		.uleb128 0x2e
 801 00fe 01       		.byte	0x1
 802 00ff 3F       		.uleb128 0x3f
 803 0100 19       		.uleb128 0x19
 804 0101 03       		.uleb128 0x3
 805 0102 0E       		.uleb128 0xe
 806 0103 3A       		.uleb128 0x3a
 807 0104 0B       		.uleb128 0xb
 808 0105 3B       		.uleb128 0x3b
 809 0106 05       		.uleb128 0x5
 810 0107 27       		.uleb128 0x27
 811 0108 19       		.uleb128 0x19
 812 0109 49       		.uleb128 0x49
 813 010a 13       		.uleb128 0x13
 814 010b 11       		.uleb128 0x11
 815 010c 01       		.uleb128 0x1
 816 010d 12       		.uleb128 0x12
 817 010e 06       		.uleb128 0x6
 818 010f 40       		.uleb128 0x40
 819 0110 18       		.uleb128 0x18
 820 0111 9742     		.uleb128 0x2117
 821 0113 19       		.uleb128 0x19
 822 0114 01       		.uleb128 0x1
 823 0115 13       		.uleb128 0x13
 824 0116 00       		.byte	0
 825 0117 00       		.byte	0
 826 0118 12       		.uleb128 0x12
 827 0119 34       		.uleb128 0x34
 828 011a 00       		.byte	0
ARM GAS  C:\Users\Jarik\AppData\Local\Temp\ccwF8Rll.s 			page 24


 829 011b 03       		.uleb128 0x3
 830 011c 0E       		.uleb128 0xe
 831 011d 3A       		.uleb128 0x3a
 832 011e 0B       		.uleb128 0xb
 833 011f 3B       		.uleb128 0x3b
 834 0120 05       		.uleb128 0x5
 835 0121 49       		.uleb128 0x49
 836 0122 13       		.uleb128 0x13
 837 0123 02       		.uleb128 0x2
 838 0124 17       		.uleb128 0x17
 839 0125 00       		.byte	0
 840 0126 00       		.byte	0
 841 0127 13       		.uleb128 0x13
 842 0128 2E       		.uleb128 0x2e
 843 0129 00       		.byte	0
 844 012a 3F       		.uleb128 0x3f
 845 012b 19       		.uleb128 0x19
 846 012c 03       		.uleb128 0x3
 847 012d 0E       		.uleb128 0xe
 848 012e 3A       		.uleb128 0x3a
 849 012f 0B       		.uleb128 0xb
 850 0130 3B       		.uleb128 0x3b
 851 0131 05       		.uleb128 0x5
 852 0132 27       		.uleb128 0x27
 853 0133 19       		.uleb128 0x19
 854 0134 11       		.uleb128 0x11
 855 0135 01       		.uleb128 0x1
 856 0136 12       		.uleb128 0x12
 857 0137 06       		.uleb128 0x6
 858 0138 40       		.uleb128 0x40
 859 0139 18       		.uleb128 0x18
 860 013a 9742     		.uleb128 0x2117
 861 013c 19       		.uleb128 0x19
 862 013d 00       		.byte	0
 863 013e 00       		.byte	0
 864 013f 14       		.uleb128 0x14
 865 0140 34       		.uleb128 0x34
 866 0141 00       		.byte	0
 867 0142 03       		.uleb128 0x3
 868 0143 0E       		.uleb128 0xe
 869 0144 3A       		.uleb128 0x3a
 870 0145 0B       		.uleb128 0xb
 871 0146 3B       		.uleb128 0x3b
 872 0147 05       		.uleb128 0x5
 873 0148 49       		.uleb128 0x49
 874 0149 13       		.uleb128 0x13
 875 014a 02       		.uleb128 0x2
 876 014b 18       		.uleb128 0x18
 877 014c 00       		.byte	0
 878 014d 00       		.byte	0
 879 014e 15       		.uleb128 0x15
 880 014f 2E       		.uleb128 0x2e
 881 0150 01       		.byte	0x1
 882 0151 3F       		.uleb128 0x3f
 883 0152 19       		.uleb128 0x19
 884 0153 03       		.uleb128 0x3
 885 0154 0E       		.uleb128 0xe
ARM GAS  C:\Users\Jarik\AppData\Local\Temp\ccwF8Rll.s 			page 25


 886 0155 3A       		.uleb128 0x3a
 887 0156 0B       		.uleb128 0xb
 888 0157 3B       		.uleb128 0x3b
 889 0158 05       		.uleb128 0x5
 890 0159 27       		.uleb128 0x27
 891 015a 19       		.uleb128 0x19
 892 015b 49       		.uleb128 0x49
 893 015c 13       		.uleb128 0x13
 894 015d 11       		.uleb128 0x11
 895 015e 01       		.uleb128 0x1
 896 015f 12       		.uleb128 0x12
 897 0160 06       		.uleb128 0x6
 898 0161 40       		.uleb128 0x40
 899 0162 18       		.uleb128 0x18
 900 0163 9742     		.uleb128 0x2117
 901 0165 19       		.uleb128 0x19
 902 0166 00       		.byte	0
 903 0167 00       		.byte	0
 904 0168 00       		.byte	0
 905              		.section	.debug_loc,"",%progbits
 906              	.Ldebug_loc0:
 907              	.LLST0:
 908 0000 00000000 		.4byte	.LVL0
 909 0004 04000000 		.4byte	.LVL1
 910 0008 0200     		.2byte	0x2
 911 000a 30       		.byte	0x30
 912 000b 9F       		.byte	0x9f
 913 000c 04000000 		.4byte	.LVL1
 914 0010 0C000000 		.4byte	.LFE0
 915 0014 0100     		.2byte	0x1
 916 0016 50       		.byte	0x50
 917 0017 00000000 		.4byte	0
 918 001b 00000000 		.4byte	0
 919              	.LLST1:
 920 001f 04000000 		.4byte	.LVL2
 921 0023 08000000 		.4byte	.LVL3
 922 0027 0500     		.2byte	0x5
 923 0029 70       		.byte	0x70
 924 002a 00       		.sleb128 0
 925 002b 3F       		.byte	0x3f
 926 002c 1A       		.byte	0x1a
 927 002d 9F       		.byte	0x9f
 928 002e 08000000 		.4byte	.LVL3
 929 0032 10000000 		.4byte	.LFE1
 930 0036 0100     		.2byte	0x1
 931 0038 50       		.byte	0x50
 932 0039 00000000 		.4byte	0
 933 003d 00000000 		.4byte	0
 934              	.LLST2:
 935 0041 00000000 		.4byte	.LVL5
 936 0045 06000000 		.4byte	.LVL6
 937 0049 0100     		.2byte	0x1
 938 004b 50       		.byte	0x50
 939 004c 06000000 		.4byte	.LVL6
 940 0050 16000000 		.4byte	.LFE4
 941 0054 0400     		.2byte	0x4
 942 0056 F3       		.byte	0xf3
ARM GAS  C:\Users\Jarik\AppData\Local\Temp\ccwF8Rll.s 			page 26


 943 0057 01       		.uleb128 0x1
 944 0058 50       		.byte	0x50
 945 0059 9F       		.byte	0x9f
 946 005a 00000000 		.4byte	0
 947 005e 00000000 		.4byte	0
 948              	.LLST3:
 949 0062 00000000 		.4byte	.LVL5
 950 0066 06000000 		.4byte	.LVL6
 951 006a 0100     		.2byte	0x1
 952 006c 51       		.byte	0x51
 953 006d 06000000 		.4byte	.LVL6
 954 0071 16000000 		.4byte	.LFE4
 955 0075 0400     		.2byte	0x4
 956 0077 F3       		.byte	0xf3
 957 0078 01       		.uleb128 0x1
 958 0079 51       		.byte	0x51
 959 007a 9F       		.byte	0x9f
 960 007b 00000000 		.4byte	0
 961 007f 00000000 		.4byte	0
 962              	.LLST4:
 963 0083 00000000 		.4byte	.LVL5
 964 0087 06000000 		.4byte	.LVL6
 965 008b 0200     		.2byte	0x2
 966 008d 30       		.byte	0x30
 967 008e 9F       		.byte	0x9f
 968 008f 06000000 		.4byte	.LVL6
 969 0093 10000000 		.4byte	.LVL7
 970 0097 0700     		.2byte	0x7
 971 0099 74       		.byte	0x74
 972 009a 00       		.sleb128 0
 973 009b F3       		.byte	0xf3
 974 009c 01       		.uleb128 0x1
 975 009d 50       		.byte	0x50
 976 009e 1C       		.byte	0x1c
 977 009f 9F       		.byte	0x9f
 978 00a0 10000000 		.4byte	.LVL7
 979 00a4 12000000 		.4byte	.LVL8
 980 00a8 0900     		.2byte	0x9
 981 00aa 74       		.byte	0x74
 982 00ab 00       		.sleb128 0
 983 00ac F3       		.byte	0xf3
 984 00ad 01       		.uleb128 0x1
 985 00ae 50       		.byte	0x50
 986 00af 1C       		.byte	0x1c
 987 00b0 23       		.byte	0x23
 988 00b1 01       		.uleb128 0x1
 989 00b2 9F       		.byte	0x9f
 990 00b3 12000000 		.4byte	.LVL8
 991 00b7 14000000 		.4byte	.LVL9
 992 00bb 0700     		.2byte	0x7
 993 00bd 74       		.byte	0x74
 994 00be 00       		.sleb128 0
 995 00bf F3       		.byte	0xf3
 996 00c0 01       		.uleb128 0x1
 997 00c1 50       		.byte	0x50
 998 00c2 1C       		.byte	0x1c
 999 00c3 9F       		.byte	0x9f
ARM GAS  C:\Users\Jarik\AppData\Local\Temp\ccwF8Rll.s 			page 27


 1000 00c4 00000000 		.4byte	0
 1001 00c8 00000000 		.4byte	0
 1002              	.LLST5:
 1003 00cc 04000000 		.4byte	.LVL10
 1004 00d0 08000000 		.4byte	.LVL11
 1005 00d4 0500     		.2byte	0x5
 1006 00d6 70       		.byte	0x70
 1007 00d7 00       		.sleb128 0
 1008 00d8 3F       		.byte	0x3f
 1009 00d9 1A       		.byte	0x1a
 1010 00da 9F       		.byte	0x9f
 1011 00db 08000000 		.4byte	.LVL11
 1012 00df 10000000 		.4byte	.LFE5
 1013 00e3 0100     		.2byte	0x1
 1014 00e5 50       		.byte	0x50
 1015 00e6 00000000 		.4byte	0
 1016 00ea 00000000 		.4byte	0
 1017              		.section	.debug_aranges,"",%progbits
 1018 0000 5C000000 		.4byte	0x5c
 1019 0004 0200     		.2byte	0x2
 1020 0006 00000000 		.4byte	.Ldebug_info0
 1021 000a 04       		.byte	0x4
 1022 000b 00       		.byte	0
 1023 000c 0000     		.2byte	0
 1024 000e 0000     		.2byte	0
 1025 0010 00000000 		.4byte	.LFB0
 1026 0014 0C000000 		.4byte	.LFE0-.LFB0
 1027 0018 00000000 		.4byte	.LFB1
 1028 001c 10000000 		.4byte	.LFE1-.LFB1
 1029 0020 00000000 		.4byte	.LFB2
 1030 0024 20000000 		.4byte	.LFE2-.LFB2
 1031 0028 00000000 		.4byte	.LFB3
 1032 002c 1C000000 		.4byte	.LFE3-.LFB3
 1033 0030 00000000 		.4byte	.LFB4
 1034 0034 16000000 		.4byte	.LFE4-.LFB4
 1035 0038 00000000 		.4byte	.LFB5
 1036 003c 10000000 		.4byte	.LFE5-.LFB5
 1037 0040 00000000 		.4byte	.LFB6
 1038 0044 20000000 		.4byte	.LFE6-.LFB6
 1039 0048 00000000 		.4byte	.LFB7
 1040 004c 10000000 		.4byte	.LFE7-.LFB7
 1041 0050 00000000 		.4byte	.LFB8
 1042 0054 10000000 		.4byte	.LFE8-.LFB8
 1043 0058 00000000 		.4byte	0
 1044 005c 00000000 		.4byte	0
 1045              		.section	.debug_ranges,"",%progbits
 1046              	.Ldebug_ranges0:
 1047 0000 00000000 		.4byte	.LFB0
 1048 0004 0C000000 		.4byte	.LFE0
 1049 0008 00000000 		.4byte	.LFB1
 1050 000c 10000000 		.4byte	.LFE1
 1051 0010 00000000 		.4byte	.LFB2
 1052 0014 20000000 		.4byte	.LFE2
 1053 0018 00000000 		.4byte	.LFB3
 1054 001c 1C000000 		.4byte	.LFE3
 1055 0020 00000000 		.4byte	.LFB4
 1056 0024 16000000 		.4byte	.LFE4
ARM GAS  C:\Users\Jarik\AppData\Local\Temp\ccwF8Rll.s 			page 28


 1057 0028 00000000 		.4byte	.LFB5
 1058 002c 10000000 		.4byte	.LFE5
 1059 0030 00000000 		.4byte	.LFB6
 1060 0034 20000000 		.4byte	.LFE6
 1061 0038 00000000 		.4byte	.LFB7
 1062 003c 10000000 		.4byte	.LFE7
 1063 0040 00000000 		.4byte	.LFB8
 1064 0044 10000000 		.4byte	.LFE8
 1065 0048 00000000 		.4byte	0
 1066 004c 00000000 		.4byte	0
 1067              		.section	.debug_line,"",%progbits
 1068              	.Ldebug_line0:
 1069 0000 3A010000 		.section	.debug_str,"MS",%progbits,1
 1069      02006400 
 1069      00000201 
 1069      FB0E0D00 
 1069      01010101 
 1070              	.LASF14:
 1071 0000 72656733 		.ascii	"reg32\000"
 1071      3200
 1072              	.LASF32:
 1073 0006 474E5520 		.ascii	"GNU C 4.9.3 20150303 (release) [ARM/embedded-4_9-br"
 1073      4320342E 
 1073      392E3320 
 1073      32303135 
 1073      30333033 
 1074 0039 616E6368 		.ascii	"anch revision 221220] -mcpu=cortex-m0 -mthumb -g -O"
 1074      20726576 
 1074      6973696F 
 1074      6E203232 
 1074      31323230 
 1075 006c 73202D66 		.ascii	"s -ffunction-sections -ffat-lto-objects\000"
 1075      66756E63 
 1075      74696F6E 
 1075      2D736563 
 1075      74696F6E 
 1076              	.LASF25:
 1077 0094 5350495F 		.ascii	"SPI_1_SpiUartGetTxBufferSize\000"
 1077      315F5370 
 1077      69556172 
 1077      74476574 
 1077      54784275 
 1078              	.LASF24:
 1079 00b1 636F756E 		.ascii	"count\000"
 1079      7400
 1080              	.LASF22:
 1081 00b7 74784461 		.ascii	"txData\000"
 1081      746100
 1082              	.LASF3:
 1083 00be 73686F72 		.ascii	"short unsigned int\000"
 1083      7420756E 
 1083      7369676E 
 1083      65642069 
 1083      6E7400
 1084              	.LASF8:
 1085 00d1 756E7369 		.ascii	"unsigned int\000"
 1085      676E6564 
ARM GAS  C:\Users\Jarik\AppData\Local\Temp\ccwF8Rll.s 			page 29


 1085      20696E74 
 1085      00
 1086              	.LASF16:
 1087 00de 5350495F 		.ascii	"SPI_1_SpiUartReadRxData\000"
 1087      315F5370 
 1087      69556172 
 1087      74526561 
 1087      64527844 
 1088              	.LASF33:
 1089 00f6 2E5C4765 		.ascii	".\\Generated_Source\\PSoC4\\SPI_1_SPI_UART.c\000"
 1089      6E657261 
 1089      7465645F 
 1089      536F7572 
 1089      63655C50 
 1090              	.LASF17:
 1091 0120 5350495F 		.ascii	"SPI_1_SpiUartGetRxBufferSize\000"
 1091      315F5370 
 1091      69556172 
 1091      74476574 
 1091      52784275 
 1092              	.LASF11:
 1093 013d 666C6F61 		.ascii	"float\000"
 1093      7400
 1094              	.LASF19:
 1095 0143 73697A65 		.ascii	"size\000"
 1095      00
 1096              	.LASF5:
 1097 0148 6C6F6E67 		.ascii	"long unsigned int\000"
 1097      20756E73 
 1097      69676E65 
 1097      6420696E 
 1097      7400
 1098              	.LASF9:
 1099 015a 75696E74 		.ascii	"uint8\000"
 1099      3800
 1100              	.LASF28:
 1101 0160 5350495F 		.ascii	"SPI_1_SpiUartDisableIntRx\000"
 1101      315F5370 
 1101      69556172 
 1101      74446973 
 1101      61626C65 
 1102              	.LASF18:
 1103 017a 72784461 		.ascii	"rxData\000"
 1103      746100
 1104              	.LASF23:
 1105 0181 77724275 		.ascii	"wrBuf\000"
 1105      6600
 1106              	.LASF1:
 1107 0187 756E7369 		.ascii	"unsigned char\000"
 1107      676E6564 
 1107      20636861 
 1107      7200
 1108              	.LASF12:
 1109 0195 646F7562 		.ascii	"double\000"
 1109      6C6500
 1110              	.LASF10:
 1111 019c 75696E74 		.ascii	"uint32\000"
ARM GAS  C:\Users\Jarik\AppData\Local\Temp\ccwF8Rll.s 			page 30


 1111      333200
 1112              	.LASF27:
 1113 01a3 5350495F 		.ascii	"SPI_1_SpiUartClearTxBuffer\000"
 1113      315F5370 
 1113      69556172 
 1113      74436C65 
 1113      61725478 
 1114              	.LASF31:
 1115 01be 696E7453 		.ascii	"intSourceMask\000"
 1115      6F757263 
 1115      654D6173 
 1115      6B00
 1116              	.LASF29:
 1117 01cc 696E7453 		.ascii	"intSource\000"
 1117      6F757263 
 1117      6500
 1118              	.LASF7:
 1119 01d6 6C6F6E67 		.ascii	"long long unsigned int\000"
 1119      206C6F6E 
 1119      6720756E 
 1119      7369676E 
 1119      65642069 
 1120              	.LASF15:
 1121 01ed 73697A65 		.ascii	"sizetype\000"
 1121      74797065 
 1121      00
 1122              	.LASF6:
 1123 01f6 6C6F6E67 		.ascii	"long long int\000"
 1123      206C6F6E 
 1123      6720696E 
 1123      7400
 1124              	.LASF13:
 1125 0204 63686172 		.ascii	"char\000"
 1125      00
 1126              	.LASF2:
 1127 0209 73686F72 		.ascii	"short int\000"
 1127      7420696E 
 1127      7400
 1128              	.LASF20:
 1129 0213 5350495F 		.ascii	"SPI_1_SpiUartWriteTxData\000"
 1129      315F5370 
 1129      69556172 
 1129      74577269 
 1129      74655478 
 1130              	.LASF4:
 1131 022c 6C6F6E67 		.ascii	"long int\000"
 1131      20696E74 
 1131      00
 1132              	.LASF34:
 1133 0235 453A5C68 		.ascii	"E:\\home\\jarik\\src\\psoc\\mpi_rom_emu\\mpi_rom_em"
 1133      6F6D655C 
 1133      6A617269 
 1133      6B5C7372 
 1133      635C7073 
 1134 0262 752E6379 		.ascii	"u.cydsn\000"
 1134      64736E00 
 1135              	.LASF26:
ARM GAS  C:\Users\Jarik\AppData\Local\Temp\ccwF8Rll.s 			page 31


 1136 026a 5350495F 		.ascii	"SPI_1_SpiUartClearRxBuffer\000"
 1136      315F5370 
 1136      69556172 
 1136      74436C65 
 1136      61725278 
 1137              	.LASF30:
 1138 0285 5350495F 		.ascii	"SPI_1_SpiUartDisableIntTx\000"
 1138      315F5370 
 1138      69556172 
 1138      74446973 
 1138      61626C65 
 1139              	.LASF0:
 1140 029f 7369676E 		.ascii	"signed char\000"
 1140      65642063 
 1140      68617200 
 1141              	.LASF21:
 1142 02ab 5350495F 		.ascii	"SPI_1_SpiUartPutArray\000"
 1142      315F5370 
 1142      69556172 
 1142      74507574 
 1142      41727261 
 1143              		.ident	"GCC: (GNU Tools for ARM Embedded Processors) 4.9.3 20150303 (release) [ARM/embedded-4_9-br
